   H4   H5  Tot_44_Intra  Tot_55_Intra  Tot_45_Inter  TotalE_H4-H5  VDW_44_Intra  VDW_55_Intra  VDW_45_Inter  NoVDWE_H4-H5  HBE_45_Inter
    0    0          68.1          49.1        1304.3        1421.6         -39.2         -37.7        1316.0         182.5          -5.1
    0   30          57.0          47.5      413200.5      413305.0         -55.2         -44.9      413220.7         184.3          -0.0
    0   60          55.9          27.5        2234.5        2317.9         -48.9         -52.5        2236.9         182.5          -0.7
    0   90          48.9          36.1         -15.0          69.9         -52.3         -51.5          -5.7         179.4          -0.7
    0  120          79.4          38.2          -5.2         112.3         -26.0         -45.3           8.0         175.5          -1.1
    0  150         106.7          77.1          66.7         250.5          -5.1         -17.8          72.2         201.1          -1.0
    0  180          46.4          28.3         859.6         934.3         -50.8         -44.8         869.6         160.3          -0.1
    0  210         113.6        1140.3      280684.8      281938.7           5.3        1046.0      280696.1         191.3          -0.1
    0  240          99.4         167.1         206.5         473.0         -10.0          78.0         215.2         189.8          -0.0
    0  270          50.8         151.7       10610.6       10813.1         -48.2          63.8       10634.3         163.3          -9.5
    0  300          80.8          36.3     2188443.1     2188560.2         -19.7         -41.7     2188446.8         174.9          -0.2
    0  330         125.6         111.8        1211.7        1449.2          28.0          21.7        1223.0         176.4          -1.5
   30    0          70.2          70.1     3534530.1     3534670.4         -38.2         -31.0     3534551.9         187.7          -6.3
   30   30          47.9          47.2        6149.2        6244.3         -50.9         -34.8        6166.2         163.8         -10.0
   30   60          40.3          27.4          -0.3          67.4         -56.8         -52.8           6.4         170.6          -6.3
   30   90          37.9          28.3          -9.1          57.1         -54.4         -52.5          -2.1         166.2          -0.1
   30  120          42.4          35.8          19.7          97.9         -57.0         -56.0          25.0         185.9          -0.1
   30  150          60.8          27.0         301.0         388.9         -35.0         -52.8         308.6         168.1          -2.2
   30  180          97.2         119.4         991.5        1208.1         -10.7          33.5         995.9         189.3          -0.5
   30  210          46.4         119.4          84.3         250.0         -48.8          31.6          82.5         184.7           0.0
   30  240          60.2         112.0         322.6         494.8         -45.3          31.4         333.0         175.7          -6.0
   30  270          69.3          64.8       62255.7       62389.8         -38.4         -18.2       62260.7         185.7          -0.0
   30  300          62.4          35.7       24176.4       24274.6         -44.2         -48.3       24181.5         185.6          -0.0
   30  330          88.3          53.4         108.0         249.6         -28.9         -42.1         113.6         207.0          -1.0
   60    0          39.4          78.7       33211.8       33329.9         -57.8         -24.7       33235.2         177.1          -0.1
   60   30          43.0          56.6        4284.8        4384.4         -56.1         -31.2        4291.9         179.8           0.0
   60   60          36.3          28.6       11362.4       11427.2         -52.9         -52.5       11367.6         165.1          -0.2
   60   90          51.6          30.7          22.4         104.7         -54.6         -48.3          23.3         184.3          -0.0
   60  120          40.2          38.9         -19.4          59.7         -51.1         -50.6         -10.1         171.5           0.0
   60  150          55.6          30.5          -4.4          81.8         -52.4         -53.5           6.1         181.6          -0.0
   60  180          34.1         115.5         107.5         257.0         -55.2          33.1         110.8         168.3           0.0
   60  210          38.0         202.5         409.4         649.9         -55.4         123.0         417.1         165.1          -0.0
   60  240          67.8         123.9         335.9         527.5         -41.2          30.0         339.8         198.9          -0.0
   60  270          46.1          61.5        1187.5        1295.0         -55.8         -18.0        1191.5         177.3           0.0
   60  300          43.8          45.3        3267.7        3356.8         -56.5         -44.8        3277.0         181.0          -0.0
   60  330          71.3          36.7         961.5        1069.4         -43.1         -48.1         972.6         188.0          -0.0
   90    0          47.0          38.0        1220.8        1305.8         -55.9         -47.5        1231.5         177.7           0.0
   90   30          35.1          35.2      890708.7      890779.1         -54.8         -51.0      890713.7         171.2           0.0
   90   60          51.0          37.0        1513.7        1601.7         -55.1         -52.7        1530.9         178.5          -3.8
   90   90          36.8          26.3         -17.3          45.7         -56.7         -49.0          -4.0         155.4          -0.0
   90  120          33.6          25.9          -7.8          51.7         -56.9         -52.0          -8.4         169.1           0.0
   90  150          41.4          40.3          -7.3          74.4         -48.5         -48.7          -4.5         176.1           0.0
   90  180          48.8          30.4         792.8         872.1         -48.9         -51.6         804.6         167.9          -4.8
   90  210          38.5        1106.9       23622.6       24768.0         -55.7        1021.2       23632.0         170.5           0.0
   90  240          38.9        1134.0         595.5        1768.4         -55.6        1048.5         602.4         173.1           0.0
   90  270          36.8          41.6       33944.0       34022.4         -50.8         -44.2       33953.9         163.5           0.0
   90  300          37.3          40.3     1779861.3     1779938.9         -49.1         -46.9     1779866.6         168.3           0.0
   90  330          44.9          64.9        1051.3        1161.1         -47.7         -33.6        1055.5         187.0           0.0
  120    0          44.5          37.7      644858.2      644940.4         -51.0         -47.9      644873.6         165.7           0.0
  120   30          38.4          50.2      131447.9      131536.5         -56.3         -35.9      131450.1         178.6          -0.0
  120   60          36.9          39.2         341.5         417.6         -53.1         -39.4         351.3         158.7           0.0
  120   90          37.1          30.5         -18.7          48.9         -59.2         -49.7          -4.6         162.4          -0.0
  120  120          35.5          30.7         279.3         345.6         -51.5         -48.1         283.8         161.4           0.0
  120  150          39.4          31.7         280.5         351.7         -53.9         -56.8         286.6         175.7           0.0
  120  180          42.9         114.8        5111.0        5268.6         -59.3          37.7        5123.0         167.2           0.0
  120  210          41.6         116.4         332.5         490.4         -53.2          31.4         341.8         170.5           0.0
  120  240          42.7          22.4         525.1         590.3         -48.8         -51.9         529.3         161.7           0.0
  120  270          43.8          29.7      204380.1      204453.5         -58.6         -49.6      204390.9         170.9           0.0
  120  300          42.2          34.1       33941.3       34017.6         -55.2         -48.0       33945.9         174.9           0.0
  120  330          43.2          29.1           7.1          79.4         -53.1         -49.7          18.2         164.0           0.0
  150    0          46.8          32.4      252276.1      252355.3         -50.6         -49.1      252288.3         166.7          -3.8
  150   30          43.3          50.6      164928.2      165022.2         -52.1         -48.2      164944.7         177.8          -0.0
  150   60          42.6          59.0       68674.0       68775.6         -57.3         -25.1       68685.5         172.5          -0.0
  150   90          42.4          34.4          13.7          90.5         -52.0         -45.4          24.0         163.9          -0.0
  150  120          47.7          27.4          -8.4          66.6         -48.2         -55.7           8.3         162.2          -2.4
  150  150          48.7          40.3          70.0         159.0         -53.0         -44.7          83.8         172.8          -3.3
  150  180          50.4        1112.4          19.0        1181.8         -50.0        1017.2          28.0         186.6           0.0
  150  210          49.5         203.2          72.1         324.8         -49.2         122.2          87.4         164.4           0.0
  150  240          48.1         127.1         148.1         323.2         -50.4          28.9         160.0         184.7           0.0
  150  270          43.1          93.2       18524.4       18660.6         -49.8           1.9       18525.9         182.6           0.0
  150  300          47.0          36.9        6165.3        6249.2         -49.7         -48.0        6170.0         177.0           0.0
  150  330          46.1          34.8        2421.1        2501.9         -46.2         -49.2        2432.3         165.1           0.0
  180    0          45.6          54.3        8506.9        8606.7         -50.0         -33.7        8519.3         171.2          -1.9
  180   30          42.6          62.7      606490.8      606596.2         -60.0         -28.0      606512.0         172.2          -6.1
  180   60          52.8          44.7       48048.3       48145.9         -47.0         -47.1       47933.7         306.3         121.8
  180   90          43.3          22.9         623.1         689.3         -41.2         -52.0         628.7         153.9          -0.0
  180  120          43.2          27.2         205.5         275.9         -55.6         -53.0         216.2         168.3          -1.9
  180  150          46.9          47.5         274.6         369.1         -46.2         -51.5         292.7         174.1          -1.4
  180  180         142.9          33.7      216473.6      216650.2         -57.4         -49.7      216486.5         270.8          -0.1
  180  210          43.7         119.4        1246.2        1409.3         -49.6          28.9        1260.1         170.0          -0.3
  180  240          42.8         161.3         226.9         431.0         -57.0          62.0         232.7         193.2          -1.4
  180  270          46.0          78.5       11991.3       12115.8         -53.7          -4.4       12005.6         168.3          -2.8
  180  300          59.4          40.0     8754909.4     8755008.8         -33.8         -48.5     8754928.5         162.7          -0.0
  180  330          50.8          44.2        3278.1        3373.1         -44.8         -45.3        3289.2         174.0          -0.0
  210    0          40.5          53.2     5422517.0     5422610.6         -54.1         -48.7     5422518.7         194.7          -5.9
  210   30          44.0          59.4      720086.6      720189.9         -49.0         -33.2      720096.4         175.7          -0.0
  210   60          44.9          41.3          33.3         119.5         -56.9         -48.9          44.1         181.2          -2.9
  210   90          38.3          48.0         562.2         648.4         -47.1         -42.4         572.4         165.6          -0.5
  210  120          42.2          27.7        8075.0        8144.9         -54.2         -51.0        8084.7         165.5          -2.7
  210  150         143.6          25.8         709.4         878.8         -51.9         -51.9         726.2         256.4          -3.6
  210  180          41.0         127.7         870.0        1038.7         -58.6          27.0         880.4         189.8          -0.1
  210  210          42.2         114.2         404.0         560.3         -60.1          30.6         409.9         179.9          -2.2
  210  240          50.2          45.2        2323.1        2418.6         -57.9         -46.3        2340.3         182.5          -1.1
  210  270          43.5          24.4      114112.8      114180.7         -59.0         -51.4      114130.1         161.0          -6.2
  210  300          56.6          30.1        6876.4        6963.1         -53.5         -49.0        6898.1         167.4          -5.8
  210  330          49.5          43.8         128.1         221.4         -46.3         -46.8         142.3         172.2          -2.4
  240    0          41.1          49.8        2666.2        2757.1         -50.2         -44.7        2686.8         165.2          -0.8
  240   30          43.7          41.0        1536.9        1621.6         -52.9         -38.7        1554.4         158.8          -0.0
  240   60          38.3          43.7         -15.3          66.6         -51.1         -47.8         -10.3         175.9          -0.0
  240   90          39.0          35.5         -26.1          48.4         -58.7         -49.7          -8.0         164.9          -0.2
  240  120          39.3          33.0          10.3          82.6         -55.2         -50.2          24.0         163.9          -1.4
  240  150          37.3          62.0         -17.7          81.6         -53.8         -18.5          -7.9         161.8          -0.0
  240  180          36.9         220.2         -16.9         240.1         -60.1         125.1           5.9         169.1          -2.4
  240  210          35.3        1124.6          34.5        1194.4         -54.0        1042.2          41.2         165.0          -0.9
  240  240          43.5          50.4          18.4         112.3         -56.8         -26.4          25.9         169.6          -0.2
  240  270          40.3          33.7         129.9         203.9         -52.5         -46.6         136.8         166.2          -0.1
  240  300          43.2          39.8        1104.4        1187.4         -54.5         -47.4        1117.1         172.2          -0.7
  240  330          40.7          53.4           6.2         100.2         -58.5         -49.3          28.6         179.5          -2.9
  270    0          45.5          38.5         837.1         921.0         -43.9         -49.0         848.8         165.1          -2.4
  270   30          42.8          47.8        2624.5        2715.1         -47.7         -37.7        2644.7         155.8          -4.0
  270   60          35.1          35.0          31.6         101.7         -59.5         -41.6          44.6         158.3          -0.0
  270   90          36.1          28.9        4801.8        4866.8         -54.0         -51.3        4807.6         164.5          -0.1
  270  120          38.1          32.6        4290.5        4361.2         -54.9         -47.4        4302.8         160.7          -0.1
  270  150          41.7          38.0          64.9         144.6         -55.9         -51.1          72.5         179.1          -0.0
  270  180          39.0         213.3       19338.4       19590.7         -55.3         123.7       19357.0         165.2          -0.0
  270  210          41.8          23.3       39271.8       39336.9         -49.2         -49.6       39282.7         153.0           0.0
  270  240          37.8         133.3          13.6         184.7         -57.6          55.3          18.8         168.2           0.0
  270  270          45.9          31.9         941.7        1019.5         -49.3         -49.2         949.3         168.8          -0.1
  270  300          34.4          37.5        1606.4        1678.3         -58.9         -46.8        1613.5         170.5          -0.0
  270  330          47.3         102.8       13416.4       13566.5         -54.9          21.8       13432.9         166.6          -0.3
  300    0          73.3          53.4         483.1         609.8         -27.1         -33.5         504.2         166.2          -7.0
  300   30          51.1          81.7      241962.5      242095.3         -53.7         -21.8      241990.4         180.4          -0.6
  300   60          40.5          38.6          -9.2          69.9         -48.3         -41.3           7.5         152.1          -2.8
  300   90          50.7          29.6         156.7         237.1         -48.4         -51.5         168.9         168.1          -8.6
  300  120          45.2          31.8         -11.6          65.5         -53.4         -46.4          10.9         154.3          -8.5
  300  150          45.6         211.0         768.3        1025.0         -50.4         123.0         782.8         169.6          -2.4
  300  180          66.6         148.3      129113.4      129328.3         -24.0          63.4      129122.8         166.1          -0.2
  300  210          50.2         114.2         328.5         492.9         -42.9          29.7         352.2         153.9          -0.0
  300  240          50.7          52.6          31.3         134.5         -47.0         -24.2          49.8         155.9          -0.1
  300  270          72.9          79.7       14593.3       14746.0         -25.8          -2.4       14602.3         171.8          -0.7
  300  300          70.5          42.3      616120.0      616232.8         -24.6         -49.8      616125.2         182.0          -0.0
  300  330          45.7          36.5         -16.4          65.8         -52.0         -47.7           0.3         165.1          -0.0
  330    0          48.4          71.7      118563.0      118683.0         -52.7         -31.2      118574.8         192.1          -2.6
  330   30          81.1          50.8        2125.1        2257.1         -17.9         -35.9        2140.9         169.9          -1.0
  330   60          70.6          41.3          56.7         168.7         -29.4         -42.4          67.6         172.9          -1.9
  330   90          42.2          24.6         -10.8          56.0         -50.6         -50.7          -1.1         158.4          -0.2
  330  120          53.6          28.1         -17.6          64.0         -47.6         -56.4          -6.0         174.1          -1.0
  330  150          75.6         371.3        1506.8        1953.6         -24.9         288.8        1518.7         171.1          -5.5
  330  180          74.1         152.2          39.4         265.7         -22.8          65.2          47.3         176.1           0.0
  330  210          62.8         162.6         214.8         440.2         -42.0          62.6         223.8         195.9          -0.1
  330  240          97.2         143.5         850.6        1091.3         -10.7          59.6         864.1         178.3           0.0
  330  270          97.4          75.0        1849.1        2021.6         -10.7         -18.0        1865.5         184.7           0.0
  330  300          77.1          36.3        7089.8        7203.2         -24.5         -48.6        7100.9         175.4          -0.4
  330  330          79.2          33.6         166.0         278.8         -22.8         -49.3         172.8         178.1           0.0
