                                                  Ordered by
                    Structure         TotalE     NoInterHelVDW     NoAllVDW        InterHB
      120_120_330_0_90_210_60         4575.6           58.8          377.5          -71.5
      180_120_330_0_90_210_60         1837.0           71.0          388.8          -63.0
    120_120_330_240_90_210_60         5185.9           78.2          380.6          -79.2
   120_120_330_180_150_180_90         4795.0           82.1          375.1          -83.7
    90_150_330_180_150_180_90         2767.1           82.1          394.4          -82.4
     120_120_330_0_90_240_330         3578.3           82.6          408.4          -77.4
       90_150_330_0_90_210_60         2821.1           82.9          411.7          -82.9
    90_150_240_150_150_180_90        61408.2           83.2          421.1          -52.5
     120_120_330_0_60_270_330         5732.5           83.7          402.8          -77.7
     120_120_330_0_180_210_60         4807.2           83.7          384.9          -85.5
      120_120_330_0_60_120_60         5767.1           84.2          405.5          -74.4
      120_120_330_0_90_180_90         3720.9           84.4          411.0          -64.4
     120_120_330_0_60_330_330         5769.6           84.4          406.2          -80.5
      120_120_330_0_60_120_30         5801.5           85.6          403.9          -82.0
      120_120_330_0_90_240_90         3591.4           86.6          406.8          -77.6
      90_150_30_330_90_210_60      1895568.4           86.9          439.6          -47.1
     120_120_330_0_90_210_330         4386.8           87.1          393.1          -70.9
   150_150_330_180_150_180_90         2147.7           87.5          378.8          -73.6
  120_120_330_180_150_180_330         4800.9           87.7          374.0          -87.0
       120_120_330_0_90_150_0         3574.7           87.9          406.6          -69.6
     120_120_330_90_90_210_60        17501.9           88.0          371.9          -74.7
       90_180_330_0_90_210_60         1926.1           88.0          394.1          -64.2
      120_120_330_0_60_270_60         5758.8           88.3          402.9          -74.0
      120_120_330_0_90_210_90         4401.3           88.5          399.1          -70.8
   150_150_240_150_150_180_90        60788.8           88.6          405.4          -43.7
   120_120_330_240_150_180_90         4136.0           88.7          388.0          -81.6
   180_120_330_180_150_180_90         2041.5           89.2          381.5          -76.8
     120_120_330_0_90_300_210         3556.2           89.3          412.6          -73.2
     120_120_330_0_150_180_90         3623.6           89.4          390.0          -74.4
     120_120_330_0_90_180_330         3726.7           89.9          409.9          -67.7
     120_120_330_0_90_240_120         3593.2           90.1          411.3          -75.4
     120_120_330_0_180_180_90         4593.7           90.1          406.5          -79.8
  120_120_330_180_150_180_120         4853.7           90.3          380.1          -83.6
     120_120_330_0_90_300_330         3552.0           90.4          415.0          -75.5
    180_120_330_240_90_210_60         2447.4           90.5          391.9          -70.7
    90_150_330_240_150_180_90         2342.9           90.5          405.4          -83.5
      120_120_330_0_180_150_0         4808.3           90.6          398.7          -77.8
    120_120_330_180_150_180_0         4825.9           90.6          380.1          -86.0
    120_120_330_180_90_210_60         6200.7           91.3          373.8          -79.7
     120_120_330_0_90_150_330         3623.9           91.4          401.6          -73.7
      180_120_330_0_90_180_90          967.3           91.4          417.5          -57.5
     120_120_330_0_60_120_210         5814.8           91.5          414.5          -79.7
     90_150_330_240_90_210_60         3441.0           92.4          412.9          -83.0
   120_120_330_180_150_120_60         5281.9           92.4          380.6          -97.1
     120_120_330_0_90_150_180         3553.7           92.5          403.8          -69.7
     120_120_330_0_90_180_120         3779.5           92.5          416.0          -64.3
     180_120_330_0_90_240_330          849.3           92.6          419.9          -68.7
       120_120_330_0_90_180_0         3751.7           92.8          416.1          -66.7
     120_120_330_0_90_150_120         3580.9           93.0          411.6          -74.0
      120_120_330_0_90_240_60         3555.1           93.1          415.5          -70.2
       120_120_330_0_60_330_0         5820.9           93.2          419.1          -73.8
      120_120_330_0_90_300_60         3541.0           93.3          416.9          -70.5
      120_120_330_0_90_150_60         3542.2           93.4          407.5          -65.8
      180_120_330_0_90_240_90          837.9           93.7          413.3          -70.7
     180_120_330_0_60_270_330         3003.5           93.7          414.3          -69.0
      120_120_330_0_90_300_90         3563.7           93.8          421.3          -78.1
   120_120_330_180_150_120_30         5316.4           93.9          379.1         -104.7
    120_120_330_0_180_150_330         4857.5           94.1          393.7          -81.9
  120_120_330_240_150_180_330         4141.8           94.2          386.9          -84.9
      120_120_330_0_60_210_60         6601.1           94.4          406.5          -76.6
     180_120_330_0_60_330_330         3040.7           94.5          417.7          -71.8
    120_120_330_0_150_180_330         3629.4           94.9          388.9          -77.7
    120_120_330_0_180_150_180         4787.3           95.2          395.9          -77.9
      120_120_330_0_90_300_30         3600.8           95.5          417.9          -73.5
      180_120_330_0_90_210_90         1647.8           95.6          405.6          -63.9
    120_120_330_0_180_180_330         4599.5           95.6          405.4          -83.1
   180_120_330_240_150_180_90         1382.4           95.7          394.4          -74.7
    120_120_330_0_180_150_120         4814.5           95.7          403.8          -82.2
   150_150_330_240_150_180_90         1723.5           95.9          389.8          -74.7
     180_120_330_0_180_210_60         2068.7           96.0          396.2          -77.0
     120_120_330_0_180_150_60         4775.8           96.1          399.6          -74.0
       90_150_330_0_90_180_90         1918.2           96.1          430.4          -73.9
     120_120_330_0_90_150_240         4566.7           96.3          407.2          -77.0
      180_180_330_0_90_210_60         2613.0           96.3          408.5          -58.6
      180_120_330_0_60_120_60         3028.5           96.4          416.8          -65.9
     180_120_330_0_150_180_90          870.0           96.4          396.5          -67.5
      150_150_330_0_90_210_60         2191.4           96.5          413.6          -74.9
     120_120_330_0_60_330_180         5796.6           96.5          420.3          -71.6
  120_120_330_240_150_180_120         4194.6           96.8          393.0          -81.5
     120_120_330_0_90_300_180         3577.3           96.9          421.4          -68.3
       120_120_330_0_90_240_0         3582.8           96.9          426.3          -69.1
     180_120_330_0_90_210_330         1657.8           97.1          404.6          -62.2
     180_120_330_0_180_180_90         1840.1           97.1          413.0          -72.9
    120_120_330_240_150_180_0         4166.9           97.2          393.0          -83.9
       90_120_330_0_90_210_60         2105.7           97.2          372.5          -72.1
      120_120_330_0_60_270_90         5740.9           97.3          418.7          -69.5
    120_120_330_0_150_180_120         3682.2           97.5          395.0          -74.3
  180_120_330_180_150_180_330         2071.9           97.7          385.5          -78.3
      120_120_330_0_60_330_60         5784.8           97.8          421.0          -69.9
      120_120_330_0_90_240_30         6735.1           97.8          419.7          -74.5
      120_120_330_0_90_210_30         4393.2           97.8          409.5          -66.0
   180_150_330_180_150_180_90         2153.1           97.8          399.9          -72.0
      120_120_330_0_150_180_0         3654.5           97.9          395.1          -76.7
    120_120_330_0_180_180_120         4652.3           98.2          411.5          -79.7
       90_150_330_0_90_240_90         1788.8           98.4          426.3          -87.1
      120_120_330_0_180_180_0         4624.6           98.6          411.6          -82.1
    120_120_330_90_150_180_90        16451.5           98.6          388.6          -77.3
   180_150_240_150_150_180_90        60794.2           98.9          426.6          -42.1
   120_120_330_240_150_120_60         4622.9           99.0          393.5          -95.0
    120_120_330_0_180_150_240         5800.3           99.0          399.3          -85.2
      180_150_330_0_90_210_60         2179.6           99.3          418.6          -74.3
    120_120_330_330_90_210_60         4273.4           99.6          406.8          -59.7
     120_120_330_0_150_120_60         4110.5           99.7          395.6          -87.8
     180_120_330_0_90_240_120          870.4           99.8          420.9          -64.9
  120_120_330_180_150_120_210         5329.7           99.8          389.6         -102.4
    90_150_240_150_150_240_90        61491.8           99.9          425.1          -66.4
     180_120_330_0_90_180_330          997.7           99.9          421.4          -59.0
      90_150_30_330_90_180_90      1894672.4          100.0          450.4          -39.9
  180_120_330_180_150_180_120         2130.9          100.0          389.6          -73.1
       120_120_330_0_90_210_0         4358.2          100.2          405.5          -65.4
    90_180_330_180_150_180_90         1869.9          100.2          394.5          -71.8
     180_120_330_90_90_210_60        14763.3          100.2          383.3          -66.2
       180_120_330_0_90_150_0          822.4          100.2          415.6          -62.7
       90_150_330_0_90_210_90         2598.7          100.3          418.5          -80.3
     120_120_330_0_90_240_240         3616.9          100.3          406.3          -80.0
     180_120_330_0_90_300_330          823.0          100.4          426.5          -66.8
   120_120_330_240_150_120_30         4657.4          100.5          392.0         -102.6
     150_150_30_330_90_210_60      1894938.7          100.5          441.5          -39.1
      180_120_330_0_60_270_60         3020.2          100.5          414.2          -65.5
   120_120_330_180_150_180_30         4814.7          100.6          368.9          -91.3
      180_120_330_0_90_300_90          810.1          100.8          427.7          -71.2
   150_240_330_180_150_180_90         2190.2          100.8          400.1          -62.5
     120_120_330_0_60_120_240         5941.5          100.9          412.6          -82.3
       120_120_330_0_60_270_0         5778.4          100.9          427.1          -64.0
     120_120_330_0_150_120_30         4145.0          101.2          394.0          -95.4
      90_150_330_0_150_180_90         1821.0          101.2          409.5          -83.9
       120_120_330_0_60_150_0         5862.4          101.2          404.1          -74.3
  150_150_330_180_150_180_120         2211.2          101.3          399.3          -69.5
     180_120_330_0_90_150_330          894.9          101.4          413.1          -65.0
      120_120_330_0_90_150_30         3571.8          101.4          416.8          -71.2
       120_120_330_0_30_150_0       417387.7          101.4          407.6          -73.9
      90_150_0_210_240_180_90       107428.3          101.5          439.4          -56.4
      150_150_330_0_90_180_90         1298.8          101.5          414.8          -65.1
     120_120_330_0_60_120_180         5761.3          101.7          421.9          -74.8
    120_120_330_0_180_330_330         4541.4          101.8          416.0          -78.9
      90_150_330_0_180_180_90         2791.1          101.9          426.0          -89.3
   120_120_330_240_90_240_330         4188.6          102.0          411.6          -85.1
     180_120_330_0_90_180_120         1056.7          102.2          425.6          -53.8
       120_120_330_0_90_300_0         3621.2          102.2          429.3          -73.4
     120_120_330_0_90_150_210         3599.9          102.4          407.4          -74.5
  150_150_330_180_150_180_330         2206.7          102.7          394.8          -76.7
     180_120_330_0_90_150_120          858.1          102.7          421.2          -63.5
      120_120_330_0_90_180_30         3740.5          102.8          404.8          -72.0
   150_150_330_180_150_120_30         2681.2          102.8          394.5          -90.2
      180_120_330_0_180_150_0         2056.1          103.0          407.7          -70.9
    180_120_330_180_150_180_0         2073.7          103.0          389.1          -79.1
     180_150_30_330_90_210_60      1894926.8          103.2          446.5          -38.5
  150_150_330_180_150_120_210         2698.7          103.3          400.3          -93.9
      90_150_30_330_90_210_90      1895345.0          103.6          443.7          -44.5
       120_120_330_0_60_120_0         5842.2          103.6          430.6          -71.3
      90_180_30_330_90_210_60      1894631.8          103.6          439.7          -53.2
    180_120_330_180_90_210_60         3462.2          103.6          385.2          -71.2
   150_240_330_240_150_180_90         1643.0          103.7          413.0          -67.1
     90_150_330_180_90_210_60         4221.0          103.7          408.0          -80.3
      150_150_330_0_90_240_90         1169.4          103.8          410.6          -78.3
    120_120_330_240_90_180_90         4331.2          103.8          414.2          -72.1
     120_120_330_0_60_270_120         5760.2          104.0          419.9          -69.3
     120_120_330_0_90_150_150         3598.7          104.0          425.4          -64.1
   120_120_330_90_150_180_330        16457.3          104.1          387.5          -80.6
    180_120_330_0_180_150_330         2128.5          104.1          405.2          -73.2
     120_120_330_0_180_150_30         4805.4          104.1          408.9          -79.4
  180_120_330_240_150_180_330         1412.8          104.2          398.4          -76.2
      180_120_330_0_60_270_90         2987.3          104.3          425.2          -62.6
  180_150_330_180_150_180_330         2208.7          104.6          403.8          -77.0
     150_150_330_0_90_300_210         1150.5          104.6          423.3          -75.5
   180_120_330_180_150_120_60         2543.4          104.7          391.9          -88.6
     120_120_330_0_60_150_330         5911.6          104.7          399.1          -78.4
    90_150_330_180_150_120_60         3302.2          104.8          414.8          -97.7
     120_120_330_0_30_150_330       417436.9          104.9          402.6          -78.0
    180_120_330_0_150_180_330          900.4          104.9          400.5          -69.0
    120_120_330_0_180_150_210         4833.6          105.2          399.6          -82.7
       180_120_330_0_90_180_0          999.5          105.2          425.1          -59.8
   150_150_240_150_150_240_90        60872.4          105.3          409.5          -57.6
      180_120_330_0_90_240_60          816.5          105.3          426.8          -61.7
     150_150_30_330_90_180_90      1894053.0          105.4          434.8          -31.1
    180_120_330_0_180_150_120         2091.8          105.5          413.3          -71.7
     120_120_330_0_90_330_330         3529.1          105.5          416.3          -70.9
       90_150_330_0_90_300_90         1761.0          105.5          440.7          -87.6
       180_120_330_0_60_330_0         3068.7          105.6          428.1          -66.9
      180_120_330_0_90_300_60          802.5          105.6          428.2          -62.0
      180_120_330_0_90_150_60          803.6          105.6          418.8          -57.3
     180_120_330_0_90_150_180         1575.6          105.6          413.5          -63.3
    180_120_330_90_150_180_90        13697.9          105.6          395.1          -70.4
    180_120_330_0_180_180_330         1870.5          105.6          417.0          -74.4
     90_150_330_240_90_180_90         2538.2          105.7          431.6          -74.0
      150_150_330_0_90_210_90         1979.3          105.7          402.9          -71.5
     120_120_330_0_60_150_180         5841.4          105.8          401.3          -74.4
   120_120_330_270_150_180_90         4051.7          105.9          416.3          -63.4
    150_150_330_240_90_210_60         2811.3          106.0          414.8          -75.0
     120_120_330_0_30_150_180       417366.7          106.0          404.8          -74.0
    120_120_330_240_90_240_90         4201.8          106.1          410.0          -85.3
   180_150_330_240_150_180_90         1728.9          106.2          410.9          -73.1
   90_150_330_180_150_180_330         2826.7          106.2          413.6          -85.5
      150_150_330_0_60_120_30         3391.6          106.3          419.5          -78.3
  120_120_330_240_150_120_210         4670.6          106.3          402.5         -100.3
     120_120_330_0_60_150_120         5868.7          106.4          409.1          -78.7
  180_120_330_240_150_180_120         1471.8          106.5          402.6          -71.0
     150_150_330_0_150_180_90         1201.5          106.5          393.8          -75.1
     120_120_330_0_30_150_120       417393.9          106.5          412.6          -78.3
      120_120_330_0_90_150_90         3568.3          106.6          414.0          -67.8
      90_150_30_330_90_240_90      1894534.0          106.6          451.8          -50.3
   120_120_330_240_90_210_330         4997.2          106.6          396.3          -78.6
  150_150_240_150_150_180_120        60861.0          106.6          428.8          -38.0
      180_120_330_0_60_210_60         3862.5          106.6          417.8          -68.1
    120_120_330_0_180_150_150         4832.3          106.7          417.5          -72.3
      120_120_330_0_60_150_60         5829.9          106.7          405.0          -70.5
   120_120_330_90_150_180_120        16510.1          106.7          393.6          -77.2
      120_120_330_0_60_270_30         5776.9          106.8          421.5          -73.7
     150_150_330_0_60_120_210         3409.1          106.8          425.2          -82.0
      120_120_330_0_30_150_60       417355.2          106.9          408.5          -70.1
     150_150_0_210_240_180_90       106808.9          106.9          423.8          -47.6
     120_120_330_0_60_270_240         5745.5          106.9          420.8          -74.2
      120_120_330_0_60_120_90         5808.2          107.0          429.2          -71.8
  150_150_240_150_150_120_210        61328.4          107.0          431.9          -58.1
    120_120_330_0_150_120_210         4158.2          107.0          404.6          -93.1
     120_120_330_90_150_180_0        16482.3          107.0          393.7          -79.6
   120_120_330_240_150_180_30         4155.6          107.1          381.8          -89.2
    180_120_330_0_150_180_120          959.4          107.2          404.6          -63.8
     150_150_330_0_180_180_90         2171.7          107.3          410.3          -80.5
     120_120_330_240_90_150_0         4185.0          107.3          409.8          -77.3
    120_120_330_0_180_270_330         4560.9          107.3          412.8          -81.3
  120_120_330_180_150_180_210         5026.8          107.6          366.4          -88.3
     90_150_240_150_90_240_90        63401.7          107.7          439.3          -53.7
    90_150_240_150_120_300_90        62419.2          107.8          419.1          -60.2
     150_210_0_210_240_180_90       108768.2          107.8          430.4          -61.9
   180_180_330_180_150_180_90         2584.3          107.8          407.4          -64.4
     120_120_330_0_150_180_30         3643.2          107.8          383.8          -82.0
      90_150_330_0_180_210_60         3052.8          107.9          419.1          -96.9
     120_120_330_0_90_300_120         3597.0          107.9          426.6          -68.4
     90_150_330_240_90_240_90         2408.7          107.9          427.5          -87.2
     210_330_180_90_90_210_60         3383.7          107.9          430.1          -80.8
    180_120_330_0_180_180_120         1929.6          108.0          421.1          -69.2
    120_120_330_240_90_210_90         5011.7          108.0          402.3          -78.5
     150_240_180_90_90_240_90         4173.3          108.3          426.9          -76.5
       90_150_330_0_60_120_60         4012.6          108.3          439.7          -85.8
     180_120_330_0_180_150_60         2037.2          108.3          410.9          -65.5
    180_120_330_0_180_150_180         2809.2          108.3          405.6          -71.5
     120_120_330_0_60_120_330         5802.9          108.5          426.0          -78.4
     120_120_330_0_180_180_30         4613.3          108.5          400.3          -87.4
    90_150_240_150_150_120_90        61913.8          108.6          445.6          -59.5
    120_120_330_300_90_210_60        39785.8          108.8          416.8          -71.2
    180_150_330_240_90_210_60         2799.5          108.8          419.8          -74.4
   120_120_330_240_90_300_210         4166.6          108.8          415.8          -80.9
    120_120_330_270_90_210_60         9850.3          108.9          409.9          -60.9
    120_120_330_90_150_120_60        16938.4          108.9          394.2          -90.7
     150_150_30_330_90_210_90      1894725.5          108.9          428.0          -35.7
       90_150_330_0_60_270_90         3938.2          109.0          438.1          -79.0
  120_120_330_180_150_120_240         5456.3          109.1          387.7         -105.0
     120_120_330_0_60_120_120         5816.1          109.2          415.5          -74.8
   150_150_240_150_150_120_30        61313.5          109.2          429.3          -55.6
       180_120_330_0_90_240_0          830.6          109.3          435.3          -62.2
     120_120_330_0_180_150_90         4801.9          109.3          406.1          -76.0
   120_120_330_240_90_180_330         4337.0          109.3          413.1          -75.4
     150_150_330_0_90_240_330         1209.4          109.4          429.2          -77.9
      120_120_330_0_60_330_90         5809.1          109.4          432.1          -71.1
   150_150_330_180_150_180_30         2179.5          109.5          384.3          -76.8
    180_120_330_240_150_180_0         1414.6          109.5          402.0          -77.0
   120_120_330_240_90_240_120         4203.5          109.5          414.5          -83.1
     120_120_330_0_60_150_240         6854.4          109.6          404.7          -81.7
     180_120_330_0_60_330_180         3818.5          109.6          429.9          -65.2
  150_150_330_240_150_180_120         1787.0          109.7          410.3          -70.6
     120_120_330_0_30_150_240       418379.7          109.8          408.2          -81.3
     150_240_180_90_90_210_90         4972.5          109.8          423.1          -65.3
     120_120_330_0_90_180_210         3952.6          109.8          402.4          -69.0
     90_150_330_240_90_210_90         3218.6          109.8          419.7          -80.4
   120_120_330_240_90_300_330         4162.4          109.9          418.2          -83.2
      180_120_330_0_60_330_60         3046.2          110.0          432.3          -61.4
  120_120_330_180_150_120_180         5276.2          110.0          397.0          -97.5
     180_120_330_0_90_300_180         1599.2          110.0          431.1          -61.9
    90_150_240_150_150_300_90        61538.6          110.0          451.5          -57.4
    120_120_330_0_180_300_210         4660.0          110.1          429.5          -79.4
    120_120_330_0_120_300_210         5558.3          110.2          394.0          -80.7
      180_120_330_0_150_180_0          902.2          110.2          404.1          -69.8
     120_120_330_0_90_210_270         4414.8          110.2          424.9          -61.2
     180_180_330_0_90_150_150        11035.1          110.3          421.9          -57.0
    120_120_330_180_150_150_0         4866.3          110.3          383.6          -95.5
    120_120_330_90_150_120_30        16972.8          110.3          392.6          -98.3
    90_150_240_150_150_120_60        61934.1          110.4          448.3          -63.1
     120_120_330_0_60_240_330         6475.1          110.4          419.1          -71.6
      120_120_330_0_60_90_240         5775.9          110.5          419.5          -75.7
     150_150_330_0_60_270_330         3363.6          110.5          423.7          -78.2
    90_150_240_150_120_240_90        62511.3          110.5          415.0          -55.0
      120_120_330_0_180_330_0         4592.6          110.5          428.9          -72.2
     90_180_330_180_90_210_60         3302.3          110.8          393.5          -64.7
     210_210_30_330_90_210_60      1894520.2          110.8          454.6          -49.8
   120_120_330_240_90_150_330         4234.2          110.8          404.8          -81.4
    180_120_330_240_90_180_90         1577.7          110.9          420.6          -65.2
      180_120_330_0_180_180_0         1872.3          110.9          420.6          -75.2
    120_120_330_90_60_270_330        17949.1          110.9          396.8          -84.7
      150_150_330_0_90_300_90         1141.6          110.9          425.1          -78.8
    150_150_330_240_90_180_90         1918.7          111.0          416.0          -65.2
  150_150_330_240_150_180_330         1782.5          111.1          405.8          -77.8
  150_150_330_180_150_180_210         2395.8          111.1          377.1          -79.8
       120_120_330_0_0_180_90         6606.4          111.2          413.0          -79.5
    120_120_330_0_180_300_330         4655.8          111.2          431.9          -81.7
   150_150_330_240_150_120_30         2257.0          111.2          405.5          -91.3
    120_120_330_0_120_300_330         5554.0          111.2          396.4          -83.0
   180_120_330_240_150_120_60         1884.3          111.2          404.8          -86.5
     180_150_330_0_90_240_330         1211.3          111.2          438.3          -78.2
     150_150_330_0_60_330_330         3400.7          111.2          427.1          -81.0
  120_120_330_270_150_180_330         4057.5          111.4          415.3          -66.7
      120_120_330_0_60_90_210         5790.7          111.4          416.3          -72.1
     120_120_330_90_60_120_60        17983.7          111.4          399.5          -81.4
   120_120_330_180_150_180_60         4821.9          111.5          384.3          -78.7
     120_120_330_0_90_210_240         4397.1          111.5          391.2          -74.4
  180_150_330_180_150_180_120         2239.4          111.5          413.0          -69.7
     150_150_330_0_90_150_150         1138.8          111.7          424.0          -65.9
  150_150_330_240_150_120_210         2274.5          111.7          411.3          -95.0
    120_120_330_90_60_330_330        17986.3          111.7          400.2          -87.5
    120_120_330_90_90_240_330        16504.6          111.8          402.9          -80.6
    180_120_330_0_180_330_330         1812.4          111.8          427.5          -70.2
      120_120_330_0_60_90_180         6100.7          111.8          426.7          -72.2
      180_150_330_0_90_180_90         1304.2          111.8          436.0          -63.5
    120_120_330_180_150_120_0         5357.0          111.8          405.7          -94.0
    90_180_330_180_150_120_60         2383.4          111.8          400.2          -82.1
    180_120_330_330_90_210_60         1534.9          111.9          418.2          -51.2
     180_180_30_330_90_210_60      1895318.7          111.9          454.0          -47.6
     180_120_330_0_150_120_60         1371.9          111.9          406.9          -79.3
     120_120_330_0_180_270_60         4587.2          111.9          412.9          -77.6
   120_120_330_240_90_150_180         4164.1          112.0          407.0          -77.4
     150_150_30_330_90_240_90      1893914.6          112.0          436.2          -41.5
   120_120_330_240_90_180_120         4389.9          112.0          419.2          -72.0
   180_120_330_240_90_240_330         1459.6          112.0          423.1          -76.4
    120_120_330_0_180_210_330         4618.5          112.1          400.5          -84.9
     180_120_330_0_90_150_240         1849.9          112.2          424.3          -60.3
   210_330_240_150_150_180_90       141430.1          112.3          418.0          -64.5
       90_180_330_0_90_180_90         1044.8          112.3          427.5          -60.2
     120_120_330_240_90_180_0         4362.1          112.3          419.2          -74.4
     180_150_330_0_60_270_330         3365.5          112.3          432.7          -78.5
   120_120_330_240_60_270_330         4107.2          112.4          412.8          -85.2
       90_150_330_0_60_270_60         4004.3          112.4          437.1          -85.4
   120_120_330_240_90_150_120         4191.3          112.5          414.8          -81.7
    120_120_330_240_90_240_60         4165.4          112.5          418.7          -77.9
      90_150_0_300_240_180_90       105275.5          112.5          432.5          -55.8
       180_120_330_0_90_210_0         1605.9          112.5          414.5          -58.5
      210_120_330_0_90_210_60         1901.5          112.6          425.3          -62.2
    120_120_330_240_90_300_60         4151.4          112.8          420.1          -78.2
    120_120_330_240_90_150_60         4152.5          112.8          410.7          -73.5
    120_120_330_240_60_120_60         4141.8          112.9          415.5          -81.9
      90_150_330_0_90_240_330         1829.4          112.9          448.1          -86.7
     90_150_330_90_150_180_90        22341.1          112.9          406.7          -80.2
     150_150_330_0_90_240_120         1176.0          112.9          430.6          -72.1
   180_120_330_270_150_180_90         1298.1          112.9          422.8          -56.5
     120_120_330_90_60_120_30        18018.2          112.9          398.0          -89.0
   90_150_330_180_150_180_120         2850.9          112.9          427.1          -81.8
  180_150_330_240_150_180_330         1784.4          112.9          414.8          -78.1
    180_180_330_0_180_150_150        12268.7          113.0          414.0          -65.2
      90_180_330_0_180_210_60         2157.8          113.0          401.6          -78.2
     180_150_330_0_60_330_330         3402.7          113.1          436.1          -81.3
    180_120_330_240_90_240_90         1448.2          113.1          416.5          -78.4
    150_150_240_150_90_240_90        62782.3          113.1          423.6          -44.9
   120_120_330_240_60_330_330         4144.3          113.1          416.2          -88.0
   150_150_240_150_120_300_90        61799.8          113.2          403.4          -51.4
    90_150_330_240_150_120_60         2878.0          113.2          425.8          -98.8
    120_120_330_240_90_300_90         4174.0          113.2          424.5          -85.8
       180_120_330_0_60_270_0         3026.2          113.3          436.1          -57.1
    150_150_330_240_90_240_90         1789.3          113.3          411.8          -78.4
   120_120_330_240_240_180_90         6564.7          113.3          415.1          -78.5
     150_240_180_90_90_210_60         5192.0          113.3          447.2          -63.4
    210_330_180_330_90_210_60        44757.6          113.4          444.1          -66.5
       90_180_330_0_60_120_60         3117.6          113.4          422.2          -67.1
     120_120_330_0_60_270_270         5800.8          113.4          444.0          -60.7
     150_240_30_330_90_210_60      1894843.6          113.5          462.3          -46.4
     120_120_330_0_90_210_150         4373.0          113.5          423.2          -61.9
     120_120_330_0_180_210_90         4633.0          113.5          406.6          -84.8
     120_120_330_0_60_270_210         5756.1          113.6          416.4          -71.5
       180_120_330_0_60_150_0         3110.2          113.6          413.1          -67.4
     120_120_330_90_90_180_90        16647.2          113.6          405.5          -67.6
      180_120_330_0_90_150_90          814.7          113.6          420.4          -60.9
  150_240_330_180_150_180_120         2248.3          113.6          421.4          -64.3
     120_120_330_0_90_210_120         4453.0          113.7          395.4          -67.7
     180_120_330_0_60_270_120         3037.4          113.7          429.5          -58.8
      120_120_330_0_90_180_60         3747.7          113.7          420.3          -59.4
  180_180_330_180_150_180_120         2910.1          113.7          407.3          -61.1
       180_120_330_0_30_150_0       414635.5          113.8          416.5          -67.0
     210_210_0_210_240_180_90       108814.3          113.8          448.0          -56.5
     120_120_330_0_90_240_180         3631.7          113.8          410.5          -72.6
  120_120_330_180_150_150_330         4915.5          113.8          378.7          -99.6
     180_120_330_0_90_150_150        10294.7          113.9          434.2          -52.2
    120_120_330_0_180_330_180         4568.4          113.9          430.1          -70.0
     150_150_330_0_90_210_330         2017.9          113.9          414.0          -71.4
      90_150_330_0_60_270_330         3983.6          114.0          442.5          -87.0
   150_150_240_150_150_120_90        61294.4          114.0          429.9          -50.7
  120_120_330_270_150_180_120         4110.3          114.0          421.3          -63.3
      180_120_330_0_60_120_90         3054.6          114.0          435.7          -64.9
      180_150_330_0_90_240_90         1174.8          114.1          431.8          -76.7
   180_120_330_90_150_180_330        13728.3          114.1          399.0          -71.9
     120_120_330_0_180_300_60         4644.8          114.1          433.8          -76.7
  120_120_330_240_150_180_210         4367.7          114.1          379.3          -86.2
   150_150_330_240_90_300_210         1770.5          114.2          424.5          -75.6
     120_120_330_0_120_300_60         5543.1          114.2          398.3          -78.0
   180_330_240_150_150_180_90       141457.2          114.2          415.9          -56.7
       120_120_330_0_90_330_0         3580.3          114.2          429.2          -64.2
      90_150_0_300_120_300_90       273719.9          114.2          437.3          -67.1
      180_120_330_0_60_120_30         3087.9          114.2          426.9          -73.2
      120_120_330_0_60_330_30         5816.5          114.3          421.9          -72.3
    120_120_330_270_150_180_0         4082.5          114.3          421.4          -65.7
    120_120_330_240_60_120_30         4176.2          114.3          414.0          -89.5
    150_150_330_0_180_150_150         2372.4          114.4          416.1          -74.1
    120_120_330_0_180_240_330         4568.9          114.4          435.9          -74.9
      150_150_330_0_60_270_90         3318.8          114.4          422.5          -70.2
  150_150_240_150_150_180_330        60859.9          114.4          430.5          -45.9
  120_120_330_180_150_330_330         4793.2          114.4          405.9          -87.3
     120_210_0_210_240_180_90       108889.6          114.5          439.2          -62.3
      120_120_330_0_60_240_90         6488.3          114.5          417.5          -71.8
       90_180_330_0_90_240_90          915.3          114.5          423.3          -73.4
     120_120_330_0_180_300_90         4667.5          114.6          438.2          -84.3
   90_150_330_240_150_180_330         2402.5          114.6          424.6          -86.6
     120_120_330_0_120_300_90         5565.7          114.6          402.7          -85.6
       180_120_330_0_90_300_0          869.0          114.6          438.3          -66.5
      90_150_330_90_90_210_60        23439.6          114.6          404.8          -79.5
     180_120_330_0_60_150_330         3182.6          114.7          410.6          -69.7
      120_120_330_0_60_150_30         5859.5          114.7          414.3          -75.9
      90_150_330_0_60_330_330         4020.8          114.8          445.9          -89.8
     150_240_30_330_90_180_90      1893960.4          114.8          454.0          -41.1
    120_120_330_0_150_180_210         3855.3          114.8          381.4          -79.0
     180_120_330_0_60_120_180         3783.3          114.9          431.6          -68.4
    180_120_330_0_180_150_240         3083.5          114.9          416.4          -68.5
     180_120_330_0_30_150_330       414707.9          114.9          414.1          -69.3
    120_120_330_240_90_300_30         4211.1          114.9          421.1          -81.2
      120_120_330_0_30_150_30       417384.8          114.9          417.8          -75.5
  120_120_330_180_150_150_180         4845.4          115.0          380.8          -95.6
      90_150_0_210_120_300_90       281667.8          115.0          446.9          -60.9
   150_210_270_210_270_240_90       123170.8          115.0          407.9          -61.8
      90_180_330_0_90_150_180          868.0          115.0          403.9          -70.9
      120_120_330_0_0_300_210         6551.0          115.0          416.7          -79.5
    180_120_330_240_90_210_90         2258.2          115.1          408.7          -71.6
     90_150_330_240_90_300_90         2381.0          115.1          441.9          -87.7
     120_120_330_0_30_270_330       417291.2          115.1          422.5          -73.1
      210_300_330_0_90_210_60        11005.4          115.1          443.9          -52.6
     120_120_330_0_180_330_60         4556.5          115.1          430.8          -68.3
    90_150_330_240_240_180_90         4771.6          115.1          432.5          -80.4
   120_120_330_180_90_240_330         5203.4          115.1          404.8          -85.6
    150_150_330_240_90_210_90         2599.2          115.2          404.1          -71.6
   120_120_330_180_150_120_90         5323.0          115.2          404.3          -94.5
    90_150_330_180_150_120_90         3295.2          115.3          423.7          -93.2
      90_150_30_330_90_300_90      1894491.6          115.3          463.2          -48.0
     120_120_330_0_90_240_150         3588.1          115.3          436.5          -72.2
     150_150_330_0_90_180_120         1362.3          115.3          435.3          -61.0
      90_150_0_240_240_180_90       105086.7          115.3          430.1          -54.3
   180_180_330_180_150_120_30         3090.3          115.3          402.8          -80.8
  120_120_330_180_150_180_180         4837.4          115.4          376.0          -83.3
   150_150_240_150_150_300_90        60919.2          115.4          435.8          -48.6
      90_150_0_120_240_180_90       106925.6          115.5          434.1          -75.4
     180_120_330_0_90_330_330          800.1          115.5          427.8          -62.2
  120_120_330_180_150_150_120         4872.6          115.5          388.7          -99.9
     120_120_330_90_60_270_60        17975.4          115.5          396.9          -81.0
   180_150_240_150_150_240_90        60877.8          115.6          430.6          -56.0
    120_120_330_0_180_180_210         4825.5          115.6          397.9          -84.4
  120_120_330_240_150_120_240         4797.3          115.7          400.6         -102.9
     180_150_30_330_90_180_90      1894058.4          115.7          455.9          -29.5
   120_120_330_240_90_150_240         5177.0          115.7          410.4          -84.7
     120_120_330_0_60_150_210         5887.7          115.8          404.9          -79.2
     180_150_330_0_90_210_330         2019.9          115.8          423.0          -71.7
     150_150_330_0_90_150_120         1163.7          115.8          431.0          -70.7
   120_120_330_180_150_150_60         4833.8          115.8          384.5          -91.7
     120_120_330_90_90_240_90        16517.7          115.8          401.3          -80.8
   150_150_240_150_120_240_90        61891.9          115.9          399.3          -46.2
       180_120_330_0_60_120_0         3089.9          115.9          439.6          -64.4
     90_150_240_150_90_210_60        64450.0          115.9          446.9          -45.9
     120_120_330_0_30_150_210       417413.0          116.0          408.4          -78.8
      180_150_330_0_90_210_90         1984.7          116.0          424.1          -69.9
     180_120_330_0_60_150_120         3145.9          116.1          418.7          -68.2
    90_120_330_180_150_180_90         2282.7          116.1          366.6          -87.7
      120_120_330_0_0_300_330         6546.8          116.1          419.2          -81.8
      150_150_330_0_90_300_30         1190.8          116.1          433.4          -69.8
   120_120_330_270_150_120_60         4538.5          116.1          421.9          -76.8
   120_120_330_90_150_120_210        16986.1          116.2          403.2          -96.0
     180_120_330_0_90_240_240          900.1          116.2          423.4          -63.3
     120_120_330_0_180_300_30         4704.6          116.3          434.8          -79.7
     180_120_330_0_30_150_120       414671.2          116.3          422.2          -67.8
     120_120_330_0_120_300_30         5602.8          116.3          399.3          -81.0
  180_150_240_150_150_180_330        60861.9          116.3          439.5          -46.2
    120_120_330_90_90_210_330        17313.1          116.3          387.6          -74.1
     180_120_330_0_180_150_90         2048.3          116.3          412.5          -69.1
   120_120_330_240_90_300_180         4187.7          116.4          424.6          -76.0
    120_120_330_0_150_120_240         4284.9          116.4          402.7          -95.7
      90_150_0_240_120_300_90       273567.5          116.4          432.2          -58.4
    120_120_330_0_120_270_330         5547.0          116.4          391.3          -80.3
     120_120_330_240_90_240_0         4193.2          116.4          429.5          -76.8
     120_120_330_0_90_270_330         3641.6          116.4          406.2          -76.0
   180_120_330_90_150_180_120        13787.3          116.4          403.2          -66.7
       90_180_330_0_90_210_90         1725.3          116.5          415.6          -66.6
      180_120_330_0_60_330_90         3055.6          116.5          438.6          -64.2
  150_240_330_240_150_180_120         1701.1          116.5          434.3          -68.9
  120_120_330_240_150_120_180         4617.2          116.6          410.0          -95.4
    180_120_330_0_180_150_150        11528.3          116.6          426.3          -60.4
   180_120_330_240_90_210_330         2268.2          116.6          407.8          -69.9
     90_120_330_240_90_210_60         2716.1          116.7          375.7          -79.8
     120_120_330_0_90_210_210         4421.6          116.7          379.2          -71.9
      120_120_330_0_0_180_330         6612.2          116.7          411.9          -82.8
     150_150_330_0_90_180_330         1357.8          116.7          430.8          -68.2
  120_120_330_180_150_120_330         5317.8          116.8          401.1         -101.1
     180_120_330_0_60_120_240         3224.7          116.8          429.6          -65.6
      120_120_330_0_0_330_330         6560.0          116.8          410.5          -91.0
     90_150_330_330_90_210_60         2515.8          116.8          425.5          -63.5
    90_150_240_150_330_270_90        63753.9          116.8          449.9          -43.6
  180_150_240_150_150_180_120        60889.2          116.8          442.6          -38.2
     180_150_330_0_150_180_90         1206.9          116.8          415.0          -73.5
    120_120_330_240_150_150_0         4207.3          116.9          396.5          -93.4
      180_180_330_0_60_120_30         3824.5          116.9          424.8          -65.8
    150_150_30_330_90_180_120      1894117.1          116.9          453.4          -26.3
    210_300_330_240_90_210_60         4697.0          117.0          442.3          -60.3
    120_120_330_180_90_180_90         5346.1          117.0          407.4          -72.6
    120_120_330_240_60_270_60         4133.5          117.0          412.9          -81.5
     90_150_330_180_90_180_90         3318.2          117.0          426.8          -71.3
    120_120_330_90_150_180_30        16471.1          117.0          382.4          -84.9
  120_120_330_180_150_240_330         4886.3          117.0          401.8          -96.9
      120_120_330_90_90_150_0        16501.0          117.1          401.1          -72.8
     120_210_30_330_90_210_60      1894627.0          117.1          446.3          -57.2
  150_150_330_180_150_180_150         2192.5          117.2          401.4          -69.1
     150_150_330_0_90_300_330         1183.1          117.2          435.9          -76.0
     180_150_0_210_240_180_90       106814.3          117.2          444.9          -46.0
       90_150_330_0_90_240_60         1800.6          117.2          449.7          -81.6
  150_150_240_150_120_300_210        61819.7          117.2          411.4          -46.0
    120_120_330_240_90_240_30         7345.5          117.3          422.9          -82.2
    120_120_330_0_150_120_180         4104.8          117.3          412.0          -88.2
    120_120_330_240_90_210_30         5003.6          117.3          412.7          -73.7
      90_180_330_0_150_180_90          947.5          117.3          406.5          -70.2
     120_120_330_0_60_150_150         5886.4          117.3          422.9          -68.8
     120_120_30_330_90_210_60      1897621.0          117.3          434.0          -54.2
    150_150_330_180_90_210_60         3591.3          117.3          409.9          -72.3
    180_120_330_0_180_270_330         1832.0          117.4          424.3          -72.6
    90_150_330_150_150_180_90         1671.0          117.4          424.1          -67.6
    150_240_330_240_90_210_60         2728.3          117.4          439.6          -64.7
      90_150_0_180_150_180_90         1593.1          117.4          427.0          -67.3
      90_150_330_0_90_210_330         2637.9          117.4          432.8          -80.2
  120_120_330_180_150_120_120         5331.0          117.5          390.6          -97.5
       90_150_330_0_90_300_60         1786.6          117.5          451.1          -81.9
     120_120_330_0_60_270_180         5783.6          117.5          421.0          -69.4
       90_150_330_0_90_150_60         1787.7          117.5          441.7          -77.2
     120_120_330_0_30_150_150       417411.7          117.5          426.4          -68.4
   120_120_330_180_150_210_60         5159.4          117.5          378.5          -88.3
     120_120_330_0_90_330_180         3556.0          117.5          430.3          -62.0
       90_180_330_0_60_270_60         3109.3          117.5          419.5          -66.7
     180_150_330_0_180_180_90         2177.0          117.5          431.5          -78.9
      120_120_330_0_150_150_0         3694.9          117.6          398.6          -86.2
     120_120_330_0_90_180_180         3763.2          117.6          411.9          -64.0
     180_120_330_0_90_300_120          874.2          117.6          436.2          -57.9
   120_120_330_270_150_120_30         4573.0          117.6          420.3          -84.4
  180_180_330_180_150_180_150        12065.0          117.7          402.3          -63.3
    90_150_240_120_150_180_90       559080.9          117.7          436.7          -56.4
   150_210_330_180_150_180_90         2285.6          117.7          386.5          -68.9
    120_120_330_0_180_300_180         4681.1          117.7          438.3          -74.5
     150_210_0_180_150_180_90          721.5          117.7          410.0          -76.1
    120_120_330_0_120_300_180         5579.3          117.7          402.8          -75.8
     150_150_330_0_90_150_210         1194.2          117.7          418.2          -76.8
     90_180_330_0_180_150_180         2101.7          117.8          396.0          -79.1
     120_120_330_90_90_210_90        17327.7          117.8          393.6          -74.0
    150_150_30_330_90_210_330      1894765.1          117.8          440.0          -35.6
   150_150_330_240_150_180_30         1755.3          117.9          395.3          -77.9
     150_150_0_300_240_180_90       104656.1          117.9          416.8          -47.0
   90_150_240_150_150_180_330        61479.9          117.9          449.3          -54.7
     120_120_330_0_60_240_120         6490.1          118.0          422.0          -69.6
      120_120_330_0_90_90_240         5485.8          118.0          412.1          -79.5
      90_180_330_0_180_180_90         1917.6          118.0          423.0          -75.6
     120_120_330_0_60_330_120         5830.1          118.0          421.6          -73.2
   120_120_330_240_150_180_60         4162.8          118.0          397.2          -76.6
     150_150_330_0_90_150_330         1255.0          118.2          422.5          -74.2
   90_150_240_150_150_180_120        61500.7          118.2          456.7          -50.3
    150_150_30_330_90_240_330      1893955.5          118.2          455.7          -41.1
       180_120_330_0_0_180_90         3852.8          118.2          419.4          -72.6
    150_150_330_90_150_180_90        21721.7          118.3          391.0          -71.4
       90_120_330_0_90_180_90         1208.5          118.3          402.6          -68.4
    90_150_240_180_150_180_90        58798.6          118.3          427.4          -57.4
       90_150_330_0_90_150_90         1765.6          118.3          433.4          -77.3
    120_120_330_240_150_120_0         4698.0          118.4          418.6          -91.9
     150_240_30_330_90_210_90      1894633.0          118.4          447.2          -45.7
   150_150_330_180_150_120_60         2672.5          118.4          416.7          -89.7
      150_150_330_0_90_240_30         4325.2          118.5          435.2          -70.8
     120_120_330_0_180_240_90         4582.1          118.5          434.4          -75.1
      150_150_330_0_90_210_30         1983.3          118.5          425.0          -62.3
     180_120_330_0_60_120_330         3073.9          118.5          437.5          -69.7
    150_150_0_300_120_300_210       273114.0          118.5          426.9          -54.1
    150_150_330_0_180_150_120         2397.3          118.5          423.1          -78.9
       90_150_330_0_60_210_60         4846.6          118.5          440.7          -88.0
  150_150_240_150_150_240_120        60887.6          118.5          432.3          -49.8
    90_150_150_180_150_180_90         5492.1          118.5          443.7          -65.6
     180_150_330_0_90_180_330         1359.8          118.6          439.8          -68.5
    120_120_330_90_90_300_210        16482.6          118.6          407.1          -76.4
     150_210_0_240_240_180_90       104154.8          118.7          425.6          -59.8
     120_120_330_0_150_180_60         3650.4          118.7          399.3          -69.4
  120_120_330_180_150_150_240         5858.3          118.7          384.3         -102.9
      120_120_330_0_0_270_330         6557.1          118.7          408.3          -82.8
       90_150_330_0_60_120_90         4005.6          118.8          448.7          -81.3
      120_120_330_0_90_330_60         3544.2          118.8          431.1          -60.3
    120_120_330_90_60_120_210        18031.5          118.8          408.5          -86.7
    120_120_330_0_120_240_330         5637.3          118.8          404.2          -76.5
  120_120_330_240_240_180_330         6570.5          118.8          414.0          -81.8
     180_120_330_0_90_300_210          862.8          118.8          445.1          -60.1
    150_150_30_330_90_240_120      1893921.9          118.9          454.2          -34.6
     120_120_0_210_240_180_90       110774.9          118.9          442.3          -63.9
    150_240_330_240_90_180_90         1838.3          118.9          439.2          -57.6
      210_210_330_0_90_210_60         2284.1          118.9          419.0          -47.7
   150_150_330_240_90_240_330         1829.3          118.9          430.4          -78.0
      120_120_330_0_90_90_210         5500.6          118.9          409.0          -75.9
     180_120_330_0_60_120_120         3093.3          118.9          425.1          -64.3
      180_120_330_0_60_150_60         3091.3          118.9          416.3          -62.0
     180_120_330_0_60_150_180         3863.4          119.0          411.0          -68.0
      90_150_0_210_240_300_90       107459.5          119.0          457.1          -53.1
       120_120_330_0_0_300_60         6535.8          119.0          421.1          -76.8
      90_180_330_0_60_330_180         3111.0          119.1          420.4          -72.8
     180_150_330_0_90_300_330         1185.1          119.1          444.9          -76.3
     180_180_330_0_90_150_180         2339.1          119.1          420.4          -65.8
      120_120_330_0_150_120_0         4185.6          119.1          420.7          -84.7
    180_180_330_180_90_210_60         3989.2          119.1          407.8          -59.1
    120_120_330_90_90_180_330        16653.0          119.1          404.4          -70.9
      180_120_330_0_30_150_60       414616.6          119.1          419.8          -61.6
     180_120_330_0_30_150_180       415388.7          119.2          414.4          -67.6
  120_120_330_240_240_270_330         6555.3          119.2          420.4          -83.9
    120_120_330_180_90_240_90         5216.6          119.2          403.2          -85.8
     90_150_330_180_90_240_90         3188.7          119.2          422.6          -84.5
     180_120_330_0_90_210_270         1678.9          119.2          433.4          -49.2
     180_150_30_330_90_210_90      1894730.9          119.2          449.2          -34.1
   180_120_330_240_90_240_120         1480.8          119.3          424.0          -72.6
    150_150_0_210_120_300_210       281061.9          119.3          436.4          -47.9
      120_120_330_0_0_180_120         6665.0          119.3          418.0          -79.4
    120_120_330_90_90_240_120        16519.5          119.3          405.8          -78.6
      120_120_330_0_90_90_180         5810.6          119.3          419.3          -76.0
     120_120_330_0_90_240_270         3569.3          119.4          441.9          -66.7
   180_120_330_240_90_180_330         1608.1          119.4          424.6          -66.7
    150_150_30_330_90_300_210      1893885.7          119.4          450.5          -34.7
     180_120_330_90_150_180_0        13730.1          119.4          402.7          -72.7
      90_180_330_0_90_300_180          891.6          119.4          421.6          -69.5
        120_120_330_0_90_60_0         3605.5          119.4          421.0          -75.1
     120_120_330_0_180_180_60         4620.5          119.4          415.8          -74.8
       120_120_330_0_0_300_90         6558.5          119.5          425.5          -84.4
  150_150_240_150_150_300_210        60939.2          119.5          443.8          -43.2
     120_120_180_90_90_210_60         6196.8          119.5          393.3          -74.8
  150_150_330_240_150_180_210         1971.6          119.5          388.1          -80.9
    120_120_330_90_90_300_330        16478.3          119.6          409.5          -78.7
     150_150_0_300_120_300_90       273100.5          119.6          421.7          -58.3
        120_120_330_0_0_180_0         6637.2          119.6          418.0          -81.8
     120_120_330_240_90_210_0         4968.5          119.6          408.7          -73.1
      120_120_330_0_30_210_60       417653.5          119.7          401.2          -67.7
    180_150_30_330_90_210_330      1894767.1          119.7          449.1          -35.9
      120_120_330_0_30_270_60       417317.5          119.7          422.5          -69.4
     180_120_330_240_90_150_0         1432.8          119.7          418.7          -70.4
   120_120_330_180_90_210_330         6012.0          119.7          389.5          -79.1
     150_210_0_240_120_300_90       272635.5          119.7          427.7          -63.9
     180_180_330_0_90_210_150        11809.4          119.8          419.6          -54.8
   120_120_330_240_90_240_240         4227.3          119.8          409.5          -87.7
   180_120_330_240_90_300_330         1433.4          119.9          429.7          -74.5
      180_180_330_0_90_180_90         1759.2          119.9          440.4          -52.8
  180_150_330_240_150_180_120         1815.2          119.9          424.0          -70.8
      120_120_330_0_60_150_90         5856.0          119.9          411.5          -72.5
     180_150_330_0_90_150_330         1256.9          120.0          431.5          -74.5
    180_150_30_330_90_240_330      1893957.5          120.1          464.8          -41.4
     150_240_0_240_240_180_90       104252.9          120.1          438.3          -47.2
      150_240_330_0_90_210_60         2139.0          120.1          438.6          -57.1
    180_150_330_180_90_210_60         3579.5          120.1          414.9          -71.7
      120_120_330_0_30_150_90       417381.3          120.1          414.9          -72.1
     150_240_0_210_240_180_90       106656.8          120.1          448.4          -49.3
   180_180_330_180_150_120_60         3070.4          120.2          414.6          -76.5
      120_120_330_0_90_30_210         3756.2          120.2          421.7          -68.8
      90_150_330_0_90_180_330         1977.8          120.2          449.7          -77.0
      90_150_330_0_180_150_60         3021.3          120.2          433.8          -85.4
   120_120_330_240_60_120_210         4189.5          120.2          424.6          -87.2
      90_150_0_240_150_180_90         1287.8          120.2          414.0          -50.8
   150_270_330_180_150_180_90         2194.7          120.3          393.6          -60.8
    180_120_330_240_90_300_90         1420.5          120.3          430.9          -78.9
    150_150_330_0_150_180_120         1265.0          120.3          414.3          -71.0
   180_120_330_240_240_180_90         3811.1          120.3          421.5          -71.6
     150_150_0_210_120_300_90       281048.4          120.4          431.2          -52.1
  120_120_330_240_150_150_330         4256.5          120.4          391.6          -97.5
     120_120_330_180_90_150_0         5199.8          120.4          403.0          -77.8
     180_120_330_0_60_240_330         3746.1          120.4          430.6          -62.9
    150_150_330_0_180_150_210         2427.9          120.5          410.3          -85.0
    150_150_330_240_90_300_90         1761.6          120.5          426.3          -78.9
      120_120_330_90_60_330_0        18037.6          120.5          413.1          -80.8
     90_150_240_150_90_300_90        63366.7          120.5          457.8          -50.5
   150_150_330_240_240_180_90         4152.2          120.5          416.9          -71.6
       90_120_330_0_90_240_90         1079.0          120.5          398.4          -81.6
     180_120_330_0_180_210_90         1879.5          120.6          413.0          -77.9
    120_120_330_90_90_150_330        16550.2          120.6          396.1          -76.9
     180_120_330_90_90_180_90        13893.6          120.6          411.9          -60.7
   150_150_330_180_150_120_90         2675.7          120.6          408.0          -84.4
     150_150_30_330_90_300_90      1893872.2          120.7          447.5          -39.2
     180_330_180_90_90_210_60         3457.4          120.7          433.3          -73.0
    150_150_0_240_120_300_210       272961.6          120.7          421.8          -45.4
    120_120_330_0_270_240_330        25520.5          120.7          395.5          -80.2
      90_150_330_0_90_300_330         1803.1          120.7          454.7          -84.8
     150_150_0_240_240_180_90       104467.3          120.7          414.5          -45.5
   180_150_330_240_90_240_330         1831.3          120.8          439.5          -78.3
    90_150_330_270_150_180_90         2249.3          120.8          431.2          -65.3
   180_120_330_240_90_150_330         1505.2          120.8          416.3          -72.7
   210_330_240_150_150_120_60       141870.8          120.9          428.7          -77.2
    120_120_330_240_90_150_30         4182.2          120.9          420.0          -78.9
     150_150_0_120_240_180_90       106306.2          120.9          418.5          -66.6
     120_120_330_0_60_330_270         5883.3          120.9          450.5          -65.9
    150_240_180_90_90_240_120         4183.3          120.9          455.6          -73.0
    150_150_330_0_180_150_330         2488.6          120.9          414.6          -82.4
    180_120_330_90_60_270_330        15220.1          120.9          408.3          -76.0
     120_120_330_0_180_270_90         4569.3          120.9          428.7          -73.1
      120_120_330_0_60_240_60         6452.0          121.0          426.2          -64.4
     120_120_330_0_120_270_60         5573.3          121.0          391.3          -76.6
  120_120_330_240_150_330_330         4134.2          121.0          418.9          -85.2
      120_120_330_0_90_270_60         3667.9          121.0          406.3          -72.3
      90_150_0_120_150_180_90         2918.4          121.0          425.6          -72.1
    180_120_330_300_90_210_60        37047.2          121.0          428.1          -62.7
     180_120_330_0_60_120_210         3121.4          121.0          447.1          -66.6
   210_210_270_210_270_240_90       123216.9          121.0          425.5          -56.4
    150_150_330_0_180_180_120         2235.1          121.0          430.8          -76.4
      90_150_330_0_180_150_90         2999.3          121.1          425.5          -85.5
    120_120_330_0_150_150_330         3744.1          121.1          393.6          -90.3
   120_120_330_180_150_240_90         4899.5          121.1          400.3          -97.1
    90_150_330_180_150_240_90         2871.6          121.1          419.6          -95.8
    180_120_330_270_90_210_60         7111.7          121.1          421.2          -52.4
    180_120_330_90_150_120_60        14199.8          121.1          405.5          -82.2
    150_240_330_240_90_240_90         1708.8          121.1          435.1          -70.8
     90_150_240_150_90_210_90        64214.4          121.1          442.0          -44.2
    120_120_330_180_90_210_90         6026.5          121.1          395.5          -79.0
     150_240_0_240_120_300_90       272733.6          121.1          440.4          -51.3
     90_150_330_180_90_210_90         3998.6          121.1          414.9          -77.7
       120_120_330_0_0_300_30         6595.5          121.1          422.1          -79.8
    150_150_30_330_90_180_330      1894112.9          121.2          451.7          -34.2
       90_150_330_0_60_330_90         4006.5          121.2          451.5          -80.6
     150_150_330_0_90_210_150         1913.1          121.2          421.8          -63.7
   180_150_330_180_150_120_60         2660.7          121.2          421.7          -89.1
   150_150_330_240_90_150_150         1758.7          121.2          425.2          -66.0
    180_120_330_0_180_300_330         1926.8          121.2          443.4          -73.0
  120_120_330_180_150_180_150         4877.6          121.2          402.9          -78.1
    180_120_330_0_120_300_330         2825.0          121.2          407.9          -74.3
      180_150_330_0_90_300_90         1147.0          121.2          446.2          -77.2
     150_210_0_210_120_300_90       283007.7          121.3          437.8          -66.4
  120_120_330_180_150_300_210         4946.3          121.3          413.9          -86.9
    150_150_30_330_90_210_150      1894660.6          121.3          445.8          -27.8
   90_150_330_240_150_180_120         2426.7          121.3          438.1          -82.9
     90_150_30_330_90_210_330      1895385.1          121.3          458.9          -44.4
      90_150_0_330_120_300_90       281122.6          121.3          444.8          -57.6
     180_180_330_0_180_210_60         2844.7          121.3          415.9          -72.6
    180_150_330_240_90_180_90         1924.1          121.3          437.1          -63.6
  180_120_330_270_150_180_330         1328.5          121.4          426.8          -58.0
     150_240_30_330_90_240_90      1893822.0          121.4          455.4          -51.5
  120_120_330_240_240_180_120         6623.3          121.4          420.1          -78.4
  150_150_240_150_150_240_330        60924.5          121.5          437.1          -56.3
     150_150_330_0_180_210_60         2423.1          121.5          421.1          -88.9
  120_120_330_240_150_150_180         4186.3          121.5          393.8          -93.5
  210_300_330_180_150_180_120         4142.3          121.5          437.1          -54.7
      180_120_330_0_60_240_90         3734.7          121.5          424.0          -64.9
     150_150_330_0_90_210_300         1916.0          121.5          420.2          -61.9
      150_240_330_0_90_180_90         1249.0          121.6          438.2          -50.0
     180_180_330_0_90_240_150        11024.5          121.6          432.9          -65.1
     180_120_330_0_180_300_90         1913.9          121.6          444.6          -77.4
     180_120_330_0_120_300_90         2812.1          121.6          409.1          -78.7
     90_150_330_180_150_180_0         3517.8          121.7          421.9          -82.1
     120_120_330_90_60_210_60        18817.8          121.7          400.5          -83.6
    120_120_330_0_150_330_330         3621.8          121.7          420.9          -78.0
      90_150_330_0_90_150_330         1875.0          121.7          441.3          -83.0
       90_180_330_0_90_300_90          887.6          121.7          437.7          -73.9
      90_150_330_0_90_150_180         1780.2          121.7          429.1          -87.0
   180_120_330_240_90_180_120         1667.1          121.7          428.8          -61.5
     90_150_30_330_90_240_330      1894575.5          121.7          474.6          -49.9
   120_210_270_210_270_240_90       123292.2          121.7          416.7          -62.2
    150_150_330_0_150_180_330         1260.5          121.7          409.8          -78.2
     120_120_330_240_90_300_0         4231.6          121.7          432.5          -81.1
    180_120_330_90_60_330_330        15257.3          121.7          411.7          -78.8
    90_150_240_150_330_300_90        63769.0          121.7          458.3          -48.8
    120_120_330_90_90_150_180        16480.0          121.7          398.3          -72.9
    120_120_330_90_90_180_120        16705.8          121.7          410.5          -67.5
      180_180_330_0_60_120_60         3804.6          121.8          436.5          -61.5
     150_150_0_240_120_300_90       272948.1          121.8          416.6          -49.6
    120_120_330_240_240_180_0         6595.6          121.8          420.1          -80.8
   150_240_330_240_90_150_150         1807.7          121.8          441.5          -59.4
    180_180_330_0_180_150_180         3572.7          121.8          412.6          -74.0
   120_120_330_240_150_120_90         4664.0          121.8          417.3          -92.4
    180_120_330_90_90_240_330        13775.6          121.8          414.4          -71.9
     150_150_330_0_150_120_30         1735.0          121.8          409.5          -91.7
    90_180_330_180_150_120_30         2397.5          121.9          395.4          -86.1
  120_120_330_240_150_180_180         4178.3          121.9          388.9          -81.2
     120_120_330_240_60_330_0         4195.6          121.9          429.2          -81.3
       90_150_330_0_60_330_60         4030.3          121.9          455.2          -81.3
    150_150_0_210_240_180_120       106877.3          121.9          447.1          -42.8
   120_120_330_270_60_270_330         3989.7          121.9          422.7          -67.0
   120_120_330_240_90_150_210         4210.3          121.9          410.6          -82.2
      150_150_330_0_60_120_60         3382.9          121.9          441.6          -77.8
    120_120_330_0_180_240_120         4583.8          121.9          438.8          -72.9
   120_120_330_180_90_300_210         5181.4          121.9          409.0          -81.4
   180_180_330_180_150_180_30         2588.6          122.0          392.6          -67.4
  120_120_330_240_150_150_120         4213.5          122.0          401.6          -97.8
      120_120_330_90_90_180_0        16678.1          122.1          410.5          -69.9
      150_150_330_0_90_150_30         1161.9          122.1          432.3          -67.5
    180_120_330_0_180_210_330         1889.5          122.1          412.1          -76.2
      180_180_330_0_90_240_90         1629.7          122.1          436.2          -66.0
      90_120_330_0_180_210_60         2337.4          122.2          379.9          -86.1
   180_120_330_240_90_150_120         1468.5          122.2          424.4          -71.2
   150_150_240_150_330_270_90        63134.5          122.2          434.2          -34.8
    210_210_0_210_240_180_120       108830.5          122.2          458.3          -54.9
    120_120_330_0_150_150_180         3673.9          122.2          395.8          -86.3
    120_120_330_90_90_150_120        16507.2          122.2          406.1          -77.2
    120_120_330_240_90_180_30         4350.9          122.3          408.0          -79.7
     180_150_30_330_90_240_90      1893920.0          122.3          457.3          -39.9
   180_120_330_180_150_120_90         2569.5          122.3          410.8          -87.6
  120_120_330_180_150_300_330         4942.0          122.3          416.4          -89.2
     120_120_330_90_90_240_60        16481.4          122.3          410.0          -73.4
    150_150_330_0_150_120_210         1752.5          122.3          415.3          -95.4
      120_120_330_0_90_120_60         3780.7          122.3          421.6          -70.8
    150_150_330_180_90_180_90         2698.8          122.4          411.1          -62.5
       90_180_330_0_90_240_60          905.7          122.4          432.2          -62.9
   120_120_330_240_150_150_60         4174.8          122.4          397.4          -89.6
   180_120_330_240_60_270_330         1378.2          122.4          424.4          -76.5
  150_150_330_180_150_150_150         2205.2          122.4          401.0          -81.0
    90_150_330_240_90_240_330         2449.3          122.4          449.3          -86.8
   120_120_330_300_60_270_330        38527.4          122.4          428.3          -71.6
   150_150_330_240_90_240_120         1795.9          122.4          431.8          -72.2
    120_120_330_270_60_120_60         4024.3          122.4          425.4          -63.7
    150_150_330_0_180_180_330         2230.6          122.4          426.3          -83.6
     120_120_330_0_30_330_330       417305.7          122.4          418.0          -70.8
     180_120_330_0_60_270_270         3064.9          122.4          452.5          -48.7
   120_120_330_180_90_180_330         5351.9          122.5          406.3          -75.9
       90_120_330_0_90_210_90         1889.0          122.5          390.7          -74.8
     120_120_330_0_150_120_90         4151.6          122.5          419.3          -85.2
   180_120_330_180_150_120_30         2602.8          122.5          402.0          -95.9
     150_240_90_90_150_180_90         1333.2          122.5          451.6          -49.4
     150_210_0_300_240_180_90       104375.4          122.5          429.0          -61.3
     180_180_330_0_90_210_300         2338.7          122.6          418.7          -48.4
  150_150_240_150_150_180_210        61048.0          122.6          413.4          -47.8
     120_120_330_90_90_300_60        16467.4          122.6          411.4          -73.7
      120_120_330_0_0_300_180         6572.1          122.6          425.6          -74.6
     120_120_330_90_90_150_60        16468.5          122.6          402.0          -69.0
       90_120_330_0_60_120_60         3297.2          122.6          400.5          -75.0
    120_120_330_0_150_180_180         3665.9          122.6          390.9          -74.0
    90_120_330_240_150_180_90         1623.6          122.6          379.6          -85.6
      90_150_30_210_90_210_60       217008.6          122.6          465.4          -53.9
      210_150_330_0_90_210_60         2220.2          122.6          440.7          -66.7
       90_180_330_0_90_300_60          891.6          122.6          433.6          -63.2
       90_180_330_0_90_150_60          892.7          122.6          424.2          -58.5
   120_120_330_180_90_240_120         5218.4          122.7          407.7          -83.6
   120_120_330_270_60_330_330         4026.9          122.7          426.1          -69.8
   90_180_330_180_150_120_180         2341.5          122.7          400.1          -91.0
    180_120_330_180_150_150_0         2114.1          122.7          392.6          -88.6
    120_120_330_0_150_150_120         3701.1          122.7          403.7          -90.6
      120_120_330_0_60_90_330         5811.3          122.7          429.9          -70.8
     120_120_330_0_60_210_330         6412.4          122.8          422.1          -76.0
    180_150_330_0_180_150_330         2490.6          122.8          423.6          -82.7
   150_150_330_150_150_180_90         1051.6          122.8          408.4          -58.8
    150_240_180_90_90_210_150         5045.9          122.8          444.1          -55.8
  210_330_240_150_150_180_120       141458.1          122.8          432.2          -60.0
     120_120_330_0_180_210_30         4624.9          122.8          416.9          -80.0
    150_270_330_240_90_210_60         2736.7          122.8          414.4          -57.1
     150_150_0_180_150_180_90          973.7          122.8          411.3          -58.5
     180_120_330_0_60_270_240         3028.7          122.8          437.9          -57.5
     120_120_330_0_120_240_90         5650.5          122.9          402.6          -76.7
  180_180_330_180_150_150_150        12077.7          122.9          401.9          -75.2
     180_120_330_90_90_240_90        13764.2          122.9          407.8          -73.9
     150_240_0_300_240_180_90       104458.2          122.9          438.8          -48.7
    120_120_330_300_60_120_60        38562.0          122.9          430.9          -68.3
      180_120_330_0_180_330_0         1840.4          122.9          437.9          -65.3
        90_150_330_0_0_180_90         4803.7          122.9          432.4          -89.0
   120_120_330_180_90_300_330         5177.2          123.0          411.4          -83.7
     120_120_330_90_90_300_90        16490.0          123.0          415.8          -81.3
     150_150_330_0_90_240_150         1128.2          123.0          435.1          -74.0
    180_150_30_330_90_180_330      1894114.8          123.0          460.8          -34.5
      120_120_330_0_180_300_0         4725.0          123.0          446.2          -79.6
    150_240_330_240_90_210_90         2518.8          123.1          427.4          -64.0
   150_150_240_120_150_180_90       558461.5          123.1          421.1          -47.6
      120_120_330_0_120_300_0         5623.3          123.1          410.7          -80.9
     120_120_330_0_150_150_60         3662.4          123.1          399.5          -82.4
     180_180_330_0_60_330_180         4582.0          123.1          436.9          -67.7
     180_150_330_0_90_240_120         1204.2          123.1          444.3          -72.3
    120_120_330_240_60_210_60         4975.8          123.1          416.5          -84.1
  180_120_330_180_150_120_180         3298.1          123.1          406.7          -91.1
     150_210_30_330_90_210_60      1894537.8          123.1          458.5          -54.2
   180_120_330_240_60_330_330         1415.4          123.2          427.8          -79.3
   120_120_330_300_60_330_330        38564.6          123.2          431.7          -74.4
   90_180_330_180_150_180_120         2193.2          123.2          414.0          -70.2
    120_120_330_180_150_330_0         4844.5          123.2          418.9          -80.6
    210_300_330_180_90_210_60         5506.6          123.2          427.6          -54.7
  150_240_330_180_150_180_150         2364.4          123.2          415.7          -59.0
      120_120_330_0_120_150_0         5618.9          123.3          404.0          -74.5
    150_150_0_210_240_300_210       106853.6          123.3          446.6          -40.1
  120_120_330_240_150_120_330         4658.7          123.3          414.0          -99.0
    120_120_330_0_180_180_180         4636.0          123.3          407.4          -79.4
      90_120_330_0_150_180_90         1111.2          123.3          381.6          -78.4
       120_120_330_0_0_270_60         6583.4          123.3          408.4          -79.1
  180_150_240_150_150_240_330        60926.5          123.4          446.2          -56.6
     180_120_330_0_90_210_120         1730.2          123.4          405.0          -57.2
     180_120_330_0_90_210_150        11069.0          123.4          432.0          -50.0
    150_150_330_180_150_180_0         2865.1          123.4          414.9          -73.4
     180_180_330_0_90_240_120         1898.7          123.4          435.5          -60.6
    210_210_330_240_90_210_60         2867.1          123.4          424.1          -53.9
    180_150_240_150_90_240_90        62787.7          123.4          444.8          -43.3
   120_120_330_330_90_240_330         3276.1          123.4          437.8          -65.6
   120_120_330_240_90_150_150         4209.0          123.4          428.6          -71.8
     120_120_330_0_90_180_150         3803.4          123.4          438.8          -58.8
   150_150_330_240_90_210_330         2637.8          123.4          415.2          -71.5
   180_150_240_150_120_300_90        61805.2          123.5          424.6          -49.8
     180_180_330_0_90_300_180         2362.7          123.5          438.1          -64.4
    150_240_30_330_90_210_150      1894697.5          123.5          458.0          -38.8
       90_180_330_0_60_120_30         3131.7          123.5          417.4          -71.1
      150_150_330_0_90_180_30         1330.6          123.5          420.3          -68.3
  120_120_330_270_150_120_210         4586.3          123.5          430.9          -82.1
    90_150_150_120_150_180_90        24444.4          123.5          439.0          -60.8
    210_330_180_180_90_210_60         4100.2          123.5          437.3          -73.4
  120_120_330_240_150_240_330         4227.3          123.6          414.7          -94.8
    180_150_330_0_150_180_330         1262.5          123.6          418.9          -78.5
    180_150_330_240_90_240_90         1794.7          123.6          433.0          -76.8
     150_210_0_240_150_180_90          355.9          123.6          409.5          -56.3
     180_180_330_0_60_150_150        13322.8          123.6          419.4          -61.7
    90_150_330_240_150_120_90         2870.9          123.6          434.7          -94.3
   150_150_240_150_150_180_30        60834.2          123.6          423.9          -46.0
     180_120_330_90_60_120_60        15245.2          123.7          410.8          -72.9
   210_210_330_180_150_180_90         2331.7          123.7          404.1          -63.5
       90_180_330_0_60_210_60         3951.7          123.7          423.2          -69.3
     210_210_0_180_150_180_90          767.6          123.7          427.6          -70.7
   150_150_240_180_150_180_90        58179.2          123.7          411.8          -48.6
  180_120_330_270_150_180_120         1387.5          123.7          430.9          -52.8
   180_120_330_180_150_180_60         2083.3          123.7          395.6          -70.2
      150_150_330_0_90_150_90         1146.2          123.7          417.7          -68.5
   120_120_330_240_240_270_60         6581.6          123.8          420.4          -80.2
    120_120_330_90_60_330_180        18013.3          123.8          414.3          -78.6
     180_180_330_0_30_150_150       424848.1          123.8          422.8          -61.3
      120_120_330_0_90_120_30         3815.2          123.8          420.1          -78.4
      150_240_330_0_90_240_90         1119.5          123.8          434.1          -63.2
      90_150_330_0_150_120_60         2356.0          123.8          429.8          -99.2
   150_270_330_240_150_180_90         1659.4          123.8          403.6          -59.4
  180_120_330_180_150_150_330         2186.6          123.9          390.2          -90.9
    90_150_330_180_150_180_60         2842.2          123.9          418.5          -79.3
   120_120_330_180_150_150_30         4863.5          123.9          393.8          -97.1
    120_120_330_270_60_120_30         4058.8          123.9          423.9          -71.3
   150_150_150_180_150_180_90         4872.7          123.9          428.0          -56.8
   120_120_330_180_90_150_330         5249.1          124.0          398.0          -81.9
    120_120_330_90_180_210_60        17677.9          124.0          391.4          -94.1
   150_150_240_150_150_120_60        61304.4          124.0          450.3          -55.1
    180_120_330_180_90_180_90         2592.5          124.0          413.9          -65.7
  120_120_330_240_150_120_120         4671.9          124.0          403.5          -95.4
    120_120_330_0_150_120_330         4146.3          124.0          416.0          -91.8
      90_120_330_0_180_180_90         2081.3          124.0          398.1          -83.8
   120_120_330_90_150_180_210        16683.2          124.0          380.0          -81.9
      180_120_330_0_90_300_30          887.1          124.0          440.9          -64.7
      180_180_330_0_90_210_90         2439.7          124.1          428.5          -59.2
   120_120_330_240_150_210_60         4500.4          124.1          391.4          -86.2
        90_0_180_90_90_210_60        58893.4          124.1          435.2          -48.0
    90_150_330_180_150_120_30         3328.2          124.1          415.1          -98.8
     120_120_330_0_60_300_210         6090.2          124.1          428.2          -74.6
     180_150_330_0_90_150_150        10624.7          124.1          442.9          -66.6
      150_150_330_0_60_120_90         3386.1          124.1          433.0          -72.5
    150_240_180_330_90_240_90        45082.6          124.1          451.5          -59.4
     180_120_330_0_180_270_60         1848.7          124.2          424.2          -69.1
    180_120_330_180_150_120_0         2604.8          124.2          414.7          -87.1
      120_120_330_0_60_210_90         6426.9          124.2          428.2          -75.9
     150_210_0_300_120_300_90       272819.8          124.2          433.9          -72.6
    90_150_240_150_330_180_90        63820.4          124.2          453.8          -41.9
    120_120_330_0_150_240_330         3714.9          124.3          416.8          -87.6
     180_150_330_0_180_210_60         2411.3          124.3          426.1          -88.3
   210_300_330_180_150_120_60         4587.8          124.3          434.4          -72.1
   180_150_240_150_150_120_90        61299.8          124.3          451.1          -49.1
      90_180_330_0_60_120_180         3075.7          124.3          422.0          -76.0
    180_150_330_0_180_180_330         2232.6          124.3          435.3          -83.9
   120_120_330_270_150_180_30         4071.3          124.3          410.1          -71.0
     150_240_180_90_90_180_90         4323.3          124.3          452.6          -57.4
     120_120_330_0_60_120_150         5835.9          124.3          445.4          -69.3
   120_210_330_180_150_180_90         2407.0          124.4          395.3          -69.3
     150_150_0_210_240_300_90       106840.1          124.4          441.4          -44.3
     120_210_0_180_150_180_90          842.9          124.4          418.8          -76.5
    120_120_330_300_60_120_30        38596.5          124.4          429.4          -75.9
     90_150_330_0_180_150_330         3108.6          124.4          433.5          -91.2
     90_150_330_0_180_150_180         3013.8          124.4          421.2          -95.2
    180_120_330_0_180_240_330         1839.9          124.4          447.4          -66.2
  180_120_330_180_150_330_330         2064.2          124.4          417.5          -78.6
     150_240_330_0_90_150_150         1218.4          124.5          440.4          -51.8
      90_150_330_0_90_240_120         1815.7          124.5          458.4          -84.4
     120_120_330_90_60_270_90        17957.5          124.5          412.7          -76.5
  120_120_330_180_150_240_120         4901.2          124.5          404.7          -94.9
  150_240_330_180_150_180_330         2220.5          124.6          424.6          -56.7
     150_240_0_300_120_300_90       272902.6          124.6          443.7          -60.0
    150_150_330_180_90_240_90         2569.3          124.6          406.9          -75.7
      120_120_330_0_180_270_0         4606.9          124.6          437.1          -67.6
     180_120_330_240_90_180_0         1609.9          124.7          428.2          -67.5
     210_210_0_240_240_180_90       104200.9          124.7          443.2          -54.4
     90_150_30_330_90_180_330      1894732.9          124.7          470.6          -43.0
     120_120_330_90_90_300_30        16527.1          124.7          412.4          -76.7
      180_150_330_0_60_120_60         3371.1          124.7          446.6          -77.2
    120_120_330_0_150_120_120         4159.5          124.7          405.6          -88.2
      180_150_330_0_60_270_90         3324.2          124.7          443.7          -68.6
     150_150_330_0_90_300_300         1147.5          124.7          438.6          -67.2
     120_120_330_0_270_240_90        25533.7          124.8          394.0          -80.4
     120_120_330_0_150_210_60         3988.0          124.8          393.5          -79.0
  150_150_330_180_150_300_210         2315.3          124.8          424.6          -78.4
    180_120_330_240_90_240_60         1426.9          124.8          430.0          -69.4
     150_150_330_0_180_150_30         2395.5          124.8          424.4          -75.7
       120_120_330_0_60_240_0         6479.7          124.8          437.0          -63.3
     180_120_330_90_90_210_90        14574.1          124.8          400.0          -67.1
   150_150_330_240_90_180_120         1982.2          124.8          436.5          -61.1
     120_120_330_0_60_330_150         5848.4          124.8          444.2          -66.1
     180_180_330_0_150_180_90         1661.9          124.9          419.4          -62.8
  120_120_330_180_150_150_210         4891.6          124.9          384.5         -100.4
   120_120_330_240_90_330_330         4139.4          124.9          419.4          -78.6
      180_120_330_0_60_90_180         4122.6          124.9          436.4          -65.8
     120_120_330_0_180_240_60         4545.7          124.9          443.0          -67.7
    150_240_180_90_90_240_150         4271.7          125.0          453.4          -70.5
   90_150_240_150_150_240_330        61544.5          125.0          456.0          -65.1
     150_240_0_240_150_180_90          454.0          125.0          422.2          -43.7
     150_150_330_0_60_150_150         3426.5          125.0          421.5          -70.6
     120_120_330_90_60_330_60        18001.4          125.0          415.0          -76.9
  180_120_330_180_150_120_240         2739.5          125.0          404.7          -88.3
     120_120_330_0_60_330_240         6654.6          125.0          446.3          -79.0
    180_120_330_240_90_300_60         1412.9          125.1          431.4          -69.7
    180_120_330_240_90_150_60         1414.0          125.1          422.0          -65.0
   180_120_330_240_90_150_180         2186.0          125.1          416.6          -71.0
