                                                                  Ordered by
                    Structure         TotalE     NoInterHelVDW     NoAllVDW        InterHB
  150_330_330_180_150_180_210         5125.4          593.4          360.9          -75.8
   120_180_330_180_150_180_30         1929.7          300.0          363.0          -82.6
     120_180_330_0_120_180_30         2993.4          363.1          364.7          -78.8
   150_330_330_180_150_180_90         4880.5          569.9          365.1          -72.1
  150_330_330_180_150_150_150         4913.3          582.3          365.9          -82.9
  120_120_330_180_150_180_240        34549.3         1066.9          366.1          -90.7
  150_330_330_180_150_180_150         4900.6          577.1          366.3          -71.0
  120_120_330_180_150_180_210         5026.8          107.6          366.4          -88.3
    90_120_330_180_150_180_90         2282.7          116.1          366.6          -87.7
      90_120_330_90_90_210_60        15032.0          126.4          367.0          -75.3
   150_330_330_180_150_180_30         5330.3          614.2          367.0          -75.3
   90_120_330_180_150_180_180         2343.8          158.9          367.1          -85.5
  150_330_330_180_120_180_210         7128.3          668.5          367.2          -74.0
   120_330_330_180_150_180_30         5965.5          445.6          367.4          -71.8
   120_120_330_180_150_180_30         4814.7          100.6          368.9          -91.3
     90_120_330_180_90_210_60         3730.9          129.8          368.9          -80.3
   120_180_330_180_120_180_30         3932.6          375.1          369.3          -80.8
  150_330_330_180_150_180_270         7652.7          651.6          369.4          -69.3
      90_0_300_150_120_180_90       217247.5          192.5          369.4          -77.5
   90_120_330_180_150_180_240        32050.4         1110.9          369.5          -86.2
     120_0_330_180_150_180_30         5610.8          247.4          369.5          -76.4
   150_330_330_180_90_210_210         6145.3          635.0          370.1          -67.6
  120_330_330_180_150_180_210         5773.8          433.1          370.1          -68.3
      90_0_330_180_150_180_90        47554.8          158.1          370.5          -71.2
    120_120_330_0_120_180_240        35364.0         1120.2          370.7          -79.2
    120_120_330_0_120_180_210         5841.4          160.8          371.0          -76.8
      90_120_330_0_120_180_90         3097.3          169.3          371.2          -76.2
   150_330_330_180_120_180_90         6883.4          645.0          371.4          -70.3
  120_180_330_180_150_180_210         2167.2          315.5          371.4          -85.6
   150_330_240_150_120_180_90       143786.2          364.6          371.5          -51.3
     90_120_330_0_120_180_180         3158.4          212.1          371.7          -74.0
     120_120_330_90_90_210_60        17501.9           88.0          371.9          -74.7
   90_120_330_180_150_150_180         2351.9          158.6          372.0          -97.8
      90_120_330_0_270_210_60        23223.0          165.9          372.1          -83.2
  120_120_330_180_120_180_240        36552.3         1142.1          372.4          -88.9
       90_120_330_0_90_210_60         2105.7           97.2          372.5          -72.1
  150_330_330_180_120_180_150         6903.5          652.2          372.6          -69.2
  120_120_330_180_120_180_210         7029.7          182.7          372.7          -86.5
    90_120_330_180_120_180_90         4285.6          191.2          372.9          -85.9
    120_180_330_0_120_180_210         3230.9          378.6          373.1          -81.8
   120_180_330_180_150_120_30         2431.4          293.3          373.2          -96.0
   150_330_240_150_120_240_90       143806.1          329.8          373.3          -56.3
   150_330_330_180_120_180_30         7333.2          689.3          373.3          -73.5
   90_120_330_180_120_180_180         4346.8          234.1          373.4          -83.7
     120_120_330_0_120_180_30         5629.3          153.8          373.4          -79.8
    90_120_330_180_150_210_60         2689.6          156.0          373.5          -88.9
    120_120_330_90_90_210_210        17347.9          145.9          373.7          -75.1
   120_330_330_180_120_180_30         7968.4          520.7          373.7          -70.0
   120_270_330_180_150_180_30         2686.2          230.6          373.7          -75.4
  150_330_330_240_150_180_210         8665.9          596.4          373.8          -80.3
    120_120_330_180_90_210_60         6200.7           91.3          373.8          -79.7
  150_180_330_180_150_180_210         2401.1          140.6          373.9          -75.6
  120_120_330_180_150_180_330         4800.9           87.7          374.0          -87.0
     90_120_330_0_120_180_240        32865.0         1164.1          374.1          -74.7
   150_180_330_180_150_180_30         2176.8          133.4          374.3          -68.6
  150_330_330_180_150_210_210         5104.0          661.2          374.7          -76.2
     120_180_330_0_150_180_30         1007.3          317.1          375.0          -81.0
   120_120_330_180_150_180_90         4795.0           82.1          375.1          -83.7
  150_330_330_240_120_180_210        10764.9          659.2          375.1          -79.4
   120_120_330_180_120_180_30         6817.6          175.7          375.1          -89.5
    150_180_330_0_120_180_210         3464.8          203.7          375.6          -71.8
   120_120_330_180_90_210_210         6046.7          149.2          375.6          -80.1
    90_120_330_180_150_120_60         2812.1          130.9          375.6          -97.7
     90_120_330_240_90_210_60         2716.1          116.7          375.7          -79.8
  150_330_330_180_120_180_270         9655.6          726.7          375.7          -67.5
   90_120_330_180_120_180_240        34053.3         1186.0          375.8          -84.4
     120_0_330_180_120_180_30         7613.7          322.5          375.8          -74.6
     150_180_330_0_120_180_30         3240.5          196.5          375.9          -64.8
  120_120_330_180_150_180_180         4837.4          115.4          376.0          -83.3
  120_330_330_180_120_180_210         7776.7          508.2          376.4          -66.5
   120_150_330_180_150_180_30         2747.3          173.8          376.6          -78.9
      90_0_330_180_120_180_90        49557.7          233.2          376.7          -69.4
   120_180_300_150_120_180_30         4586.9          375.7          376.8          -75.3
  150_330_330_180_150_150_270         7951.6         2744.5          376.8          -81.5
   150_330_330_240_90_210_210         9330.1          618.4          376.8          -73.7
    150_330_330_90_90_210_210        17408.0          657.7          376.9          -70.2
  150_330_240_150_120_180_210       144042.1          398.4          376.9          -52.9
     120_120_330_0_270_210_60        25692.9          127.5          377.0          -82.6
  150_150_330_180_150_180_210         2395.8          111.1          377.1          -79.8
     90_0_330_180_150_180_180        47596.3          181.1          377.1          -64.6
     90_120_330_180_150_180_0         2341.1          137.0          377.1          -88.0
   150_330_330_180_150_120_30         5832.0          607.5          377.2          -88.7
   150_330_240_150_120_300_90       143713.9          327.0          377.4          -61.5
      120_120_330_0_90_210_60         4575.6           58.8          377.5          -71.5
      90_0_300_150_150_180_90       214798.8          208.8          377.5          -72.4
    150_150_270_60_120_180_90        25627.3          532.3          377.6          -51.9
   120_330_330_180_150_120_30         6467.2          438.9          377.6          -85.2
  120_180_330_180_120_180_210         4170.1          390.6          377.7          -83.8
     90_0_330_180_150_150_150        47992.1          186.5          377.8          -76.9
   150_330_330_240_150_180_90         8421.0          572.9          378.0          -76.6
  120_150_330_180_150_180_210         2976.8          183.7          378.2          -77.9
     90_0_330_180_150_180_150        47979.4          181.3          378.2          -65.0
   120_120_330_180_150_210_60         5159.4          117.5          378.5          -88.3
    120_120_330_0_120_180_330         5615.5          140.9          378.6          -75.5
   150_150_270_210_120_180_90        18817.9          411.3          378.6          -47.2
  120_120_330_180_150_150_330         4915.5          113.8          378.7          -99.6
   150_150_330_180_150_180_90         2147.7           87.5          378.8          -73.6
  150_330_330_240_150_150_150         8453.8          585.3          378.8          -87.4
    120_120_330_0_270_210_210        25538.9          185.4          378.8          -83.0
  120_330_330_180_150_150_150         5613.5          422.1          378.8          -82.9
     120_0_300_150_120_180_30       175313.6          291.5          378.9          -82.7
  150_330_330_180_150_150_210         4990.2          610.7          379.0          -87.9
  120_120_330_240_150_180_240        33890.3         1073.5          379.0          -88.6
   90_180_330_180_150_180_180         1902.6          128.0          379.0          -76.8
   120_120_330_180_150_120_30         5316.4           93.9          379.1         -104.7
  150_330_330_240_150_180_150         8441.1          580.1          379.2          -75.5
     120_120_330_0_90_210_210         4421.6          116.7          379.2          -71.9
  120_180_330_180_150_180_180         1979.2          325.5          379.2          -84.5
  120_330_330_180_150_180_150         5600.8          416.9          379.2          -71.0
   120_330_330_180_90_210_210         6793.8          474.8          379.3          -60.1
  120_120_330_240_150_180_210         4367.7          114.1          379.3          -86.2
    90_120_330_180_150_180_60         2352.0          149.9          379.4          -79.3
   150_330_330_240_120_180_90        10520.0          635.7          379.4          -75.7
   150_330_240_150_150_180_90       142703.0          302.5          379.4          -53.8
      90_0_330_180_150_180_30        47636.9          204.3          379.5          -66.4
    90_120_330_180_150_150_60         2364.0          154.3          379.6          -92.3
    90_120_330_240_150_180_90         1623.6          122.6          379.6          -85.6
   120_120_330_90_150_180_240        46205.8         1083.4          379.6          -84.3
     120_120_330_0_120_180_90         5609.7          135.4          379.6          -72.2
  150_330_240_150_120_180_150       143818.5          378.8          379.7          -49.2
     120_0_330_180_150_120_30         6112.5          240.7          379.7          -89.8
   150_330_330_240_150_180_30         8870.8          617.2          379.9          -79.8
      90_120_330_0_180_210_60         2337.4          122.2          379.9          -86.1
   120_120_330_90_150_180_210        16683.2          124.0          380.0          -81.9
   120_270_330_180_120_180_30         4689.1          305.7          380.0          -73.6
     90_0_300_150_120_180_150       217674.0          218.0          380.0          -71.9
   90_120_330_240_150_180_180         1684.8          165.5          380.1          -83.4
  120_120_330_180_150_180_120         4853.7           90.3          380.1          -83.6
    120_120_330_180_150_180_0         4825.9           90.6          380.1          -86.0
    120_330_330_180_90_210_60         6949.9          419.0          380.1          -66.4
     90_120_330_90_150_180_90        13939.1          132.5          380.2          -81.3
  150_180_330_180_120_180_210         4404.1          215.8          380.2          -73.8
   150_240_300_150_120_180_90         8447.7          360.1          380.2          -69.6
  120_120_330_180_150_210_210         5005.4          175.4          380.2          -88.7
  120_120_330_180_120_180_330         6803.8          162.8          380.3          -85.2
   120_330_330_240_150_180_30         9506.0          448.6          380.3          -76.3
   120_270_300_150_120_180_30        29594.0          399.7          380.3          -71.3
  120_120_330_240_120_180_240        35989.3         1136.3          380.4          -87.7
  120_180_300_150_120_180_210         4818.6          386.9          380.4          -77.1
  150_330_330_180_150_180_240        34671.2         1570.3          380.4          -73.9
    120_120_330_0_120_180_180         5652.0          168.6          380.5          -71.8
  150_330_330_240_120_180_150        10540.1          642.9          380.6          -74.6
   150_180_330_180_120_180_30         4179.7          208.5          380.6          -66.8
   120_120_330_180_150_120_60         5281.9           92.4          380.6          -97.1
     90_0_300_150_120_180_180       217295.1          221.0          380.6          -70.9
   120_180_330_180_90_210_210         3187.1          357.1          380.6          -77.4
    120_120_330_240_90_210_60         5185.9           78.2          380.6          -79.2
     90_180_330_0_120_180_180         2966.3          191.1          380.6          -73.0
     90_120_330_180_150_150_0         2381.5          156.7          380.7          -97.5
    90_120_330_90_150_180_180        14000.3          175.4          380.7          -79.1
  120_120_330_240_120_180_210         6466.8          177.0          380.7          -85.3
    120_180_330_0_120_180_180         3042.9          388.6          380.8          -80.7
  120_120_330_180_150_150_180         4845.4          115.0          380.8          -95.6
    120_180_330_0_270_210_210        22928.4          403.2          380.9          -88.0
    90_120_330_240_120_180_90         3722.7          185.5          380.9          -84.7
      90_120_330_0_120_210_60         3566.0          199.9          381.0          -84.2
    120_120_330_0_150_180_240        33377.9         1074.2          381.1          -81.4
   150_330_330_180_150_150_90         4945.4          616.8          381.1          -82.1
   150_330_270_240_120_180_90        11718.4          354.0          381.1          -53.9
     90_120_180_90_180_210_60         6928.4          235.8          381.1          -89.7
   150_330_330_240_120_180_30        10969.8          680.0          381.2          -78.9
     120_180_330_0_90_210_210         1811.0          334.4          381.3          -76.9
     120_150_330_0_120_180_30         3787.2          238.8          381.3          -78.2
   120_120_330_180_120_180_90         6798.0          157.3          381.3          -81.9
     120_0_300_150_120_180_90       175282.8          271.2          381.4          -83.5
    120_120_330_0_150_180_210         3855.3          114.8          381.4          -79.0
   90_120_330_240_120_180_180         3783.8          228.3          381.4          -82.5
   180_120_330_180_150_180_90         2041.5           89.2          381.5          -76.8
   150_330_270_210_120_180_90        15607.9          346.5          381.6          -52.4
      90_120_330_0_150_180_90         1111.2          123.3          381.6          -78.4
   120_330_330_240_120_180_30        11605.0          511.4          381.7          -75.4
       90_120_330_0_120_180_0         3155.7          190.2          381.7          -76.5
    150_150_330_0_120_180_210         3435.7          176.1          381.7          -79.1
   120_120_330_240_150_180_30         4155.6          107.1          381.8          -89.2
     90_0_330_180_150_150_180        47604.3          180.7          382.0          -76.9
   150_150_270_210_300_180_90        14560.0          547.3          382.0          -55.7
  120_330_330_180_150_180_270         8313.3          487.3          382.0          -66.2
     90_120_330_0_150_180_180         1172.4          166.2          382.1          -76.2
  120_120_330_180_120_180_180         6840.3          190.5          382.2          -81.5
  150_330_330_240_150_180_270        11193.2          654.6          382.2          -73.8
  120_330_330_180_150_180_180         5601.2          456.7          382.3          -67.0
     120_180_330_0_270_180_30        23002.7          386.3          382.3          -82.5
   120_120_330_240_90_210_210         5031.9          136.1          382.4          -79.6
   90_120_330_240_150_180_240        31391.3         1117.4          382.4          -84.1
    120_120_330_90_150_180_30        16471.1          117.0          382.4          -84.9
     120_0_330_180_150_180_90         5590.2          236.9          382.4          -77.2
    90_120_330_180_150_180_30         2363.8          170.2          382.4          -91.3
    90_120_330_180_270_210_60        25571.1          184.5          382.5          -85.4
    120_0_330_180_150_150_150         5622.4          220.7          382.6          -89.9
    90_120_330_180_150_150_90         2347.6          163.0          382.6          -97.7
   120_330_330_180_150_180_90         5549.6          410.3          382.6          -64.8
    90_120_330_180_120_210_60         4754.3          221.8          382.7          -93.9
    120_270_330_90_150_180_30        22154.9          262.8          382.7          -70.3
    90_120_180_240_180_210_60        33990.2          336.4          382.8          -78.8
  150_330_240_150_120_300_210       143730.7          331.0          382.8          -53.6
   120_120_330_90_120_180_240        48277.9         1155.1          382.8          -82.0
    120_150_330_0_120_180_210         4016.7          248.7          382.8          -77.2
      90_0_300_210_120_180_90       278843.7          187.6          382.9          -62.3
  150_180_300_150_120_180_210         5052.5          212.0          382.9          -67.1
  150_330_240_150_120_210_210       144064.4          446.1          382.9          -57.9
   120_150_330_180_120_180_30         4750.3          249.0          382.9          -77.1
     90_120_330_90_90_210_180        15018.8          216.1          382.9          -72.4
  120_330_330_240_150_180_210         9314.3          436.1          383.0          -72.8
    120_0_330_180_150_180_150         5609.7          215.5          383.0          -78.0
   150_330_330_180_90_210_150         6021.1          601.9          383.0          -63.0
    150_150_330_90_90_210_210        22634.4          163.7          383.0          -70.8
    90_120_330_90_150_180_240        43706.8         1127.3          383.0          -79.8
   120_120_330_90_120_180_210        18755.4          195.8          383.1          -79.6
   150_180_330_180_90_210_210         3421.1          182.3          383.1          -67.4
  180_120_330_180_150_180_240        31832.6         1082.9          383.2          -74.0
   120_120_330_240_120_180_30         6254.7          170.0          383.2          -88.3
   150_330_330_90_150_180_210        16743.4          635.9          383.2          -77.0
     180_120_330_90_90_210_60        14763.3          100.2          383.3          -66.2
  150_330_240_150_120_240_150       143752.5          333.6          383.3          -54.4
  150_150_330_180_120_180_210         4398.8          186.3          383.3          -78.0
     90_120_330_90_120_180_90        16011.2          204.2          383.3          -79.0
     90_0_330_180_120_180_180        49599.2          256.2          383.4          -62.8
    150_180_330_0_270_210_210        23162.3          228.3          383.4          -78.0
  120_330_330_180_150_180_240        35312.8         1403.6          383.4          -74.0
     150_150_330_0_120_180_90         3187.6          152.5          383.4          -72.9
   150_330_240_150_150_240_90       142786.5          319.1          383.4          -67.7
     90_120_330_180_120_180_0         4344.0          212.1          383.4          -86.2
    120_180_330_0_150_180_210         1244.8          332.6          383.5          -84.0
  120_270_330_180_150_180_210         2917.2          242.4          383.5          -71.9
     150_0_300_150_120_180_90       173331.7          240.1          383.5          -88.6
   150_330_300_150_120_180_90       145456.2          477.4          383.6          -66.6
    120_120_330_180_150_150_0         4866.3          110.3          383.6          -95.5
  150_330_330_240_120_180_270        13292.2          717.4          383.6          -72.9
    150_330_330_180_90_210_60         6313.0          591.3          383.7          -71.1
    120_270_330_30_150_180_30        25111.9          541.3          383.7          -77.7
   120_270_330_240_150_180_30         2150.9          234.1          383.7          -74.0
  150_330_330_180_270_210_210        27985.5          689.7          383.7          -72.7
     120_270_330_90_90_210_60        23210.2          238.2          383.8          -63.3
     150_180_330_0_90_210_210         2045.0          159.6          383.8          -66.9
   90_120_330_240_120_180_240        33490.4         1180.3          383.8          -83.2
     120_120_330_0_150_180_30         3643.2          107.8          383.8          -82.0
    90_120_330_90_120_180_180        16072.4          247.1          383.8          -76.8
  150_330_330_180_120_210_210         7168.8          727.1          383.9          -81.2
   90_180_330_180_150_150_180         1910.6          127.6          383.9          -89.1
  120_330_330_180_150_210_210         5752.4          500.9          383.9          -68.7
   120_270_330_180_150_120_30         3187.9          223.9          383.9          -88.8
      90_120_330_0_120_180_60         3166.6          203.1          383.9          -67.8
  150_330_330_180_150_120_150         5373.8          588.5          383.9          -84.9
    150_330_330_0_120_180_210         5819.8          679.5          384.1          -70.9
  120_180_330_180_150_150_180         1987.2          325.1          384.1          -96.8
    120_150_330_90_90_210_210        23215.4          236.3          384.1          -68.9
  150_330_330_180_150_120_210         5428.3          585.6          384.1          -89.9
      90_120_330_0_270_270_60        23171.4          229.2          384.2          -86.1
  120_120_330_180_150_150_240         5858.3          118.7          384.3         -102.9
   150_150_330_180_150_180_30         2179.5          109.5          384.3          -76.8
   120_120_330_180_150_180_60         4821.9          111.5          384.3          -78.7
  120_330_330_240_120_180_210        11413.3          498.9          384.3          -71.9
  150_330_240_150_120_180_270       146569.9          456.1          384.4          -47.6
     90_120_330_0_150_180_240        30878.9         1118.1          384.4          -76.9
   120_180_240_150_120_180_30         5686.1          409.3          384.4          -58.5
  120_150_330_180_120_180_210         4979.8          258.9          384.5          -76.1
        150_150_0_60_0_180_90        57081.6         1653.2          384.5          -64.8
     90_0_330_180_120_180_150        49982.3          256.4          384.5          -63.2
  120_120_330_180_150_150_210         4891.6          124.9          384.5         -100.4
   150_180_330_180_150_120_30         2678.5          126.7          384.5          -82.0
   120_120_330_180_150_150_60         4833.8          115.8          384.5          -91.7
     150_0_330_180_150_180_90         3639.0          205.7          384.6          -82.3
    120_120_330_0_120_180_120         5668.3          143.5          384.6          -72.1
      120_120_330_0_120_180_0         5640.5          143.8          384.7          -74.5
   120_330_330_180_150_210_60         5908.6          445.2          384.8          -75.0
    120_0_300_150_120_180_150       175304.3          252.2          384.8          -84.9
   120_180_300_150_150_180_30         2138.2          392.0          384.8          -70.2
    90_120_330_180_90_210_180         3717.6          219.4          384.8          -77.4
  150_330_240_150_150_180_210       142959.0          336.4          384.9          -55.4
  150_330_330_150_120_180_210       143097.2          700.6          384.9          -61.2
     120_120_330_0_180_210_60         4807.2           83.7          384.9          -85.5
   90_120_330_240_150_150_180         1692.8          165.1          384.9          -95.7
    90_240_300_150_120_180_90         8427.4          420.2          385.0          -66.0
   150_150_270_240_120_180_90        11795.6          436.9          385.0          -48.7
   150_330_270_210_300_180_90        11350.0          482.5          385.0          -60.9
   150_150_330_180_120_180_90         4150.7          162.7          385.0          -71.8
  150_330_300_150_120_180_210       145705.5          506.4          385.1          -69.1
     90_90_270_210_300_210_60        20017.8          282.1          385.1          -70.0
   120_270_330_240_120_180_30         4250.0          297.0          385.1          -73.1
   120_180_300_150_150_120_30         2609.5          374.4          385.2          -88.2
    180_120_330_180_90_210_60         3462.2          103.6          385.2          -71.2
      60_0_300_150_120_180_90       173633.5          267.0          385.2          -72.2
      90_120_330_90_90_210_90        14815.3          151.7          385.2          -78.0
  150_180_330_180_150_150_150         2191.3          144.6          385.2          -76.0
    90_180_330_180_150_180_30         1895.7          128.5          385.2          -72.7
     120_180_330_0_150_120_30         1509.0          310.4          385.2          -94.4
   150_330_330_180_90_150_150         5246.8          592.4          385.2          -65.2
  120_270_300_150_120_180_210        29819.2          407.2          385.3          -66.6
  120_180_330_180_150_210_210         2145.8          383.3          385.3          -86.0
   90_180_330_180_120_180_180         3905.6          203.2          385.3          -75.0
  180_120_330_180_150_180_330         2071.9           97.7          385.5          -78.3
  120_180_330_180_120_180_180         3982.2          400.7          385.5          -82.7
  120_330_330_180_120_180_150         7603.7          492.0          385.5          -69.2
      90_120_330_0_270_240_90        23021.3          158.7          385.6          -84.4
    120_120_330_90_120_180_30        18543.2          188.7          385.6          -82.6
    90_120_330_90_150_150_180        14008.3          175.0          385.6          -91.4
    150_330_330_180_90_210_90         6111.9          608.8          385.6          -67.4
  150_180_330_180_150_180_150         2178.6          139.4          385.6          -64.1
  180_120_330_180_150_180_180         2859.3          128.5          385.6          -76.9
    90_120_330_180_120_180_60         4354.9          225.0          385.6          -77.5
    120_120_330_90_90_210_240        17323.5          140.8          385.6          -77.6
     120_180_330_0_120_120_30         3068.3          337.1          385.7          -73.8
      90_0_330_180_120_180_30        49639.8          279.4          385.8          -64.6
    120_270_330_90_120_180_30        24227.1          334.6          385.9          -68.0
    120_0_330_180_150_180_120         5609.2          218.6          385.9          -71.4
    150_180_330_0_150_180_210         1478.7          157.7          386.0          -74.0
     120_120_330_0_120_210_60         6035.9          161.5          386.0          -83.6
   90_120_330_180_150_180_330         2317.1          141.9          386.0          -87.3
   120_330_330_240_90_210_210         9978.5          458.1          386.0          -66.2
    120_330_330_90_90_210_210        18056.5          497.5          386.1          -62.7
     180_120_330_0_120_180_90         2856.1          142.4          386.1          -65.3
    120_120_180_90_180_210_60         9398.2          197.3          386.1          -89.1
    120_270_330_90_90_210_210        23050.6          296.5          386.1          -60.0
  120_330_240_150_120_180_210       144690.6          238.2          386.1          -45.4
   90_330_330_180_150_180_180         6387.3          676.5          386.2          -62.9
     150_330_0_240_90_210_210        14974.8          398.5          386.2          -47.4
    90_120_330_90_120_180_240        45779.0         1199.1          386.2          -77.5
   150_330_240_150_120_180_30       144249.6          421.9          386.2          -53.6
      60_0_330_180_150_180_90         3940.9          232.7          386.2          -65.9
   150_150_330_180_90_210_210         3415.8          152.8          386.2          -71.6
     150_180_330_0_150_180_30         1254.4          150.5          386.3          -67.0
   150_330_330_90_120_180_210        18815.5          707.6          386.3          -74.7
  120_120_330_180_120_180_120         6856.6          165.4          386.3          -81.8
      90_120_330_0_120_270_60         3103.4          159.4          386.4          -77.2
   150_150_330_120_90_210_210        25858.5          212.8          386.4          -68.6
    120_120_330_180_120_180_0         6828.8          165.7          386.4          -84.2
  120_180_330_180_150_150_150         2009.2          319.6          386.4          -93.5
      90_0_330_180_150_150_90        47619.7          205.0          386.4          -81.2
     90_120_330_90_180_210_60        15208.0          162.4          386.4          -94.7
    90_120_330_240_150_210_60         2030.5          162.5          386.4          -86.8
   150_210_330_180_150_180_90         2285.6          117.7          386.5          -68.9
    120_90_270_210_300_210_60        19575.2          321.7          386.5          -72.0
     90_120_330_90_60_150_180        15564.6          176.7          386.5          -83.6
     90_120_330_90_270_210_60        59451.0          178.9          386.5          -77.6
     120_180_330_0_270_120_30       107399.6          404.5          386.5          -85.0
   120_180_330_240_150_180_30         1678.7          474.1          386.6          -73.6
   120_210_330_180_150_180_30         2418.1          141.9          386.6          -69.6
    120_0_300_150_120_180_120       175306.5          255.5          386.6          -77.0
    120_120_330_0_180_210_210         4653.2          141.6          386.6          -85.9
   120_330_240_150_120_180_30       144884.9          253.4          386.7          -50.1
  150_330_330_180_120_180_240        36674.2         1645.5          386.7          -72.1
  150_330_180_240_180_210_210        39057.9          510.6          386.7          -66.8
    150_330_330_180_150_180_0         4950.9          616.3          386.7          -72.4
   150_330_240_150_120_270_90       143718.6          347.8          386.8          -52.6
  120_180_330_180_150_180_150         1996.4          314.3          386.8          -81.6
   120_150_330_180_150_120_30         3249.1          167.2          386.8          -92.3
    120_330_330_240_90_210_60        10134.6          402.3          386.8          -72.5
      90_180_330_0_120_180_30         2959.4          191.6          386.9          -68.9
   90_180_300_150_120_180_180         4555.8          199.5          386.9          -69.5
   120_330_330_180_150_120_60         6031.1          420.1          386.9          -83.8
  120_120_330_240_150_180_330         4141.8           94.2          386.9          -84.9
     120_330_330_90_90_210_60        18212.6          441.7          386.9          -69.0
    90_330_330_180_150_180_90         6316.9          620.5          386.9          -62.5
  120_150_330_180_150_180_330         2780.5          164.7          387.0          -78.7
     90_120_330_0_150_150_180         1180.4          165.8          387.0          -88.5
      90_120_180_0_180_210_60         7917.2          285.0          387.0          -71.5
     120_0_300_150_150_180_30       172864.9          307.8          387.0          -77.6
    120_150_270_60_120_180_90        26229.1          605.7          387.0          -50.2
      90_120_330_0_120_180_30         3178.4          223.4          387.0          -79.8
  120_180_300_150_120_180_180         4632.4          397.0          387.1          -77.2
     90_120_330_90_150_210_60        14346.0          172.4          387.1          -82.5
     90_120_330_0_180_150_180         2293.8          138.8          387.1          -80.1
     90_120_330_180_90_210_90         3514.2          155.1          387.1          -83.0
  150_330_330_150_150_180_210       141100.2          632.4          387.1          -64.4
  120_330_330_180_150_150_180         5609.2          456.3          387.1          -79.3
      150_150_0_60_150_180_90         8916.0          410.2          387.2          -54.6
    150_180_330_0_120_180_150         3242.3          202.5          387.2          -60.3
       90_0_330_180_90_210_60        49013.4          157.2          387.3          -58.4
     120_0_300_150_150_120_30       173336.2          290.2          387.3          -95.6
  150_330_270_210_300_150_150        12266.1          412.8          387.3          -57.1
   120_150_330_180_90_210_210         3996.8          225.4          387.3          -69.7
    150_330_330_90_150_180_90        16498.4          612.3          387.4          -73.3
    120_90_330_180_150_180_30         5770.1          227.9          387.5          -68.8
   120_150_330_120_90_210_210        26439.5          285.4          387.5          -66.7
   120_120_330_180_270_210_60        28041.0          146.1          387.5          -84.8
   120_120_330_90_150_180_330        16457.3          104.1          387.5          -80.6
   120_120_330_180_90_210_240         6022.3          144.1          387.6          -82.6
   150_330_330_180_30_150_150       611718.6          607.8          387.6          -76.3
     90_120_180_90_180_210_90         6701.7          251.9          387.6          -95.0
    120_120_330_90_90_210_330        17313.1          116.3          387.6          -74.1
  150_330_330_240_150_210_210         8644.5          664.2          387.6          -80.7
  150_330_240_150_150_180_150       142735.3          316.7          387.6          -51.7
   120_150_330_120_120_180_30        27906.8          321.9          387.6          -72.2
   120_150_330_240_150_180_30         2323.1          182.2          387.6          -80.0
    120_0_330_180_150_180_210         5820.7          246.7          387.6          -73.2
    150_330_0_240_150_180_150         6145.0          338.9          387.6          -48.3
   120_120_330_180_120_210_60         7224.2          183.4          387.6          -93.3
  150_330_330_180_150_210_150         4979.8          628.1          387.7          -71.6
  150_330_300_150_120_180_150       145478.2          486.9          387.7          -66.1
   90_120_330_180_150_150_240         3359.4          162.7          387.7          -98.4
    120_120_330_0_120_210_210         5881.9          219.4          387.7          -84.0
  120_120_330_180_150_120_240         5456.3          109.1          387.7         -105.0
   120_120_180_240_180_210_60        36460.1          298.0          387.7          -78.2
    180_120_330_0_120_180_240        32647.2         1136.1          387.7          -62.5
  150_180_330_180_150_210_210         2379.8          208.5          387.8          -76.0
     150_330_0_240_150_180_90         6125.5          334.1          387.8          -49.5
   180_120_330_180_120_180_90         4044.4          164.3          387.8          -75.0
  150_330_330_180_300_150_150      8761207.1          665.5          387.8          -73.7
     90_330_330_180_90_210_60         7759.7          633.7          387.9          -60.7
   120_180_300_150_120_120_30         4631.4          338.8          387.9          -74.9
   150_150_270_210_300_240_90        14749.0          492.8          387.9          -51.3
  120_180_300_150_120_210_210         4845.9          433.6          387.9          -83.0
   120_180_330_240_120_180_30         3777.8          537.0          388.0          -72.7
  150_330_240_150_150_210_210       142919.5          393.4          388.0          -53.6
   120_150_270_210_120_180_90        19419.6          484.6          388.0          -45.5
  150_330_330_180_120_150_150         6854.2          617.2          388.0          -71.6
   120_120_330_240_150_180_90         4136.0           88.7          388.0          -81.6
  120_180_330_180_150_180_240        32252.2         1293.6          388.0          -81.9
   120_180_330_180_150_150_30         1978.5          323.3          388.0          -88.4
   150_180_300_150_120_180_30         4834.1          209.2          388.0          -61.3
     90_120_330_0_270_210_180        23209.8          255.6          388.0          -80.3
  150_330_330_180_150_180_120         4949.7          587.5          388.0          -67.4
    90_120_330_180_120_270_60         4291.7          181.3          388.0          -86.9
  150_150_330_120_120_180_210        27555.2          259.1          388.1          -73.1
  150_150_330_240_150_180_210         1971.6          119.5          388.1          -80.9
      150_150_0_60_120_180_90       281215.7          442.1          388.1          -57.7
   120_150_330_120_150_180_30        25829.6          246.2          388.1          -74.5
     90_0_300_150_150_180_150       215225.3          234.3          388.1          -66.8
   120_150_330_180_150_180_90         2749.5          160.9          388.2          -71.9
   150_330_330_90_150_150_150        16531.3          624.8          388.2          -84.1
  120_330_330_180_150_150_210         5638.6          450.4          388.2          -80.4
      90_0_300_150_120_210_90       217486.3          236.5          388.2          -86.9
   90_120_330_180_150_120_180         2782.7          153.6          388.2          -99.7
  120_120_330_240_120_180_330         6240.8          157.0          388.3          -84.0
   150_240_300_150_150_180_90         5998.9          376.3          388.3          -64.5
  120_330_330_180_120_180_270        10316.3          562.5          388.3          -64.4
     150_330_330_0_120_180_90         5574.9          656.0          388.3          -67.2
   150_330_330_180_150_210_60         5271.6          617.4          388.3          -79.7
    120_120_330_0_270_180_240        55373.2         1143.3          388.3          -82.9
    90_120_330_240_180_210_60         2146.6          201.9          388.3          -96.6
     180_120_330_0_270_210_60        22954.3          139.7          388.4          -74.1
      90_120_180_90_90_210_60         3726.9          157.9          388.4          -75.4
       150_150_0_60_0_210_210        57886.8         1781.3          388.4          -61.3
   120_270_300_150_150_180_30        27145.3          416.0          388.4          -66.2
    120_180_330_0_120_180_150         3060.1          377.4          388.4          -77.8
      90_120_330_0_90_210_180         2092.4          186.8          388.4          -69.2
   150_180_330_180_150_180_90         2178.5          131.7          388.5          -67.5
    90_120_270_210_300_210_60         9985.1          310.0          388.5          -68.5
  120_270_300_150_120_180_240        59349.6         1373.3          388.5          -70.3
  120_180_300_150_150_180_210         2369.9          403.2          388.5          -72.0
      90_120_330_0_150_210_60         1518.1          163.2          388.5          -79.6
  120_330_330_180_120_180_180         7604.1          531.8          388.5          -65.2
  150_150_330_120_150_180_210        25478.0          183.4          388.5          -75.4
    90_120_330_240_150_120_60         2153.0          137.4          388.5          -95.6
   150_330_330_90_150_180_150        16518.6          619.6          388.6          -72.2
    120_120_330_90_150_180_90        16451.5           98.6          388.6          -77.3
     90_90_270_210_120_180_90        24070.5          171.3          388.6          -62.7
    120_120_330_0_270_180_210        25850.7          184.0          388.6          -80.5
    90_120_270_210_120_180_90        14024.2          194.7          388.7          -66.3
  120_120_330_180_150_150_120         4872.6          115.5          388.7          -99.9
     90_0_300_150_150_180_180       214846.3          237.2          388.7          -65.8
   150_330_180_240_180_210_90        39010.8          473.9          388.7          -70.4
     120_0_330_180_120_180_90         7593.1          312.0          388.7          -75.4
    120_180_330_0_180_210_210         2042.7          359.4          388.7          -90.9
   150_330_240_150_120_210_90       144020.0          409.6          388.7          -59.8
     150_0_330_180_150_180_30         3693.5          225.2          388.7          -77.7
   120_270_300_150_150_120_30        27616.5          398.3          388.7          -84.2
    90_120_330_180_120_180_30         4366.7          245.3          388.7          -89.5
      180_120_330_0_90_210_60         1837.0           71.0          388.8          -63.0
   150_150_270_60_120_180_210        25889.1          568.5          388.8          -56.9
     90_120_330_0_270_240_180        23080.5          195.6          388.8          -77.6
      150_330_0_240_0_180_150        23764.8         1570.5          388.9          -59.2
    120_150_330_90_150_180_30        22321.2          204.5          388.9          -76.7
  120_120_330_240_150_180_180         4178.3          121.9          388.9          -81.2
      90_120_330_0_270_180_90        23106.6          192.5          388.9          -79.9
     120_120_330_0_120_180_60         5636.5          164.7          388.9          -67.2
        120_150_0_60_0_180_30        57686.0         1744.9          388.9          -70.1
   120_330_330_180_120_180_90         7552.6          485.5          388.9          -63.0
    120_120_330_0_150_180_330         3629.4           94.9          388.9          -77.7
      90_0_300_150_120_180_30       217339.8          248.5          389.0          -72.7
     150_150_330_0_120_180_30         3219.4          174.5          389.0          -76.1
   120_330_240_150_120_180_90       144455.3          205.0          389.0          -44.0
       150_330_0_240_0_180_90        23745.3         1565.7          389.0          -60.4
   120_150_330_240_120_180_30         4422.1          245.0          389.0          -79.1
     90_120_330_90_90_210_240        14824.5          184.7          389.0          -73.1
    150_330_330_90_60_150_150        18087.6          626.5          389.1          -76.3
    180_120_330_180_150_180_0         2073.7          103.0          389.1          -79.1
   150_330_330_150_120_180_90       142852.3          677.1          389.1          -57.5
    120_120_330_0_270_270_330        25614.9          186.1          389.1          -89.2
  120_150_330_120_120_180_210        28136.3          331.8          389.2          -71.2
  120_150_330_240_150_180_210         2552.6          192.1          389.2          -79.0
     120_120_330_0_270_270_60        25641.2          190.7          389.2          -85.5
    150_330_0_240_120_180_150       278481.0          359.0          389.2          -52.8
     90_120_330_90_150_120_60        14468.5          147.3          389.2          -91.3
   150_330_240_180_150_180_90         3022.4          333.8          389.2          -55.3
    90_120_180_240_180_210_90        33763.6          352.6          389.2          -84.1
  120_120_330_180_270_210_210        27887.0          204.0          389.2          -85.2
     90_90_270_210_270_210_60       131861.3          146.4          389.3          -66.3
    120_0_330_180_120_180_150         7612.6          290.6          389.3          -76.2
    150_330_330_90_150_180_30        16948.3          656.7          389.3          -76.5
   150_150_330_90_150_180_210        21969.7          141.8          389.3          -77.6
   150_150_300_150_120_180_90         4501.1          167.5          389.3          -60.2
    150_0_330_180_150_150_150         3640.2          190.2          389.3          -87.7
  150_330_330_240_180_150_150         8864.1          638.8          389.3          -82.3
     150_330_0_240_120_180_90       278461.5          354.2          389.3          -54.0
   120_120_330_240_120_180_90         6235.0          151.5          389.4          -80.7
     90_120_330_0_270_180_180        23167.7          235.3          389.4          -77.7
  120_120_330_180_120_210_210         7070.2          241.3          389.4          -93.7
  180_120_330_180_120_180_240        33835.5         1158.0          389.4          -72.2
    120_0_330_180_150_180_180         5612.8          250.2          389.4          -72.4
  150_150_330_240_120_180_210         4070.6          182.3          389.4          -80.0
  120_330_330_180_150_150_270         8612.2         2580.2          389.4          -78.4
     120_0_300_150_150_180_90       172834.1          287.5          389.5          -78.4
     90_120_330_90_90_150_180        13986.5          165.3          389.5          -75.1
  150_330_330_240_180_210_210         8760.7          703.7          389.5          -90.5
        120_180_0_60_0_180_30        63271.0         1897.9          389.5          -91.0
   120_120_330_180_90_210_330         6012.0          119.7          389.5          -79.1
   90_120_330_180_150_210_180         2676.3          245.6          389.5          -86.0
    150_330_330_0_120_180_150         5595.0          663.2          389.5          -66.1
   120_120_330_90_150_180_180        16493.8          131.8          389.5          -76.9
       120_150_0_60_0_210_210        58467.8         1853.9          389.5          -59.4
    150_150_330_0_270_210_210        23133.2          200.7          389.5          -85.3
    60_240_300_150_120_180_90         8419.6          455.4          389.5          -57.4
  120_180_330_180_150_150_210         2032.0          332.8          389.5          -97.7
      90_0_270_210_120_180_90        72220.8          172.8          389.6          -55.7
      90_0_300_150_120_210_60       217716.9          201.7          389.6          -78.8
   120_120_180_90_180_210_210         9248.0          256.6          389.6          -88.3
    120_180_330_0_120_180_240        33315.9         1356.7          389.6          -78.1
  120_120_330_180_150_120_210         5329.7           99.8          389.6         -102.4
  180_120_330_180_150_180_120         2130.9          100.0          389.6          -73.1
  120_330_330_180_120_180_240        37315.7         1478.7          389.6          -72.2
  150_330_330_240_150_150_270        11492.1         2747.5          389.7          -86.0
  120_150_330_120_150_180_210        26059.1          256.1          389.7          -73.5
   150_270_300_150_120_180_90        29092.3          279.6          389.7          -56.7
   120_270_300_150_120_210_60        30005.1          395.1          389.7          -77.0
  120_180_240_150_120_180_210         5921.0          422.1          389.7          -60.3
    120_330_330_90_150_180_30        17583.5          488.1          389.7          -73.0
  150_330_270_240_120_180_210        11977.1          390.2          389.7          -56.4
       150_150_0_60_0_180_210        57334.3         1682.0          389.7          -70.1
   150_330_330_240_90_210_150         9205.9          585.3          389.7          -69.1
      90_0_330_180_150_120_30        48138.6          197.6          389.7          -79.8
    150_0_330_180_150_180_150         3627.5          185.0          389.7          -75.8
  120_270_330_180_120_180_210         4920.1          317.5          389.7          -70.1
  150_150_270_210_120_180_210        19079.7          447.5          389.7          -52.2
   150_150_330_120_120_180_90        27307.2          235.6          389.8          -66.9
   150_150_330_240_150_180_90         1723.5           95.9          389.8          -74.7
    120_180_330_0_120_210_210         3271.3          437.1          389.8          -89.0
      90_120_180_0_270_240_90       169358.5          272.3          389.8          -79.0
   150_330_240_180_120_180_90         4111.5          402.8          389.8          -54.2
    150_330_330_90_90_210_150        17283.8          624.6          389.8          -65.6
   180_120_330_180_150_210_60         2420.9          129.8          389.8          -79.8
    120_180_330_180_90_210_60         3355.2          313.4          389.8          -74.0
   120_150_270_60_120_180_210        26470.1          641.1          389.9          -55.0
    120_120_330_90_90_210_120        17379.3          142.9          389.9          -70.9
     150_150_330_0_90_210_210         2015.8          131.9          389.9          -74.2
      120_0_330_90_150_180_30        24508.5          288.1          390.0          -72.8
     90_0_300_150_120_180_240       247003.4         1173.9          390.0          -67.2
     120_120_330_0_150_180_90         3623.6           89.4          390.0          -74.4
     90_120_330_240_150_180_0         1682.0          143.5          390.1          -85.9
   150_330_330_240_150_120_30         9372.5          610.5          390.1          -93.2
     120_0_300_150_120_120_30       175358.1          254.6          390.1          -82.3
    180_120_330_0_120_180_330         2886.5          150.9          390.1          -66.8
     120_180_330_0_270_210_60        23096.4          359.4          390.1          -84.6
     150_180_330_0_120_180_90         3242.2          194.8          390.1          -63.7
    120_330_330_180_150_180_0         5625.8          448.0          390.1          -67.0
   150_270_330_180_150_180_30         2218.9          140.1          390.1          -64.1
    120_180_330_90_150_180_30        15622.2          351.3          390.1          -78.8
  150_330_240_150_120_300_150       143725.2          341.2          390.1          -49.8
  150_330_330_180_120_300_210         6845.2          617.9          390.2          -77.9
     90_120_240_60_120_180_90         5866.5         1256.5          390.2          -70.6
    120_0_300_150_120_180_240       205025.3         1242.6          390.2          -81.7
  180_120_330_180_150_150_330         2186.6          123.9          390.2          -90.9
     150_330_330_0_120_180_30         6024.7          700.3          390.2          -70.4
  150_180_330_180_150_180_300         2290.6          213.6          390.2          -59.2
    180_120_330_0_120_180_180         3673.9          181.7          390.2          -65.4
  150_330_270_210_120_180_210        15866.6          382.7          390.2          -54.9
   150_150_330_120_150_180_90        25230.0          159.9          390.2          -69.2
    150_330_330_180_150_150_0         4991.3          636.0          390.2          -81.9
   150_330_330_180_150_210_90         5070.6          635.0          390.2          -76.0
  120_120_330_240_120_180_180         6277.3          184.7          390.3          -80.3
    120_270_330_180_90_210_60         4096.7          225.7          390.3          -67.0
      90_120_330_0_270_210_90        23006.3          191.2          390.3          -85.9
  150_330_330_150_120_180_150       142872.4          684.3          390.3          -56.4
   90_330_330_180_150_150_150         6785.8          676.8          390.3          -73.6
   120_180_330_180_120_120_30         4007.6          349.2          390.3          -75.8
     120_270_330_0_120_180_30         5372.1          310.1          390.3          -66.1
   120_270_300_150_120_180_90        29593.5          379.1          390.4          -64.2
   150_330_330_180_150_240_90         4984.9          608.8          390.4          -85.5
      150_330_0_240_0_210_210        24547.3         1693.7          390.4          -54.4
   90_120_330_180_150_180_210         2560.8          171.5          390.4          -90.7
    150_330_330_240_90_210_60         9497.7          574.6          390.4          -77.2
   120_150_330_90_150_180_210        22550.7          214.4          390.4          -75.7
   150_330_330_180_150_120_60         5394.1          592.3          390.4          -88.5
  150_330_330_180_150_180_180         4967.9          636.8          390.4          -71.2
  150_180_300_150_120_210_210         5079.8          258.7          390.4          -73.0
     150_330_330_90_90_210_60        17575.6          613.9          390.5          -73.7
    150_330_0_240_150_180_210         6375.0          362.8          390.5          -52.3
      120_180_330_0_90_210_60         1979.1          290.7          390.5          -73.5
   120_330_330_240_150_120_30        10007.7          441.9          390.5          -89.7
  180_120_330_180_150_150_180         2867.3          128.1          390.5          -89.2
     120_180_330_0_120_300_30         2966.9          325.6          390.5          -80.0
     90_120_330_0_120_180_330         3131.7          195.1          390.5          -75.8
  120_150_330_240_120_180_210         4651.6          254.9          390.6          -78.1
    150_330_330_90_120_180_90        18570.6          684.1          390.6          -71.0
        150_150_0_60_0_300_90        57021.3         1658.3          390.6          -59.4
   150_150_330_180_120_180_30         4182.4          184.6          390.6          -75.0
  120_120_330_180_150_120_120         5331.0          117.5          390.6          -97.5
      90_120_330_0_150_120_60         1640.6          138.1          390.6          -88.4
   120_330_330_180_150_180_60         5571.0          439.1          390.6          -65.4
   120_120_330_180_120_180_60         6824.8          186.6          390.6          -76.9
    120_150_330_0_270_210_210        23714.2          273.3          390.6          -83.4
     120_330_330_0_120_180_30         6659.9          531.7          390.6          -66.9
    120_90_270_210_270_210_60       131418.7          186.0          390.6          -68.3
   150_330_240_300_120_180_90         3634.3          395.8          390.6          -49.5
   90_120_330_180_150_150_330         2431.8          168.1          390.7          -99.9
    120_180_300_150_60_120_30        74339.5          352.8          390.7          -71.1
     90_120_330_0_270_150_180        23602.1          195.1          390.7          -85.5
   120_120_330_90_120_180_330        18529.4          175.8          390.7          -78.3
      90_120_330_90_150_180_0        13997.5          153.4          390.7          -81.6
    90_120_330_240_120_210_60         4191.4          216.1          390.7          -92.7
       90_120_330_0_90_210_90         1889.0          122.5          390.7          -74.8
   90_330_330_180_150_180_150         6773.1          671.6          390.7          -61.7
    120_180_330_0_270_180_210        23240.2          401.8          390.7          -85.5
  120_180_330_180_150_180_300         2055.9          387.7          390.7          -71.2
    120_120_330_0_270_210_240        25514.5          180.3          390.8          -85.5
   120_330_240_150_120_240_90       144475.2          170.2          390.8          -49.0
  150_330_270_240_120_180_150        11750.6          368.6          390.8          -52.7
   120_330_330_180_150_150_60         5583.0          443.5          390.8          -78.4
       120_150_0_60_0_180_210        57915.3         1754.6          390.8          -68.2
     150_330_0_240_90_210_150        14845.5          357.9          390.8          -43.6
  120_150_270_210_120_180_210        19660.7          520.1          390.9          -50.3
     150_0_330_180_120_180_90         5641.9          280.8          390.9          -80.5
    90_120_270_240_120_180_90         6906.3          228.0          390.9          -67.8
  150_150_330_180_150_210_210         2374.5          179.0          390.9          -80.2
       90_0_330_180_90_210_90        48786.3          197.1          390.9          -66.5
    120_120_330_0_150_180_180         3665.9          122.6          390.9          -74.0
   150_330_270_210_300_240_90        11539.0          428.0          390.9          -56.5
    90_120_330_180_90_210_240         3523.4          188.1          390.9          -78.1
     30_120_330_180_150_180_0         2185.8          193.1          391.0          -87.0
       90_0_330_90_150_180_90        66452.5          198.8          391.0          -67.6
  150_180_300_150_150_180_210         2603.8          228.3          391.0          -62.0
   150_150_270_210_300_150_90        15496.0          504.6          391.0          -51.2
  120_180_300_150_120_180_240        34896.6         1361.2          391.0          -74.6
    150_150_330_90_150_180_90        21721.7          118.3          391.0          -71.4
   150_330_330_150_120_180_30       143302.1          721.4          391.0          -60.7
  120_180_330_180_150_180_120         2260.4          310.6          391.0          -78.0
   120_120_330_180_150_150_90         4860.0          129.1          391.0          -93.7
     120_150_330_0_90_210_210         2596.8          204.5          391.0          -72.3
     90_180_330_0_150_180_180          980.2          145.1          391.0          -75.2
      90_120_330_0_120_120_60         3199.9          164.8          391.0          -67.8
   90_330_330_180_150_150_180         6395.3          676.1          391.1          -75.2
  150_270_330_180_150_180_210         2436.7          143.6          391.1          -64.6
   90_120_330_180_150_120_240         2957.4          153.1          391.1         -100.5
     120_120_330_0_270_180_30        25638.6          177.0          391.1          -83.5
   150_150_330_240_90_210_210         2635.8          141.5          391.1          -74.3
      30_120_330_90_90_210_60        14937.0          174.9          391.1          -74.1
   150_150_330_240_120_180_90         3822.5          158.7          391.1          -73.8
     120_120_330_0_90_210_240         4397.1          111.5          391.2          -74.4
  120_120_180_240_180_210_210        36309.9          357.3          391.2          -77.4
    150_180_330_0_180_210_210         2276.6          184.5          391.2          -80.9
    120_180_330_0_150_180_180         1056.8          342.6          391.2          -82.9
      90_120_330_0_240_210_60         4183.0          191.0          391.3          -72.1
   120_180_330_150_120_180_30         2841.5          405.9          391.3          -54.5
    120_120_330_0_120_270_330         5547.0          116.4          391.3          -80.3
  150_330_270_210_120_180_150        15640.1          361.1          391.3          -51.2
     90_0_330_180_150_180_240        77313.3         1137.8          391.3          -60.9
     120_120_330_0_120_270_60         5573.3          121.0          391.3          -76.6
   150_330_330_150_150_180_90       140855.3          608.9          391.3          -60.7
      30_0_330_180_150_180_30         4161.7          334.4          391.4          -57.0
    90_120_330_180_90_150_180         2685.4          168.7          391.4          -80.1
    120_120_330_90_180_210_60        17677.9          124.0          391.4          -94.1
   120_120_330_240_150_210_60         4500.4          124.1          391.4          -86.2
   120_150_270_210_300_180_90        15161.7          620.6          391.4          -54.0
   120_330_330_150_120_180_30       143937.3          552.8          391.4          -57.2
     90_120_330_240_120_180_0         3781.0          206.3          391.4          -85.0
   120_270_300_150_120_120_30        29638.4          362.7          391.5          -70.9
    120_0_330_180_150_180_240        35335.3         1206.6          391.5          -75.4
    120_120_330_90_270_210_60        61920.9          140.5          391.5          -77.0
    90_180_330_180_120_180_30         3898.7          203.7          391.5          -70.9
     120_180_330_0_180_180_30         1977.4          317.8          391.5          -86.4
    150_150_270_60_300_180_90        25852.8          678.0          391.6          -57.3
    150_0_300_150_120_180_150       173322.1          221.7          391.6          -82.7
   150_330_240_180_120_240_90         4131.3          367.9          391.6          -59.2
  120_120_330_240_150_150_330         4256.5          120.4          391.6          -97.5
    90_210_330_180_150_180_90         2571.2          156.5          391.6          -58.4
     150_0_300_150_150_180_90       170883.0          256.4          391.6          -83.5
    90_120_330_240_90_210_180         2702.8          206.3          391.6          -76.9
    120_150_330_0_120_180_330         3820.3          229.6          391.6          -78.0
     60_0_330_180_150_150_150         4023.8          194.8          391.6          -73.1
   150_330_330_90_150_180_270        19270.7          694.1          391.7          -70.5
  120_150_330_180_150_150_330         2895.1          190.8          391.7          -91.3
  120_330_330_240_150_150_150         9154.0          425.1          391.7          -87.4
      120_150_0_60_150_180_30         9520.4          501.9          391.7          -59.9
   150_330_300_150_150_180_90       143007.5          493.7          391.7          -61.5
     120_150_330_0_150_180_30         1801.1          192.8          391.7          -80.4
   150_180_300_150_120_180_90         4825.6          197.7          391.7          -60.2
      150_330_0_240_0_180_210        23994.8         1594.4          391.7          -63.2
     90_120_330_0_270_180_240        52874.3         1187.3          391.7          -78.4
   150_330_330_90_120_180_150        18590.7          691.3          391.7          -69.9
  150_180_300_150_120_180_150         4827.5          207.6          391.7          -57.4
    120_120_330_90_90_210_180        17512.3          172.5          391.8          -70.2
    90_120_330_180_150_210_90         2472.9          181.3          391.8          -91.6
    120_120_330_90_120_180_90        18523.6          170.3          391.8          -75.0
  180_120_330_180_120_180_330         4074.8          172.8          391.8          -76.5
   180_120_330_180_150_180_30         2101.1          129.2          391.8          -82.5
   120_120_330_180_90_210_120         6078.1          146.2          391.8          -75.9
    150_180_330_0_120_180_300         3354.2          276.6          391.8          -55.4
  150_330_330_240_120_210_210        10805.4          717.8          391.8          -86.6
  150_330_330_240_150_150_210         8530.7          613.7          391.8          -92.4
     90_120_180_90_270_240_90       191727.0          195.8          391.9          -83.0
    150_330_330_0_270_210_210        25517.3          704.1          391.9          -77.1
    90_120_330_180_150_240_90         2387.1          155.0          391.9         -101.1
  150_180_330_180_120_180_150         4181.5          214.5          391.9          -62.3
  180_120_330_180_120_180_180         4862.2          203.6          391.9          -75.1
      90_120_330_90_60_270_60        15505.6          154.0          391.9          -81.6
      90_120_330_0_270_120_60       107531.2          232.2          391.9          -79.0
   180_120_330_180_150_120_60         2543.4          104.7          391.9          -88.6
   150_150_270_210_270_240_90       126418.6          380.3          391.9          -48.5
    180_120_330_240_90_210_60         2447.4           90.5          391.9          -70.7
  120_330_240_150_120_300_210       144379.2          170.8          392.0          -46.1
   150_330_330_180_150_150_30         5379.1          637.5          392.0          -81.1
      90_0_330_180_150_210_60        47972.1          183.4          392.0          -67.0
   150_330_330_240_90_150_150         8431.5          575.7          392.0          -71.3
     120_120_180_0_180_210_60        10387.1          246.6          392.0          -70.9
   120_120_330_240_150_120_30         4657.4          100.5          392.0         -102.6
     90_120_240_60_120_240_90         5886.4         1221.7          392.0          -75.6
  120_150_330_180_150_210_210         2955.5          251.6          392.0          -78.3
    120_150_330_90_120_180_30        24393.4          276.3          392.0          -74.4
    150_330_0_240_120_180_210       278711.0          382.9          392.0          -56.8
  150_180_330_180_150_150_210         2266.0          158.0          392.0          -87.7
     90_120_330_90_240_210_60        17810.0          535.4          392.0          -76.0
     60_0_330_180_150_180_150         4011.1          189.6          392.0          -61.2
    150_330_330_90_90_150_150        16509.5          615.1          392.1          -67.8
      90_120_180_0_270_210_60       169559.5          288.3          392.1          -70.8
    120_120_330_90_150_210_60        16815.9          134.0          392.1          -81.9
  120_330_330_240_150_180_150         9141.3          419.9          392.1          -75.5
     90_90_270_210_300_180_90        19812.6          307.3          392.1          -71.2
     120_180_330_0_240_180_30         3569.1          365.6          392.1          -76.7
    90_120_270_210_300_180_90         9766.2          330.6          392.1          -74.8
  150_330_330_150_150_150_150       140888.1          621.3          392.1          -71.5
       90_120_330_0_150_180_0         1169.6          144.2          392.1          -78.7
    150_150_330_0_150_180_210         1449.6          130.1          392.1          -81.3
      120_30_30_60_150_180_30       134394.1          217.8          392.1          -56.6
  120_330_240_150_120_210_210       144712.9          285.9          392.1          -50.4
    120_0_330_180_120_180_120         7612.1          293.7          392.1          -69.6
  150_180_240_150_120_180_210         6154.9          247.2          392.2          -50.3
  120_150_330_180_150_180_240        32525.4         1164.9          392.2          -81.7
   120_150_330_240_90_210_210         3216.8          214.1          392.2          -72.4
  120_120_330_180_150_210_240         4981.0          170.3          392.2          -91.2
   120_120_330_90_150_150_330        16572.0          130.3          392.2          -93.2
      120_180_0_60_150_180_30        15105.5          655.0          392.2          -80.8
   90_120_330_180_120_180_330         4320.0          217.0          392.2          -85.5
    120_180_330_90_90_210_210        16524.4          388.7          392.2          -75.0
    150_150_270_60_150_180_90        23104.2          555.0          392.3          -47.3
    150_180_330_0_120_210_210         3505.3          262.3          392.3          -79.0
     150_330_330_0_90_210_210         4399.9          635.3          392.3          -66.0
    90_120_330_240_150_180_60         1693.0          156.5          392.3          -77.2
    120_0_300_150_120_180_210       175517.7          286.5          392.3          -78.3
  150_330_240_150_150_180_270       145486.8          394.1          392.3          -50.1
    150_330_330_240_90_210_90         9296.7          592.2          392.3          -73.5
        90_0_330_90_90_210_60        67555.9          178.2          392.3          -56.2
   120_180_240_150_150_180_30         4602.9          347.2          392.4          -61.0
    120_180_330_0_120_180_300         3119.6          450.8          392.4          -67.4
   120_330_330_90_150_180_210        17391.8          475.6          392.4          -69.5
     120_0_300_210_120_180_30       236909.9          286.7          392.4          -67.5
     150_330_330_90_90_210_90        17374.6          631.5          392.4          -70.0
   120_330_330_180_150_150_30         6014.3          468.9          392.4          -77.6
     90_120_270_60_120_180_90        15491.6          319.2          392.4          -77.3
     90_120_330_0_120_150_180         3104.4          171.5          392.4          -76.8
    150_330_330_90_120_180_30        19020.4          728.4          392.4          -74.2
   120_270_330_90_150_180_210        22386.0          274.7          392.4          -66.8
   150_330_240_300_120_240_90         3654.2          361.0          392.4          -54.5
   90_330_330_180_120_180_180         8390.2          751.6          392.4          -61.1
   150_150_330_90_120_180_210        24041.9          213.6          392.5          -75.3
      60_0_330_180_150_180_30         4081.5          260.9          392.5          -63.4
     150_150_0_60_150_180_210         9168.7          439.0          392.5          -59.9
      90_120_330_0_60_150_180         3347.9          149.4          392.5          -76.6
    90_120_330_240_150_150_60         1704.9          160.8          392.5          -90.2
      60_0_330_180_120_180_90         5943.8          307.8          392.5          -64.1
  150_330_330_150_150_180_150       140875.4          616.1          392.5          -59.6
    90_330_330_180_150_210_60         6718.3          659.8          392.5          -69.3
      120_150_0_60_120_180_30       281820.1          533.8          392.5          -63.0
    150_330_330_0_120_180_270         8347.1          737.7          392.6          -64.4
   30_120_330_180_150_180_210         2561.3          296.2          392.6          -83.1
  120_330_240_150_120_180_150       144518.7          218.6          392.6          -49.2
  150_330_300_150_120_210_210       145732.8          553.1          392.6          -75.0
    180_120_330_180_150_150_0         2114.1          122.7          392.6          -88.6
    120_120_330_90_150_120_30        16972.8          110.3          392.6          -98.3
    120_180_330_0_120_180_120         3324.1          373.7          392.6          -74.2
  150_120_330_180_150_180_210         3118.7          225.7          392.6          -80.5
    90_120_270_210_270_210_60       121828.6          174.3          392.6          -64.8
  120_270_330_180_150_180_240        32454.6         1212.3          392.6          -74.4
   120_270_330_180_90_210_210         3937.2          284.1          392.6          -63.7
    90_120_330_180_150_120_30         2865.5          163.5          392.6         -104.7
  150_330_240_150_120_180_240       173584.4         1371.6          392.6          -52.2
   180_180_330_180_150_180_30         2588.6          122.0          392.6          -67.4
   120_120_330_90_120_180_180        18565.9          203.5          392.7          -74.6
    120_120_330_0_270_210_330        25504.2          155.9          392.7          -82.0
      90_270_330_90_90_210_60        23966.2          271.9          392.7          -50.5
   150_210_330_180_120_180_90         4288.5          192.8          392.7          -67.1
    90_120_330_180_120_120_60         4388.2          186.7          392.7          -77.5
  120_270_300_150_120_210_210        29846.5          453.9          392.8          -72.5
     120_150_330_0_120_180_90         3789.4          225.9          392.8          -71.2
      120_0_300_150_60_120_30       245066.2          268.6          392.8          -78.5
    120_330_330_90_120_180_30        19655.6          559.8          392.9          -70.7
  150_270_300_150_120_180_210        29338.7          308.4          392.9          -59.3
   120_210_330_180_120_180_30         4421.1          217.1          392.9          -67.8
   150_150_270_300_120_180_90        17519.8          440.9          392.9          -50.0
    120_0_300_150_150_180_150       172855.6          268.5          392.9          -79.8
    120_270_330_90_150_120_30        22656.7          256.2          392.9          -83.7
      90_120_330_90_90_240_90        14005.4          149.8          392.9          -84.8
     90_120_330_90_150_180_60        14008.5          166.4          392.9          -72.9
   150_330_330_180_90_210_270         6101.3          613.7          392.9          -61.4
  120_330_330_180_270_210_210        28634.0          529.5          392.9          -65.2
  120_180_300_150_120_180_150         4645.4          382.6          392.9          -74.9
  120_120_330_180_120_270_330         6735.3          138.3          393.0          -90.0
  120_120_330_240_150_180_120         4194.6           96.8          393.0          -81.5
    120_0_300_150_120_180_180       175311.6          290.1          393.0          -78.7
   150_120_330_180_150_180_90         2866.2          199.5          393.0          -75.7
      90_0_270_210_300_180_90        67962.9          308.8          393.0          -64.2
    150_330_330_180_120_180_0         6953.8          691.4          393.0          -70.6
   120_120_330_180_120_270_60         6761.6          142.9          393.0          -86.3
    120_120_330_240_150_180_0         4166.9           97.2          393.0          -83.9
     30_120_330_180_90_210_60         3635.9          178.3          393.0          -79.1
    90_240_300_150_150_180_90         5978.7          436.5          393.0          -60.9
  120_330_330_180_120_210_210         7817.2          566.8          393.1          -73.7
  120_180_330_180_120_180_150         3999.4          389.5          393.1          -79.8
     120_120_330_0_90_210_330         4386.8           87.1          393.1          -70.9
     90_120_330_90_120_210_60        16480.0          234.9          393.1          -87.0
      120_180_0_60_120_180_30       287405.2          686.9          393.1          -83.9
   120_120_330_90_180_210_210        17523.9          181.9          393.1          -94.5
     90_120_330_90_150_150_60        14020.4          170.7          393.1          -85.9
    120_120_330_90_60_150_330        18128.3          132.0          393.1          -85.4
      120_0_330_90_120_180_30        26580.6          359.8          393.1          -70.5
  120_120_330_240_150_210_210         4346.4          182.0          393.1          -86.6
  150_330_300_150_150_180_210       143256.8          522.7          393.2          -64.0
  120_180_300_150_150_210_210         2335.3          459.1          393.2          -71.1
      120_330_0_240_90_210_60        15776.8          179.6          393.2          -47.1
   120_180_240_150_120_300_30         5631.3          355.0          393.2          -56.5
  150_330_240_150_120_210_150       143941.4          409.7          393.2          -54.4
  150_150_270_210_300_180_210        14821.8          583.5          393.2          -60.7
   150_330_330_150_150_180_30       141305.1          653.2          393.2          -63.9
    120_150_330_0_150_180_210         2030.6          202.7          393.2          -79.4
    150_180_330_0_270_180_210        23474.1          226.9          393.2          -75.5
   120_120_330_90_270_210_210        61766.9          198.4          393.2          -77.4
    90_330_330_180_120_180_90         8319.8          695.6          393.2          -60.7
   150_330_240_180_150_240_90         3105.9          350.4          393.2          -69.2
   150_330_330_180_90_180_210         5676.4          628.2          393.2          -64.7
     90_0_300_150_150_150_150       215238.7          259.5          393.3          -71.4
  120_150_330_180_120_180_330         4783.4          239.8          393.3          -76.9
    60_120_330_180_150_180_90         2562.2          218.4          393.3          -75.4
      60_0_300_150_150_180_90       171184.8          283.3          393.3          -67.1
    120_180_330_90_120_180_30        17694.4          423.1          393.3          -76.5
     90_150_270_60_120_180_90        26246.7          526.9          393.3          -60.7
  150_330_330_240_150_180_240        38211.7         1573.3          393.3          -78.4
    90_330_240_150_120_180_90       145222.6          415.2          393.3          -41.7
    60_270_300_150_120_180_90        29466.2          505.4          393.3          -52.8
    120_330_330_0_120_180_210         6468.2          519.2          393.3          -63.4
   120_120_330_240_180_210_60         4616.5          163.5          393.3          -96.0
    150_330_330_180_90_240_90         5302.0          606.9          393.3          -74.2
   150_210_300_150_120_180_90         5347.4          210.1          393.3          -68.6
  120_330_330_180_150_120_210         6076.7          425.3          393.3          -82.4
  150_150_300_150_120_180_210         4753.5          196.5          393.3          -65.2
      90_120_330_0_120_300_60         3073.2          152.6          393.3          -78.6
     150_150_0_60_120_180_210       281468.4          470.9          393.3          -63.0
     120_120_180_90_90_210_60         6196.8          119.5          393.3          -74.8
  120_270_300_150_150_180_210        27370.5          423.5          393.4          -61.5
     90_120_60_270_180_210_60        26731.5          251.2          393.4          -58.7
  150_330_330_150_120_180_270       145624.5          758.8          393.4          -54.7
  150_330_330_180_150_240_150         4919.1          605.6          393.4          -84.6
    120_120_330_0_270_240_240        25559.2          138.5          393.4          -82.8
      90_0_300_150_150_210_90       214975.8          262.1          393.4          -75.0
    30_120_330_180_150_180_30         2375.7          265.8          393.4          -90.4
   120_270_330_30_150_180_210        25342.9          553.1          393.4          -74.2
        150_150_0_60_0_240_90        57797.0         1734.0          393.4          -57.5
  120_270_330_240_150_180_210         2382.0          246.0          393.4          -70.5
   120_120_270_210_300_210_60        12455.0          271.6          393.4          -67.9
      90_120_180_0_180_210_90         7690.6          301.2          393.4          -76.8
    120_90_270_210_120_180_90        23670.3          215.3          393.5          -61.3
  120_330_330_240_120_180_150        11240.3          482.7          393.5          -74.6
  120_180_330_180_150_180_330         1985.7          324.3          393.5          -70.8
  150_330_240_150_150_240_150       142733.0          323.0          393.5          -65.8
     120_120_330_0_150_210_60         3988.0          124.8          393.5          -79.0
   120_180_330_150_150_180_30          844.5          337.7          393.5          -57.7
     90_180_330_180_90_210_60         3302.3          110.8          393.5          -64.7
     90_0_300_210_120_180_150       279270.2          213.1          393.5          -56.7
   120_120_330_240_150_120_60         4622.9           99.0          393.5          -95.0
   120_150_330_90_120_180_210        24622.9          286.2          393.6          -73.4
   150_270_330_180_150_180_90         2194.7          120.3          393.6          -60.8
     90_120_330_240_150_150_0         1722.4          163.2          393.6          -95.4
    90_120_330_90_180_150_180        15164.4          179.0          393.6          -88.7
     120_150_0_60_150_180_210         9749.7          511.6          393.6          -58.0
     150_180_330_0_270_180_30        23249.8          219.7          393.6          -68.5
    120_330_330_180_150_150_0         5666.3          467.8          393.6          -76.5
  150_330_330_180_270_180_210        28297.3          688.3          393.6          -70.2
     120_120_330_90_90_210_90        17327.7          117.8          393.6          -74.0
   120_120_330_90_150_180_120        16510.1          106.7          393.6          -77.2
  150_150_270_210_300_210_210        14606.5          586.5          393.6          -53.6
    120_120_330_0_150_150_330         3744.1          121.1          393.6          -90.3
   120_330_330_150_150_180_30       141940.3          484.6          393.6          -60.4
  120_180_300_150_180_210_210         2070.5          748.5          393.7          -78.2
    90_120_330_240_120_180_60         3792.0          219.3          393.7          -76.3
  150_330_270_210_300_180_210        11608.7          518.7          393.7          -63.4
   120_120_330_180_90_210_180         6211.1          175.8          393.7          -75.2
     120_120_330_90_150_180_0        16482.3          107.0          393.7          -79.6
      180_120_330_0_120_180_0         2888.3          156.2          393.7          -67.6
    90_120_330_180_30_150_180       609157.1          184.0          393.7          -91.2
    150_270_330_90_90_210_210        22570.1          197.7          393.7          -52.7
      90_180_330_0_270_210_60        23043.5          156.8          393.7          -75.3
    120_120_330_0_180_150_330         4857.5           94.1          393.7          -81.9
   150_150_270_210_300_210_90        14556.3          547.7          393.7          -52.1
    120_90_330_180_120_180_30         7773.0          303.0          393.7          -67.0
    90_330_330_180_150_180_30         6794.3          691.5          393.7          -65.5
  120_120_330_240_150_150_180         4186.3          121.5          393.8          -93.5
   150_330_240_150_150_210_90       142875.0          356.8          393.8          -55.5
   120_330_330_180_270_210_60        28790.1          473.7          393.8          -71.5
   120_120_330_90_150_210_210        16661.9          191.9          393.8          -82.3
     150_150_330_0_150_180_90         1201.5          106.5          393.8          -75.1
   90_180_330_180_150_150_150         2318.8          157.0          393.8          -80.6
  120_180_300_150_210_210_210         1611.1          458.6          393.8          -65.1
   120_120_330_180_150_150_30         4863.5          123.9          393.8          -97.1
      90_120_330_90_120_180_0        16069.6          225.1          393.8          -79.3
     210_0_300_150_120_180_90       173038.0          221.5          393.9          -85.6
      90_120_330_180_0_210_60        13262.2          245.4          393.9          -90.4
   150_330_180_90_180_210_210         7758.1          439.6          393.9          -78.7
     60_0_300_150_120_180_150       173705.7          226.3          393.9          -68.1
        120_150_0_60_0_180_90        57683.3         1726.5          393.9          -63.1
       90_0_270_60_120_180_90        62836.6          296.3          393.9          -59.0
     90_120_330_240_90_210_90         2499.3          141.9          393.9          -82.5
   120_300_330_180_150_180_30         5440.4          218.8          393.9          -51.9
  150_240_300_150_120_180_210         8709.7          397.9          393.9          -72.1
    120_270_330_30_150_120_30        25613.6          534.6          393.9          -91.1
      90_120_210_0_270_240_90        37536.0          448.5          393.9          -72.9
      90_0_300_150_180_210_90       214711.0          551.5          393.9          -82.1
    120_0_330_180_120_180_210         7823.6          321.8          393.9          -71.4
   120_270_330_240_150_120_30         2652.7          227.5          393.9          -87.4
   120_330_330_180_120_210_60         7973.4          511.1          393.9          -80.0
   150_330_330_240_150_150_90         8485.9          619.8          393.9          -86.6
       90_0_300_60_120_180_90       103420.6          179.4          393.9          -55.4
   90_120_330_180_300_150_180      8758645.7          241.8          394.0          -88.6
     90_120_330_180_30_210_60       609467.5          192.5          394.0          -83.3
     120_120_330_0_270_240_90        25533.7          124.8          394.0          -80.4
    120_120_330_0_120_300_210         5558.3          110.2          394.0          -80.7
   150_330_270_210_300_150_90        12286.1          439.9          394.0          -56.4
   150_330_330_150_90_210_210       141720.7          670.4          394.0          -54.3
     90_120_330_0_120_300_180         3085.8          161.3          394.0          -78.0
      90_120_330_90_60_150_60        15576.7          172.4          394.0          -78.1
     120_120_330_0_150_120_30         4145.0          101.2          394.0          -95.4
    90_120_330_180_210_210_60         6441.3          469.2          394.0          -88.7
  150_330_330_180_150_180_330         4919.7          596.9          394.0          -66.3
  120_330_240_150_150_180_210       143607.4          176.1          394.1          -47.9
     90_0_300_210_120_180_180       278891.3          216.1          394.1          -55.7
      90_0_330_180_150_120_60        48094.6          158.3          394.1          -75.8
  120_330_330_150_120_180_210       143745.6          540.3          394.1          -53.7
      90_0_300_150_210_210_90       214251.6          261.6          394.1          -69.0
       90_0_330_90_120_180_90        68524.7          270.6          394.1          -65.3
    120_270_330_240_90_210_60         3205.7          209.6          394.1          -67.2
  150_330_270_210_300_210_210        11393.4          521.7          394.1          -56.3
   90_120_330_180_120_150_180         4292.7          193.4          394.1          -86.5
     90_120_330_0_270_210_240        23015.5          224.2          394.1          -81.0
       90_180_330_0_90_210_60         1926.1           88.0          394.1          -64.2
    150_150_330_90_120_180_90        23793.8          190.0          394.1          -69.1
  120_120_330_180_150_210_330         4970.7          145.9          394.1          -87.7
   150_330_330_180_150_180_60         4934.1          611.4          394.2          -70.1
     90_120_180_90_270_210_60       191928.0          211.8          394.2          -74.8
    120_120_330_90_150_120_60        16938.4          108.9          394.2          -90.7
   150_330_240_150_150_180_30       143166.5          359.9          394.2          -56.1
   120_330_270_210_300_210_60        12190.1          297.3          394.2          -56.3
      60_270_330_90_90_210_60        23110.6          374.9          394.2          -50.3
      90_120_330_90_150_150_0        14037.9          173.1          394.2          -91.1
   90_180_330_180_150_180_150         2306.1          151.8          394.2          -68.7
      90_120_330_0_120_240_90         3138.1          156.8          394.2          -80.7
    180_120_330_0_120_180_120         2945.5          153.2          394.2          -61.6
    90_150_270_210_120_180_90        19437.3          405.9          394.2          -56.0
    120_270_300_150_60_120_30        99346.5          376.7          394.2          -67.1
   120_180_330_180_150_180_90         1965.3          307.3          394.3          -77.7
   150_330_330_120_90_210_210        28674.9          715.6          394.3          -58.9
  120_180_330_180_120_180_240        34255.1         1368.7          394.3          -80.1
     180_180_330_0_120_180_30         3652.3          185.1          394.3          -63.6
  120_330_300_150_120_180_210       146353.9          346.1          394.3          -61.6
   120_270_330_180_150_180_90         2695.9          219.8          394.3          -68.3
    90_120_270_240_180_210_60         4623.8          276.4          394.3          -67.1
      90_120_330_0_120_300_90         3053.3          148.5          394.3          -89.6
  120_180_330_180_270_210_210        25027.3          411.8          394.3          -82.5
  120_150_270_210_300_180_210        15402.8          656.1          394.3          -58.8
  120_270_330_180_150_180_330         2815.5          239.3          394.3          -66.3
   150_330_330_180_120_120_30         7408.1          663.3          394.3          -68.5
  150_330_330_180_120_180_120         6952.7          662.7          394.3          -65.6
      90_120_330_0_150_180_60         1180.6          157.2          394.3          -70.0
      90_0_300_150_60_150_150       287479.7          237.1          394.3          -55.8
    120_0_330_180_150_150_180         5620.8          249.8          394.3          -84.7
   120_120_330_240_90_210_240         5007.5          131.0          394.3          -82.1
  120_120_330_240_120_180_120         6293.7          159.7          394.4          -80.6
  120_330_330_180_150_180_330         5560.9          426.0          394.4          -62.7
   150_330_330_180_150_150_60         4946.0          615.7          394.4          -83.1
   120_120_330_90_150_150_180        16501.8          131.4          394.4          -89.2
  150_330_330_180_150_120_270         5436.1          611.6          394.4          -87.6
    120_120_330_240_120_180_0         6265.9          160.0          394.4          -83.0
   90_120_330_180_150_180_120         2369.5          143.9          394.4          -85.7
   150_300_240_150_120_180_90         8388.4          397.2          394.4          -43.9
   150_330_330_180_120_240_90         6924.2          632.5          394.4          -74.8
    90_150_330_180_150_180_90         2767.1           82.1          394.4          -82.4
   150_330_330_180_150_120_90         5408.5          603.0          394.4          -82.9
  120_180_330_180_120_210_210         4210.6          449.2          394.4          -91.0
   120_150_270_240_120_180_90        12397.4          510.3          394.4          -47.0
   180_120_330_240_150_180_90         1382.4           95.7          394.4          -74.7
        150_150_0_60_0_210_90        57845.6         1749.8          394.4          -59.5
   120_150_330_180_120_180_90         4752.4          236.0          394.4          -70.1
  120_150_300_150_120_180_210         5334.5          269.1          394.4          -63.3
     120_150_0_60_120_180_210       282049.4          543.5          394.5          -61.1
