   H5   H6  Tot_55_Intra  Tot_66_Intra  Tot_56_Inter  TotalE_H5-H6  VDW_55_Intra  VDW_66_Intra  VDW_56_Inter  NoVDWE_H5-H6  HBE_56_Inter
    0    0          52.6         228.4          38.0         319.0         -23.5          95.1          46.5         200.8           0.0
    0   30          76.2         350.3          35.6         462.1           3.8         222.3          46.4         189.6           0.0
    0   60          53.0         308.9         701.6        1063.5         -23.9         186.5         708.4         192.6           0.0
    0   90         176.6         133.2        6502.5        6812.3          97.6          22.0        6510.3         182.5          -4.7
    0  120          55.9         107.9        8612.7        8776.5         -25.6         -12.0        8627.1         187.1          -5.7
    0  150         175.7          80.1         181.0         436.7          74.8         -32.1         196.0         198.1           0.0
    0  180          61.4          97.3          33.4         192.1         -31.2         -38.1          62.3         199.0          -7.5
    0  210         166.5         209.2         617.7         993.4          80.2          79.6         639.3         194.4          -6.1
    0  240         173.6         158.4         631.8         963.8         101.2          25.8         648.8         188.0          -2.9
    0  270          75.1         101.7           3.6         180.3         -17.1         -17.4          22.2         192.6          -0.0
    0  300          51.0          85.3         -21.7         114.5         -24.4         -39.4          -1.1         179.4           0.0
    0  330          82.4          81.4           5.6         169.4          -3.7         -36.3          28.3         181.1         -10.5
   30    0          74.3         164.7         -24.8         214.2          -7.0          24.1          -6.0         203.1          -5.1
   30   30         214.6         142.8         307.1         664.5         136.8          36.1         313.0         178.5           0.0
   30   60         191.5         148.7         481.6         821.8         110.6          41.8         503.1         166.3           0.0
   30   90         201.7         160.7         538.8         901.2         110.0          47.4         561.3         182.6          -4.9
   30  120          96.8         100.8         -31.6         166.0          11.5          -7.8          -2.1         164.4          -0.1
   30  150          55.0          96.5          14.0         165.5         -40.6         -32.9          51.2         187.8          -5.1
   30  180         200.6          98.4         592.2         891.3         117.1         -28.6         614.5         188.4          -0.1
   30  210          79.8         130.0          18.6         228.3          -8.8           6.3          42.1         188.8          -0.1
   30  240          76.7          85.4         -22.1         140.0         -14.8         -38.8          -5.3         198.9          -0.7
   30  270          55.9          96.7         -20.3         132.2         -33.8         -38.5          -7.5         211.9          -0.7
   30  300          81.2          88.3         -35.0         134.4           8.9         -35.0         -19.9         180.5          -3.0
   30  330          86.6          89.0         -18.6         157.1           3.2         -33.3           1.0         186.2          -0.7
   60    0          39.0         130.8          47.4         217.2         -36.0           8.6          62.9         181.7          -3.1
   60   30          58.2         163.7         197.0         418.9         -35.0          61.9         209.2         182.8          -0.3
   60   60          88.9         113.6          -7.6         194.9          -8.0          -6.0          10.5         198.5           0.0
   60   90          48.7          94.9         -22.0         121.6         -48.5         -12.1           6.8         175.4          -0.0
   60  120          60.1          87.9         -53.9          94.2         -41.3         -36.0          -8.6         180.0          -5.0
   60  150          80.4         100.2          11.4         192.0         -10.9         -11.0          44.1         169.8          -0.2
   60  180          50.4         341.8         -22.6         369.6         -41.3         198.3          11.4         201.1          -8.1
   60  210          83.0         100.2         507.5         690.7          -9.7         -42.7         533.0         210.1          -3.7
   60  240          65.4         115.5         616.7         797.5         -20.2          -7.9         642.0         183.7          -0.1
   60  270          41.1         110.5         -46.3         105.3         -47.1         -18.8         -16.8         187.9           0.0
   60  300          62.3         136.9         262.9         462.1         -22.5           8.8         279.6         196.1          -0.2
   60  330          51.9          89.8         -11.0         130.7         -35.9         -31.0          20.9         176.6          -5.1
   90    0         100.2         254.2        1032.2        1386.5           1.9          25.7        1049.2         309.7          -5.6
   90   30          83.2          81.7          18.1         183.0          -5.3         -28.7          43.1         174.0          -2.0
   90   60          65.7         131.6         -40.6         156.6         -13.8          21.7          -6.6         155.2          -6.3
   90   90          63.8         125.2        1884.3        2073.2         -30.8          12.8        1920.8         170.4          -8.4
   90  120          97.6         114.2         150.0         361.8          -2.0         -11.3         178.5         196.6          -6.0
   90  150          46.0          86.5         -48.8          83.7         -41.4         -30.1         -18.7         173.9          -0.1
   90  180          49.6          95.0         130.5         275.1         -50.5         -38.1         165.8         197.9          -2.1
   90  210          55.3          92.1         705.4         852.9         -32.9         -41.4         754.7         172.4          -3.2
   90  240          62.9          89.6         -59.2          93.3         -41.1         -40.6         -15.4         190.4         -10.5
   90  270          87.4         149.8          45.8         283.0          -0.7          20.7          71.2         191.7          -2.9
   90  300          56.4          85.6         -40.5         101.4         -37.5         -35.7          -8.0         182.6          -3.4
   90  330          50.6         127.8         -52.3         126.2         -36.2           0.1         -29.1         191.3          -0.1
  120    0          58.3         122.9         -38.2         143.1         -50.7          -4.2          -6.0         203.9          -1.3
  120   30          81.3         158.3          56.6         296.2          -5.8          54.1          79.8         168.1          -1.5
  120   60          96.3         173.3        1165.1        1434.7           5.7          67.9        1190.2         170.8          -0.0
  120   90          84.7         127.8        4473.1        4685.5         -10.1          15.3        4506.2         174.1          -3.4
  120  120          53.4          94.1          37.5         185.0         -44.8         -10.1          74.7         165.3          -0.1
  120  150          44.8          94.8         -29.9         109.7         -53.2         -34.8           1.3         196.4          -2.7
  120  180          47.1         199.9         -37.8         209.2         -42.5          70.5          14.8         166.4          -7.6
  120  210          94.4         200.5          93.6         388.4           7.2          70.7         123.5         187.1         -13.0
  120  240          47.0          80.0         -14.6         112.4         -50.4         -40.4          18.6         184.6          -7.3
  120  270          56.1         105.9         -46.7         115.4         -43.7         -22.0         -12.2         193.3          -4.9
  120  300          34.6          86.0         -54.3          66.3         -47.5         -37.9         -15.6         167.4          -8.6
  120  330          86.6         107.4          50.9         245.0          -9.7         -14.1          74.5         194.2          -3.5
  150    0          43.3         128.0         115.8         287.1         -49.0          10.4         129.4         196.3          -3.4
  150   30          55.2         134.3        8586.2        8775.6         -50.0          23.1        8603.1         199.4          -0.2
  150   60          52.0         153.6          24.1         229.6         -41.8          53.7          52.1         165.6          -1.1
  150   90          46.2         154.8       13904.5       14105.6         -46.8          32.2       13937.5         182.7          -9.1
  150  120          54.4          95.1         412.4         561.8         -53.8         -29.0         470.7         173.9         -16.2
  150  150          83.5          98.2         -33.1         148.6         -10.1         -28.0          11.6         175.1          -9.9
  150  180          36.2          86.5         -47.6          75.1         -54.4         -35.9           3.3         162.2          -5.3
  150  210         105.7         128.4           0.8         234.9         -13.7           9.7          40.9         197.9          -3.9
  150  240          44.1         110.5         -11.4         143.2         -48.7         -12.8          19.3         185.3         -13.9
  150  270          35.2         189.7         -34.3         190.5         -49.5          61.0         -17.2         196.2          -7.0
  150  300          41.6         106.8          87.8         236.2         -53.4         -31.0         111.2         209.4          -1.0
  150  330          38.7          90.5         -31.3          97.8         -51.0         -30.1         -12.8         191.7          -0.4
  180    0          70.1         196.2         108.1         374.5          -9.9          44.6         129.0         210.8          -3.5
  180   30          41.2        3133.9        1763.7        4938.8         -46.9        2992.7        1782.4         210.5          -0.5
  180   60          80.7         183.4        1495.3        1759.3         -13.0          67.8        1525.6         178.9          -0.5
  180   90          94.0         148.1       30104.1       30346.1         -11.2          38.9       30134.4         184.0          -7.5
  180  120         102.6         124.9         177.8         405.4          -4.1          16.6         212.4         180.4          -1.6
  180  150          36.8          96.8         213.4         347.0         -53.5         -13.9         253.8         160.5          -0.3
  180  180          46.6          89.8          35.0         171.4         -43.7         -42.0          74.5         182.6          -9.5
  180  210          86.2         106.0         -48.9         143.3          -7.3         -42.1           3.0         189.7          -9.2
  180  240          54.9          90.7         -37.3         108.3         -51.4         -45.0         -15.0         219.7          -0.0
  180  270          45.9         103.1          23.5         172.6         -41.1         -13.6          41.2         186.0          -0.2
  180  300          40.3          92.8          95.2         228.2         -51.6         -37.6         116.6         200.9          -1.6
  180  330          29.8         104.7           3.6         138.2         -54.4         -19.7          28.5         183.8          -0.1
  210    0        4305.9         196.3         496.7        4998.9        4209.9          65.3         510.9         212.8          -0.0
  210   30          85.9         159.0         225.5         470.4          -8.6          48.4         249.3         181.3          -0.1
  210   60         236.7         178.6        9500.3        9915.6         146.1          67.5        9516.8         185.2           0.0
  210   90       28012.8         205.1      157333.0      185550.9       27916.2          94.9      157375.5         164.3          -3.9
  210  120          75.5         141.0        2416.2        2632.7          -3.6          30.8        2442.7         162.7          -0.4
  210  150         116.5          86.3        1396.1        1599.0          10.9         -35.9        1423.0         200.9          -2.2
  210  180         106.2          95.0         354.3         555.5          11.0         -42.6         389.0         198.1          -4.6
  210  210          88.9         121.1          84.2         294.2          -0.0         -19.4         125.7         188.0          -2.8
  210  240          63.4         156.5          59.0         278.8         -12.8          18.6          80.1         193.0          -0.0
  210  270          73.5          95.8         187.2         356.5         -11.7         -27.8         209.7         186.3          -0.0
  210  300          77.7         108.0         -29.6         156.1          -7.4         -20.4         -18.3         202.3          -0.1
  210  330         144.1         149.6          22.5         316.2          42.3          22.1          47.1         204.8          -0.9
  240    0          73.0         127.7         -43.9         156.8         -19.9          15.4         -11.7         173.1           0.0
  240   30          54.3         171.0       17301.8       17527.1         -24.5          44.9       17325.5         181.2           0.0
  240   60         265.3         325.9         549.5        1140.7         169.2         206.6         572.6         192.4          -1.5
  240   90         101.8         179.7       20559.8       20841.3          17.1          66.9       20597.5         159.9          -2.4
  240  120          80.6          80.8       38019.6       38181.0         -11.3         -34.1       38053.5         172.9          -0.0
  240  150          90.5         100.6        1558.7        1749.8          -0.3          -7.6        1574.5         183.2          -1.5
  240  180          48.7          99.7         -53.4          95.0         -49.9         -33.4         -17.6         196.0          -5.4
  240  210         132.0          91.5         110.2         333.7          27.1         -43.3         143.8         206.1          -0.8
  240  240         938.0         108.8         232.9        1279.7         838.8         -11.3         263.5         188.7          -5.5
  240  270          39.2          92.8         -31.9         100.2         -46.7         -36.6         -16.2         199.7          -0.0
  240  300          44.9         100.2         -23.4         121.7         -51.5         -23.9          -1.9         199.0          -0.0
  240  330          47.3         151.5         -33.3         165.5         -49.7          21.6         -14.1         207.7           0.0
  270    0          52.9         168.8        1501.4        1723.1         -54.1          32.1        1533.4         211.7          -0.9
  270   30          57.5         331.4         729.9        1118.8         -34.4         186.4         762.6         204.2          -0.0
  270   60         116.6         179.8         304.1         600.5          -2.9          67.9         331.6         203.9          -0.2
  270   90         291.1         165.4       23415.3       23871.9         165.6          44.9       23437.3         224.1          -0.4
  270  120         240.0          79.6       84526.7       84846.3         143.9         -25.1       84548.6         178.8          -0.3
  270  150         114.9          87.8         662.0         864.7           2.2         -40.2         685.4         217.2          -0.4
  270  180         156.6          83.7         189.0         429.3          58.7         -40.0         210.9         199.8          -0.3
  270  210          60.1         137.9          -1.8         196.3         -37.7          14.5          24.5         195.0          -1.0
  270  240          34.3          92.3          84.0         210.6         -41.3         -43.7         109.9         185.7          -0.0
  270  270         262.5          92.5         172.2         527.3         159.7         -35.6         196.0         207.1          -2.8
  270  300          40.9          80.6         -16.7         104.7         -51.9         -36.8          -0.0         193.5          -0.0
  270  330          32.5          95.6          20.3         148.5         -48.2         -34.7          31.4         199.9          -0.3
  300    0          46.8         124.5          14.7         186.0         -56.7           0.8          33.1         208.7           0.0
  300   30         136.1         111.5         741.8         989.4          53.5           9.6         762.1         164.2           0.0
  300   60         118.1         175.0         364.1         657.3          36.1          61.6         388.6         171.1          -0.2
  300   90         157.0         136.2         309.4         602.6          65.2          -1.0         328.7         209.7          -0.6
  300  120         109.4          79.2          95.0         283.5          32.2         -41.0         119.1         173.2          -0.6
  300  150          89.5          77.6        1484.7        1651.9          -7.7         -39.3        1513.9         185.0          -0.0
  300  180         171.2         202.2         513.4         886.8          71.0          77.5         539.1         199.1          -5.0
  300  210         108.1         200.9         429.7         738.7          11.3          77.9         447.6         201.9          -2.0
  300  240          88.3          92.2         708.4         888.8          -3.2         -39.5         730.1         201.4          -0.1
  300  270         166.1          89.7         -21.4         234.3          60.8         -40.2          -9.4         223.1          -0.5
  300  300          37.0          89.3         -31.1          95.2         -44.6         -35.2         -15.4         190.4          -0.2
  300  330         107.6          89.3         257.6         454.5          15.7         -27.0         288.9         176.8           0.0
  330    0          47.7         140.0          11.3         199.0         -44.5          20.6          23.9         199.0           0.0
  330   30          98.4         145.1         130.8         374.3          12.9          27.1         136.9         197.4           0.0
  330   60         104.1         380.1          39.2         523.5          23.1         230.6          44.3         225.4          -0.0
  330   90          90.9          76.1          69.9         236.8          14.2         -38.9          92.6         168.9          -4.6
  330  120          55.4          91.7        1598.1        1745.3         -27.2         -32.3        1611.2         193.7          -0.1
  330  150          89.8          96.7         110.4         296.9          15.1         -13.2         104.3         190.7          -0.0
  330  180          37.2          89.9           0.7         127.8         -44.6         -28.8          17.8         183.4          -2.5
  330  210         160.5         108.4          44.6         313.5          56.2         -17.8          51.3         223.7          -0.0
  330  240          99.9         314.0         -12.2         401.6          19.6         190.1           1.2         190.7          -0.2
  330  270          33.1         100.3         -37.6          95.8         -45.2         -36.0         -17.5         194.6          -0.2
  330  300          37.1          92.6         -38.0          91.7         -49.9         -27.7         -26.8         196.1          -0.2
  330  330          70.2          82.8         -13.2         139.9          -4.7         -30.7           0.0         175.2           0.0
