   H3   H6  Tot_33_Intra  Tot_66_Intra  Tot_36_Inter  TotalE_H3-H6  VDW_33_Intra  VDW_66_Intra  VDW_36_Inter  NoVDWE_H3-H6  HBE_36_Inter
    0    0          44.7          73.0         -18.4          99.3         -91.8         -39.9          -8.3         239.4           0.0
    0   30          41.5          80.4         -22.0          99.9         -90.7         -43.5         -14.5         248.6          -2.4
    0   60          50.2          77.9         -32.8          95.2         -81.8         -38.3         -11.7         227.1          -1.4
    0   90          46.7          90.3         -15.9         121.1         -84.0         -15.0          -8.2         228.3           0.0
    0  120          38.8         117.4         -20.8         135.4         -80.3           7.6          -0.9         209.0          -4.6
    0  150          45.6          70.0          -9.5         106.1         -86.9         -42.0          15.5         219.5          -1.2
    0  180          48.0          79.0         -46.2          80.9         -86.8         -43.0         -13.5         224.1          -7.3
    0  210          51.4          75.5         -34.1          92.7         -86.9         -35.8         -10.6         226.0           0.0
    0  240          51.4          80.7         -29.8         102.2         -80.8         -37.0         -14.1         234.1           0.0
    0  270          42.1          70.8         -24.7          88.2         -83.7         -42.6         -16.6         231.2           0.0
    0  300          36.3          71.0         -30.0          77.3         -90.8         -39.9         -14.1         222.1          -0.0
    0  330          48.2          74.0         -26.1          96.1         -92.4         -41.4         -14.5         244.3           0.0
   30    0          36.3          73.4         -15.9          93.9         -86.1         -42.2          -9.9         232.1          -0.0
   30   30          41.1          81.0         -29.8          92.2         -86.5         -39.6          -7.6         225.8          -3.3
   30   60          51.5          72.5         -19.6         104.5         -85.3         -39.5          -2.6         231.9          -0.1
   30   90          53.9          83.0         -15.2         121.7         -84.5         -37.8          -1.7         245.8          -0.0
   30  120          37.4         112.2         -35.3         114.3         -86.4         -11.9          -9.6         222.2          -7.7
   30  150          44.7          91.7         -34.5         101.9         -83.0         -35.8         -10.0         230.7          -6.2
   30  180          50.9          75.8         -33.5          93.2         -80.6         -39.4           0.1         213.1          -2.6
   30  210          42.6          80.6         -32.5          90.6         -90.7         -40.5          -7.3         229.1          -2.7
   30  240          64.9          85.2         -32.4         117.7         -86.5         -36.9         -12.4         253.6          -0.0
   30  270          37.0          80.2         -35.4          81.8         -84.3         -38.7         -14.9         219.6          -0.2
   30  300          37.8          78.2         -31.7          84.3         -88.9         -33.1         -20.8         227.1           0.0
   30  330          35.3          81.4         -23.2          93.6         -88.0         -42.3         -11.3         235.1           0.0
   60    0          37.4          78.1         -22.1          93.4         -85.4         -42.8          -9.2         230.8          -0.3
   60   30          35.3          81.6         -27.2          89.7         -88.0         -37.1          -9.2         223.9           0.0
   60   60          36.5          77.9         -13.9         100.6         -85.1         -32.6          -2.5         220.8          -2.8
   60   90          45.3          78.9         -40.1          84.1         -84.9         -41.5          -8.0         218.4          -6.5
   60  120          35.6          68.4         -30.0          74.1         -87.2         -41.4          -9.5         212.2          -0.3
   60  150          48.2          77.8         -20.7         105.2         -82.6         -38.7         -10.3         236.8          -0.7
   60  180          42.9          76.2         -30.7          88.4         -91.5         -38.5         -10.7         229.1          -1.4
   60  210          52.3          81.1         -33.7          99.7         -84.6         -39.1          -7.9         231.3          -3.0
   60  240          47.8          74.5         -22.3         100.0         -84.8         -40.0          -8.9         233.7           0.0
   60  270          39.5          70.5         -22.9          87.1         -91.8         -44.6         -15.7         239.2          -0.5
   60  300          41.1          78.4         -16.1         103.5         -85.9         -46.3         -11.1         246.7           0.0
   60  330          72.1          77.9         -31.5         118.5         -67.9         -36.1         -10.0         232.5          -9.4
   90    0          37.7          82.3         -23.2          96.8         -96.6         -39.5         -10.5         243.4           0.0
   90   30          41.0          71.5         -15.6          96.9         -83.2         -40.6          -4.6         225.2          -0.1
   90   60          39.3          79.1         -28.6          89.8         -90.1         -39.3          -8.4         227.7          -4.6
   90   90          40.7          67.8         -21.8          86.7         -83.3         -40.6          -8.6         219.2          -0.0
   90  120          37.2         108.2         -28.6         116.9         -90.6         -10.6           3.4         214.7          -7.6
   90  150          55.7          68.7         -32.4          92.0         -71.8         -37.9         -11.7         213.4          -3.3
   90  180          42.9          66.3         -23.7          85.6         -82.2         -40.2          -8.5         216.4          -4.2
   90  210          38.7          75.6         -28.5          85.8         -91.4         -40.6          -9.1         226.9          -4.1
   90  240          38.2          79.2         -23.9          93.5         -85.5         -39.4          -9.8         228.3           0.0
   90  270          39.7          72.1         -27.4          84.3         -91.2         -41.6         -12.6         229.8          -0.0
   90  300          44.5          74.3         -28.2          90.6         -93.9         -39.6         -16.8         240.9          -0.5
   90  330          36.5          74.9         -13.7          97.7         -86.3         -38.3          -8.5         230.8          -0.0
  120    0          52.5          69.4          -5.0         117.0         -81.4         -41.4           6.9         232.8          -0.1
  120   30          48.9          69.2         -21.8          96.3         -95.5         -44.2          -4.9         240.8          -1.9
  120   60          43.3          69.5         -12.3         100.5         -90.1         -40.2          -1.7         232.4           0.0
  120   90          39.1          73.5         -25.7          86.9         -86.4         -39.1          -2.7         215.1          -1.5
  120  120          61.9          71.2         -33.7          99.5         -75.4         -40.8          -7.1         222.7          -6.8
  120  150          51.1          70.0         -35.2          85.9         -89.7         -40.9          -4.5         221.0          -6.7
  120  180          54.1          80.5         -38.2          96.5         -84.7         -41.2          -9.8         232.1          -3.2
  120  210          45.4          83.1         -41.0          87.5         -88.5         -40.3         -12.1         228.4          -3.4
  120  240          48.1          71.2         -42.2          77.0         -90.0         -40.0         -17.9         225.0          -5.4
  120  270          51.4          72.2         -26.4          97.1         -92.2         -41.7         -12.2         243.2          -0.1
  120  300          49.3          78.0         -33.1          94.2         -88.1         -41.3         -14.0         237.7          -1.1
  120  330          41.5          83.8         -33.8          91.5         -91.4         -37.4         -12.0         232.2          -4.1
  150    0          59.3          76.3          19.5         155.1         -81.2         -46.0          32.2         250.1          -3.7
  150   30          51.1          72.2         -22.7         100.6         -71.6         -39.9          -9.8         221.9           0.0
  150   60          51.9         111.5         -30.4         132.9         -84.3         -13.5         -13.0         243.7         -10.6
  150   90          50.6          75.7           2.8         129.1         -80.5         -40.9           6.4         244.1          -1.6
  150  120          40.4          74.6         -22.2          92.7         -90.2         -39.0         -10.8         232.7          -0.0
  150  150          41.5          74.5         -41.2          74.8         -89.4         -38.4         -10.2         212.8          -6.8
  150  180          53.7          77.0         -25.1         105.6         -72.5         -43.8          -8.0         229.9          -0.0
  150  210          38.8          83.4         -25.4          96.7         -89.1         -36.9         -13.8         236.5          -6.1
  150  240          48.4          70.7         -19.6          99.4         -93.4         -42.9          -8.7         244.4           0.0
  150  270          37.5          68.0         -22.4          83.1         -87.8         -41.4         -14.2         226.4          -0.1
  150  300          44.7          74.3         -19.5          99.4         -91.9         -41.0         -13.6         246.0          -0.3
  150  330          58.9          80.9         -26.4         113.4         -78.2         -41.5         -12.9         246.0          -4.3
  180    0          36.6          77.5         -24.4          89.8         -89.4         -41.2         -13.8         234.1          -0.2
  180   30          34.3          75.6         -17.2          92.8         -87.8         -41.0          -9.4         231.0           0.0
  180   60          38.3          70.2         -13.4          95.1         -87.7         -40.6          -7.1         230.5           0.0
  180   90          45.6          67.8         -14.6          98.7         -79.7         -42.0         -11.0         231.5           0.0
  180  120          49.5          96.3         -24.4         121.4         -85.2         -13.4         -12.6         232.7          -1.9
  180  150          52.4          72.5          -8.5         116.4         -63.5         -33.6           1.7         211.9          -2.0
  180  180          36.3          75.3         -26.9          84.7         -88.3         -40.7         -10.3         224.0           0.0
  180  210          45.6          87.9         -55.4          78.1         -88.0         -34.0         -23.0         223.1          -3.4
  180  240          75.1          75.0         -39.2         110.9         -73.4         -37.2         -11.8         233.3          -6.1
  180  270          45.8          72.2         -36.2          81.9         -85.2         -42.2         -16.6         225.9          -4.4
  180  300          68.0          75.5         -35.4         108.1         -76.8         -38.7         -18.9         242.5          -6.3
  180  330          34.3          71.4         -28.1          77.6         -87.8         -41.0         -14.6         221.1          -2.1
  210    0          39.0          80.8         -19.8         100.0         -85.1         -38.3         -13.0         236.5           0.0
  210   30          44.9          71.5         -14.7         101.6         -80.7         -40.6         -10.8         233.8           0.0
  210   60          41.9          69.7         -14.7          96.9         -93.2         -35.8         -13.7         239.6           0.0
  210   90          44.0          72.1         -21.9          94.2         -88.0         -40.5         -14.2         236.9          -0.0
  210  120          40.9          89.3         -22.4         107.7         -86.3         -35.3         -10.3         239.6          -0.1
  210  150          60.9          72.7         -34.7          98.8         -73.4         -42.0         -12.5         226.7          -4.6
  210  180          63.9          75.9         -25.5         114.2         -71.1         -38.0         -14.0         237.3           0.0
  210  210          62.7          83.8         -19.8         126.7         -82.6         -35.5          -9.0         253.7          -1.5
  210  240          36.8          84.5         -42.6          78.7         -88.5         -38.5         -17.2         223.0          -4.8
  210  270          43.0          80.5         -27.4          96.1         -82.7         -39.5         -16.6         234.9          -0.1
  210  300          52.5          76.6         -33.3          95.7         -92.0         -38.6         -20.2         246.6          -1.3
  210  330          38.0          75.6         -27.9          85.7         -92.6         -35.7         -17.4         231.4          -0.1
  240    0          42.0          78.1          -2.4         117.7         -80.6         -39.1          -1.4         238.8           0.0
  240   30          46.8          73.2         -19.8         100.2         -98.2         -45.2         -14.3         257.9           0.0
  240   60          49.8          68.2          -3.4         114.6         -88.7         -43.1          -7.1         253.5          -3.6
  240   90          75.7          69.6         -11.4         133.8         -76.5         -40.3          -5.9         256.6          -4.8
  240  120          43.2          72.0         -24.8          90.3         -93.2         -40.2         -14.2         238.0           0.0
  240  150          51.0          84.2         -21.8         113.4         -94.5         -35.3          -7.7         250.8          -5.1
  240  180          44.6          70.9         -27.0          88.5         -91.4         -37.0         -14.1         231.0          -0.5
  240  210          66.2          81.3         -44.1         103.3         -77.6         -35.6         -21.5         238.0          -0.2
  240  240          45.4          77.8         -34.4          88.8         -89.7         -38.8         -11.9         229.2          -1.2
  240  270          46.8          75.8         -40.7          81.9         -86.1         -42.2         -21.5         231.6          -2.0
  240  300          48.7          73.1         -33.2          88.5         -90.2         -45.3         -17.0         241.0          -0.3
  240  330          61.9          72.1         -29.6         104.5         -81.7         -41.6         -15.9         243.7           0.0
  270    0          36.9          71.0          -8.0          99.9         -87.6         -41.5          -5.2         234.1           0.0
  270   30          39.0          67.1         -11.3          94.7         -93.1         -42.5          -9.5         239.9           0.0
  270   60          45.0          69.5          -3.5         111.0         -87.1         -40.8          -9.3         248.2           0.0
  270   90          59.8          66.4         -14.6         111.5         -87.6         -40.2          -3.5         242.8          -0.0
  270  120          45.7         110.5         -16.6         139.5         -89.9           1.3           5.0         223.1          -0.5
  270  150          60.9          71.1         -42.0          90.1         -90.1         -43.4          -7.2         230.8          -6.8
  270  180          43.7          73.3         -51.3          65.7         -91.2         -40.0         -18.0         214.9          -4.1
  270  210          50.8          76.8         -48.2          79.4         -87.9         -40.4         -18.1         225.7          -0.1
  270  240          43.3          71.7         -34.0          81.0         -89.2         -40.9         -14.2         225.3           0.0
  270  270          48.4         301.3         -24.8         324.9         -95.4         183.5         -12.7         249.5          -7.2
  270  300          47.6          77.8         -40.0          85.4         -88.7         -46.4         -22.8         243.3          -1.1
  270  330          46.2          74.0         -32.3          87.9         -84.2         -40.2         -20.2         232.5          -0.0
  300    0          35.3          75.4          -7.0         103.7         -89.9         -38.8          -0.7         233.1          -0.8
  300   30          38.5          76.3         -18.3          96.6         -76.6         -43.0          -7.8         224.0          -0.1
  300   60          57.6          77.0         -23.6         111.0         -82.9         -38.8          -6.3         239.2         -11.1
  300   90          37.7          66.1         -18.6          85.2         -88.4         -41.8         -10.3         225.8          -0.0
  300  120          47.4          96.8         -47.9          96.2         -83.8         -37.2         -11.6         228.8          -8.2
  300  150         135.1          77.3         -43.2         169.3         -11.1         -41.2          -9.4         231.0          -0.6
  300  180          65.4          71.5         -37.3          99.6         -84.8         -37.8          -6.7         228.9          -0.3
  300  210          53.2          82.4         -42.8          92.7         -76.1         -41.0          -8.1         217.9          -0.9
  300  240          56.2          91.6          10.6         158.4         -87.4         -32.7          27.2         251.3          -0.7
  300  270          54.2          76.1         -30.6          99.7         -90.2         -42.5         -12.9         245.2           0.0
  300  300          38.4          78.0         -25.7          90.7         -94.8         -42.5         -15.9         243.9          -0.1
  300  330          42.4          78.2         -32.5          88.1         -90.4         -42.7         -16.6         237.9          -0.1
  330    0          44.4          83.9         -20.3         108.0         -87.7         -38.7          -5.2         239.6          -0.0
  330   30          48.5          76.6         -18.7         106.4         -77.6         -36.4          -5.8         226.3           0.0
  330   60          49.3          67.1         -11.4         105.0         -90.8         -42.5          -2.0         240.3           0.0
  330   90          49.6          99.8         -29.5         119.9         -88.0         -16.5          -9.4         233.6          -0.7
  330  120          43.0          70.4         -12.8         100.5         -90.6         -33.9           3.5         221.4          -3.3
  330  150          53.1          72.4         -31.0          94.4         -89.4         -41.9           5.5         220.3          -7.6
  330  180          42.8          72.8         -38.3          77.3         -83.4         -42.8         -11.1         214.6          -0.0
  330  210          50.7          83.5         -34.6          99.5         -75.4         -37.5         -11.2         223.6          -1.9
  330  240          50.2          80.3         -26.3         104.3         -81.4         -41.4         -10.3         237.3          -0.2
  330  270          49.0          73.7         -38.2          84.4         -88.2         -44.5         -16.6         233.7          -0.1
  330  300          43.0          77.2         -16.2         104.0         -92.9         -45.9          -2.5         245.4          -3.0
  330  330          37.4          76.3         -22.4          91.3         -86.7         -43.2         -11.4         232.6           0.0
