   H2   H4  Tot_22_Intra  Tot_44_Intra  Tot_24_Inter  TotalE_H2-H4  VDW_22_Intra  VDW_44_Intra  VDW_24_Inter  NoVDWE_H2-H4  HBE_24_Inter
    0    0          80.7          33.6         320.5         434.8         -51.1         -56.4         307.9         234.4           0.0
    0   30          63.1          49.2         706.0         818.3         -66.7         -50.2         695.4         239.7           0.0
    0   60          57.8          40.9        1961.8        2060.5         -65.2         -53.2        1962.4         216.5          -0.0
    0   90          61.3          61.4        8284.4        8407.2         -61.4         -53.4        8280.9         241.1          -0.7
    0  120          47.9          50.2      550141.7      550239.8         -72.0         -57.9      550106.5         263.3          -6.4
    0  150          54.2          67.4      115667.6      115789.3         -69.6         -47.3      115653.4         252.8          -3.0
    0  180          65.8          52.8        1177.6        1296.2         -64.6         -49.4        1175.2         235.1          -4.6
    0  210          60.5          53.3       12901.7       13015.5         -64.2         -45.8       12896.6         229.0           0.0
    0  240          56.3          44.8         132.3         233.4         -67.0         -57.4         123.3         234.5           0.0
    0  270          65.8          37.6          66.3         169.6         -65.2         -56.3          62.3         228.7           0.0
    0  300          62.7          34.8         509.4         606.9         -64.4         -55.2         505.8         220.7           0.0
    0  330          57.7          41.9        1218.3        1317.9         -65.9         -54.4        1215.3         222.8           0.0
   30    0          78.3          36.3           2.9         117.5         -62.2         -59.3          -3.1         242.1           0.0
   30   30          72.7          41.1         114.1         227.9         -59.9         -55.7         108.0         235.4          -1.3
   30   60          57.6          46.2         -11.3          92.6         -72.5         -50.1          -3.7         218.9         -10.2
   30   90          68.3          52.1        1542.2        1662.6         -67.5         -57.4        1539.8         247.7           0.0
   30  120          52.1          50.9        2428.6        2531.7         -70.8         -55.2        2406.8         250.9          -0.6
   30  150          53.8          54.1           5.8         113.6         -69.9         -59.4          -3.4         246.4           0.0
   30  180          55.8          56.6           6.0         118.4         -67.0         -43.8          -4.4         233.7           0.0
   30  210          54.1          42.7         200.9         297.7         -68.2         -55.1         197.2         223.8           0.0
   30  240          55.3          50.5          32.4         138.3         -71.1         -48.6          30.6         227.4           0.0
   30  270          55.7          33.3          -0.4          88.6         -68.7         -56.3          -7.9         221.4           0.0
   30  300          57.9          35.3          -0.7          92.5         -70.6         -54.7          -5.5         223.3           0.0
   30  330          54.5          35.3          -8.7          81.1         -69.1         -54.2          -9.9         214.3           0.0
   60    0          58.0          44.6          -7.9          94.7         -70.7         -55.2          -2.1         222.8          -6.4
   60   30          53.5          35.9         -13.7          75.6         -71.7         -53.0         -15.2         215.6           0.0
   60   60          63.9          45.1         -17.8          91.3         -66.2         -56.9          -6.0         220.4         -10.6
   60   90          59.2          36.8          -2.0          94.0         -67.2         -59.7          -5.9         226.8           0.0
   60  120          47.8          54.9          30.9         133.6         -72.1         -49.3          22.0         232.9          -0.2
   60  150          53.5          63.4        2516.1        2633.1         -70.9         -49.2        2500.3         252.9          -0.2
   60  180          58.2          59.1          29.2         146.4         -71.0         -57.0          26.0         248.4           0.0
   60  210          60.4          42.7         272.3         375.3         -70.7         -55.5         269.2         232.4           0.0
   60  240        1995.8          52.1         793.7        2841.6        1858.5         -52.0         789.7         245.4           0.0
   60  270          53.8          38.4           5.0          97.2         -72.0         -55.5           2.8         221.9           0.0
   60  300          55.8          40.1          -7.6          88.3         -73.3         -55.9         -10.7         228.2           0.0
   60  330          59.1          36.1           0.7          95.9         -69.3         -55.7          -1.0         221.9           0.0
   90    0          58.6          40.5         150.3         249.4         -72.8         -55.7         151.0         227.0           0.0
   90   30          59.1          54.6         -14.5          99.2         -69.2         -55.1          -8.9         232.4          -0.3
   90   60          99.9          60.3         425.4         585.6         -22.2         -51.1         425.6         233.3          -0.0
   90   90        1994.7          45.6          -2.8        2037.5        1852.5         -50.6           3.6         231.9          -5.6
   90  120        9437.3          55.3       66703.0       76195.6        9303.9         -52.8       66687.2         257.4          -0.7
   90  150        2031.4          80.9        2486.6        4598.9        1900.0         -51.9        2470.4         280.4           0.0
   90  180         137.0          51.3         290.2         478.6          10.3         -47.3         296.9         218.7          -5.3
   90  210          53.5          50.7        8519.4        8623.7         -71.7         -53.7        8512.5         236.7           0.0
   90  240          71.8          67.2       20677.8       20816.8         -55.0         -37.1       20672.9         236.0           0.0
   90  270         135.9          39.6          23.6         199.1          18.6         -55.6          18.7         217.3           0.0
   90  300         128.1          38.4         241.2         407.7           5.7         -55.5         240.8         216.8           0.0
   90  330         139.0          33.6         688.7         861.3          11.0         -56.4         690.7         216.0           0.0
  120    0          65.2          41.8         -19.0          88.0         -51.0         -54.7         -14.5         208.3           0.0
  120   30          59.1          47.1          15.2         121.4         -69.9         -58.4           5.4         244.3          -0.0
  120   60          62.3          43.3           5.6         111.1         -64.1         -58.8           6.2         227.8          -7.7
  120   90          58.0          55.2          97.1         210.3         -70.3         -52.7          94.3         238.9           0.0
  120  120         107.7          64.9        1414.1        1586.7         -19.6         -57.6        1397.5         266.3          -0.5
  120  150         100.5          52.0         296.9         449.3         -16.8         -58.1         263.7         260.6          -4.2
  120  180         126.8          52.7         213.5         392.9           6.1         -56.3         205.6         237.6          -6.7
  120  210          61.7          52.9          95.5         210.1         -61.1         -58.1          89.8         239.5           0.0
  120  240         137.3          38.5          -6.2         169.6          16.4         -54.1         -12.3         219.6           0.0
  120  270          53.4          39.3          -3.8          88.9         -71.4         -56.7          -3.9         220.9           0.0
  120  300          53.8          34.7          -0.5          88.1         -64.5         -56.4          -8.5         217.5           0.0
  120  330          58.0          41.3          -9.2          90.2         -67.4         -54.8         -10.1         222.5           0.0
  150    0          59.1          37.2         -13.3          82.9         -68.4         -57.7         -16.1         225.2          -7.6
  150   30          67.7          50.4          96.3         214.4         -69.5         -58.2          97.8         244.3          -4.5
  150   60          68.3          36.9        5264.8        5370.0         -66.5         -57.6        5266.3         227.7          -1.4
  150   90          68.8          42.2        7793.6        7904.6         -70.7         -56.7        7782.4         249.6          -1.0
  150  120          72.6          75.0         190.4         338.0         -65.8         -48.1         194.6         257.3          -9.7
  150  150          63.9          52.8          19.8         136.5         -68.6         -58.1          -2.0         265.3           0.0
  150  180          60.2          52.5           7.6         120.3         -66.7         -52.8          -9.5         249.2          -3.5
  150  210          64.5          44.3          14.3         123.1         -66.2         -58.3           4.4         243.3           0.0
  150  240          62.5          71.2          13.8         147.6         -62.8         -34.6           5.6         239.3           0.0
  150  270          57.6          38.0          -1.5          94.1         -65.3         -54.2          -8.4         222.0           0.0
  150  300          58.4          38.2          -0.4          96.2         -68.7         -49.3          -7.2         221.4           0.0
  150  330          55.8          45.9         -10.7          91.0         -69.1         -43.8          -7.9         211.8           0.0
  180    0          64.8          45.9         -12.2          98.5         -72.0         -57.3           7.5         220.3         -14.6
  180   30          68.1          39.1       37856.0       37963.2         -72.8         -55.1       37846.9         244.2          -6.7
  180   60          69.4          45.4       11500.5       11615.3         -69.2         -56.4       11505.4         235.5         -10.7
  180   90          69.5          45.1        1892.7        2007.4         -64.7         -49.6        1878.3         243.3          -9.5
  180  120          62.0          64.4          49.1         175.5         -68.6         -53.7          39.7         258.0           0.0
  180  150          50.6          44.2          18.6         113.4         -67.2         -59.7           4.4         235.9          -0.0
  180  180          62.3          47.4          -9.6         100.1         -67.9         -57.6         -11.6         237.2         -13.6
  180  210          61.9          51.9        3696.5        3810.3         -67.4         -55.4        3687.7         245.4         -12.7
  180  240          60.8         512.3          22.1         595.1         -66.8         422.4          11.0         228.5           0.0
  180  270          53.0          37.4          -0.1          90.3         -66.4         -56.3          -9.5         222.4          -0.0
  180  300          58.4          37.2          15.2         110.9         -68.3         -55.3           5.0         229.4          -0.0
  180  330          61.8          46.4         -14.2          94.0         -66.9         -57.5          -7.3         225.7          -7.1
  210    0          72.5          37.5          -0.6         109.4         -69.7         -56.2           3.5         231.9          -1.5
  210   30          62.4          45.2          47.0         154.7         -67.8         -56.3          49.6         229.2          -6.2
  210   60          59.8          41.6          43.7         145.1         -64.3         -49.9          33.0         226.3           0.0
  210   90          67.9          44.5          -1.9         110.5         -70.8         -51.9          -4.3         237.4          -0.1
  210  120          63.3          84.5          42.0         189.8         -71.8         -34.3          36.2         259.8          -9.8
  210  150          61.1          66.1          33.4         160.7         -63.7         -43.6          24.8         243.2          -0.6
  210  180          63.4          47.6          48.0         159.1         -70.4         -48.0          41.6         235.9          -6.8
  210  210          52.0          44.3        2268.5        2364.9         -71.4         -58.3        2261.0         233.5          -0.0
  210  240          58.2          44.0           3.2         105.5         -69.0         -56.1          -6.7         237.2          -0.0
  210  270          53.9          36.5          -4.1          86.3         -71.1         -55.6         -10.0         223.1          -0.0
  210  300          52.6          34.7          13.3         100.6         -71.8         -56.4           5.7         223.1           0.0
  210  330          62.3          43.6          -8.5          97.3         -68.4         -56.6          -3.4         225.7          -5.3
  240    0          67.4          40.9         -11.6          96.7         -66.6         -50.5          -9.5         223.3          -0.1
  240   30          59.4          37.4           5.2         101.9         -72.0         -55.6           3.1         226.4          -0.8
  240   60          72.0          42.1         334.6         448.7         -65.5         -55.6         338.2         231.6          -7.8
  240   90          66.3          44.7         606.3         717.4         -65.3         -52.7         610.0         225.4          -3.8
  240  120          60.9          53.9          98.2         213.0         -71.1         -55.6          72.4         267.4          -2.4
  240  150          72.2          56.4        1531.3        1659.9         -70.4         -49.2        1527.2         252.3          -0.0
  240  180          57.3          52.5         105.7         215.5         -67.9         -57.3          96.2         244.5          -0.0
  240  210          69.3          51.3          47.5         168.1         -63.8         -48.8          41.1         239.6           0.0
  240  240          51.3          46.3          -0.7          96.9         -71.7         -55.5          -6.2         230.3           0.0
  240  270          56.1          34.9          -8.5          82.5         -67.3         -57.9         -10.4         218.1           0.0
  240  300          58.6          37.1          -9.2          86.5         -67.8         -55.5          -8.1         217.9           0.0
  240  330          60.5          35.2          -6.2          89.6         -67.9         -55.1          -7.8         220.3           0.0
  270    0          69.8          34.3        2003.8        2107.9         -70.1         -56.9        1998.3         236.6          -1.5
  270   30          65.0          46.5       22610.3       22721.8         -68.3         -54.0       22626.2         217.9         -10.1
  270   60         118.7          61.6       87669.4       87849.7          -8.4         -50.4       87664.8         243.8          -0.7
  270   90          73.7          47.2        8058.3        8179.2         -63.9         -55.7        8058.6         240.2          -0.6
  270  120          66.3          64.9         944.5        1075.7         -69.6         -54.1         938.9         260.5           0.0
  270  150          67.1          57.3        7707.6        7832.0         -64.8         -51.9        7699.2         249.5           0.0
  270  180          83.5          47.8         376.1         507.3         -69.5         -59.0         373.4         262.5          -6.0
  270  210          66.7          57.7         397.6         522.1         -67.7         -53.2         393.1         249.9           0.0
  270  240          56.8          52.0         283.4         392.2         -73.6         -46.1         282.3         229.6           0.0
  270  270          64.0          40.2          50.0         154.1         -68.6         -54.3          52.7         224.4           0.0
  270  300          57.2          37.5           7.0         101.7         -70.4         -53.2           2.4         222.9           0.0
  270  330          56.5          43.1          23.5         123.1         -72.3         -48.2          22.7         220.9           0.0
  300    0          88.1          41.2        6947.0        7076.3         -71.3         -55.2        6954.4         248.4           0.0
  300   30         122.2          50.6       57647.1       57819.9         -11.6         -56.8       57649.0         239.2           0.0
  300   60         124.2          46.2        2685.3        2855.7          -5.0         -52.2        2680.3         232.6          -0.2
  300   90          77.7          46.2         196.9         320.8         -60.3         -56.2         195.4         241.9          -3.4
  300  120          77.9          61.5         897.0        1036.3         -63.6         -51.5         889.4         262.0          -0.0
  300  150         133.6          66.6         285.6         485.8           2.1         -46.3         279.4         250.6          -2.1
  300  180          79.2          49.5          74.0         202.7         -63.8         -55.0          75.0         246.5          -0.6
  300  210          73.2          61.2        6372.0        6506.4         -62.9         -34.9        6377.8         226.4          -3.9
  300  240          63.2          49.1          61.5         173.9         -64.8         -47.3          55.4         230.6           0.0
  300  270         117.5          37.5          -3.2         151.8          -6.9         -57.8          -1.0         217.6           0.0
  300  300          62.4          34.8         140.5         237.7         -70.3         -55.2         142.2         221.0           0.0
  300  330          90.3          37.5         113.8         241.6         -61.5         -58.0         112.4         248.7           0.0
  330    0          61.3          37.7          14.9         114.0         -68.8         -47.9           9.0         221.7           0.0
  330   30          60.7          39.9          35.2         135.8         -65.4         -50.8          22.8         229.2          -3.1
  330   60          58.1          45.7          29.0         132.9         -72.3         -56.7          26.5         235.4          -2.3
  330   90          56.7          43.9         214.5         315.1         -71.7         -49.1         206.4         229.6          -1.0
  330  120          62.8          57.6         659.8         780.2         -65.2         -57.7         652.6         250.5          -0.6
  330  150          59.9          74.9      137458.8      137593.7         -71.6         -32.4      137456.9         240.8           0.0
  330  180          63.8          62.9         377.6         504.2         -68.4         -49.9         382.2         240.4          -0.1
  330  210          57.9          51.8        1219.8        1329.4         -65.2         -45.5        1215.3         224.8           0.0
  330  240          61.2          49.1        4360.6        4470.9         -64.7         -53.2        4367.4         221.4          -0.0
  330  270          60.0          34.7           3.4          98.0         -63.1         -55.6           0.6         216.0           0.0
  330  300          58.1          39.6          -7.6          90.2         -66.7         -50.6          -6.3         213.7           0.0
  330  330          57.4          37.4          63.9         158.7         -70.8         -53.4          63.5         219.4           0.0
