   H2   H3  Tot_22_Intra  Tot_33_Intra  Tot_23_Inter  TotalE_H2-H3  VDW_22_Intra  VDW_33_Intra  VDW_23_Inter  NoVDWE_H2-H3  HBE_23_Inter
    0    0         819.4         178.2         -22.4         975.2         672.7          25.5          17.2         259.8          -2.2
    0   30          99.3         156.0       22276.5       22531.9         -26.8          15.5       22317.4         225.7          -7.8
    0   60          72.7         126.6         112.3         311.5         -55.2         -20.9         141.6         246.0          -4.1
    0   90         650.9          84.7         -12.1         723.5         500.3         -54.5          47.2         230.4         -16.4
    0  120         129.7          81.1         198.1         408.8          -7.5         -80.6         239.4         257.4           0.0
    0  150         214.1         209.0         215.2         638.4          70.7          42.4         255.1         270.2          -0.0
    0  180         129.4         104.2        3143.2        3376.8          -2.7         -72.1        3177.2         274.4           0.0
    0  210         136.5          65.3         714.4         916.2          -9.3         -82.4         752.0         255.9          -0.9
    0  240         149.5         368.9        1190.0        1708.4           9.5         226.4        1224.3         248.1          -5.2
    0  270         172.6          73.6        1863.9        2110.0          34.2         -53.3        1901.5         227.7          -8.0
    0  300         190.1         134.9       52954.8       53279.7          61.8           8.0       53004.9         205.0         -12.6
    0  330         241.9         238.8         221.4         702.2         107.8          51.7         286.8         255.8         -15.8
   30    0         131.6          84.2         127.0         342.8          17.6         -63.0         156.6         231.6          -7.1
   30   30          82.6         110.1         178.6         371.3         -26.9         -42.2         228.5         212.1          -4.3
   30   60          69.8          72.5         -38.3         103.9         -51.3         -71.3           3.4         223.1          -0.3
   30   90         121.1          95.3          11.2         227.6          -9.1         -48.6          61.6         223.7          -6.2
   30  120         152.6         141.5         535.5         829.6           4.8         -26.6         591.8         259.6         -10.4
   30  150         150.7         101.1         -67.3         184.4          17.9         -58.2         -15.6         240.4         -14.9
   30  180         192.3         103.8         332.1         628.1          47.3         -70.8         393.4         258.2         -11.0
   30  210          71.1          77.6         -18.6         130.1         -45.1         -72.5          21.6         226.0          -7.4
   30  240         123.0          69.8         285.8         478.6          -5.3         -91.9         319.2         256.6         -12.1
   30  270         182.4         205.1        1034.7        1422.2          34.0          55.9        1075.4         256.9           2.8
   30  300         135.4         195.1          82.1         412.6           0.5          46.5         117.9         247.7          -7.2
   30  330          95.1          86.9          24.4         206.3         -58.7         -64.3          65.6         263.8          -8.3
   60    0         140.3          89.0          -7.7         221.6          26.5         -50.4          27.2         218.2          -4.6
   60   30         144.9          88.5         -79.7         153.7          -3.3         -65.9         -20.9         243.9         -20.0
   60   60         196.4          82.2         -42.4         236.1          60.9         -57.0           2.3         230.0          -6.6
   60   90         351.0          93.6         346.7         791.3         227.2         -55.4         399.5         219.9         -10.6
   60  120         164.4          84.3         214.0         462.7          32.5         -78.1         262.3         246.0          -6.8
   60  150          98.2          97.5         -10.3         185.4         -54.8         -57.0          55.0         242.3         -11.7
   60  180         266.4         238.6          16.4         521.4         119.7          59.7          83.8         258.3          -9.6
   60  210         176.7         138.3         293.5         608.5          24.3         -18.1         360.7         241.6         -19.5
   60  240         149.8         377.1          83.6         610.5          19.2         201.7         132.6         257.0         -13.0
   60  270         158.3         158.1         -28.5         287.9          25.5           0.5          18.5         243.3         -14.0
   60  300         284.4          80.8         134.3         499.5         126.8         -62.2         195.9         239.0         -13.3
   60  330         360.9         186.6         -27.2         520.3         230.9          52.4           6.6         230.3          -6.3
   90    0         199.0         158.4          11.0         368.4          57.2          22.7          64.9         223.6          -7.8
   90   30         181.3         137.8        1721.5        2040.7          43.3         -20.3        1754.8         262.9          -4.8
   90   60         254.9         106.8         198.3         559.9         128.6         -43.7         253.3         221.8         -16.5
   90   90         152.5          59.0         248.6         460.2           6.2         -83.5         306.9         230.6         -21.5
   90  120         209.3          66.3         218.0         493.6          65.9         -90.7         260.4         258.0          -0.1
   90  150         322.2         279.6        2889.6        3491.4         175.2         134.3        2936.0         245.8         -10.3
   90  180         411.2          64.5         355.6         831.3         259.8         -92.4         418.7         245.2         -11.8
   90  210          86.8          78.6         297.2         462.6         -56.1         -92.8         351.9         259.6         -10.2
   90  240         189.9         377.8         483.6        1051.3          50.7         212.9         530.2         257.4          -5.7
   90  270         205.1          60.8        1593.8        1859.8          71.5         -83.3        1664.2         207.4         -18.0
   90  300       59522.7         342.0      101955.2      161819.9       59378.1         195.3      102002.0         244.4          -6.6
   90  330         150.5         157.5        3251.7        3559.8          18.1          14.7        3296.2         230.8          -9.3
  120    0         160.6          56.2        1368.9        1585.6          18.2         -93.4        1416.4         244.5         -16.7
  120   30         202.4         106.0         277.7         586.1          28.7         -36.8         321.5         272.8          -8.6
  120   60          83.4          59.6         -83.7          59.3         -57.7         -80.5         -26.9         224.4          -7.0
  120   90         160.8          76.1         606.4         843.2           2.4         -71.1         651.4         260.5         -16.4
  120  120         298.3         347.3         957.7        1603.3         150.0         162.0        1005.9         285.5         -11.0
  120  150         171.2         131.1         407.3         709.6          13.5         -44.6         471.0         269.7         -13.8
  120  180         306.5         139.4         136.9         582.7         161.6         -22.8         204.3         239.6         -15.9
  120  210         391.1         219.2        3034.7        3645.1         231.5         -63.7        3115.6         361.7         -12.8
  120  240         277.3        5002.3        2971.8        8251.4         134.7        4838.1        3026.9         251.7         -12.2
  120  270         285.0         118.2         447.1         850.3         123.6         -47.4         505.6         268.6         -11.8
  120  300         123.9         353.1         283.7         760.7         -17.5         209.7         327.8         240.6         -10.8
  120  330          96.3         113.5         -29.5         180.4         -48.0         -34.0          42.1         220.3         -23.4
  150    0          82.7         142.3         292.2         517.2         -67.5         -19.4         351.2         252.9         -11.5
  150   30          57.3          95.4         400.0         552.7         -69.7         -65.2         439.9         247.8          -1.9
  150   60          79.1          64.7          45.5         189.3         -71.6         -94.4          95.9         259.4         -11.3
  150   90       15167.6         189.4        3623.2       18980.2       15013.2          40.0        3657.6         269.4          -7.4
  150  120          78.3         269.4         209.9         557.6         -69.9         100.1         244.5         282.9          -9.0
  150  150          86.6          95.5         296.2         478.3         -65.2         -61.9         360.8         244.7         -14.0
  150  180        1068.5       48784.0      172157.0      222009.5         925.2       48616.0      172205.3         263.0         -14.9
  150  210         124.5         356.4         819.4        1300.4         -18.6         199.1         863.3         256.6          -1.5
  150  240          87.9          48.1       57630.7       57766.7         -52.5         -98.4       57669.4         248.3          -3.0
  150  270        1051.3         393.6        5368.8        6813.7         908.4         251.0        5425.2         229.2          -7.8
  150  300          76.6         234.2         169.3         480.1         -62.7          82.4         211.8         248.6          -6.6
  150  330          86.0         146.1         345.5         577.6         -64.5           7.7         407.9         226.4         -27.6
  180    0         135.3         162.0           4.6         301.9         -11.3          -4.5          49.7         268.0          -7.5
  180   30          73.9          79.6         -51.4         102.2         -64.5         -56.5         -26.4         249.6          -4.6
  180   60          73.2          98.5          49.5         221.2         -63.9         -47.3          87.7         244.7          -2.7
  180   90          57.6         230.0         -37.0         250.7         -68.8          76.4           4.6         238.5          -0.1
  180  120         157.1          53.4         -41.8         168.7           6.4         -94.0          -8.0         264.3          -0.6
  180  150          75.3         414.1        2657.0        3146.5         -63.2         281.2        2696.9         231.5          -1.5
  180  180          94.9         504.9        1692.4        2292.1         -66.9         344.7        1737.7         276.6          -5.8
  180  210          82.7          72.7           6.6         162.0         -61.3         -68.2          47.4         244.0          -5.1
  180  240         104.1         265.7        1174.6        1544.5         -36.0         118.6        1210.2         251.6          -0.3
  180  270         384.7         168.9        2085.0        2638.6         220.2          38.3        2123.0         257.1          -9.9
  180  300          86.8         209.9          38.3         335.1         -52.2          56.9          74.9         255.5          -0.8
  180  330          65.8         177.2         -71.7         171.2         -62.1          34.3         -28.2         227.3          -5.6
  210    0          80.9          68.4         -13.1         136.2         -73.7         -86.2          37.8         258.3         -11.7
  210   30          77.5          67.0         -27.9         116.7         -73.6         -81.3          -2.7         274.3          -6.3
  210   60          80.4          76.4         -19.5         137.3         -67.5         -72.6          32.3         245.1          -0.8
  210   90          69.5          86.0           6.2         161.7         -70.7         -54.5          46.7         240.2          -4.9
  210  120         114.5         117.5         285.9         517.8         -30.9         -50.1         325.3         273.5          -8.6
  210  150         149.4          86.0          47.4         282.8          -4.9         -61.2          91.8         257.2          -2.0
  210  180          80.9         321.6         127.3         529.7         -58.1         154.2         160.5         273.1          -3.2
  210  210          83.0          65.8         350.7         499.5         -71.6         -83.0         385.9         268.2          -0.0
  210  240         563.6         161.4       26491.8       27216.8         405.0          16.6       26517.5         277.6          -1.0
  210  270         144.4          70.6         132.5         347.4          -4.8         -59.7         170.9         241.0          -7.0
  210  300          96.2         320.7         947.4        1364.4         -61.6         191.7         973.5         260.8          -0.3
  210  330          72.9         228.6         401.8         703.4         -74.0          76.0         449.3         252.0          -5.5
  240    0          82.8          86.6         -65.9         103.4         -71.2         -66.5         -32.6         273.7          -2.7
  240   30          69.9          90.9         122.7         283.5         -71.0         -70.7         156.0         269.2          -1.4
  240   60          91.9         165.4          54.3         311.5         -64.6           9.7         103.1         263.4          -8.9
  240   90          74.2         105.6          99.0         278.8         -69.9         -45.9         162.9         231.8          -9.2
  240  120         158.7          82.7         -22.1         219.3           3.5         -81.7          27.2         270.4          -0.7
  240  150          78.4         116.8         -33.5         161.7         -64.9         -45.9           3.7         268.9          -2.1
  240  180          96.4          83.8        1275.9        1456.0         -51.3         -62.2        1300.4         269.1          -1.3
  240  210         159.3         617.3        1067.3        1843.9           0.9         447.1        1095.9         300.0          -1.5
  240  240         152.1         186.7          82.3         421.2          17.0          21.1         107.6         275.5          -6.3
  240  270         141.8         176.5        2253.6        2571.9          -9.8           8.2        2286.0         287.4          -0.6
  240  300         905.7         217.4        2216.8        3339.9         758.7          75.8        2254.8         250.6          -5.5
  240  330         134.6          72.0         112.9         319.5         -13.0         -63.6         149.6         246.6          -9.5
  270    0         182.7          96.7          49.8         329.2          38.1         -68.8          82.2         277.7          -0.4
  270   30         134.8          65.3         110.9         311.0         -35.6         -94.4         138.8         302.2          -2.1
  270   60          79.5          69.3          -9.7         139.1         -61.3         -74.4          30.4         244.5          -6.6
  270   90         101.9         197.1          -9.4         289.6         -51.2          57.3          37.7         245.9          -4.9
  270  120         169.6          70.5         -27.5         212.6          12.6         -89.2         -15.4         304.6          -3.7
  270  150         221.5          88.3         366.6         676.3          71.3         -73.0         386.5         291.5          -2.0
  270  180         119.7         229.2         155.2         504.1         -28.6          79.1         177.7         275.9          -0.6
  270  210         132.6          73.9         290.1         496.6         -16.9         -60.2         321.8         251.9          -1.7
  270  240         290.5          90.2          95.3         476.1         129.9         -58.6         129.7         275.2          -0.2
  270  270         112.4         164.2        4676.4        4953.0         -45.4          35.2        4710.7         252.4          -3.3
  270  300         276.8         465.4       16922.1       17664.3         127.4         341.1       16957.0         238.7          -1.7
  270  330          98.8         188.8         -44.1         243.5         -39.4          32.3           6.5         244.2         -10.9
  300    0          96.5          76.3        7435.9        7608.6         -39.9         -91.6        7471.3         268.8          -2.5
  300   30          88.8         101.0          73.7         263.5         -52.0         -59.1         119.2         255.5         -14.3
  300   60          85.1          72.0          86.5         243.5         -65.5         -69.3         121.2         257.1          -0.8
  300   90         229.2          89.8         -16.3         302.7          93.4         -51.2           6.3         254.1          -0.7
  300  120          90.9          61.1           7.2         159.2         -47.9         -76.3           4.3         279.2          -1.6
  300  150          69.7          60.9         722.9         853.5         -68.2         -86.8         768.8         239.8         -16.2
  300  180         110.7         221.0         703.7        1035.4         -48.9          57.6         740.3         286.5          -0.1
  300  210          93.3          74.6         133.3         301.2         -55.5         -98.7         163.6         291.9          -0.0
  300  240          87.1          54.8        3450.5        3592.5         -62.8         -66.7        3481.8         240.2          -0.2
  300  270         112.4         490.8        2954.9        3558.1         -31.9         350.7        2985.0         254.2          -0.1
  300  300          90.3         371.9         358.6         820.9         -65.9         207.7         392.9         286.1          -3.6
  300  330          85.6          62.0        2109.5        2257.0         -67.1         -75.3        2147.6         251.9          -1.5
  330    0          77.9          73.0         115.5         266.4         -58.0         -70.3         155.9         238.7          -6.0
  330   30          83.0         102.9         -29.0         156.8         -60.0         -47.7           3.2         261.3          -1.1
  330   60         233.8          84.0          51.1         368.9          80.7         -73.0         102.8         258.4          -5.5
  330   90          97.9          78.5         359.8         536.2         -42.4         -67.2         383.4         262.4          -0.0
  330  120         111.6          78.3         -25.6         164.2         -29.8         -55.8         -13.0         262.8           0.0
  330  150         725.3         105.5          -9.0         821.8         558.0         -52.2          20.6         295.4          -2.7
  330  180          80.8          80.8          82.5         244.1         -52.1         -75.3         125.5         245.9          -4.3
  330  210          84.6          61.4        1787.5        1933.5         -64.0         -92.0        1808.8         280.8           0.0
  330  240          70.0          48.0         794.3         912.4         -64.4         -90.6         828.7         238.7          -0.1
  330  270          59.7          77.0         -46.0          90.7         -65.2         -61.1         -13.0         229.9          -0.0
  330  300         150.3         485.4        2300.7        2936.4          15.8         355.9        2316.0         248.8          -0.0
  330  330        1000.3         309.4        1132.9        2442.7         856.8         165.4        1184.5         236.0         -16.5
