                                    Ordered by
                    Structure         TotalE     NoInterHelVDW     NoAllVDW        InterHB
      180_240_0_240_60_270_90          265.9          213.5          504.2          -26.3
     180_240_0_240_60_270_330          281.5          214.9          505.6          -27.3
     180_240_0_240_150_180_90          290.1          176.4          452.1          -34.0
     180_240_0_240_330_300_60          296.1          221.7          509.1          -34.1
     180_240_0_240_330_270_90          296.9          209.7          496.1          -33.8
     180_240_0_240_330_300_90          298.6          203.2          491.9          -40.7
      180_240_0_240_60_270_60          303.9          223.4          510.0          -31.8
     180_240_0_240_60_330_330          305.2          205.3          500.7          -30.2
      180_240_0_240_60_120_60          307.9          219.4          498.3          -33.6
    180_240_0_240_330_300_330          310.9          214.8          502.9          -30.9
     180_240_0_240_60_270_120          312.4          226.0          517.0          -29.1
    180_240_0_240_330_270_330          312.4          211.0          497.5          -34.8
    180_240_0_240_150_330_330          314.7          226.8          503.2          -23.1
     180_240_0_240_60_270_240          315.3          245.9          533.7          -23.7
      180_240_0_240_60_330_60          316.5          222.6          519.8          -27.8
    180_240_0_240_330_300_300          317.8          229.7          515.4          -31.6
    180_240_0_240_150_180_330          319.8          196.8          468.3          -30.1
      180_240_0_240_60_330_90          320.7          215.3          509.3          -28.0
      180_240_0_270_60_270_90          321.9          291.6          518.4          -26.1
     180_240_0_240_150_330_60          326.0          244.1          522.4          -20.7
     120_240_0_240_60_270_330          327.9          265.0          509.2          -27.8
     180_240_0_240_60_270_300          328.6          243.5          533.7          -21.8
      180_240_0_240_60_120_90          328.9          223.3          500.4          -30.0
     180_240_0_240_150_330_90          330.2          236.8          511.9          -20.9
      150_210_0_240_60_270_90          331.8          160.8          461.6          -48.6
     180_240_0_240_330_180_90          334.2          192.2          476.6          -40.9
     180_240_0_240_60_270_270          334.8          236.5          534.0          -19.9
     180_240_0_240_330_270_60          334.9          219.6          501.9          -39.3
    180_240_0_240_330_330_330          335.1          220.6          496.1          -32.4
     180_240_0_240_150_270_90          336.3          262.6          503.8          -30.9
      120_240_0_240_60_270_90          337.0          266.7          512.9          -25.0
     180_240_0_240_150_180_60          337.0          224.6          483.0          -30.0
     180_240_0_270_60_270_330          337.4          292.9          519.8          -27.1
    180_240_0_240_330_270_120          343.4          222.2          508.9          -36.6
      180_240_0_240_60_90_240          344.3          246.9          530.1          -24.6
       180_240_0_240_60_60_60          345.9          266.8          537.8          -22.8
    180_240_0_240_330_270_240          346.2          242.0          525.6          -31.2
     180_240_0_240_330_330_60          346.4          237.9          515.3          -30.0
     180_240_0_240_60_120_330          347.6          239.8          514.4          -29.4
     120_240_0_240_60_270_240          349.5          290.1          531.8          -32.2
     180_240_0_240_330_330_90          350.6          230.6          504.7          -30.2
     180_240_0_240_60_270_210          351.1          263.7          543.2          -20.1
      180_240_0_240_60_270_30          351.1          275.1          526.6          -28.0
     120_240_0_240_60_330_330          351.7          255.5          504.3          -30.7
    180_240_0_240_150_270_330          351.9          264.0          505.2          -31.9
     120_240_0_240_330_300_60          352.1          269.6          513.0          -34.4
     120_240_0_240_60_270_120          352.7          276.5          522.6          -31.4
     180_240_0_240_60_330_300          353.0          232.3          527.7          -26.8
     210_210_0_240_60_270_330          354.3          179.2          487.7          -38.5
     210_210_0_240_60_270_120          354.7          173.7          485.7          -41.5
     150_210_0_240_150_180_90          355.9          123.6          409.5          -56.3
     180_240_0_240_60_120_300          357.1          249.8          525.5          -29.5
    120_240_0_240_330_300_330          357.3          264.9          506.6          -31.4
     150_210_0_240_60_270_120          358.6          179.1          479.7          -45.1
     180_240_0_240_150_180_30          358.8          246.8          465.5          -39.1
    120_240_0_240_330_270_330          358.9          261.2          501.2          -35.3
      180_240_0_240_60_90_330          359.0          251.4          530.4          -19.8
    180_240_0_240_330_300_120          359.1          223.1          508.8          -34.0
    180_240_0_240_330_270_300          359.6          239.7          525.6          -29.3
      180_240_0_270_60_270_60          359.9          301.5          524.2          -31.6
     210_210_0_240_330_300_60          359.9          157.0          470.3          -45.0
      120_240_0_240_60_270_60          360.0          271.4          513.9          -32.1
      180_240_0_240_60_90_120          360.5          246.5          529.4          -26.4
     120_240_0_240_150_180_90          361.1          229.5          460.8          -32.7
    180_240_0_240_330_300_210          361.1          232.6          524.5          -27.6
    120_240_0_240_150_330_330          361.2          277.0          506.9          -23.6
     180_240_0_270_60_330_330          361.2          283.4          514.9          -30.0
     120_240_0_240_60_270_210          362.0          294.4          525.9          -25.0
    180_240_0_240_150_330_300          362.5          253.8          530.2          -19.7
     150_210_0_240_330_270_90          362.7          156.9          453.5          -56.1
      180_240_0_270_60_120_60          363.9          297.5          512.5          -33.4
      120_240_0_240_60_120_60          363.9          267.3          502.2          -33.9
    180_240_0_240_330_180_330          364.0          212.7          492.8          -37.0
     180_240_0_240_60_120_120          364.0          231.3          498.2          -36.0
     150_210_0_240_330_300_90          364.4          150.4          449.3          -63.0
     150_210_0_240_60_270_330          364.7          188.1          483.3          -42.0
    180_240_0_240_330_270_270          365.7          232.6          525.9          -27.4
    120_240_0_240_150_180_330          366.3          247.0          472.0          -30.6
      180_240_0_240_60_60_330          366.5          262.7          537.8          -21.2
      210_210_0_240_60_270_60          367.8          158.8          471.2          -42.7
     120_240_0_240_60_120_180          367.8          293.1          523.4          -35.0
     120_240_0_240_330_270_90          367.9          262.8          504.9          -32.5
     180_240_0_270_60_270_120          368.4          304.1          531.2          -28.9
     180_240_0_240_60_330_120          368.9          229.7          510.4          -33.1
     120_240_0_240_330_300_90          369.7          256.4          500.6          -39.4
      180_240_0_240_60_180_90          370.9          270.8          487.8          -39.2
    120_240_0_240_330_300_300          371.2          280.5          518.7          -30.2
     180_240_0_270_60_270_240          371.2          323.9          547.9          -23.5
      180_240_0_240_60_120_30          371.4          254.0          494.8          -37.7
     150_210_0_240_60_120_150          371.4          172.2          465.0          -41.7
      210_210_0_240_60_120_60          371.8          154.8          459.5          -44.5
    120_240_0_240_330_300_210          372.0          263.3          507.2          -32.5
      180_240_0_270_60_330_60          372.4          300.6          534.1          -27.6
      120_240_0_240_60_330_60          372.5          270.5          523.7          -28.1
     180_240_0_240_150_150_60          373.0          240.6          493.6          -29.3
     180_240_0_240_150_270_60          374.3          272.5          509.6          -36.4
     150_210_0_240_60_330_150          374.8          162.3          469.8          -37.2
    150_210_0_240_330_300_150          374.9          173.8          472.7          -39.7
    180_240_0_240_150_180_120          375.9          190.3          468.7          -36.9
       180_240_0_240_60_90_60          376.6          261.2          529.5          -21.8
      180_240_0_270_60_330_90          376.7          293.4          523.5          -27.8
      180_240_0_240_60_330_30          377.2          272.2          518.8          -26.7
     150_210_0_240_330_300_60          377.6          169.4          474.2          -49.4
      210_210_0_240_60_270_90          377.8          166.7          479.2          -43.2
     210_210_0_240_60_330_330          378.0          169.6          482.8          -41.4
    180_240_0_240_150_330_120          378.4          251.2          513.0          -26.0
      120_240_0_240_60_90_240          378.6          291.2          528.3          -33.1
     180_240_0_240_150_150_90          379.0          234.9          478.4          -30.3
     210_210_0_240_60_270_240          379.1          216.4          530.1          -29.2
     180_240_0_270_150_180_90          379.2          262.1          484.8          -33.8
     150_210_0_240_60_270_150          379.6          199.7          498.0          -32.1
     180_240_0_240_150_240_60          379.9          243.7          508.4          -33.5
      210_210_0_240_60_330_60          380.3          157.9          481.0          -38.7
    120_240_0_240_330_270_240          380.5          286.3          523.8          -39.7
     180_240_0_240_330_180_60          381.1          240.4          507.5          -36.9
    120_240_0_240_330_330_330          381.5          270.7          499.8          -32.9
     120_240_0_240_60_270_300          382.0          294.3          537.0          -20.4
     120_240_0_240_150_330_60          382.0          292.0          526.3          -21.0
    180_240_0_240_330_270_210          382.0          259.8          535.2          -27.6
     180_240_0_240_330_270_30          382.0          271.2          518.6          -35.5
      120_240_0_240_60_270_30          382.2          306.7          518.9          -28.6
    180_240_0_240_150_270_120          382.8          275.1          516.6          -33.7
    180_240_0_240_150_240_270          382.9          257.9          517.7          -31.4
    180_240_0_240_330_330_300          382.9          247.6          523.1          -29.0
      180_240_0_240_60_150_60          383.1          239.9          511.2          -22.0
    120_240_0_240_330_270_120          383.6          272.6          514.5          -38.9
    210_210_0_240_330_300_330          383.7          179.1          485.0          -42.1
     120_240_0_270_60_270_330          383.9          343.1          523.5          -27.6
    150_210_0_240_150_330_150          384.3          183.8          472.4          -30.1
      180_240_0_240_60_90_210          384.4          259.0          540.9          -20.1
      210_210_0_240_60_270_30          384.4          174.6          499.1          -38.2
     180_240_0_270_60_270_300          384.6          321.6          547.9          -21.6
     180_240_0_240_330_300_30          384.8          256.9          508.2          -33.6
      180_240_0_270_60_120_90          384.9          301.4          514.6          -29.8
    210_210_0_240_330_270_330          385.2          175.3          479.6          -46.0
      150_210_0_240_60_270_60          385.4          171.1          475.0          -47.1
    180_240_0_240_150_270_240          385.7          295.0          533.3          -28.3
    210_210_0_240_330_270_120          385.7          169.9          477.6          -49.0
      150_210_0_240_60_330_90          386.6          162.6          466.7          -50.3
     180_240_0_240_150_330_30          386.7          293.7          521.3          -19.6
      150_210_0_270_60_270_90          387.2          237.4          475.1          -48.4
    150_210_0_240_150_180_150          387.4          147.0          428.3          -42.6
    210_210_0_240_150_330_330          387.5          191.1          485.4          -34.3
     120_240_0_240_60_270_270          388.2          287.7          540.7          -23.7
     150_210_0_240_60_330_330          388.4          178.5          478.4          -44.9
     150_210_0_240_60_120_180          389.1          197.1          490.0          -54.5
      180_240_0_240_60_150_90          389.1          234.2          496.0          -23.0
      150_210_0_240_60_120_60          389.4          167.1          463.4          -48.9
     150_210_0_240_60_270_240          389.4          211.3          514.3          -36.7
    150_210_0_240_330_270_120          389.5          175.2          471.6          -52.6
     180_240_0_240_60_120_270          389.6          255.6          523.4          -33.5
     210_210_0_240_150_330_60          389.8          179.4          483.6          -31.6
     120_240_0_240_150_180_30          389.9          278.4          457.8          -39.7
     150_210_0_240_60_270_270          390.3          179.3          487.4          -35.5
      180_240_0_240_60_60_240          390.4          279.6          538.3          -24.9
     180_240_0_270_60_270_270          390.7          314.5          548.2          -19.7
     120_240_0_240_330_270_60          390.9          267.5          505.8          -39.6
       150_210_0_240_60_270_0          391.5          202.2          503.5          -33.6
      120_240_0_240_60_330_90          391.8          268.5          518.1          -26.7
     180_120_60_330_60_270_90          391.8          199.0          502.5          -32.1
     150_210_0_240_60_270_210          391.9          198.4          490.2          -47.0
     210_210_0_240_150_180_30          392.1          146.3          438.1          -49.3
    210_210_0_240_150_180_330          392.6          161.1          450.4          -41.3
      150_210_0_240_60_60_150          392.8          199.3          487.1          -38.2
      120_240_0_270_60_270_90          392.9          344.7          527.2          -24.8
    120_240_0_240_330_270_210          392.9          290.5          517.8          -32.5
     120_240_0_240_150_180_60          393.1          272.6          486.9          -30.3
     120_240_0_240_60_330_180          393.9          277.4          527.8          -30.5
     120_240_0_240_60_120_330          394.0          289.9          518.1          -29.9
    150_210_0_240_330_300_330          394.1          188.0          480.6          -45.6
     120_240_0_240_60_270_180          394.4          308.8          536.8          -28.2
      150_210_0_240_60_120_90          394.8          170.6          457.8          -52.3
      120_240_0_240_60_90_210          395.3          289.7          523.6          -25.0
    150_210_0_240_330_270_330          395.6          184.2          475.2          -49.5
     150_210_0_240_150_330_90          396.1          184.1          469.3          -43.2
     180_240_0_240_150_240_90          396.2          218.4          478.0          -39.9
      300_240_0_240_60_270_90          396.5          295.0          523.6          -17.4
     210_30_60_330_60_270_120          396.8          264.8          558.3          -28.0
    150_210_0_240_150_330_330          397.9          200.0          481.0          -37.8
    120_240_0_240_330_300_180          397.9          281.3          522.3          -32.9
      150_210_0_240_60_330_60          398.0          170.3          484.9          -43.1
      150_210_0_240_60_270_30          398.1          183.9          485.5          -41.7
      210_30_60_330_60_120_30          398.3          218.0          525.2          -32.0
    120_240_0_240_150_270_330          398.3          314.1          508.9          -32.4
     210_240_0_240_60_270_330          398.4          207.6          508.1          -23.7
      150_210_0_240_60_90_150          398.7          195.7          489.5          -32.1
     210_210_0_240_330_270_60          398.7          154.9          463.1          -50.2
    180_240_0_240_330_330_120          398.8          245.0          505.9          -35.3
     180_120_60_330_60_120_60          399.0          171.0          476.3          -32.0
    180_240_0_240_150_270_300          399.0          292.6          533.3          -26.4
    120_240_0_240_330_300_120          399.4          273.6          514.4          -36.3
       180_240_0_240_60_60_30          399.5          297.0          527.5          -25.2
      210_30_60_330_60_90_240          399.9          252.9          546.5          -26.5
      120_240_0_240_60_120_90          400.0          276.5          509.2          -28.7
     150_210_0_240_330_180_90          400.0          139.4          434.0          -63.2
      180_240_0_270_60_90_240          400.3          325.0          544.4          -24.4
     210_30_60_330_60_270_240          400.3          280.6          572.1          -19.6
     180_240_0_240_60_180_330          400.7          291.3          504.0          -35.3
      120_240_0_240_60_90_120          400.8          297.0          535.0          -28.7
     210_210_0_240_150_180_60          400.9          160.0          444.2          -40.9
      180_240_0_240_330_0_330          401.2          251.2          523.2          -28.4
     120_240_0_240_150_330_90          401.3          290.0          520.6          -19.6
    210_210_0_240_330_300_120          401.4          170.8          477.5          -46.4
       60_240_0_240_60_270_90          401.8          257.5          483.6          -23.8
       180_240_0_270_60_60_60          401.8          344.8          552.1          -22.6
       120_240_0_240_60_60_60          401.9          314.7          541.7          -23.1
    150_210_0_240_330_300_210          401.9          167.3          471.5          -54.5
     210_210_0_240_150_180_90          402.0          129.6          427.1          -50.9
     150_210_0_240_150_270_90          402.2          209.9          461.2          -53.2
     120_240_0_240_330_330_60          402.4          285.8          519.2          -30.3
      120_240_0_240_60_120_30          402.5          285.6          487.0          -38.3
      210_210_0_240_60_90_120          402.9          194.3          498.2          -38.8
     180_240_0_240_330_180_30          402.9          262.6          490.1          -46.0
    150_210_0_240_150_180_330          403.0          170.0          446.1          -44.8
       180_240_0_240_60_0_330          403.0          249.5          532.0          -24.2
    120_240_0_240_150_330_180          403.4          298.9          530.3          -23.4
     180_240_0_270_60_120_330          403.5          317.8          528.7          -29.2
     180_240_0_240_60_330_270          403.7          233.5          532.2          -25.2
    180_240_0_270_150_330_330          403.8          312.5          535.9          -22.9
     120_240_0_240_60_120_120          404.3          281.8          503.9          -38.3
    150_210_0_240_330_330_150          404.7          177.6          465.3          -39.4
      210_210_0_240_60_120_30          404.7          153.5          467.3          -47.9
    180_240_0_240_150_270_270          405.2          285.6          533.7          -24.5
     120_240_0_240_330_180_90          405.2          245.3          485.4          -39.6
    150_210_0_240_330_300_120          405.3          176.2          471.5          -50.0
      210_30_60_330_60_270_30          405.3          256.9          559.5          -27.1
     180_240_0_240_60_120_210          405.5          241.7          527.1          -29.7
     120_240_0_270_60_270_240          405.5          368.2          546.1          -32.0
      120_240_0_240_60_90_330          405.5          301.6          534.1          -20.3
     150_210_0_240_150_180_30          405.8          155.6          424.4          -52.8
     120_240_0_240_60_330_300          406.3          283.0          531.0          -25.4
     210_210_0_240_60_120_120          406.3          179.0          467.0          -48.4
      150_210_0_240_60_90_120          406.7          199.6          492.2          -42.4
    180_240_0_240_150_240_330          407.0          229.3          496.9          -32.5
     180_240_0_270_60_270_210          407.0          341.7          557.5          -19.9
      180_240_0_270_60_270_30          407.0          353.1          540.9          -27.8
     180_240_0_240_330_330_30          407.1          287.5          514.2          -28.9
     120_240_0_240_150_270_90          407.4          315.8          512.6          -29.6
     150_210_0_240_150_330_60          407.5          191.8          487.5          -36.0
    150_210_0_240_150_240_150          407.6          178.6          456.1          -48.7
     120_240_0_270_60_330_330          407.6          333.5          518.6          -30.5
    210_210_0_240_330_330_330          407.9          184.9          478.2          -43.6
    180_120_60_330_60_270_330          408.0          187.4          491.4          -38.5
      210_210_0_240_60_90_240          408.2          217.5          526.5          -30.1
      120_240_0_240_60_330_30          408.3          303.8          511.0          -27.3
     120_240_0_270_60_270_120          408.6          354.5          536.8          -31.2
     210_210_0_240_60_270_270          408.7          177.9          503.7          -29.2
     210_210_0_240_330_270_90          408.8          162.9          471.1          -50.7
    180_240_0_270_150_180_330          408.9          282.5          501.0          -29.9
      150_210_0_240_150_180_0          409.0          169.9          448.1          -49.1
     180_240_0_270_60_330_300          409.0          310.4          541.9          -26.6
     120_240_0_240_60_330_120          409.2          280.2          516.0          -35.4
       90_240_0_240_60_270_90          409.6          222.3          479.0          -32.4
     210_240_0_240_60_270_120          409.7          214.0          516.5          -25.5
       210_210_0_240_60_60_60          409.7          202.1          499.0          -33.7
     210_210_0_270_60_270_330          409.8          255.9          501.2          -38.3
    210_210_0_240_330_270_240          410.1          212.6          522.0          -36.7
     150_210_0_240_60_120_120          410.2          184.4          461.0          -52.0
     210_210_0_270_60_270_120          410.2          250.4          499.2          -41.3
     210_210_0_240_330_330_60          410.2          173.2          476.5          -40.9
     120_240_0_240_60_120_300          410.4          300.5          528.9          -28.1
    120_240_0_240_330_180_330          410.4          262.8          496.5          -37.5
      210_210_0_240_60_330_30          410.5          171.7          491.3          -36.9
    150_210_0_240_330_270_150          410.5          195.8          489.9          -39.6
     210_210_0_240_330_300_90          410.5          156.4          466.9          -57.6
     210_210_0_240_60_120_180          410.9          177.9          484.2          -47.6
     210_210_0_240_60_330_120          411.2          177.4          479.2          -45.5
       30_240_0_240_60_270_90          412.2          332.1          517.6          -19.9
      180_240_0_240_150_60_60          412.6          270.2          509.0          -21.5
    120_240_0_240_330_270_300          412.9          290.4          529.0          -27.9
      120_240_0_240_60_60_330          413.0          312.9          541.5          -21.7
     180_240_0_270_60_120_300          413.0          327.8          539.8          -29.3
     120_240_0_240_330_270_30          413.1          302.8          510.8          -36.1
      180_240_0_240_60_60_300          413.2          274.0          545.0          -25.1
    180_240_0_240_150_330_270          413.2          255.0          534.8          -18.1
      180_240_0_240_330_0_300          413.6          267.8          540.2          -32.3
      120_240_0_240_60_60_180          413.8          326.5          547.2          -26.8
     150_210_0_270_60_270_120          414.0          255.7          493.2          -44.9
      180_240_0_210_60_270_90          414.7          218.4          514.4          -30.4
      60_240_0_240_60_270_120          414.7          239.1          506.4          -26.7
      180_240_0_270_60_90_330          415.0          329.5          544.7          -19.6
     150_210_0_240_60_330_120          415.1          182.8          473.1          -49.1
     180_240_0_270_150_330_60          415.1          329.8          555.1          -20.5
     150_210_0_240_60_330_180          415.3          181.5          494.4          -50.0
     210_210_0_240_330_270_30          415.3          170.7          491.1          -45.7
       180_240_0_240_60_0_300          415.4          266.1          549.0          -28.1
      210_30_60_330_60_90_120          415.4          256.5          548.7          -31.3
     150_210_0_240_60_270_180          415.7          212.8          503.4          -47.7
    120_240_0_240_150_330_300          415.8          304.5          533.6          -18.3
     120_240_0_240_330_300_30          415.9          288.5          500.4          -34.2
      120_240_0_270_60_270_60          415.9          349.4          528.1          -31.9
    120_240_0_240_150_180_120          416.1          240.7          474.3          -39.2
     150_210_0_240_330_270_60          416.4          167.3          467.0          -54.6
     120_240_0_240_60_120_210          416.4          272.4          509.7          -34.6
     150_210_0_240_330_330_90          416.4          177.8          462.2          -52.5
      180_240_0_270_60_90_120          416.5          324.6          543.7          -26.2
      210_30_60_330_90_330_30          416.8          289.7          559.7          -28.2
    180_120_60_330_90_330_330          417.2          213.6          494.6          -43.8
     120_240_0_240_150_330_30          417.8          325.3          513.6          -20.2
      180_240_0_240_60_180_60          417.9          319.1          518.7          -35.2
     120_240_0_270_60_270_210          417.9          372.4          540.1          -24.8
    120_240_0_240_150_180_180          418.1          284.6          483.3          -35.6
     210_210_0_240_330_300_30          418.1          156.4          480.7          -43.8
    210_210_0_240_150_180_120          418.2          138.0          437.4          -49.3
    150_210_0_240_330_330_330          418.3          193.8          473.9          -47.1
      150_210_0_240_60_120_30          418.4          162.8          453.6          -51.4
      150_210_0_240_60_90_240          418.5          212.4          510.8          -37.6
     150_210_0_240_150_180_60          418.5          172.3          448.1          -45.3
    120_240_0_240_150_330_120          418.7          301.7          518.6          -28.3
    180_240_0_240_150_150_120          418.8          227.1          487.7          -39.5
     180_120_60_330_90_300_60          418.9          214.0          510.8          -31.2
    120_240_0_240_330_270_270          419.1          283.8          532.6          -31.2
    150_210_0_240_330_300_180          419.3          185.4          489.0          -52.4
     180_240_0_270_150_330_90          419.3          322.5          544.6          -20.7
     210_240_0_240_330_300_60          419.6          210.1          507.5          -30.5
     210_240_0_240_60_270_240          419.8          242.6          539.5          -20.4
      120_240_0_270_60_120_60          419.9          345.4          516.4          -33.7
    120_240_0_240_150_270_240          419.9          339.2          531.5          -36.8
     180_240_0_270_60_120_120          420.0          309.4          512.5          -35.8
     210_210_0_240_150_330_30          420.0          193.2          493.9          -29.8
    180_240_0_240_330_180_120          420.0          206.1          493.2          -43.8
     150_210_0_270_60_270_330          420.2          264.8          496.8          -41.8
      180_240_0_240_330_0_270          420.2          267.5          542.6          -27.1
     180_120_60_330_90_330_60          420.3          227.7          508.4          -33.4
     210_210_0_240_60_120_330          420.4          204.1          496.6          -40.6
    150_210_0_240_330_270_240          420.4          207.5          506.3          -44.2
       150_210_0_240_60_330_0          420.5          184.1          487.2          -43.5
     300_240_0_240_150_180_90          420.7          257.9          471.5          -25.1
    210_210_0_240_150_330_120          420.7          198.9          481.7          -38.4
     210_30_60_330_60_120_120          421.0          252.2          537.2          -30.1
    150_210_0_240_330_270_270          421.3          175.5          479.3          -43.0
    180_240_0_240_150_270_210          421.5          312.8          542.9          -24.7
     180_240_0_240_150_270_30          421.5          324.2          526.3          -32.6
     120_240_0_240_330_330_90          421.7          283.8          513.5          -28.9
       180_240_0_240_60_0_270          422.0          265.8          551.4          -22.9
    150_210_0_240_150_180_120          422.0          143.3          431.4          -52.9
     210_240_0_240_60_330_330          422.1          198.0          503.2          -26.6
     180_120_60_330_60_270_60          422.3          192.8          490.4          -35.0
      180_240_0_270_60_60_330          422.5          340.8          552.1          -21.0
      150_210_0_240_330_270_0          422.5          198.4          495.4          -41.1
    150_210_0_240_330_270_210          422.8          194.5          482.1          -54.5
    120_240_0_240_150_270_120          423.1          325.6          522.2          -36.0
      210_210_0_270_60_270_60          423.3          235.5          484.7          -42.5
     120_240_0_270_60_120_180          423.8          371.2          537.6          -34.8
      180_240_0_240_60_60_270          423.8          269.5          544.5          -23.4
    120_240_0_240_330_330_180          423.8          292.7          523.2          -32.7
    150_210_0_240_150_150_150          424.1          163.8          438.3          -40.8
      150_210_0_240_60_330_30          424.2          181.0          477.6          -40.4
      30_240_0_240_60_270_120          424.4          331.5          519.3          -22.7
    150_210_0_240_150_330_120          424.6          204.3          475.7          -42.0
      120_240_0_240_60_60_240          424.6          323.8          536.5          -33.4
    210_210_0_240_150_270_330          424.7          228.3          487.3          -43.1
    150_210_0_240_150_330_180          424.8          203.0          497.0          -42.9
     180_240_0_270_60_330_120          424.9          307.8          524.7          -32.9
       180_240_0_240_60_90_90          425.0          246.5          517.2          -20.6
    210_210_0_240_150_270_120          425.1          222.8          485.4          -46.1
    180_240_0_240_150_240_120          425.1          227.6          494.1          -40.7
      150_210_0_240_60_90_210          425.2          193.7          487.9          -47.0
    120_240_0_240_330_270_180          425.3          304.9          528.7          -35.7
     180_240_0_270_150_270_90          425.4          348.3          536.5          -30.7
      210_30_60_330_90_150_30          425.5          285.8          578.1          -20.4
      60_240_0_240_150_180_90          425.9          220.3          431.5          -31.5
     180_240_0_270_150_180_60          426.1          310.3          515.7          -29.8
      180_240_0_240_60_60_210          426.5          274.2          547.0          -21.5
     150_210_0_270_60_120_150          426.9          248.9          478.5          -41.5
      180_240_0_270_60_180_90          426.9          348.9          502.0          -39.0
      210_210_0_270_60_120_60          427.2          231.4          473.0          -44.3
      180_240_0_270_60_120_30          427.4          332.1          509.0          -37.5
       150_210_0_240_60_60_60          427.4          214.5          502.9          -38.1
      210_240_0_240_60_270_60          427.4          211.8          508.3          -28.2
     300_240_0_240_330_270_90          427.5          291.2          515.5          -24.9
     180_120_60_330_60_120_90          427.5          191.0          496.3          -31.0
    210_240_0_240_330_300_330          427.8          207.5          505.4          -27.3
     150_210_0_240_330_330_60          427.9          185.6          480.4          -45.3
      120_240_0_270_60_330_60          428.5          348.6          538.0          -27.9
     180_120_60_330_60_90_240          428.5          185.6          486.7          -33.9
     180_240_0_240_60_150_120          429.0          226.5          505.3          -32.2
    150_210_0_240_150_270_120          429.0          228.2          479.4          -49.7
     180_120_60_330_90_300_90          429.0          211.7          511.4          -40.4
    180_120_60_330_60_270_240          429.0          213.4          512.3          -27.0
     120_240_0_240_150_150_60          429.0          288.5          497.5          -29.6
     150_210_0_240_330_270_30          429.0          180.0          477.4          -49.2
     300_240_0_240_330_300_90          429.2          284.7          511.3          -31.8
      90_240_0_240_60_270_330          429.2          241.0          495.7          -31.5
    210_240_0_240_330_270_330          429.4          203.8          500.0          -31.2
      150_240_0_240_60_270_90          429.9          162.2          474.3          -36.0
      150_210_0_240_150_330_0          430.0          205.6          489.8          -36.4
     180_240_0_210_60_270_330          430.2          219.7          515.8          -31.4
     150_210_0_270_60_330_150          430.3          239.0          483.3          -37.0
     120_240_0_240_150_270_60          430.4          320.5          513.5          -36.7
     210_30_60_330_90_240_270          430.4          275.7          563.4          -30.3
       120_240_0_240_60_60_30          430.6          328.6          519.7          -25.8
     150_210_0_240_60_120_330          430.8          213.0          492.2          -44.1
      210_30_60_330_60_330_30          430.9          249.9          538.6          -34.7
     180_120_60_330_90_150_60          431.0          232.2          518.4          -22.6
      300_30_60_330_60_270_90          431.2          286.8          557.7          -13.3
    180_120_60_330_60_330_330          431.2          173.7          473.5          -50.3
      210_240_0_240_60_120_60          431.4          207.8          496.7          -30.0
    150_210_0_240_330_180_150          431.5          162.8          452.8          -49.5
     180_240_0_240_150_150_30          431.6          281.7          500.9          -31.2
       210_210_0_240_60_270_0          431.6          195.0          506.3          -30.1
    210_240_0_240_150_330_330          431.6          219.5          505.8          -19.5
     150_210_0_240_330_300_30          431.8          165.7          467.0          -47.3
      210_210_0_240_60_90_330          431.8          215.7          512.6          -31.0
     180_120_60_330_90_330_90          432.1          236.6          515.7          -36.2
    120_240_0_240_150_270_210          432.4          343.5          525.5          -29.6
       180_240_0_270_60_90_60          432.6          339.3          543.7          -21.6
       120_240_0_240_60_90_60          432.6          309.1          533.4          -22.1
      210_210_0_240_60_330_90          432.6          168.5          484.3          -44.9
      60_240_0_240_330_270_90          432.8          253.7          475.5          -31.3
       210_210_0_240_60_60_30          432.8          196.5          500.0          -35.4
    180_240_0_240_150_210_300          433.0          269.8          505.2          -21.6
      180_240_0_270_60_330_30          433.1          350.2          533.0          -26.5
     180_240_0_240_150_60_330          433.2          266.1          508.9          -19.9
      210_210_0_270_60_270_90          433.3          243.4          492.7          -43.0
      210_30_60_330_60_120_60          433.4          261.0          521.6          -31.5
     210_210_0_270_60_330_330          433.5          246.3          496.3          -41.2
    180_240_0_240_330_330_270          433.6          248.8          527.6          -27.4
     150_210_0_240_150_330_30          433.7          202.5          480.2          -33.3
      180_120_60_330_60_270_0          433.7          210.7          517.3          -26.6
     180_240_0_240_150_300_60          433.8          235.2          510.6          -25.2
      90_240_0_240_150_180_90          433.8          185.2          426.9          -40.1
     120_240_0_240_330_180_30          434.0          294.2          482.3          -46.6
     150_210_0_240_60_150_150          434.3          163.2          455.9          -33.5
     180_120_60_330_60_330_60          434.4          187.9          487.2          -39.9
     180_120_60_330_90_240_60          434.4          205.2          502.3          -33.7
      60_240_0_240_330_300_90          434.5          247.2          471.3          -38.2
      120_240_0_270_60_90_240          434.5          369.2          542.5          -32.9
     210_210_0_270_60_270_240          434.6          293.1          543.6          -29.0
    180_240_240_240_60_270_90          434.7          301.2          518.4          -35.3
     150_210_0_270_60_270_150          435.1          276.4          511.5          -31.9
    150_210_0_240_150_270_330          435.1          237.2          483.0          -46.6
      150_210_0_240_60_60_180          435.2          230.6          513.9          -46.3
      90_240_0_240_60_270_240          435.6          255.8          509.7          -31.1
      210_210_0_270_60_330_60          435.8          234.6          494.5          -38.5
      210_240_0_240_60_270_90          436.0          212.8          507.9          -22.7
     120_240_0_240_150_240_60          436.0          291.7          512.3          -33.8
        150_210_0_240_60_60_0          436.1          219.2          502.2          -44.5
    120_240_0_240_330_330_300          436.2          298.3          526.5          -27.6
     210_210_0_240_330_180_30          436.3          162.2          462.6          -56.2
    120_240_0_240_150_240_270          436.3          309.1          524.4          -35.2
     180_240_0_240_150_300_90          436.3          216.7          493.3          -31.8
      30_240_0_240_150_180_90          436.3          294.9          465.5          -27.6
      180_240_0_240_330_0_240          436.7          262.3          535.1          -30.9
      180_210_0_240_60_270_90          436.7          204.2          494.3          -36.7
    210_210_0_240_330_180_330          436.7          176.9          474.9          -48.2
      150_210_0_240_60_180_90          436.8          218.1          445.2          -61.5
    210_240_0_240_150_180_330          436.8          189.6          470.8          -26.5
     210_210_0_240_150_150_60          436.8          175.9          454.8          -40.2
     210_210_0_240_60_330_180          437.0          162.2          488.6          -43.1
     120_240_0_240_330_180_60          437.2          288.4          511.4          -37.2
      120_240_0_240_60_60_210          437.4          304.9          529.7          -26.4
     210_210_0_240_60_270_180          437.4          193.5          497.6          -40.8
       180_240_0_240_60_60_90          437.8          245.5          522.2          -23.1
     120_240_0_270_60_270_300          437.9          372.3          551.3          -20.2
      120_240_0_270_60_270_30          438.1          384.7          533.1          -28.4
     120_240_0_240_330_330_30          438.2          319.1          506.5          -29.5
     210_210_0_240_150_270_60          438.2          207.9          470.8          -47.3
    150_210_0_240_150_240_270          438.4          200.7          471.0          -47.0
       180_240_0_240_60_0_240          438.5          260.6          543.9          -26.7
      210_30_60_330_60_270_90          438.5          262.9          549.1          -28.4
     210_30_60_330_90_330_120          438.7          304.2          559.9          -34.4
    120_240_0_240_330_330_120          439.1          295.5          511.5          -37.6
      180_240_0_270_60_150_60          439.1          318.0          525.4          -21.8
      120_240_0_240_60_150_60          439.2          287.9          515.1          -22.3
      210_210_0_240_60_60_330          439.3          227.0          520.0          -32.4
    210_240_0_240_330_300_300          439.3          220.0          512.7          -28.0
    150_210_0_240_150_180_180          439.4          188.6          449.9          -55.1
     210_30_60_330_60_120_180          439.6          249.4          542.4          -28.5
    210_210_0_240_330_270_270          439.7          174.1          495.6          -36.7
      180_240_0_240_60_180_30          439.7          341.3          501.2          -44.3
     150_210_60_330_60_270_90          439.9          208.8          489.5          -41.1
      210_210_0_270_60_270_30          439.9          251.3          512.7          -38.0
      210_240_0_240_60_330_60          440.0          211.0          518.2          -24.2
      180_240_0_270_60_90_210          440.3          337.0          555.2          -19.9
     210_210_0_240_330_330_30          440.4          187.0          486.7          -39.1
       210_210_0_240_60_90_60          440.4          196.5          490.7          -32.7
      90_240_0_240_330_270_90          440.6          218.5          470.9          -39.9
    210_240_0_240_330_270_120          440.6          210.1          508.4          -33.0
      210_210_0_240_60_120_90          440.8          176.5          475.4          -46.9
      150_210_0_270_60_270_60          440.9          247.8          488.6          -46.9
    180_240_0_270_150_270_330          441.0          349.7          537.9          -31.7
    210_210_0_240_330_300_180          441.0          166.1          483.1          -45.5
   210_180_330_330_90_300_300          441.1          217.1          490.9          -33.5
    210_210_0_240_330_330_120          441.1          192.7          474.6          -47.7
      60_240_0_240_60_270_330          441.2          265.0          494.7          -24.8
      180_240_0_240_60_150_30          441.8          281.1          518.5          -23.9
     300_240_0_240_60_270_120          441.8          303.0          539.3          -20.2
    180_120_60_330_90_300_330          441.9          210.3          510.0          -36.0
      120_240_0_240_60_180_90          442.0          324.0          496.5          -37.9
      150_210_0_270_60_330_90          442.0          239.2          480.2          -50.1
     210_210_0_240_150_330_90          442.1          190.0          486.9          -37.8
      150_210_0_240_60_90_330          442.2          224.6          508.2          -34.5
      90_240_0_240_330_300_90          442.3          212.0          466.7          -46.8
     210_30_60_330_90_150_120          442.8          288.1          573.4          -28.5
     120_240_0_240_60_120_270          443.0          306.8          530.1          -37.3
     300_240_0_240_330_300_60          443.2          328.2          546.5          -25.2
      30_240_0_240_330_270_90          443.2          328.3          509.5          -27.4
      210_30_60_330_90_300_30          443.5          261.7          562.3          -26.6
      60_240_0_240_60_270_270          443.6          256.9          521.9          -17.4
     210_210_0_240_150_240_60          443.8          179.1          469.6          -44.4
     150_210_0_270_60_330_330          443.9          255.2          491.9          -44.7
     120_240_0_270_60_270_270          444.1          365.7          555.0          -23.5
        150_210_0_240_60_90_0          444.2          227.9          511.3          -33.3
      150_210_0_240_330_300_0          444.2          196.7          490.8          -48.8
     210_30_60_330_90_300_300          444.5          297.9          580.5          -24.6
     150_210_0_270_150_180_90          444.5          207.9          441.5          -56.1
     180_120_60_330_90_150_90          444.6          242.7          521.1          -26.2
     150_210_0_270_60_120_180          444.6          273.8          503.6          -54.3
      60_240_0_240_330_300_60          444.7          270.9          491.2          -31.6
     150_210_0_240_150_150_90          444.8          182.1          435.8          -52.6
      150_210_0_270_60_120_60          444.9          243.8          476.9          -48.7
      30_240_0_240_330_300_90          444.9          321.8          505.3          -34.3
     150_210_0_270_60_270_240          444.9          288.0          527.9          -36.5
    150_210_0_240_330_330_120          444.9          198.0          468.6          -51.3
     210_210_0_240_330_180_60          445.0          175.8          468.7          -47.8
      180_240_0_270_60_150_90          445.1          312.3          510.3          -22.8
     150_210_0_240_60_120_270          445.1          198.4          476.7          -49.1
    150_210_0_240_330_330_180          445.2          196.8          489.8          -52.2
     180_240_0_270_60_120_270          445.6          333.7          537.6          -33.3
     210_30_60_330_90_240_120          445.6          258.5          549.0          -36.6
     60_240_0_240_330_270_120          445.7          235.3          498.3          -34.2
     150_210_0_270_60_270_270          445.8          256.0          500.9          -35.3
    180_120_60_330_60_270_120          446.1          209.4          509.3          -27.6
     210_210_0_240_330_180_90          446.1          145.4          451.6          -57.8
     180_120_60_330_60_330_90          446.1          196.7          494.5          -42.7
     210_30_60_330_60_270_270          446.2          262.2          566.2          -21.8
     150_210_0_240_60_120_210          446.3          176.4          474.0          -56.6
      180_240_0_270_60_60_240          446.3          357.6          552.6          -24.7
       150_210_0_240_60_60_30          446.5          205.8          486.4          -38.9
    210_210_0_240_150_330_180          446.5          183.7          491.1          -36.0
    150_210_0_240_330_270_180          446.7          209.0          495.3          -55.2
    180_120_60_330_60_120_330          446.8          194.5          497.9          -35.8
      210_210_0_240_60_150_60          447.0          175.3          472.4          -32.9
       150_210_0_270_60_270_0          447.0          278.9          517.0          -33.4
     120_240_0_240_60_180_330          447.2          341.5          507.7          -35.8
    150_210_0_240_330_180_330          447.2          185.9          470.6          -51.7
     150_210_0_270_60_270_210          447.4          275.1          503.7          -46.8
      120_240_0_240_330_0_330          447.7          301.4          526.9          -28.9
      120_240_0_270_60_330_90          447.7          346.5          532.3          -26.5
     180_240_0_270_150_180_30          447.9          332.5          498.2          -38.9
     210_30_60_330_90_300_120          447.9          284.8          571.3          -26.8
     210_210_60_330_60_120_60          448.1          180.2          480.0          -32.2
      180_120_60_330_90_330_0          448.1          228.3          509.1          -38.9
     210_210_0_240_150_270_90          448.2          215.8          478.9          -47.8
      150_210_0_270_60_60_150          448.3          276.0          500.6          -38.0
    210_180_330_330_90_150_30          448.4          205.1          494.3          -34.8
    180_240_0_240_150_300_330          448.6          228.3          504.3          -22.0
      180_240_0_240_330_0_120          448.6          240.4          512.3          -33.7
      210_240_0_240_60_90_240          448.8          243.6          535.9          -21.3
     150_240_0_240_60_270_330          448.8          171.9          487.8          -35.1
       210_30_60_330_90_60_30          449.0          286.8          549.0          -30.0
      210_210_0_240_150_180_0          449.1          162.7          450.9          -45.6
    180_240_0_240_150_180_300          449.4          289.2          491.0          -31.3
     210_240_0_240_150_330_60          449.5          232.5          520.8          -17.1
       120_240_0_240_60_0_330          449.5          299.7          535.7          -24.7
    210_210_0_240_150_270_240          449.5          265.5          529.8          -33.8
      150_210_0_240_60_60_330          449.7          235.9          515.6          -35.9
     120_240_0_270_60_330_180          449.9          355.5          542.0          -30.3
     150_210_0_240_330_180_30          449.9          171.4          448.9          -59.7
    150_210_0_240_150_270_150          450.0          248.8          497.6          -36.7
     120_240_0_270_60_120_330          450.0          368.0          532.3          -29.7
     120_240_0_240_150_150_90          450.0          288.0          487.2          -29.0
    120_240_0_240_150_150_180          450.1          295.8          498.6          -34.2
     210_240_0_240_60_270_300          450.1          233.8          531.0          -18.2
     120_240_0_270_150_180_90          450.2          315.2          493.5          -32.5
      150_210_0_270_60_120_90          450.2          247.2          471.3          -52.1
    120_240_0_270_150_330_330          450.2          362.6          539.6          -23.4
     120_240_0_270_60_270_180          450.3          386.8          551.0          -28.0
       180_240_0_240_60_0_120          450.4          238.7          521.1          -29.5
      150_210_0_240_330_330_0          450.4          199.4          482.7          -45.7
    210_240_0_240_330_270_240          450.7          238.7          531.4          -27.9
     210_30_60_330_60_270_300          450.9          288.8          577.5          -20.9
       150_210_0_240_60_120_0          450.9          204.9          492.7          -42.3
      300_240_0_240_60_270_60          451.0          329.9          547.3          -22.9
      120_240_0_270_60_90_210          451.2          367.7          537.8          -24.8
      300_240_0_240_60_330_90          451.3          296.8          528.7          -19.1
    210_180_330_330_90_300_60          451.4          220.3          502.7          -37.4
    180_240_0_270_150_330_300          451.6          339.5          562.9          -19.5
     210_30_60_330_60_120_300          452.0          277.2          566.9          -23.8
    210_240_0_240_330_330_330          452.0          213.3          498.7          -28.8
    120_240_0_240_150_270_300          452.4          343.4          536.7          -25.0
      300_240_0_270_60_270_90          452.5          373.1          537.8          -17.2
    210_180_330_330_90_330_30          452.5          239.0          509.5          -26.3
     120_240_0_240_150_270_30          452.6          355.8          518.5          -33.2
    210_180_330_330_90_150_60          452.6          220.4          493.3          -32.7
       60_240_0_240_60_270_60          452.6          272.7          492.0          -29.3
      180_240_0_210_60_270_60          452.7          228.3          520.2          -35.9
     210_30_60_330_60_330_120          452.8          264.4          538.7          -40.9
      90_240_0_240_60_330_330          452.9          231.4          490.8          -34.4
      150_210_0_240_330_180_0          453.1          185.7          472.6          -56.0
      120_210_0_240_60_270_90          453.1          167.4          470.5          -49.0
      210_30_60_330_90_300_60          453.4          304.1          556.1          -30.7
    120_240_0_240_150_240_330          453.4          279.4          500.6          -33.0
      150_210_0_270_60_330_60          453.5          247.0          498.4          -42.9
     150_240_0_240_60_270_120          453.5          174.7          494.5          -37.0
      150_210_0_270_60_270_30          453.6          260.6          499.0          -41.5
      90_240_0_240_60_270_120          453.6          251.9          511.4          -36.9
      180_120_60_330_90_240_0          453.9          214.3          515.8          -34.2
     180_240_0_210_60_330_330          453.9          210.1          510.9          -34.3
     150_240_0_240_150_180_90          454.0          125.0          422.2          -43.7
     150_210_0_240_330_330_30          454.1          196.3          473.1          -42.6
      150_210_0_270_60_90_150          454.1          272.3          503.0          -31.9
      210_210_0_240_60_60_240          454.2          250.1          534.7          -30.4
     210_240_0_270_60_270_330          454.4          285.7          522.3          -23.5
     150_210_0_240_150_150_60          454.5          188.3          458.6          -44.6
    210_180_330_330_90_330_60          454.6          245.8          516.9          -27.2
     210_210_0_240_150_270_30          454.8          223.7          498.8          -42.8
      210_30_60_330_90_330_60          454.8          317.8          553.6          -32.9
      300_240_0_240_60_120_60          455.0          325.9          535.6          -24.7
      150_210_0_240_60_150_90          455.0          181.5          453.4          -45.3
      180_120_60_330_90_150_0          455.2          231.9          520.2          -28.0
      210_240_0_240_60_270_30          455.3          246.5          526.9          -24.4
     30_240_0_240_330_270_120          455.3          327.6          511.3          -30.2
    120_240_0_270_150_180_330          455.4          332.7          504.7          -30.4
       180_240_0_270_60_60_30          455.5          375.1          541.7          -25.0
    180_240_0_240_150_300_300          455.5          243.2          516.8          -22.7
      150_210_0_240_330_0_150          455.5          201.7          488.8          -39.4
     150_210_0_240_150_270_60          455.8          220.2          474.7          -51.7
      120_240_0_270_60_120_90          455.9          354.5          523.4          -28.5
     180_120_60_330_60_90_330          456.1          195.2          494.3          -37.0
    210_240_0_240_330_300_120          456.4          211.1          508.3          -30.4
      60_240_0_240_60_120_180          456.5          272.6          510.8          -34.4
       60_240_0_240_60_120_60          456.6          268.7          480.3          -31.1
       60_240_0_240_60_330_90          456.6          259.3          488.7          -25.5
      180_240_0_210_60_120_60          456.6          224.2          508.6          -37.7
     180_240_0_270_60_180_330          456.7          369.4          518.2          -35.1
     180_240_0_240_60_180_120          456.8          284.8          504.4          -42.1
      120_240_0_270_60_90_120          456.8          375.1          549.3          -28.5
    210_210_0_240_150_240_270          456.8          199.3          487.3          -40.7
      210_30_60_330_60_270_60          456.8          282.9          535.7          -34.5
      210_210_0_240_60_60_180          456.9          211.3          508.0          -39.4
       180_120_60_330_60_90_0          456.9          207.6          503.1          -32.3
     180_240_0_240_150_60_240          457.1          283.0          509.4          -23.6
     120_240_0_240_60_330_270          457.1          284.7          538.9          -29.0
    150_210_60_330_90_240_150          457.2          220.8          500.4          -38.2
       150_210_0_240_60_0_150          457.3          200.0          497.6          -35.2
      300_30_60_330_60_120_30          457.5          272.4          537.0          -16.9
    150_210_60_330_60_120_150          457.6          204.5          493.3          -29.4
       60_240_0_270_60_270_90          457.8          335.6          497.8          -23.6
      210_240_0_240_60_90_120          457.8          234.5          529.0          -22.8
       120_240_0_270_60_60_60          457.9          392.8          556.0          -22.9
     120_210_0_240_60_270_330          458.1          183.4          475.0          -46.1
       150_210_0_240_60_90_60          458.1          208.9          494.6          -37.1
     180_120_60_330_90_240_90          458.2          196.0          489.9          -42.7
      210_210_0_270_60_90_120          458.3          270.9          511.7          -38.6
      60_240_0_240_60_270_240          458.3          304.7          533.5          -21.0
     210_240_0_240_330_270_60          458.4          208.0          500.2          -35.7
      120_240_0_270_60_120_30          458.4          363.6          501.3          -38.1
    180_240_0_240_150_150_330          458.5          234.6          483.4          -29.0
    120_240_0_240_150_270_270          458.6          336.8          540.4          -28.3
     90_240_0_240_330_300_330          458.6          240.9          493.0          -35.1
    210_210_0_240_330_300_300          458.7          184.0          482.4          -43.6
    180_120_60_330_90_240_270          458.8          235.2          532.5          -26.7
     180_240_0_300_330_300_60          458.8          234.1          520.6          -32.8
       180_240_0_270_60_0_330          459.0          327.6          546.3          -24.0
   210_180_330_330_90_330_300          459.0          244.2          506.6          -24.8
    120_240_0_240_150_150_120          459.0          277.5          493.3          -41.8
     150_210_0_240_60_330_270          459.3          176.4          485.5          -40.8
      90_240_0_240_60_120_180          459.3          258.4          489.1          -40.6
    210_210_60_330_60_270_330          459.4          221.0          511.5          -31.0
   180_240_240_240_60_270_330          459.5          308.1          524.9          -35.4
     150_210_0_240_150_60_150          459.5          202.7          458.2          -36.9
      300_240_0_240_60_120_90          459.5          304.8          519.8          -21.1
      180_120_60_330_90_60_60          459.5          244.1          507.0          -31.7
     180_240_0_300_330_270_90          459.6          222.1          507.6          -32.5
       180_240_0_240_60_90_30          459.6          294.6          526.7          -27.0
     180_240_0_270_60_330_270          459.7          311.6          546.4          -25.0
    150_210_0_240_150_270_240          459.8          260.4          514.0          -41.3
     180_240_0_240_330_240_60          459.9          328.0          516.6          -29.5
     210_240_0_240_150_180_90          460.1          175.6          455.7          -30.4
      120_240_0_240_60_150_90          460.2          287.4          504.8          -21.7
     90_240_0_240_330_270_330          460.2          237.2          487.6          -39.0
      210_210_0_270_60_120_30          460.2          230.2          480.8          -47.7
     120_240_0_270_60_120_120          460.2          359.8          518.1          -38.1
     120_240_0_240_60_150_180          460.3          295.2          516.2          -26.9
    120_240_0_240_330_180_120          460.3          256.6          498.8          -46.1
      180_240_0_300_60_270_90          460.3          211.5          500.9          -30.7
     210_240_0_240_150_180_60          460.5          213.0          481.3          -26.4
       210_210_0_240_60_330_0          460.6          176.9          490.1          -40.0
     210_30_60_330_90_330_300          460.7          313.3          579.6          -28.3
    150_210_0_240_150_270_270          460.7          228.4          487.0          -40.1
     300_240_0_240_150_330_90          460.8          318.3          531.3          -12.0
     150_240_0_240_330_270_90          460.8          158.3          466.2          -43.5
     180_210_0_240_150_180_90          460.8          167.0          442.2          -44.4
     300_30_60_330_60_270_120          461.1          295.5          574.0          -12.9
    210_210_0_240_150_150_120          461.1          174.8          456.4          -51.9
     180_240_0_210_60_270_120          461.1          230.8          527.3          -33.2
    210_210_0_240_150_180_180          461.2          169.4          444.1          -48.2
     210_240_0_240_60_120_120          461.3          219.3          497.8          -32.4
     180_240_0_300_330_300_90          461.3          215.6          503.3          -39.4
     60_240_0_240_330_300_120          461.4          236.2          498.1          -31.6
     150_210_0_240_150_240_60          461.4          191.4          473.4          -48.8
     180_240_0_270_60_120_210          461.5          319.8          541.3          -29.5
      120_240_0_270_60_90_330          461.5          379.7          548.3          -20.1
     180_120_60_330_60_120_30          461.7          191.9          489.9          -39.3
     210_210_0_270_60_120_120          461.8          255.7          480.5          -48.2
      150_210_0_240_150_270_0          461.9          251.3          503.1          -38.2
     150_210_0_240_150_240_90          462.0          165.6          435.5          -62.2
     180_240_0_270_150_150_60          462.1          326.3          526.3          -29.1
    210_210_60_330_60_270_120          462.1          221.5          513.3          -34.0
      150_210_0_270_60_90_120          462.2          276.3          505.7          -42.2
      180_120_60_330_60_330_0          462.2          188.5          488.0          -45.4
    120_240_0_240_330_180_180          462.2          300.4          507.8          -42.5
    150_210_0_240_150_270_210          462.3          247.5          489.8          -51.6
     120_240_0_270_60_330_300          462.3          361.1          545.3          -25.2
    210_210_0_240_330_180_120          462.3          153.8          461.9          -56.2
     90_240_0_240_150_330_330          462.4          252.9          493.4          -27.3
     150_210_0_150_150_180_90          462.5          128.9          418.5          -70.0
     210_210_0_240_330_330_90          462.5          183.8          479.8          -47.1
     150_240_0_240_330_300_90          462.6          151.9          461.9          -50.4
      210_210_0_240_330_270_0          462.6          191.2          498.2          -37.6
     150_210_0_240_330_180_60          462.6          188.1          472.6          -52.2
     120_240_0_240_150_150_30          462.7          313.3          493.1          -31.8
       60_240_0_240_60_90_120          462.8          259.6          518.8          -24.0
    180_240_0_240_330_240_270          462.9          342.2          525.9          -27.4
     210_240_0_240_150_180_30          463.0          218.2          465.8          -35.5
     180_240_0_270_150_270_60          463.4          358.2          542.3          -36.2
     210_120_60_330_60_120_60          463.5          212.6          512.9          -31.2
      300_240_0_240_60_330_60          463.5          329.0          557.2          -18.9
     210_210_0_240_60_120_270          463.5          197.0          493.0          -42.8
     90_240_0_240_330_300_300          463.7          248.9          496.9          -36.9
      210_210_0_270_60_90_240          463.7          294.2          540.0          -29.9
     180_240_0_210_60_270_240          464.0          250.7          544.0          -27.8
     210_210_0_270_60_270_270          464.2          254.6          517.2          -29.0
      120_240_0_270_60_330_30          464.2          381.8          525.3          -27.1
       90_240_0_240_60_330_90          464.4          224.1          484.1          -34.1
      300_30_60_330_60_270_30          464.5          311.3          571.3          -12.0
     210_240_0_240_60_120_330          464.5          232.5          517.0          -25.8
      150_210_0_240_60_60_240          464.5          245.0          519.0          -37.9
      150_210_0_240_60_150_60          464.6          187.6          476.3          -37.3
       90_240_0_240_60_90_240          464.7          256.9          506.1          -32.0
     180_120_60_330_60_90_120          464.7          201.1          499.7          -30.9
    120_240_0_240_150_270_180          464.8          357.9          536.4          -32.8
     300_240_0_240_330_180_90          464.8          273.7          496.0          -32.0
       60_240_0_240_60_120_90          464.8          267.3          479.8          -27.5
     210_210_0_240_150_150_30          464.9          181.2          473.4          -41.4
    150_210_0_240_330_300_300          464.9          186.0          471.0          -47.1
    150_210_0_240_150_150_120          464.9          180.1          450.4          -55.5
      60_240_0_240_60_330_330          464.9          255.4          489.8          -27.7
    180_240_0_270_150_180_120          465.0          276.0          501.4          -36.7
       60_240_0_240_60_330_60          465.1          271.8          501.9          -25.3
     120_240_0_270_60_330_120          465.1          358.2          530.3          -35.2
       210_210_0_270_60_60_60          465.2          278.8          512.5          -33.5
      180_240_0_210_60_330_60          465.2          227.4          530.1          -31.9
     180_210_0_240_330_300_60          465.3          205.3          490.7          -38.5
    120_240_0_240_150_240_120          465.4          278.1          499.7          -43.0
    210_180_330_330_90_240_60          465.5          220.1          501.3          -37.1
      210_30_60_330_90_150_60          465.5          322.3          563.7          -22.1
      180_120_60_330_60_90_60          465.6          201.9          487.9          -31.0
       90_240_0_270_60_270_90          465.6          300.4          493.2          -32.2
     210_240_0_270_60_270_120          465.6          292.0          530.8          -25.3
     150_210_0_270_60_120_120          465.7          261.1          474.5          -51.8
      180_120_60_330_60_120_0          465.7          195.5          504.1          -30.5
     150_210_60_330_60_120_60          465.8          192.6          483.9          -36.6
    150_210_60_330_60_270_120          465.9          226.8          507.3          -37.6
      210_210_0_270_60_330_30          466.0          248.4          504.8          -36.7
    210_120_60_330_60_270_330          466.0          233.4          532.2          -37.7
      60_240_0_240_150_330_90          466.1          280.8          491.3          -18.4
    150_210_0_240_330_180_120          466.2          159.2          455.9          -59.8
     210_240_0_240_60_330_120          466.2          217.7          509.9          -29.5
     180_210_0_240_60_270_330          466.2          223.1          503.9          -32.0
      180_240_0_240_150_60_30          466.2          300.4          498.6          -23.9
      60_240_0_240_60_120_120          466.3          244.4          487.6          -33.6
     120_240_0_270_60_120_300          466.4          378.6          543.1          -27.9
     210_210_0_270_60_120_180          466.4          254.6          497.7          -47.4
    180_240_0_240_150_240_240          466.4          254.8          504.9          -35.0
      120_240_0_240_60_60_300          466.6          324.8          548.4          -23.7
     90_240_0_240_330_270_240          466.6          252.0          501.6          -38.6
    120_240_0_240_150_330_270          466.6          306.2          541.5          -21.9
     210_210_0_270_60_330_120          466.7          254.1          492.7          -45.3
     120_210_0_240_330_300_60          466.8          163.4          462.0          -52.4
      300_30_60_330_60_120_90          466.8          278.7          551.5          -12.2
    210_210_0_240_330_330_180          466.9          177.5          484.0          -45.3
     210_240_0_240_330_270_90          466.9          208.9          499.8          -30.2
     300_240_0_240_150_270_90          466.9          344.1          523.2          -22.0
      120_240_0_240_330_0_300          466.9          318.5          543.6          -30.9
       30_240_0_240_60_330_90          467.0          333.9          522.7          -21.6
     120_240_0_240_150_240_90          467.2          271.5          486.8          -38.6
      150_210_0_240_60_60_210          467.3          208.9          494.0          -48.4
      90_240_0_240_330_300_60          467.3          229.8          482.5          -38.4
    210_210_0_240_150_240_120          467.4          175.3          462.8          -53.1
    180_240_0_270_150_330_120          467.5          336.9          545.7          -25.8
     90_240_0_240_150_180_330          467.6          223.0          458.4          -34.3
     180_210_0_240_330_270_90          467.7          200.4          486.2          -44.2
     210_240_0_240_60_270_270          468.0          231.1          539.2          -16.3
     180_240_0_270_150_150_90          468.1          320.6          511.1          -30.1
     210_210_60_330_90_300_60          468.1          223.3          514.5          -31.4
       30_240_0_270_60_270_90          468.2          410.2          531.8          -19.7
     150_210_0_240_60_180_150          468.2          241.4          464.0          -47.8
      300_30_60_330_90_300_90          468.3          299.4          566.6          -21.6
    210_210_0_240_330_270_180          468.4          189.7          489.5          -48.3
     150_210_0_240_150_270_30          468.5          233.0          485.1          -46.3
      120_240_0_240_150_60_60          468.6          318.1          512.8          -21.8
    210_210_60_330_90_330_330          468.6          247.2          514.7          -36.3
     210_240_0_240_330_300_90          468.6          202.4          495.5          -37.1
     180_240_0_240_60_150_330          468.7          234.0          501.0          -21.7
       210_30_60_330_60_60_30          468.7          285.5          563.5          -25.2
       120_240_0_240_60_0_300          468.7          316.8          552.4          -26.7
     180_120_60_330_60_270_30          468.8          230.9          524.2          -34.4
    150_210_0_240_150_330_270          468.8          197.9          488.1          -33.7
    210_240_0_240_150_270_330          468.8          256.7          507.7          -28.3
      210_30_60_330_60_330_60          468.9          278.0          532.5          -39.4
      210_30_60_330_90_240_60          468.9          295.3          547.6          -33.2
      120_240_0_270_60_60_330          468.9          390.9          555.7          -21.5
     180_240_0_270_150_240_60          469.0          329.4          541.1          -33.3
      180_240_0_270_60_60_300          469.2          352.1          559.2          -24.9
     120_240_0_240_60_150_120          469.2          276.9          510.9          -34.5
       210_240_0_240_60_60_60          469.4          255.2          536.2          -19.2
    150_210_0_240_150_210_150          469.4          197.8          450.4          -34.0
     180_210_0_240_330_300_90          469.4          193.9          481.9          -51.1
      180_240_0_210_60_330_90          469.5          220.2          519.6          -32.1
     210_210_60_330_90_330_60          469.5          237.0          512.1          -33.6
     210_210_0_240_60_270_300          469.5          197.8          500.7          -33.8
    180_120_60_330_90_240_330          469.6          193.9          496.3          -40.7
    180_120_60_330_60_270_210          469.6          238.5          528.2          -26.7
      120_240_0_270_60_60_180          469.8          404.6          561.5          -26.6
    150_210_60_330_60_270_330          469.9          230.0          507.1          -34.5
     210_240_0_240_330_330_60          469.9          226.3          513.6          -26.4
   180_240_240_240_150_180_90          470.1          246.5          464.5          -38.5
      60_240_0_240_330_180_90          470.1          236.2          456.0          -38.4
     150_240_0_240_60_270_240          470.1          192.9          507.7          -35.8
      210_210_0_240_150_330_0          470.1          198.4          492.6          -32.9
    180_120_60_330_60_120_120          470.3          196.8          488.1          -29.7
     150_150_60_330_60_270_90          470.4          195.4          487.9          -32.2
     150_210_0_270_60_330_120          470.5          259.4          486.7          -48.9
     60_240_0_240_330_300_330          470.6          264.9          492.0          -28.4
      60_240_0_270_60_270_120          470.7          317.2          520.6          -26.5
      210_30_60_330_90_60_240          470.7          322.3          565.5          -26.5
     150_210_0_270_60_330_180          470.8          258.2          507.9          -49.8
      120_240_0_240_60_180_30          470.8          372.9          493.5          -44.9
      120_240_0_240_330_0_240          470.9          306.5          533.2          -39.4
     30_240_0_240_330_300_120          471.1          328.6          511.1          -27.6
     120_240_0_270_150_330_60          471.1          377.7          559.0          -20.8
     150_210_0_270_60_270_180          471.2          289.5          516.9          -47.5
      60_240_0_240_60_330_120          471.2          242.8          499.8          -30.7
     210_210_0_240_60_150_120          471.3          174.2          474.0          -44.6
    150_210_0_240_150_240_120          471.3          180.7          456.8          -56.7
       180_240_0_270_60_0_300          471.3          344.1          563.2          -27.9
    150_210_0_240_150_150_180          471.4          199.8          465.2          -53.7
      300_30_60_330_90_330_90          471.4          324.3          570.9          -17.4
     210_210_60_330_60_270_60          471.5          202.1          494.1          -35.2
    180_240_0_270_150_270_120          471.9          360.8          549.3          -33.5
    180_240_0_270_150_240_270          472.0          343.6          550.4          -31.2
     120_210_0_240_60_270_120          472.0          183.0          478.0          -50.9
     60_240_0_240_330_270_330          472.2          261.2          486.6          -32.3
      60_240_0_240_150_270_90          472.2          306.6          483.2          -28.4
     180_240_0_240_330_90_240          472.3          253.6          515.5          -36.5
     120_240_0_270_60_120_210          472.4          350.5          523.9          -34.4
       30_240_0_240_60_90_120          472.5          352.0          531.8          -20.0
     150_240_0_240_60_330_330          472.5          162.3          482.9          -38.0
       90_240_0_240_60_120_90          472.6          232.1          475.2          -36.1
       120_240_0_240_60_0_240          472.7          304.8          542.0          -35.2
    300_240_0_240_330_270_120          472.8          299.2          531.2          -27.7
      120_240_0_240_60_150_30          472.9          312.7          510.8          -24.5
   210_180_330_330_90_330_330          472.9          249.2          510.0          -27.1
    150_210_0_270_150_330_150          472.9          268.1          504.4          -29.9
      210_210_0_240_60_180_30          473.0          240.8          473.7          -54.5
     300_240_0_240_150_330_60          473.0          350.5          559.8          -11.8
      180_210_0_240_60_270_60          473.2          207.1          491.5          -36.2
    210_240_0_240_150_180_120          473.2          178.3          468.2          -33.3
      150_210_0_240_150_150_0          473.4          201.2          462.0          -44.9
    150_210_60_330_60_120_180          473.4          228.7          516.4          -41.5
     180_120_60_330_60_90_210          473.5          205.1          503.9          -32.7
     210_210_0_240_60_180_330          473.5          255.6          486.1          -46.5
       180_120_60_330_90_60_0          473.5          235.6          504.7          -43.2
      120_240_0_240_330_0_270          473.6          318.7          549.3          -30.9
    180_240_0_300_330_300_330          473.6          227.2          514.3          -29.6
     210_30_60_330_60_120_270          473.7          263.5          553.2          -30.6
    150_210_60_330_90_330_150          473.7          248.1          508.6          -32.1
      180_240_0_270_60_180_60          473.8          397.1          532.9          -35.0
      150_210_0_270_60_120_30          473.9          239.5          467.2          -51.2
      120_240_0_240_60_180_60          473.9          367.0          522.6          -35.5
      90_240_0_240_150_330_90          473.9          245.6          486.7          -27.0
      150_210_0_270_60_90_240          474.0          289.1          524.3          -37.4
      210_210_0_240_330_0_330          474.0          215.5          505.4          -39.6
     210_120_60_330_60_90_240          474.0          235.5          530.7          -33.4
      210_30_60_330_60_120_90          474.2          254.9          542.9          -27.3
     60_240_0_240_150_330_330          474.4          276.9          492.4          -20.6
    210_120_60_330_60_270_240          474.5          263.3          556.3          -26.5
      90_240_0_240_60_270_300          474.5          262.7          515.1          -27.1
     210_240_0_240_60_330_300          474.5          222.6          525.0          -23.2
     60_240_0_240_330_270_270          474.6          253.1          513.8          -24.9
    180_120_60_330_60_270_270          474.6          221.7          535.3          -18.2
      120_210_0_240_60_270_60          474.6          165.1          462.8          -50.1
      60_240_0_240_150_330_60          474.6          293.3          504.4          -18.2
     120_210_0_240_60_120_180          474.6          183.2          473.2          -58.0
     210_30_60_330_60_330_300          474.8          273.5          558.5          -34.8
    180_240_0_270_150_270_240          474.8          380.7          566.0          -28.1
      210_210_0_240_60_150_30          475.1          180.6          491.0          -34.1
     150_210_0_240_60_150_120          475.1          179.5          468.0          -48.2
    210_120_60_330_90_330_330          475.1          259.5          535.4          -43.0
    180_240_0_300_330_270_330          475.1          223.4          509.0          -33.5
       90_240_0_240_60_270_60          475.2          231.6          483.4          -36.1
       30_240_0_240_60_120_90          475.2          341.9          513.8          -23.6
      210_180_0_270_60_270_30          475.2          315.5          534.4          -31.5
       120_240_0_240_60_0_270          475.4          317.0          558.1          -26.7
     150_210_60_330_60_120_90          475.5          200.7          483.3          -40.0
     150_240_0_240_60_270_210          475.6          190.6          495.5          -36.2
      150_210_0_240_150_240_0          475.6          213.7          488.4          -44.2
      210_240_0_240_60_120_30          475.6          225.4          495.1          -34.1
      210_30_60_330_90_300_90          475.6          275.5          558.0          -36.7
    210_240_0_240_150_330_120          475.7          239.2          512.5          -22.4
      150_210_0_240_330_0_270          475.7          210.3          495.9          -42.7
     150_210_0_240_60_270_300          475.7          199.8          489.3          -37.3
     210_240_0_270_60_270_240          475.7          320.6          553.7          -20.2
     180_240_0_270_150_330_30          475.8          379.4          554.0          -19.4
     180_150_60_330_60_270_90          475.8          205.7          509.1          -30.6
     150_210_90_90_150_180_90          475.8          162.2          479.0          -45.0
       210_210_0_240_60_0_330          475.8          213.8          514.2          -35.4
     210_210_0_270_60_120_330          475.9          280.8          510.1          -40.4
     180_240_0_300_60_270_330          475.9          212.9          502.2          -31.7
      30_240_0_240_60_120_120          476.0          336.8          500.6          -29.6
      210_240_0_240_60_90_330          476.0          244.2          533.0          -16.2
    150_210_0_270_150_180_150          476.0          231.3          460.3          -42.4
       150_210_0_270_60_330_0          476.0          260.8          500.8          -43.3
      300_30_60_330_90_330_30          476.0          344.1          571.5          -13.1
      180_30_60_330_60_270_90          476.0          244.6          523.0          -31.3
    210_210_0_270_150_330_330          476.1          275.4          517.3          -34.1
       30_210_0_240_60_270_90          476.1          332.3          516.4          -30.9
     180_240_0_240_330_240_90          476.2          302.7          486.3          -35.9
        210_210_0_240_60_60_0          476.2          212.0          505.0          -41.0
      210_210_0_240_150_60_60          476.4          205.5          470.1          -32.4
      30_240_0_240_150_330_90          476.5          355.4          525.3          -14.5
     120_240_0_210_60_270_330          476.7          269.9          519.5          -31.9
     150_210_60_330_90_300_90          477.0          221.4          498.4          -49.4
      180_210_0_240_60_120_60          477.1          203.0          479.9          -38.0
      120_240_0_240_60_60_270          477.2          320.7          551.3          -27.2
     150_240_0_240_330_300_60          477.3          177.9          495.4          -42.8
     120_210_0_240_150_180_90          477.3          130.3          418.3          -56.7
    150_210_60_330_90_150_150          477.3          236.2          513.4          -23.4
     180_240_0_210_60_270_300          477.4          248.4          543.9          -25.9
    210_180_330_330_90_300_30          477.4          199.2          495.5          -37.1
       150_210_0_240_60_0_270          477.5          208.6          504.7          -38.5
      180_240_0_210_60_120_90          477.7          228.2          510.7          -34.1
     210_210_0_240_60_330_270          477.7          175.0          501.9          -34.5
      90_240_0_240_330_180_90          477.9          201.0          451.4          -47.0
       180_240_0_270_60_0_270          477.9          343.8          565.6          -22.7
     210_240_0_270_60_330_330          478.1          276.1          517.4          -26.4
     60_240_0_240_150_180_120          478.2          203.4          458.0          -34.5
    150_240_0_240_330_300_330          478.2          171.8          485.1          -38.7
     210_240_0_240_60_120_180          478.3          234.5          520.5          -28.1
     210_210_0_270_150_330_60          478.4          263.7          515.6          -31.4
     210_30_60_330_90_330_180          478.5          287.3          557.2          -31.2
     300_240_0_240_60_270_240          478.5          388.5          556.7          -16.2
      120_210_0_240_60_120_60          478.6          161.1          451.2          -51.9
     210_240_0_240_60_120_300          478.6          240.1          522.8          -25.9
     150_210_0_240_150_150_30          478.6          190.5          459.8          -44.9
      210_30_60_330_90_330_90          478.8          300.5          562.3          -32.5
     210_210_0_240_60_270_210          479.0          206.8          514.0          -35.2
     120_240_0_270_150_180_30          479.0          364.1          490.5          -39.5
    150_210_60_330_90_330_330          479.0          256.1          510.3          -39.8
    210_210_0_240_150_270_270          479.1          227.0          503.3          -33.8
       90_240_0_240_60_120_60          479.1          227.5          471.7          -37.9
      180_120_60_330_60_60_60          479.3          242.9          521.4          -26.9
      150_210_0_240_60_60_270          479.3          212.3          497.9          -39.0
     60_240_0_240_150_180_330          479.6          247.0          457.5          -27.6
      150_210_0_270_60_330_30          479.7          257.7          491.2          -40.2
     120_240_0_240_150_60_330          479.7          316.3          512.6          -20.4
      300_30_60_330_60_90_120          479.7          287.2          564.4          -16.2
      180_240_0_270_60_60_270          479.7          347.5          558.8          -23.2
    210_210_0_240_150_240_330          479.8          193.6          479.0          -43.7
    150_240_0_240_330_270_330          479.8          168.1          479.7          -42.6
     180_240_0_240_150_60_300          479.9          277.4          516.1          -23.8
    180_240_240_300_60_270_90          480.0          267.7          497.6          -36.2
      90_240_0_240_150_270_90          480.0          271.4          478.6          -37.0
    210_240_0_240_150_270_120          480.1          263.1          516.2          -30.1
     150_210_60_330_90_330_90          480.1          246.3          502.7          -45.2
     210_210_60_330_90_150_60          480.2          241.5          522.1          -22.8
      30_240_0_270_60_270_120          480.3          409.5          533.6          -22.5
     180_120_60_330_90_330_30          480.3          263.7          524.4          -35.5
      30_240_0_240_330_180_90          480.5          310.8          490.0          -34.5
     120_240_0_240_150_60_180          480.5          329.9          518.3          -25.5
    180_240_0_300_330_300_300          480.5          242.1          526.9          -30.3
    180_240_0_240_150_150_210          480.6          264.6          513.3          -28.8
      120_240_0_270_60_60_240          480.6          401.9          550.7          -33.2
      150_210_0_270_60_90_210          480.7          270.4          501.4          -46.8
     60_240_0_240_150_330_120          480.7          264.3          502.4          -23.6
     210_210_0_270_150_180_30          480.7          230.6          470.0          -49.1
     210_210_60_330_60_90_120          480.8          213.3          503.7          -37.3
      30_240_0_240_60_330_120          480.9          335.2          512.8          -26.7
    210_240_0_240_330_180_330          480.9          205.4          495.3          -33.4
      90_240_0_240_60_270_210          481.0          280.0          524.3          -30.8
       180_240_0_270_60_90_90          481.0          324.6          531.4          -20.4
    210_240_0_240_330_270_300          481.1          230.0          522.9          -25.7
     300_240_0_240_330_330_90          481.2          312.1          524.1          -21.3
    210_210_0_270_150_180_330          481.2          245.4          482.4          -41.1
      210_240_0_240_60_330_30          481.4          243.6          519.0          -23.1
      210_180_90_0_150_180_30          481.5          260.2          501.6          -46.1
     150_210_0_240_60_150_180          481.6          199.2          482.8          -46.4
     210_210_60_330_60_120_30          481.6          179.0          488.6          -35.6
      210_210_0_240_60_180_60          481.7          254.4          479.9          -46.1
     120_210_0_240_60_330_330          481.8          173.8          470.1          -49.0
     300_240_0_240_330_270_60          482.0          326.1          539.2          -30.4
    150_240_0_240_150_330_330          482.0          183.8          485.4          -30.9
     120_240_0_270_150_180_60          482.1          358.2          519.6          -30.1
      300_240_0_240_60_270_30          482.3          359.2          545.8          -19.1
     210_210_60_330_60_90_240          482.4          230.1          526.7          -28.6
      180_240_0_270_60_60_210          482.4          352.2          561.3          -21.3
      30_240_0_240_150_270_90          482.6          381.2          517.2          -24.5
