MPSim
Copyright (c) 2001 Materials and Process Simulation Center(William A. Goddard III)
                   California Institute of Technology
All rights reserved.

MPsim workstation version
Default number of threads for this computer is 1
version: 2.4 (build 20050627.0345, compiled by maiti)
running on compute-0-0.local as pid 14583 in directory /home/ravi/GEnsemble/examples/step2_opthelix2/helix6/6_FinalMinimize
Run number assumed to be 1.
READ_FF: unimplemented keyword `TORANGR  '
READ_FF: unimplemented keyword `SHRINK CH'
READ_FF: unimplemented keyword `SHRINK FC'
Dielectric const used:    2.50000
READ_FF: unimplemented keyword `ATM DEFLT'
Your original BBOX: -180 180 -180 180 -180 180
Warning: No REMARK NATOM line in input BGF file
atom_bond_order memory 0.0111237 MB
486 atoms: 486 movable, 0 fixed
Finished reading files 
Molecule data
-------------
1 molecule  of size 486
-------------
Printing final structure in BGF format.
Trajectory file is helix6.8.mineng.scream.min.traj1
Nonbond update every 5 steps
Reassign atoms every 5 steps
Thread 0 started
1452 degrees of freedom
Nonbond computation will use CMM
Total atoms: 486, movable 486, fixed 0, rigid 0
degrees of freedom 0, total_charge 1.000000, movable charge 1.000000
1 cell  occupying 408 bytes; average cell occupancy 486.0
Settings call for EXACT energy force computation.
This might take awile.
To reduce computation time (and precision) increase
number of levels.
  atom minimization method used: Conjugate-gradient (v145)
Bond terms: 492 
angle terms: 895
HB bonds (dreiding type) 170
Biograf (Author: WAG) Conjugate Gradient Minimization for 100 steps(target rms = 0.5)
    Results printed at the end of each iteration
GRDRMS=                        15.398

   STEP      T. ENERGY          RMS ATOM        STEP ATM
      1        304.4430          7.8131          0.2802
      2        271.0649          6.2912          0.2508
      3        240.1143          5.0446          0.3468
      4        224.4422          4.0352          0.2397
HB bonds (dreiding type) 174
      5        217.3314          2.9450          0.0922
      6        209.2571          2.9257          0.1777
      7        202.9625          3.1527          0.1785
      8        194.4931          3.7059          0.2776
      9        181.4750          2.6112          0.4594
HB bonds (dreiding type) 176
     10        176.6660          2.2505          0.0965
     11        173.0354          2.1358          0.1116
     12        169.6257          2.2756          0.1336
     13        164.8976          2.3818          0.2115
     14        160.5038          2.6261          0.2206
HB bonds (dreiding type) 175
     15        157.4307          1.8339          0.0613
     16        154.8261          1.6768          0.0908
     17        152.7346          1.7151          0.0976
     18        150.5340          1.6801          0.1218
     19        148.3481          1.6961          0.1390
HB bonds (dreiding type) 176
     20        146.7184          1.3268          0.0503
     21        145.5002          1.2528          0.0611
     22        144.4078          1.1597          0.0713
     23        143.2204          1.1810          0.0938
     24        142.0052          1.5694          0.1103
HB bonds (dreiding type) 176
     25        141.0524          1.0097          0.0318
     26        140.2847          0.9284          0.0474
     27        139.6504          0.9105          0.0530
     28        138.9816          0.9269          0.0678
     29        138.2392          1.0902          0.0861
HB bonds (dreiding type) 175
     30        137.6358          0.8590          0.0290
     31        137.1441          0.7825          0.0382
     32        136.6707          0.7291          0.0485
     33        136.1687          0.7829          0.0628
     34        135.6280          1.1433          0.0767
HB bonds (dreiding type) 174
     35        135.1578          0.7272          0.0215
     36        134.8109          0.4951          0.0215
  
  Minimization is converged (CONJGR)
Final RMS: 0.495080	Final Energy: 134.810948
Total number of energy calls during minimization: 144
1 molecule  of size 486
-------------
Maximum Kinetic Energy of Center of Mass: -1.000000
Energy expression:

Movable atoms	:     486	Fixed atoms	:       0
Total atoms	:     486
Bonds			:       0
Angles			:     895
Torsions		:    1305
Pi twist		:       0
Inversions		:       0
Nbond exclusions	:    2667
Dreidi type Hbonds	:     174
Total charge 	:  0.0000		Movable atoms only	:  0.0000
Total atoms: 486, movable 486, fixed 0, rigid 0
total dof 1452, total charge 0.000000, movable charge 0.000000

TOTAL ENERGY = 134.811 kcal/mol   RMS FORCE = 0.49508 (kcal/mol)/A

Energy Decomposition  
	Valence			Nonbond			Solvation
Bonds      :  27.68676        Nonbond     : 164.84894        PBSolv  :   0.00000
Angles     :  60.33997        Coulomb     :  28.85381        SGBSolv :   0.00000
Torsion    :  59.05634        VDW         : 135.99513
Inversions :   1.83414        Hbonds      : -178.95521

NB METHOD: CMM
CMM level used: 0

