   H3   H7  Tot_33_Intra  Tot_77_Intra  Tot_37_Inter  TotalE_H3-H7  VDW_33_Intra  VDW_77_Intra  VDW_37_Inter  NoVDWE_H3-H7  HBE_37_Inter
    0    0          45.9          72.5          -4.3         114.2         -86.0         -28.6          -3.8         232.6           0.0
    0   30          34.0          73.9          -4.7         103.2         -86.5         -28.6          -2.1         220.3           0.0
    0   60          35.1          74.4          -5.8         103.6         -87.1         -30.1          -1.6         222.4           0.0
    0   90          34.0          73.6          -4.3         103.3         -86.5         -26.9          -1.4         218.1           0.0
    0  120          34.3          73.6          -4.1         103.8         -92.2         -26.9          -0.9         223.7           0.0
    0  150          38.8          71.7         -12.3          98.2         -83.5         -28.3          -5.0         215.0          -0.0
    0  180          33.9          72.0          -7.5          98.5         -91.0         -28.4          -5.8         223.8          -0.7
    0  210          34.3          73.5          -6.5         101.2         -92.2         -26.8          -4.9         225.1          -0.3
    0  240          44.2          71.5          -7.2         108.5         -86.8         -28.4          -4.2         228.1           0.0
    0  270          33.9          71.5          -8.8          96.6         -91.0         -28.4          -4.4         220.5           0.0
    0  300          45.3          71.5          -4.0         112.9         -90.7         -28.4          -3.1         235.1           0.0
    0  330          34.7          71.5          -5.0         101.2         -80.6         -28.4          -5.0         215.3           0.0
   30    0          36.9          71.5          -2.5         105.9         -90.8         -28.4          -1.4         226.6           0.0
   30   30          35.3          72.5          -1.1         106.7         -92.8         -28.6          -0.2         228.4           0.0
   30   60          35.4          71.5          -3.3         103.6         -93.1         -28.4          -0.1         225.2           0.0
   30   90          39.1          71.5          -2.0         108.6         -86.4         -28.4          -0.5         223.9           0.0
   30  120          34.3          71.5          -5.0         100.7         -85.8         -28.4          -0.8         215.7           0.0
   30  150          34.1          71.5          -6.7          98.9         -90.2         -28.4          -1.5         219.0           0.0
   30  180          35.3          73.3          -5.2         103.4         -92.8         -28.0          -2.2         226.4          -0.1
   30  210          35.8          74.7          -4.3         106.2         -80.9         -29.0          -3.8         219.9           0.0
   30  240          33.9          71.5          -5.3         100.1         -91.0         -28.4          -1.8         221.4           0.0
   30  270          36.3          71.7          -2.5         105.5         -92.0         -28.3          -1.3         227.2           0.0
   30  300          34.9          71.5          -1.6         104.8         -91.3         -28.4          -2.3         226.9           0.0
   30  330          34.1          71.5          -4.1         101.5         -90.2         -28.4          -1.6         221.7           0.0
   60    0          34.4          72.6          -2.8         104.1         -92.4         -30.1          -0.3         226.9           0.0
   60   30          34.4          71.5          -5.7         100.2         -92.4         -28.4          -0.1         221.2           0.0
   60   60          34.8          72.5          -7.3         100.1         -90.6         -28.6          -0.1         219.4           0.0
   60   90          37.8          71.5          -2.2         107.1         -87.7         -28.4          -0.2         223.5           0.0
   60  120          36.9          71.5          -2.5         105.9         -92.9         -28.4          -0.2         227.6           0.0
   60  150          35.8          71.5          -3.9         103.4         -89.9         -28.4          -0.5         222.3           0.0
   60  180          33.9          71.5          -1.5         103.9         -91.0         -28.4          -2.5         225.9           0.0
   60  210          36.5          72.0          -6.4         102.1         -90.9         -28.4          -1.4         222.9           0.0
   60  240          36.7          71.5          -7.8         100.4         -94.7         -28.4          -0.8         224.3           0.0
   60  270          34.4          71.5          -3.5         102.4         -92.4         -28.4          -0.8         224.0           0.0
   60  300          35.3          71.5          -2.3         104.4         -91.4         -28.4          -0.7         225.0           0.0
   60  330          35.0          72.5          -5.9         101.5         -91.7         -30.1          -0.6         223.9           0.0
   90    0          37.2          72.5          -5.9         103.8         -93.9         -30.1          -0.3         228.0           0.0
   90   30          35.0          71.5           0.8         107.4         -86.6         -28.4          -0.1         222.5           0.0
   90   60          34.7          73.6          -1.5         106.8         -87.9         -30.3          -0.1         225.2           0.0
   90   90          34.3          73.1          -0.5         106.9         -85.8         -28.5          -0.3         221.4           0.0
   90  120          37.0          76.7          -8.8         104.9         -87.5         -28.0          -1.2         221.6          -1.2
   90  150          35.3          75.0          -9.5         100.9         -92.8         -28.1          -0.9         222.7          -0.1
   90  180          34.3          74.5          -5.0         103.8         -85.8         -27.4          -1.4         218.3           0.0
   90  210          33.7          72.0          -2.7         103.0         -87.3         -28.4          -1.1         219.9           0.0
   90  240          35.8          71.7          -3.4         104.1         -89.9         -28.3          -0.5         222.8           0.0
   90  270          34.3          74.0          -2.9         105.4         -85.8         -28.2          -0.8         220.2           0.0
   90  300          35.8          71.5          -2.2         105.2         -89.9         -28.4          -0.7         224.2           0.0
   90  330          35.0          72.5          -6.5         101.0         -86.6         -30.1          -0.4         218.1           0.0
  120    0          37.6          72.5          -7.5         102.6         -92.5         -30.1          -0.3         225.4           0.0
  120   30          34.3          73.5          -1.9         105.8         -85.8         -30.3          -0.1         222.0           0.0
  120   60          36.6          72.6          -1.9         107.4         -92.3         -30.1          -0.5         230.3           0.0
  120   90          34.0          72.5          -2.8         103.7         -88.4         -28.6          -0.3         221.1           0.0
  120  120          35.3          73.7         -10.7          98.3         -87.7         -27.4          -0.7         214.1          -2.9
  120  150          35.1          70.7          -7.9          97.9         -89.7         -29.9          -1.0         218.6           0.0
  120  180          45.8          74.4          -9.5         110.7         -90.7         -26.9          -1.0         229.3           0.0
  120  210          34.3          71.5          -5.5         100.3         -85.8         -28.4          -0.7         215.2           0.0
  120  240          34.5          71.5          -5.7         100.3         -91.3         -28.4          -0.6         220.6           0.0
  120  270          36.6          71.5          -6.6         101.5         -92.3         -28.4          -0.7         223.0           0.0
  120  300          34.5          72.5          -3.7         103.3         -91.3         -28.6          -0.6         223.8           0.0
  120  330          36.3          72.5          -1.2         107.6         -92.1         -30.1          -0.5         230.2           0.0
  150    0          44.8          72.5          -5.6         111.7         -91.5         -30.1          -1.3         234.6           0.0
  150   30          48.0          72.5          -1.5         119.0         -87.7         -30.1          -0.4         237.2           0.0
  150   60          36.3          71.5          -5.0         102.8         -91.8         -28.4          -1.1         224.2           0.0
  150   90          39.3          72.6         -13.3          98.6         -92.3         -28.0          -2.5         221.3           0.0
  150  120          46.9          72.6         -11.6         107.9         -83.1         -28.0          -0.9         219.9           0.0
  150  150          43.6          74.5         -15.8         102.3         -90.9         -29.0          -2.5         224.7          -0.1
  150  180          35.5          75.1         -11.4          99.2         -87.3         -27.9          -1.8         216.2           0.0
  150  210          35.4          71.5          -2.2         104.7         -87.5         -28.4          -1.8         222.4           0.0
  150  240          35.3          71.5         -12.8          94.0         -88.8         -28.4          -2.0         213.2           0.0
  150  270          35.5          71.5          -4.7         102.3         -87.3         -28.4          -1.3         219.3           0.0
  150  300          37.0          71.5          -1.5         107.0         -87.9         -28.4          -1.4         224.8           0.0
  150  330          38.5          72.5          -8.1         102.9         -94.3         -30.1          -2.0         229.3           0.0
  180    0          37.9          74.0         -10.2         101.8         -87.2         -28.2          -1.7         219.0          -3.0
  180   30          45.4          81.8         -13.8         113.4         -91.8         -26.0          -2.3         233.4          -2.3
  180   60          38.5          75.0          -8.8         104.7         -94.3         -21.2          -1.9         222.1           0.0
  180   90          47.6          74.6         -17.4         104.7         -87.9         -18.5          -2.8         213.9          -2.6
  180  120          43.3          74.4         -12.3         105.3         -92.7         -26.9          -1.7         226.6          -0.1
  180  150          43.3          73.6         -13.1         103.8         -92.7         -26.9          -2.8         226.2           0.0
  180  180          33.7          78.5         -11.2         101.0         -87.3         -27.4          -0.3         216.0           0.0
  180  210          33.7          72.0          -7.0          98.7         -87.3         -28.4          -2.5         217.0          -0.0
  180  240          35.8          72.0          -6.8         101.0         -90.0         -28.4          -2.8         222.3           0.0
  180  270          45.1          72.5          -9.0         108.6         -92.8         -28.6          -2.5         232.5           0.0
  180  300          43.3          74.4          -5.7         111.9         -87.5         -28.1          -1.6         229.2           0.0
  180  330          36.7          71.5          -2.8         105.4         -86.6         -28.4          -1.4         221.9           0.0
  210    0          50.6          71.5          -9.4         112.8         -89.6         -28.4          -2.0         232.8           0.0
  210   30          45.9          74.3          -8.0         112.1         -88.2         -28.1          -1.6         230.0           0.0
  210   60          38.4          78.3         -15.6         101.1         -92.6         -29.6          -2.1         225.5          -1.4
  210   90          50.6          75.3         -21.2         104.7         -82.4         -19.6          -0.9         207.5          -0.6
  210  120          46.7          72.6         -14.3         105.1         -83.9         -28.0          -1.7         218.7          -1.2
  210  150          46.9          74.0         -16.2         104.7         -85.1         -27.3          -2.8         219.9           0.0
  210  180          45.7          71.5          -9.9         107.3         -91.6         -28.4          -4.8         232.1           0.0
  210  210          35.0          71.7          -6.6         100.1         -91.8         -28.3          -3.0         223.1           0.0
  210  240          33.7          73.2          -3.1         103.8         -87.3         -28.6          -2.2         221.9           0.0
  210  270          45.9          71.7          -6.0         111.6         -85.8         -28.3          -1.8         227.5           0.0
  210  300          45.7          74.4         -11.6         108.5         -87.3         -28.1          -2.5         226.3           0.0
  210  330          48.0          74.0          -6.7         115.3         -86.9         -28.2          -3.5         233.9          -0.1
  240    0          43.5          72.5          -1.2         114.8         -87.0         -30.1          -3.2         235.1           0.0
  240   30          50.4          72.6          -4.4         118.6         -86.7         -28.0          -2.1         235.3           0.0
  240   60          35.7          72.6           0.2         108.5         -85.1         -28.0          -1.5         223.0           0.0
  240   90          49.0          71.7         -12.4         108.3         -85.8         -32.2          -2.6         228.8          -0.9
  240  120          49.2          73.3          -8.8         113.6         -82.3         -28.0          -1.3         225.2           0.0
  240  150          35.7          73.3          -4.9         104.0         -85.1         -27.8          -2.8         219.7           0.0
  240  180          33.9          72.0          -7.1          98.7         -83.8         -28.4          -4.8         215.8           0.0
  240  210          42.6          71.5          -6.8         107.3         -84.3         -28.4          -4.8         224.9           0.0
  240  240          33.7          71.5          -3.3         101.9         -87.3         -28.4          -2.2         219.9           0.0
  240  270          43.2          74.4          -7.5         110.1         -85.0         -28.1          -2.1         225.3           0.0
  240  300          33.9          74.4          -6.9         101.3         -83.8         -28.1          -3.7         216.9           0.0
  240  330          47.3          73.9          -4.5         116.8         -84.4         -28.6          -2.5         232.3           0.0
  270    0          35.5          74.0         -10.7          98.8         -91.3         -28.2          -4.3         222.6           0.0
  270   30          44.7          71.5           1.0         117.2         -93.4         -28.4          -1.6         240.6           0.0
  270   60          51.0          76.5         -14.6         112.9         -91.4         -21.2          -1.9         227.4           0.0
  270   90          50.2          73.3         -16.4         107.2         -89.3         -31.0          -3.6         231.0           0.0
  270  120          50.8          71.5          -4.3         118.0         -89.2         -28.4          -1.4         237.0           0.0
  270  150          44.5          72.0          -9.8         106.7         -91.7         -28.4          -4.3         231.1           0.0
  270  180          35.9          74.8         -10.0         100.7         -92.3         -27.4          -3.7         224.0           0.0
  270  210          39.1          71.5          -6.8         103.8         -90.8         -28.4          -5.4         228.4           0.0
  270  240          33.7          72.0          -4.8         100.9         -87.3         -28.4          -3.3         220.0           0.0
  270  270          35.3          72.5           1.3         109.2         -88.8         -28.6          -1.8         228.3           0.0
  270  300          37.8          77.1          -4.8         110.1         -94.1         -26.3          -5.3         235.8           0.0
  270  330          37.5          74.4          -2.5         109.3         -88.2         -28.1          -5.7         231.3           0.0
  300    0          35.3          71.5          -0.0         106.7         -90.9         -28.4          -2.8         228.8           0.0
  300   30          42.9          71.5           0.1         114.6         -91.5         -28.4          -0.5         234.9           0.0
  300   60          35.1          73.3          -3.5         104.9         -88.3         -28.2          -2.3         223.7           0.0
  300   90          35.0          73.1          -3.8         104.2         -91.7         -28.5          -0.8         225.2           0.0
  300  120          43.0          75.7          -6.0         112.6         -86.9         -27.4          -1.9         228.8           0.0
  300  150          37.2          73.6          -9.4         101.4         -90.1         -26.9          -6.6         225.0          -0.7
  300  180          43.4          74.0          -9.4         108.0         -88.8         -27.3          -4.1         228.2           0.0
  300  210          36.4          72.2          -6.3         102.3         -90.2         -28.4          -4.8         225.7          -0.0
  300  240          36.5          71.7          -7.9         100.3         -82.7         -28.3          -5.6         216.9           0.0
  300  270          34.3          71.5          -1.2         104.5         -92.2         -28.4          -3.0         228.2           0.0
  300  300          35.1          71.5         -10.0          96.6         -88.3         -28.4          -6.4         219.7           0.0
  300  330          35.3          74.0          -3.4         105.8         -90.9         -28.2          -4.0         228.9           0.0
  330    0          33.9          72.5          -3.2         103.2         -91.0         -28.6          -1.1         224.0           0.0
  330   30          33.7          74.0          -4.7         103.0         -87.3         -28.2          -0.8         219.3           0.0
  330   60          33.7          71.5          -2.0         103.2         -87.3         -28.4          -0.6         219.6           0.0
  330   90          43.0          73.1          -1.2         115.0         -90.6         -28.5          -0.7         234.7           0.0
  330  120          41.9          72.2          -5.4         108.6         -88.8         -28.2          -3.9         229.5          -0.7
  330  150          45.8          73.9          -8.9         110.8         -86.2         -26.8          -6.1         230.0          -0.1
  330  180          35.3          72.0          -9.2          98.1         -90.9         -28.4          -4.6         222.1           0.0
  330  210          42.7          72.2          -7.7         107.2         -87.7         -28.4          -3.6         226.9          -1.2
  330  240          33.9          71.5          -0.5         104.9         -91.0         -28.4          -1.2         225.6           0.0
  330  270          44.5          71.5          -8.2         107.7         -90.5         -28.4          -1.9         228.6           0.0
  330  300          45.1          72.5         -10.5         107.1         -90.9         -28.6          -5.0         231.7          -0.0
  330  330          35.6          72.5          -3.6         104.5         -90.8         -30.1          -2.1         227.5           0.0
