   H1   H7  Tot_11_Intra  Tot_77_Intra  Tot_17_Inter  TotalE_H1-H7  VDW_11_Intra  VDW_77_Intra  VDW_17_Inter  NoVDWE_H1-H7  HBE_17_Inter
    0    0          68.0         106.1          68.5         242.5         -58.8           6.2          83.4         211.8           0.0
    0   30          72.4          79.8          16.5         168.7         -49.5         -21.3          24.7         214.9           0.0
    0   60          70.2          84.8         -21.9         133.1         -35.7         -18.2          -8.8         195.7           0.0
    0   90          74.9          82.7         -18.8         138.8         -58.0         -10.3           1.0         206.1           0.0
    0  120          68.0          73.8         -23.6         118.3         -52.2         -20.2         -12.6         203.3          -0.0
    0  150         132.0         123.1          94.3         349.4          -0.2          20.4         112.9         216.3          -0.0
    0  180         193.9         130.7         409.8         734.5          75.8          24.9         426.2         207.6           0.0
    0  210          73.9          84.2         -21.4         136.7         -39.7         -18.9          -7.9         203.3           0.0
    0  240          69.4         167.9         227.4         464.7         -54.2          55.1         236.2         227.5          -0.3
    0  270          61.5         122.5          -9.2         174.9         -52.0           2.3           6.8         217.7           0.0
    0  300          62.6          92.0         -12.6         142.0         -50.0         -20.9          -7.1         220.1           0.0
    0  330          63.8         119.0         -21.7         161.1         -43.1          16.6          -7.9         195.5           0.0
   30    0         123.2          72.2          -5.1         190.3           7.9         -28.4          10.7         200.2           0.0
   30   30         230.9          76.3         104.0         411.2         109.6         -29.9         120.3         211.2           0.0
   30   60          73.8          94.4          60.4         228.6         -44.7         -22.8          77.3         218.9           0.0
   30   90          63.4          99.1         -15.2         147.3         -58.2         -22.4          -4.4         232.3          -0.0
   30  120          67.9          72.8         -18.1         122.6         -58.0         -20.0           1.0         199.5           0.0
   30  150          81.2          86.9         276.5         444.6         -49.4         -24.9         291.0         227.9          -0.1
   30  180         196.4          89.5         601.4         887.4          75.6         -20.2         619.6         212.4          -0.3
   30  210         254.0          90.1          53.2         397.3         147.7         -15.7          67.2         198.1           0.0
   30  240         225.8          89.4         513.8         828.9         112.0         -19.6         523.1         213.4          -0.6
   30  270          61.7         101.4          13.5         176.6         -51.1         -17.9          28.4         217.2           0.0
   30  300          60.8          92.3         504.9         658.1         -62.0          -6.1         515.5         210.7          -1.0
   30  330         223.4         162.5          76.1         462.0         102.2          53.5          91.3         214.8           0.0
   60    0          59.8         107.4         -30.3         136.9         -50.3           5.1         -16.3         198.4          -1.3
   60   30         123.5         120.6          64.3         308.4           4.8           3.1          77.7         222.8          -0.2
   60   60         132.6         101.0         -19.4         214.3          13.0          -5.8          -2.7         209.8           0.0
   60   90         127.7          84.1         -29.3         182.5          10.2         -18.4         -10.2         200.9          -0.0
   60  120          66.2          77.2          -3.3         140.1         -60.4         -29.6          13.7         216.4          -0.1
   60  150          62.9         118.2          82.8         264.0         -50.9           2.0          96.6         216.4          -0.0
   60  180          76.7         140.5          -7.4         209.7         -61.8          28.7          16.9         225.9          -6.8
   60  210         225.3          79.0          16.3         320.7         102.7         -21.0          33.8         205.2          -4.5
   60  240         134.4          73.7          -7.1         201.0           8.1         -29.9          -4.6         227.3          -0.0
   60  270          61.4          83.8         -17.6         127.7         -56.2         -19.2          -5.5         208.6           0.0
   60  300         229.6         113.0         -25.3         317.4          93.5          -4.7         -11.1         239.6          -0.2
   60  330         134.4          82.7           0.3         217.4           7.9         -21.6          14.7         216.4           0.0
   90    0          62.3          98.0          14.9         175.2         -55.6          -2.0          24.5         208.3          -0.1
   90   30          65.6         136.6           0.4         202.7         -55.9          31.3           6.4         221.0          -0.0
   90   60          75.6          74.0           0.3         149.9         -56.4         -28.2          23.2         211.4          -0.3
   90   90          62.8          75.6         -25.0         113.4         -60.6         -30.3          -5.0         209.2          -2.1
   90  120          76.7          83.2          -9.3         150.5         -61.5         -27.8           2.0         237.7          -3.8
   90  150         139.9          85.4         376.6         601.9          15.8         -27.6         389.9         223.8          -0.6
   90  180          72.9         109.3         -33.0         149.2         -50.0           4.3          -3.9         198.7          -6.5
   90  210          75.3          85.8         -16.2         144.9         -60.4         -21.1          -6.2         232.5          -6.7
   90  240          60.9          84.2         -33.8         111.3         -58.9         -27.7         -16.2         214.0          -3.6
   90  270          67.3         121.3         -24.6         164.0         -54.5           3.4          -8.3         223.4          -1.4
   90  300          72.2          81.0         -25.7         127.5         -54.4         -28.3         -14.2         224.3          -1.3
   90  330          63.3          82.0         -14.1         131.1         -57.6         -21.7         -11.1         221.5          -0.2
  120    0          75.6          72.0           2.2         149.7         -55.3         -28.4          16.6         216.8          -0.1
  120   30          63.5          71.5         -28.8         106.1         -52.4         -28.4         -12.2         199.1          -2.0
  120   60          58.3          76.5         -19.2         115.6         -56.1         -30.9          -7.6         210.2          -1.7
  120   90          68.0          71.5         -11.6         127.9         -60.5         -28.4           2.2         214.7          -0.1
  120  120          68.7          76.6         -16.9         128.4         -53.9         -28.7           0.7         210.3          -3.7
  120  150          67.5          93.0          20.8         181.3         -58.0         -27.4          36.6         230.1          -5.6
  120  180          68.9          82.6         -28.2         123.3         -58.3         -17.2          -5.9         204.8          -6.3
  120  210          60.7          93.1         -42.1         111.8         -51.3         -27.4         -15.4         205.9          -6.3
  120  240          64.4          81.8         -33.4         112.9         -54.1         -28.1         -12.4         207.4         -10.1
  120  270          62.0          77.3         -22.2         117.1         -63.0         -28.7          -5.3         214.1          -5.2
  120  300          59.8          74.4         -22.7         111.5         -54.4         -28.9         -14.1         208.9          -0.0
  120  330          59.9          81.1         -25.8         115.2         -57.4         -19.6         -12.2         204.4          -1.9
  150    0          58.1          71.7         -12.9         116.9         -56.5         -28.3         -10.9         212.5           0.0
  150   30          61.2          72.7         -12.2         121.7         -58.8         -28.5          -0.3         209.4           0.0
  150   60          64.4          76.5          -8.2         132.7         -63.1         -30.9          -1.1         227.9          -0.9
  150   90          64.8          73.6         -28.7         109.7         -49.9         -30.3         -10.8         200.6          -1.9
  150  120          59.3          75.3         -22.1         112.6         -58.1         -32.4          -7.1         210.2          -0.1
  150  150          70.9          80.6         -27.0         124.5         -55.0         -29.8          -8.1         217.3          -0.1
  150  180          70.6          83.2         -11.5         142.3         -53.9         -27.1          -3.6         226.9          -5.0
  150  210          67.9          91.4         -42.7         116.5         -57.6         -25.7          -8.4         208.3          -8.3
  150  240          62.3          78.7         -22.1         118.9         -59.0         -28.2          -5.0         211.2          -4.5
  150  270          58.7          74.1         -29.4         103.5         -53.7         -28.5         -14.5         200.1          -2.8
  150  300          59.2          74.4         -19.1         114.5         -53.3         -26.9          -7.1         201.9           0.0
  150  330          59.3          80.8         -15.6         124.4         -57.3         -23.7          -8.6         214.1           0.0
  180    0          63.4          99.1         -11.7         150.7         -55.9          -2.1           1.3         207.5           0.0
  180   30          65.1         113.5         -14.7         163.9         -53.9           8.8          -5.1         214.0           0.0
  180   60          67.7          71.5         -22.2         117.0         -49.7         -28.4          -9.1         204.3           0.0
  180   90          62.2          72.5         -23.5         111.3         -53.4         -28.6          -9.1         202.4           0.0
  180  120          67.7          71.5           1.1         140.4         -48.0         -28.4          17.5         199.3           0.0
  180  150          64.6          84.4        9459.4        9608.4         -53.0         -21.4        9472.0         210.8          -0.5
  180  180          68.7          95.1         729.7         893.5         -45.7         -17.0         752.2         204.1          -6.7
  180  210          69.9          78.6           2.5         151.0         -51.5         -27.8          11.0         219.4           0.0
  180  240          66.8          73.5         -10.3         129.9         -49.9         -29.5           4.2         205.2          -0.2
  180  270          58.8          77.7         -17.6         118.8         -54.0         -33.1          -0.9         206.9           0.0
  180  300          65.4          78.6         -23.4         120.5         -52.4         -30.9         -10.1         213.9           0.0
  180  330          63.1          82.0         -17.6         127.4         -53.5         -21.8          -1.9         204.7           0.0
  210    0          89.0          81.5          27.5         197.9         -28.7         -20.6          37.2         210.0           0.0
  210   30          69.6          76.3         -12.8         133.1         -52.3         -29.9          -3.9         219.1           0.0
  210   60          90.7          77.2         -21.0         146.9         -28.8         -30.1          -5.6         211.4           0.0
  210   90          89.3          79.3          21.9         190.5         -26.0         -21.3          30.1         207.8          -0.0
  210  120          77.6          86.5         -19.7         144.4         -36.5         -17.7          -4.8         203.4           0.0
  210  150          94.1          93.6        3072.8        3260.4         -26.1         -25.8        3081.0         231.3          -0.4
  210  180          76.4          86.5          24.7         187.7         -29.8         -25.7          38.2         205.1          -1.6
  210  210          79.2          92.2          56.7         228.1         -41.4         -16.6          71.1         215.0          -0.0
  210  240          85.7          77.8         -25.7         137.9         -29.0         -27.6         -19.6         214.0          -0.5
  210  270          75.5          92.0          -5.7         161.8         -41.9         -19.8           6.1         217.4           0.0
  210  300          85.9          98.6         -26.5         158.1         -31.2         -21.4         -10.5         221.2           0.0
  210  330          82.3          76.3         -18.2         140.3         -29.8         -28.5          -9.3         208.0           0.0
  240    0          59.1         105.6         -18.8         145.9         -58.8           6.2          -7.7         206.2           0.0
  240   30          60.0          96.3         -12.3         144.0         -56.5          -2.5          -9.5         212.5           0.0
  240   60          88.8          76.5          48.0         213.2         -30.6         -30.9          60.3         214.4           0.0
  240   90          82.3         162.7          23.1         268.0         -25.4          52.0          36.7         204.7           0.0
  240  120          61.2          82.7         -22.2         121.8         -46.2         -10.3          -8.2         186.5           0.0
  240  150          94.7          81.0         154.0         329.6         -20.3         -26.2         167.3         208.9          -0.0
  240  180         173.3         130.6        2372.3        2676.2          47.6          25.0        2384.1         219.5           0.0
  240  210          85.8          80.8         -16.5         150.1         -35.7         -18.2          -8.2         212.2           0.0
  240  240          84.1          74.5         -27.7         130.8         -32.0         -27.4         -13.7         203.9          -0.7
  240  270          62.1          75.5           3.0         140.6         -57.3         -26.7          12.4         212.3          -0.0
  240  300          64.5          91.5         -19.8         136.2         -55.8         -29.7          -7.0         228.7           0.0
  240  330          87.6          77.9         -15.5         150.0         -24.5         -31.5          -2.7         208.7           0.0
  270    0          84.8          96.3          -6.9         174.2         -40.7          -2.5          -1.6         219.0           0.0
  270   30         116.2         111.0         -15.5         211.7         -10.7           8.7          -6.6         220.4           0.0
  270   60          82.0          76.3          43.4         201.7         -36.2         -29.9          50.9         216.8           0.0
  270   90          83.3          81.6         -20.7         144.2         -38.2         -18.7         -13.1         214.2           0.0
  270  120         103.3          74.1         -29.5         147.8         -35.6         -20.0         -12.2         215.6           0.0
  270  150         261.8         120.7         717.9        1100.3         124.8          20.9         727.4         227.3           0.0
  270  180         188.7          80.4        1102.3        1371.4          65.3         -16.9        1113.2         209.9          -0.0
  270  210         130.4          88.9         139.2         358.4          21.3         -21.0         147.3         210.9           0.0
  270  240         130.9          83.8         114.0         328.6          21.9         -19.2         113.2         212.8          -0.0
  270  270          94.1         107.7         -12.3         189.4         -38.7           0.5          -3.3         230.9           0.0
  270  300          68.5          80.4          -4.1         144.7         -36.6         -31.6           7.6         205.4          -0.0
  270  330          57.8         124.7         -13.0         169.5         -57.4          17.9         -10.2         219.2           0.0
  300    0          71.6          87.0          -9.1         149.5         -57.0         -19.1           2.5         223.1           0.0
  300   30          74.4         133.1         -12.8         194.7         -37.7          14.5           0.3         217.7           0.0
  300   60          90.7          94.4         -12.2         172.9         -25.2         -22.8         -10.2         231.1           0.0
  300   90          66.9          72.5         -15.1         124.4         -40.2         -28.6          -1.7         194.9           0.0
  300  120          58.1          71.5          15.5         145.1         -49.5         -28.4          28.2         194.9           0.0
  300  150         160.9         117.3         629.5         907.7          26.9           3.6         646.7         230.4          -0.0
  300  180         143.1          83.9          46.1         273.2          16.2         -19.4          56.4         220.0           0.0
  300  210         161.1         173.9         224.6         559.6          46.0          63.1         238.6         212.0          -3.7
  300  240         188.7         106.1         -36.0         258.9          69.5         -11.7         -16.9         218.0          -1.6
  300  270          89.0         102.4          -4.6         186.7         -22.3         -24.0           2.8         230.2           0.0
  300  300         131.2          98.5          13.0         242.7          18.2          -7.5          24.6         207.5          -0.3
  300  330         151.4          74.4          21.8         247.6          36.2         -28.9          28.3         212.1           0.0
  330    0          67.9          76.2         -15.4         128.7         -47.2         -31.0          -6.2         213.1           0.0
  330   30          59.9         105.4          -9.8         155.5         -49.3         -13.1          -1.6         219.4           0.0
  330   60          67.7          99.9          -6.3         161.3         -44.2          -5.5          -1.8         212.8           0.0
  330   90          58.0          82.0         -14.1         125.9         -57.1         -19.9          -4.4         207.4           0.0
  330  120          70.7          92.7         -34.2         129.2         -44.1         -19.2         -13.2         205.8           0.0
  330  150         162.1          80.9         -18.6         224.4          47.2         -26.6          -0.9         204.7           0.0
  330  180         125.1         128.2         -13.6         239.7          -0.7           5.5          -6.4         241.3          -0.7
  330  210         135.3          92.0         -17.7         209.7          28.1          -8.7         -14.0         204.2          -0.0
  330  240          59.9          84.9          -1.0         143.8         -46.6         -18.5           6.2         202.7          -0.0
  330  270          59.2          71.5         -33.2          97.5         -50.7         -28.4         -23.1         199.8           0.0
  330  300         163.2          92.2         -25.2         230.3          48.4         -22.3         -14.1         218.3           0.0
  330  330          60.9          93.1          -6.7         147.3         -57.6         -18.7           4.7         218.9           0.0
