 *******************************************************************************
 ** FRANK J. SEILER RES. LAB., U.S. AIR FORCE ACADEMY, COLO. SPGS., CO. 80840 **
 *******************************************************************************

                                MNDO CALCULATION RESULTS


 *******************************************************************************
 *          MOPAC:  VERSION  5.00               CALC'D. 23-Sep-91
 *   XYZ     - CARTESIAN COORDINATE SYSTEM TO BE USED
 *   T=      - A TIME OF  3600.0 SECONDS REQUESTED
 *  DUMP=N   - RESTART FILE WRITTEN EVERY  3600.0 SECONDS
 *  NOINTER  - INTERATOMIC DISTANCES NOT TO BE PRINTED
 *  GNORM=   - EXIT WHEN GRADIENT NORM DROPS BELOW .200E-01
 *  ESP      - ELECTROSTATIC POTENTIAL CALCULATION
 ***********************************************************************060BY060
 XYZ GNORM=0.02 NOINTER ESP                                                     
                                                                                
                                                                                

    ATOM   CHEMICAL  BOND LENGTH    BOND ANGLE     TWIST ANGLE
   NUMBER  SYMBOL    (ANGSTROMS)     (DEGREES)      (DEGREES)
    (I)                  NA:I          NB:NA:I      NC:NB:NA:I     NA   NB   NC

      1      C
      2      H         1.02109 *                                   1
      3      C         1.40778 *      120.00535 *                  1    2
      4      H         1.02092 *      119.93647 *     0.04238 *    3    1    2
      5      C         1.40736 *      120.04550 *   180.11478 *    3    1    2
      6      H         1.02035 *      120.07076 *   179.91089 *    5    3    1
      7      C         1.40826 *      119.95659 *   359.93002 *    5    3    1
      8      H         1.02072 *      119.97858 *   179.97343 *    7    5    3
      9      C         1.40727 *      119.98716 *     0.00000 *    7    5    3
     10      H         1.02116 *      119.93450 *   179.94049 *    9    7    5
     11      C         1.40736 *      120.05624 *     0.00000 *    9    7    5
     12      H         1.02105 *      120.00133 *   180.15752 *   11    9    7


          CARTESIAN COORDINATES 

    NO.       ATOM         X         Y         Z

     1         C        0.0000    0.0000    0.0000
     2         H        1.0211    0.0000    0.0000
     3         C       -0.7040    1.2191    0.0000
     4         H       -0.1926    2.1027   -0.0007
     5         C       -2.1114    1.2201    0.0024
     6         H       -2.6220    2.1035    0.0038
     7         C       -2.8154    0.0005    0.0034
     8         H       -3.8361    0.0008    0.0056
     9         C       -2.1115   -1.2181    0.0019
    10         H       -2.6228   -2.1020    0.0035
    11         C       -0.7041   -1.2191   -0.0005
    12         H       -0.1942   -2.1037   -0.0040
  H: (MNDO):  M.J.S. DEWAR, W. THIEL, J. AM. CHEM. SOC., 99, 4899, (1977)       
  C: (MNDO):  M.J.S. DEWAR, W. THIEL, J. AM. CHEM. SOC., 99, 4899, (1977)       


          RHF CALCULATION, NO. OF DOUBLY OCCUPIED LEVELS = 15
 CYCLE:   1 TIME:   1.95 TIME LEFT:   3597.4 GRAD.:    63.634 HEAT: 24.94836    
 CYCLE:   2 TIME:   0.65 TIME LEFT:   3596.7 GRAD.:    61.532 HEAT: 24.42478    
 CYCLE:   3 TIME:   1.40 TIME LEFT:   3595.3 GRAD.:    56.455 HEAT: 23.37266    
 CYCLE:   4 TIME:   1.22 TIME LEFT:   3594.1 GRAD.:    42.600 HEAT: 22.09529    
 CYCLE:   5 TIME:   0.65 TIME LEFT:   3593.4 GRAD.:    18.279 HEAT: 21.50585    
 CYCLE:   6 TIME:   1.21 TIME LEFT:   3592.2 GRAD.:     4.400 HEAT: 21.36872    
 CYCLE:   7 TIME:   0.58 TIME LEFT:   3591.6 GRAD.:     3.392 HEAT: 21.35685    
 CYCLE:   8 TIME:   0.59 TIME LEFT:   3591.1 GRAD.:     4.550 HEAT: 21.34048    
 CYCLE:   9 TIME:   0.58 TIME LEFT:   3590.5 GRAD.:     3.537 HEAT: 21.33030    
 CYCLE:  10 TIME:   1.04 TIME LEFT:   3589.4 GRAD.:     1.169 HEAT: 21.32577    
 CYCLE:  11 TIME:   0.58 TIME LEFT:   3588.9 GRAD.:     0.754 HEAT: 21.32518    
 CYCLE:  12 TIME:   0.63 TIME LEFT:   3588.2 GRAD.:     0.576 HEAT: 21.32475    
 CYCLE:  13 TIME:   0.64 TIME LEFT:   3587.6 GRAD.:     0.419 HEAT: 21.32450    
 CYCLE:  14 TIME:   0.64 TIME LEFT:   3586.9 GRAD.:     0.174 HEAT: 21.32438    
 CYCLE:  15 TIME:   0.64 TIME LEFT:   3586.3 GRAD.:     0.118 HEAT: 21.32436    
 CYCLE:  16 TIME:   0.63 TIME LEFT:   3585.7 GRAD.:     0.117 HEAT: 21.32436    
 CYCLE:  17 TIME:   0.63 TIME LEFT:   3585.1 GRAD.:     0.104 HEAT: 21.32435    
 CYCLE:  18 TIME:   0.64 TIME LEFT:   3584.4 GRAD.:     0.066 HEAT: 21.32434    
 CYCLE:  19 TIME:   0.63 TIME LEFT:   3583.8 GRAD.:     0.027 HEAT: 21.32433    
0TEST ON GRADIENT SATISFIED
 PETERS TEST SATISFIED 

 -------------------------------------------------------------------------------
 XYZ GNORM=0.02 NOINTER ESP                                                     
                                                                                
                                                                                


     PETERS TEST WAS SATISFIED IN BFGS OPTIMIZATION           
     SCF FIELD WAS ACHIEVED                                   


                               MNDO    CALCULATION
                                                       VERSION  5.00
                                                       23-Sep-91               




          FINAL HEAT OF FORMATION =         21.32433 KCAL


          TOTAL ENERGY            =       -851.53455 EV
          ELECTRONIC ENERGY       =      -3252.04178 EV
          CORE-CORE REPULSION     =       2400.50722 EV

          IONIZATION POTENTIAL    =          9.39111
          NO. OF FILLED LEVELS    =         15
          MOLECULAR WEIGHT        =     78.113


          SCF CALCULATIONS  =               67
          COMPUTATION TIME =  17.090 SECONDS





    ATOM   CHEMICAL  BOND LENGTH    BOND ANGLE     TWIST ANGLE
   NUMBER  SYMBOL    (ANGSTROMS)     (DEGREES)      (DEGREES)
    (I)                  NA:I          NB:NA:I      NC:NB:NA:I     NA   NB   NC

      1      C
      2      H         1.09032 *                                   1
      3      C         1.40659 *      120.00022 *                  1    2
      4      H         1.09035 *      119.99449 *     0.00000 *    3    1    2
      5      C         1.40657 *      120.00392 *   179.99798 *    3    1    2
      6      H         1.09032 *      120.01141 *   180.00019 *    5    3    1
      7      C         1.40655 *      119.99574 *     0.00000 *    5    3    1
      8      H         1.09033 *      119.99721 *   180.00418 *    7    5    3
      9      C         1.40658 *      120.00461 *     0.00000 *    7    5    3
     10      H         1.09030 *      120.00294 *   179.99686 *    9    7    5
     11      C         1.40656 *      120.00152 *   180.00074 *    1    2    3
     12      H         1.09034 *      120.01088 *     0.00000 *   11    1    2


                  EIGENVALUES

 -42.24781 -32.96853 -32.96798 -23.27205 -23.27180 -17.52413 -16.78807 -15.20316
 -14.44948 -14.44923 -12.61007 -12.48174 -12.48157  -9.39134  -9.39111   0.36802
   0.36818   2.67589   3.92727   3.92737   4.42556   4.89460   4.94470   4.94473
   5.70692   5.83200   5.83219   6.16468   6.16475   6.47369


              NET ATOMIC CHARGES AND DIPOLE CONTRIBUTIONS

         ATOM NO.   TYPE          CHARGE        ATOM  ELECTRON DENSITY
           1          C          -0.0593          4.0593
           2          H           0.0593          0.9407
           3          C          -0.0593          4.0593
           4          H           0.0593          0.9407
           5          C          -0.0593          4.0593
           6          H           0.0593          0.9407
           7          C          -0.0593          4.0593
           8          H           0.0593          0.9407
           9          C          -0.0593          4.0593
          10          H           0.0593          0.9407
          11          C          -0.0593          4.0593
          12          H           0.0593          0.9407
 DIPOLE           X         Y         Z       TOTAL
 POINT-CHG.     0.000     0.000     0.000     0.000
 HYBRID         0.000     0.000     0.000     0.000
 SUM            0.000     0.000     0.000     0.000


          CARTESIAN COORDINATES 

    NO.       ATOM               X         Y         Z

     1         C                  1.4067   -0.0010   -0.0045
     2         H                  2.4970   -0.0017   -0.0082
     3         C                  0.7042    1.2176   -0.0018
     4         H                  1.2501    2.1615   -0.0033
     5         C                 -0.7024    1.2187    0.0029
     6         H                 -1.2470    2.1632    0.0050
     7         C                 -1.4064    0.0010    0.0049
     8         H                 -2.4968    0.0018    0.0085
     9         C                 -0.7041   -1.2176    0.0022
    10         H                 -1.2499   -2.1615    0.0038
    11         C                  0.7025   -1.2186   -0.0025
    12         H                  1.2469   -2.1633   -0.0046


          ATOMIC ORBITAL ELECTRON POPULATIONS

   1.21047   0.93554   0.91328   1.00001   0.94069   1.21048   0.91886   0.92997
   1.00000   0.94070   1.21047   0.91883   0.93000   1.00001   0.94068   1.21048
   0.93555   0.91330   1.00000   0.94070   1.21048   0.91887   0.92996   1.00000
   0.94068   1.21048   0.91885   0.92999   0.99999   0.94069
            1   88.46144274163005     -8.5340936585820621E-02
            2   16.22292919221501     -0.1190837759635380    
            3   4.558993095148346     -0.1145234971659361    
            4  0.6519461344814427      0.1730334274890658    
            5  0.2958932522507792      0.1607236215755646    
            6  0.1411098199523801      2.8108264979616670E-02
            7   18.75086664726173      0.4407314493338078    
            8   4.889844711496806      0.5331737162464378    
            9   1.749633028685196      0.5445171182695407    
           10  0.7313800499385337      0.3904445162839798    
           11  0.3344367808801327      0.1454563993779586    
           12  0.1581099099775125      1.4948406725266361E-02
           13   18.75086664726173      0.4407314493338078    
           14   4.889844711496806      0.5331737162464378    
           15   1.749633028685196      0.5445171182695407    
           16  0.7313800499385337      0.3904445162839798    
           17  0.3344367808801327      0.1454563993779586    
           18  0.1581099099775125      1.4948406725266361E-02
           19   18.75086664726173      0.4407314493338078    
           20   4.889844711496806      0.5331737162464378    
           21   1.749633028685196      0.5445171182695407    
           22  0.7313800499385337      0.3904445162839798    
           23  0.3344367808801327      0.1454563993779586    
           24  0.1581099099775125      1.4948406725266361E-02
           25   40.98792193376860      0.1057956874127020    
           26   7.515090619202102      0.1596794562489045    
           27   2.102451537968084      0.2097264517638662    
           28  0.7222488471249888      0.2069126553471125    
           29  0.2804703624957923      0.1144014417359658    
           30  0.1155131838418812      1.8405251755852196E-02
           31   88.46144274163005     -8.5340936585820621E-02
           32   16.22292919221501     -0.1190837759635380    
           33   4.558993095148346     -0.1145234971659361    
           34  0.6519461344814427      0.1730334274890658    
           35  0.2958932522507792      0.1607236215755646    
           36  0.1411098199523801      2.8108264979616670E-02
           37   18.75086664726173      0.4407314493338078    
           38   4.889844711496806      0.5331737162464378    
           39   1.749633028685196      0.5445171182695407    
           40  0.7313800499385337      0.3904445162839798    
           41  0.3344367808801327      0.1454563993779586    
           42  0.1581099099775125      1.4948406725266361E-02
           43   18.75086664726173      0.4407314493338078    
           44   4.889844711496806      0.5331737162464378    
           45   1.749633028685196      0.5445171182695407    
           46  0.7313800499385337      0.3904445162839798    
           47  0.3344367808801327      0.1454563993779586    
           48  0.1581099099775125      1.4948406725266361E-02
           49   18.75086664726173      0.4407314493338078    
           50   4.889844711496806      0.5331737162464378    
           51   1.749633028685196      0.5445171182695407    
           52  0.7313800499385337      0.3904445162839798    
           53  0.3344367808801327      0.1454563993779586    
           54  0.1581099099775125      1.4948406725266361E-02
           55   40.98792193376860      0.1057956874127020    
           56   7.515090619202102      0.1596794562489045    
           57   2.102451537968084      0.2097264517638662    
           58  0.7222488471249888      0.2069126553471125    
           59  0.2804703624957923      0.1144014417359658    
           60  0.1155131838418812      1.8405251755852196E-02
           61   88.46144274163005     -8.5340936585820621E-02
           62   16.22292919221501     -0.1190837759635380    
           63   4.558993095148346     -0.1145234971659361    
           64  0.6519461344814427      0.1730334274890658    
           65  0.2958932522507792      0.1607236215755646    
           66  0.1411098199523801      2.8108264979616670E-02
           67   18.75086664726173      0.4407314493338078    
           68   4.889844711496806      0.5331737162464378    
           69   1.749633028685196      0.5445171182695407    
           70  0.7313800499385337      0.3904445162839798    
           71  0.3344367808801327      0.1454563993779586    
           72  0.1581099099775125      1.4948406725266361E-02
           73   18.75086664726173      0.4407314493338078    
           74   4.889844711496806      0.5331737162464378    
           75   1.749633028685196      0.5445171182695407    
           76  0.7313800499385337      0.3904445162839798    
           77  0.3344367808801327      0.1454563993779586    
           78  0.1581099099775125      1.4948406725266361E-02
           79   18.75086664726173      0.4407314493338078    
           80   4.889844711496806      0.5331737162464378    
           81   1.749633028685196      0.5445171182695407    
           82  0.7313800499385337      0.3904445162839798    
           83  0.3344367808801327      0.1454563993779586    
           84  0.1581099099775125      1.4948406725266361E-02
           85   40.98792193376860      0.1057956874127020    
           86   7.515090619202102      0.1596794562489045    
           87   2.102451537968084      0.2097264517638662    
           88  0.7222488471249888      0.2069126553471125    
           89  0.2804703624957923      0.1144014417359658    
           90  0.1155131838418812      1.8405251755852196E-02
           91   88.46144274163005     -8.5340936585820621E-02
           92   16.22292919221501     -0.1190837759635380    
           93   4.558993095148346     -0.1145234971659361    
           94  0.6519461344814427      0.1730334274890658    
           95  0.2958932522507792      0.1607236215755646    
           96  0.1411098199523801      2.8108264979616670E-02
           97   18.75086664726173      0.4407314493338078    
           98   4.889844711496806      0.5331737162464378    
           99   1.749633028685196      0.5445171182695407    
          100  0.7313800499385337      0.3904445162839798    
          101  0.3344367808801327      0.1454563993779586    
          102  0.1581099099775125      1.4948406725266361E-02
          103   18.75086664726173      0.4407314493338078    
          104   4.889844711496806      0.5331737162464378    
          105   1.749633028685196      0.5445171182695407    
          106  0.7313800499385337      0.3904445162839798    
          107  0.3344367808801327      0.1454563993779586    
          108  0.1581099099775125      1.4948406725266361E-02
          109   18.75086664726173      0.4407314493338078    
          110   4.889844711496806      0.5331737162464378    
          111   1.749633028685196      0.5445171182695407    
          112  0.7313800499385337      0.3904445162839798    
          113  0.3344367808801327      0.1454563993779586    
          114  0.1581099099775125      1.4948406725266361E-02
          115   40.98792193376860      0.1057956874127020    
          116   7.515090619202102      0.1596794562489045    
          117   2.102451537968084      0.2097264517638662    
          118  0.7222488471249888      0.2069126553471125    
          119  0.2804703624957923      0.1144014417359658    
          120  0.1155131838418812      1.8405251755852196E-02
          121   88.46144274163005     -8.5340936585820621E-02
          122   16.22292919221501     -0.1190837759635380    
          123   4.558993095148346     -0.1145234971659361    
          124  0.6519461344814427      0.1730334274890658    
          125  0.2958932522507792      0.1607236215755646    
          126  0.1411098199523801      2.8108264979616670E-02
          127   18.75086664726173      0.4407314493338078    
          128   4.889844711496806      0.5331737162464378    
          129   1.749633028685196      0.5445171182695407    
          130  0.7313800499385337      0.3904445162839798    
          131  0.3344367808801327      0.1454563993779586    
          132  0.1581099099775125      1.4948406725266361E-02
          133   18.75086664726173      0.4407314493338078    
          134   4.889844711496806      0.5331737162464378    
          135   1.749633028685196      0.5445171182695407    
          136  0.7313800499385337      0.3904445162839798    
          137  0.3344367808801327      0.1454563993779586    
          138  0.1581099099775125      1.4948406725266361E-02
          139   18.75086664726173      0.4407314493338078    
          140   4.889844711496806      0.5331737162464378    
          141   1.749633028685196      0.5445171182695407    
          142  0.7313800499385337      0.3904445162839798    
          143  0.3344367808801327      0.1454563993779586    
          144  0.1581099099775125      1.4948406725266361E-02
          145   40.98792193376860      0.1057956874127020    
          146   7.515090619202102      0.1596794562489045    
          147   2.102451537968084      0.2097264517638662    
          148  0.7222488471249888      0.2069126553471125    
          149  0.2804703624957923      0.1144014417359658    
          150  0.1155131838418812      1.8405251755852196E-02
          151   88.46144274163005     -8.5340936585820621E-02
          152   16.22292919221501     -0.1190837759635380    
          153   4.558993095148346     -0.1145234971659361    
          154  0.6519461344814427      0.1730334274890658    
          155  0.2958932522507792      0.1607236215755646    
          156  0.1411098199523801      2.8108264979616670E-02
          157   18.75086664726173      0.4407314493338078    
          158   4.889844711496806      0.5331737162464378    
          159   1.749633028685196      0.5445171182695407    
          160  0.7313800499385337      0.3904445162839798    
          161  0.3344367808801327      0.1454563993779586    
          162  0.1581099099775125      1.4948406725266361E-02
          163   18.75086664726173      0.4407314493338078    
          164   4.889844711496806      0.5331737162464378    
          165   1.749633028685196      0.5445171182695407    
          166  0.7313800499385337      0.3904445162839798    
          167  0.3344367808801327      0.1454563993779586    
          168  0.1581099099775125      1.4948406725266361E-02
          169   18.75086664726173      0.4407314493338078    
          170   4.889844711496806      0.5331737162464378    
          171   1.749633028685196      0.5445171182695407    
          172  0.7313800499385337      0.3904445162839798    
          173  0.3344367808801327      0.1454563993779586    
          174  0.1581099099775125      1.4948406725266361E-02
          175   40.98792193376860      0.1057956874127020    
          176   7.515090619202102      0.1596794562489045    
          177   2.102451537968084      0.2097264517638662    
          178  0.7222488471249888      0.2069126553471125    
          179  0.2804703624957923      0.1144014417359658    
          180  0.1155131838418812      1.8405251755852196E-02

NAICAS DUMPED:   8.33 PERCENT COMPLETE
NAICAS DUMPED:  16.67 PERCENT COMPLETE
NAICAS DUMPED:  25.00 PERCENT COMPLETE
NAICAS DUMPED:  33.33 PERCENT COMPLETE
NAICAS DUMPED:  41.67 PERCENT COMPLETE
NAICAS DUMPED:  50.00 PERCENT COMPLETE
NAICAS DUMPED:  58.33 PERCENT COMPLETE
NAICAS DUMPED:  66.67 PERCENT COMPLETE
NAICAS DUMPED:  75.00 PERCENT COMPLETE
NAICAS DUMPED:  83.33 PERCENT COMPLETE
NAICAS DUMPED:  91.67 PERCENT COMPLETE
NAICAS DUMPED: 100.00 PERCENT COMPLETE

NAICAP DUMPED:  10.00 PERCENT COMPLETE
NAICAP DUMPED:  20.00 PERCENT COMPLETE
NAICAP DUMPED:  30.00 PERCENT COMPLETE
NAICAP DUMPED:  40.00 PERCENT COMPLETE
NAICAP DUMPED:  50.00 PERCENT COMPLETE
NAICAP DUMPED:  60.00 PERCENT COMPLETE
NAICAP DUMPED:  70.00 PERCENT COMPLETE
NAICAP DUMPED:  80.00 PERCENT COMPLETE
NAICAP DUMPED:  90.00 PERCENT COMPLETE
NAICAP DUMPED: 100.00 PERCENT COMPLETE


            ELECTROSTATIC POTENTIAL CHARGES

       ATOM NO.    TYPE    CHARGE   SCALED CHARGE
          1          C    -0.0988     -0.1404
          2          H     0.0961      0.1366
          3          C    -0.0928     -0.1320
          4          H     0.0940      0.1337
          5          C    -0.0912     -0.1297
          6          H     0.0941      0.1338
          7          C    -0.1021     -0.1452
          8          H     0.0967      0.1374
          9          C    -0.0913     -0.1298
         10          H     0.0941      0.1338
         11          C    -0.0928     -0.1319
         12          H     0.0940      0.1337

            THE NUMBER OF POINTS IS:       700
            THE RMS DEVIATION IS:       0.6775
            THE RRMS DEVIATION IS:      0.1216


     DIPOLE MOMENT EVALUATED FROM THE POINT CHARGES

             X        Y        Z       TOTAL
           0.0038  -0.0001   0.0000   0.0038

         TIME TO CALCULATE ESP:   92.73 SECONDS
         TOTAL EXECUTION TIME:   109.87 SECONDS



 TOTAL CPU TIME:           109.87 SECONDS

 == MOPAC DONE ==
