InputFileName           helix1.2.post_backbone_min.bgf
MutateResidueInfo       S8_A S13_A T28_A 
AdditionalLibraryInfo   
Library                 V10
PlacementMethod         CreateCB
CreateCBParameters      1.81 51.1 1.55 0.5 
UseScreamEnergyFunction YES
UseDeltaMethod          FULL
UseRotamerNeighborList  NO
UseAsymmetricDelta      YES
UseDeltaForInterResiE   YES
FlatDeltaValue          0
DeltaStandardDevs       0
InnerWallScalingFactor  0
NonPolarHCalc           YES
ScoringFunction         
OneEnergyFFParFile      /home/ravi/GEnsemble/programs/FF/dreiding-0.3.par
DeltaParFile            /home/ravi/GEnsemble/programs/scream2/lib/SCREAM_delta_par_files/SCREAM_delta_Total_Min.par
EachAtomDeltaFile       /home/ravi/GEnsemble/programs/scream2/lib/SCREAM_delta_par_files/SCREAM_EachAtomDeltaFileStub.par
PolarOptimizationExclusions /home/ravi/GEnsemble/programs/scream2/lib/SCREAM_delta_par_files/SCREAM_PolarOptimizationExclusionsStub.par
LJOption                12-6
CoulombMode             Normal
Dielectric              2.5
MultiplePlacementMethod ClusteringThenDoubletsThenSinglets
CBGroundSpectrumCalc    YES
Selections              1
MaxSearchNumber         99999999
AbsStericClashCutoffEL  1e+09
StericClashCutoffEnergy 250
StericClashCutoffDist   0.5
MaxFinalStepRunTime     36000
LibPath                 
Verbosity               0
DesignPositionAndClass  
DesignAAClassDefns      
JustOutputSequence      NO
BindingSiteMode         
FixedResidues           
AroundAtom              
AroundResidue           
AroundChain             
AroundDistance          4
AroundDistanceDefn      SideChainOnly

Number of atoms in system: 329
Total atoms in this system: 329
Initializing chain...
New SCREAM Chain Initialized... 
New Protein created with 1 components.
S8_A
S13_A
T28_A
Total Number of Libraries loaded:  3
Delta value updated for 0 atoms.
##################################
Calculating Empty Lattice Energies
Method used:  FULL
##################################

S8_A

Rotamer 1
ALA ==> SER Mutation! 
Total:   -3.26099460432

Rotamer 2
Total:   -1.70813246586

Rotamer 3
Total:   -4.19995654194

Rotamer 4
Total:   5.6220644428

Rotamer 5
Total:   7.88259619021

Rotamer 6
Total:   2.13421973311

Rotamer 7
Total:   -3.88390709259

Rotamer 8
Total:   3.57883387469

Rotamer 9
Total:   1.45582843765

S13_A

Rotamer 1
ALA ==> SER Mutation! 
Total:   -2.79758771861

Rotamer 2
Total:   -1.30170063038

Rotamer 3
Total:   -3.14382060916

Rotamer 4
Total:   5.70743692166

Rotamer 5
Total:   7.24414676466

Rotamer 6
Total:   2.69333045827

Rotamer 7
Total:   -2.39440108998

Rotamer 8
Total:   3.20017288179

Rotamer 9
Total:   1.13455579538

T28_A

Rotamer 1
ALA ==> THR Mutation! 
Total:   3.97706652723

Rotamer 2
Total:   -0.830759292792

Rotamer 3
Total:   5.76383836941

Rotamer 4
Total:   1.20001726622

Rotamer 5
Total:   0.892101905901

Rotamer 6
Total:   3.26432526014

Rotamer 7
Total:   65.0203489473

Rotamer 8
Total:   67.7175135885

Rotamer 9
Total:   70.8165096251

Rotamer 10
Total:   6.32836961934

Rotamer 11
Total:   0.37629013174

Rotamer 12
Total:   5.02405612969

Rotamer 13
Total:   6.41737535076

Rotamer 14
Total:   10.6765918644

Rotamer 15
Total:   12.7981259221

Rotamer 16
Total:   27.8873306438

Rotamer 17
Total:   24.6146576971

Rotamer 18
Total:   32.81536357
Initializing Data Structure for Dynamic Memory Data Structures. 
Done sorting All Rotamer Libraries by their Empty Lattice Energies!
Maximum number of excited rotamer configurations: 1458
Done initializing Data structures for Dynamic Memory Energy Excitation Scheme Calculation.
Start Clash Resolution (or DeterministicClashEliminationWithSnapshotField)
Doing ClusteringThenDoubletsThenSinglets!
Initializing Data Structure for Dynamic Memory Data Structures. 
Done sorting All Rotamer Libraries by their Empty Lattice Energies!
Maximum number of excited rotamer configurations: 1458
Done initializing Data structures for Dynamic Memory Energy Excitation Scheme Calculation.
------------------------------------
Number of Clashes identified: 0
All ground state clashes eliminated!
Clash resolution finished!
+++++++++++++++++++++++++++++++++++++++++++++++
Doing SCREAM doublet excitation.
No further clashes needed to be resolved by doublet excitation.
Starting round  1  of deterministicClashEliminationWithSnapshotField procedure.
Calculating all interaction energies before this round begins:
No Clashes identified in this round.
No Polar Optimization/Surface Residues definitions given.  Proceeding.
Delta value updated for 0 atoms.
Delta value updated for 0 atoms.
Delta value updated for 0 atoms.
Solving rest of protein.
End round  1  of deterministicClashEliminationWithSnapshotField procedure.
Initializing Data Structure for Dynamic Memory Data Structures. 
Done sorting All Rotamer Libraries by their Empty Lattice Energies!
Maximum number of excited rotamer configurations: 1458
Done initializing Data structures for Dynamic Memory Energy Excitation Scheme Calculation.
ClashCollection Added.
Starting HBNetworkOptimization!
Done HBNetworkOptimization.
before
Delta value updated for 0 atoms.
Delta value updated for 0 atoms.
Delta value updated for 0 atoms.
SCREAM all done!  Exiting.
Destroying ScreamModel! 
ScreamModel destroyed.
