   H3   H4  Tot_33_Intra  Tot_44_Intra  Tot_34_Inter  TotalE_H3-H4  VDW_33_Intra  VDW_44_Intra  VDW_34_Inter  NoVDWE_H3-H4  HBE_34_Inter
    0    0         109.8          77.9         308.1         495.8         -47.0         -19.2         338.9         223.2          -1.4
    0   30          85.3         571.5         788.5        1445.3         -77.5         449.0         832.8         240.9         -14.3
    0   60         337.9         893.6        2813.7        4045.1         180.5         775.7        2875.3         213.6         -12.4
    0   90          99.1         169.4         673.1         941.5         -77.7          47.9         725.7         245.6         -12.9
    0  120         102.2         109.4        1285.9        1497.6         -67.5          -0.5        1333.3         232.3         -12.8
    0  150          91.1          91.3         116.8         299.2         -89.3         -11.3         165.1         234.6         -11.0
    0  180         102.4          79.8         162.0         344.2         -70.0         -21.4         209.6         226.0         -12.8
    0  210          85.4          67.3         186.3         339.0         -83.3         -34.7         229.2         227.8          -2.4
    0  240          92.4          81.8         135.7         310.0         -66.6         -22.7         187.0         212.3          -1.2
    0  270         445.7          73.6          91.2         610.5         281.2         -38.6         114.2         253.6          -1.0
    0  300          94.3          77.4         335.8         507.6         -58.0         -36.1         367.5         234.2          -2.8
    0  330          47.8          80.1        7759.7        7887.7         -94.6         -16.1        7780.7         217.6          -0.8
   30    0        3867.3         244.2       14262.0       18373.6        3720.8         129.4       14292.7         230.7          -0.5
   30   30         693.1         123.1       65503.9       66320.2         555.6          -9.4       65554.7         219.2          -8.4
   30   60         412.9         100.9      116507.6      117021.5         259.3         -14.5      116552.9         223.8          -0.2
   30   90         234.6         112.4        2483.8        2830.8          80.0         -12.3        2508.7         254.4          -4.3
   30  120         412.4       52921.1        3654.8       56988.3         240.8       52812.7        3689.9         244.9          -7.0
   30  150         231.4          78.8        3172.3        3482.5          42.6         -23.9        3215.1         248.7          -7.0
   30  180         444.5          89.7        6221.9        6756.2         285.7         -35.5        6257.0         249.0          -8.1
   30  210         123.0          89.7       27638.9       27851.5         -29.2         -19.7       27668.0         232.4          -6.5
   30  240         416.3          70.7        6031.1        6518.1         282.1         -46.9        6053.9         228.9          -0.3
   30  270         246.4          84.4        9414.2        9745.0          89.1         -37.3        9443.5         249.7          -1.4
   30  300         431.8          55.6      640828.8      641316.2         280.5         -34.7      640855.7         214.7          -0.1
   30  330         102.9          60.6     1706818.5     1706982.0         -52.4         -36.1     1706849.3         221.1          -0.0
   60    0         212.5         683.8        2687.6        3583.9          52.0         572.3        2713.1         246.4          -5.1
   60   30          84.5         516.5        3666.3        4267.3         -91.4         410.1        3701.9         246.7          -2.1
   60   60         237.4         154.2        6370.0        6761.6          80.6          54.0        6401.1         226.0          -5.9
   60   90         258.5         151.7        1272.7        1682.9          87.1          44.2        1303.3         248.4          -4.2
   60  120         207.7          98.5         653.7         959.9          49.1          -7.0         686.7         231.2          -0.0
   60  150         223.2         111.2        1792.0        2126.4          45.6          -0.1        1823.1         257.8          -3.0
   60  180         540.7          95.0       55487.7       56123.4         388.0         -19.9       55519.4         235.9          -0.5
   60  210         260.8          94.4     2286152.5     2286507.6          98.5          -4.7     2286195.1         218.7          -6.9
   60  240         249.4          82.6       16121.7       16453.7          69.5         -33.7       16140.8         277.1          -2.2
   60  270         230.4         117.0        6421.9        6769.2          69.9          -0.6        6453.7         246.2          -0.6
   60  300         421.7          55.8     2357887.2     2358364.7         248.7         -34.1     2357907.5         242.6          -0.0
   60  330         231.7         101.8          73.5         407.0          72.8         -18.8          91.3         261.7           0.0
   90    0         235.9          84.8         146.0         466.7          47.7         -18.6         166.4         271.3          -0.0
   90   30         237.8         745.6        1844.5        2827.9          77.7         618.6        1875.9         255.6          -1.2
   90   60        1838.2         155.4       14485.0       16478.5        1684.8          39.7       14516.3         237.7         -10.1
   90   90          75.8         119.9         259.6         455.3         -94.8           1.3         278.2         270.6          -0.3
   90  120          90.1         273.6        8962.9        9326.5         -80.9         158.1        8985.9         263.5          -2.4
   90  150         160.9         268.9       11593.7       12023.5          -8.2         150.8       11600.4         280.6          -1.7
   90  180         141.5         127.8        2676.7        2946.0         -33.0          11.2        2689.0         278.7          -3.2
   90  210          94.0         171.6        1821.8        2087.5         -77.9          60.9        1855.5         248.9          -0.4
   90  240         119.9         137.0        1314.7        1571.6         -66.8          38.9        1331.8         267.7          -3.9
   90  270         256.8          72.0         763.0        1091.9          80.1         -34.9         766.9         279.8          -0.1
   90  300          75.2         154.6         629.4         859.2         -80.8          52.5         660.6         226.9          -4.6
   90  330          95.1          89.1         964.0        1148.2         -71.4         -14.3         987.0         246.9          -0.0
  120    0          83.0         632.6       13661.8       14377.4         -76.8         525.4       13685.0         243.7          -0.1
  120   30        1767.0         140.4     1533798.3     1535705.8        1608.4          29.8     1533835.8         231.8          -7.9
  120   60          71.0          90.1      300359.4      300520.5         -61.2         -20.8      300386.2         216.3          -0.3
  120   90         875.2         187.2        5536.1        6598.5         725.5          47.0        5556.1         269.9          -1.0
  120  120         109.5          91.3      219222.3      219423.1         -51.3         -17.1      219256.8         234.8          -5.6
  120  150        1366.8       52934.0      675799.8      730100.6        1189.0       52817.0      675819.2         275.3          -1.7
  120  180        6172.6          82.4        5643.1       11898.1        6009.0         -27.4        5660.7         255.7          -4.3
  120  210         717.1          75.7        2645.6        3438.5         538.0         -26.4        2672.9         254.0          -3.6
  120  240         238.0          68.2        5610.5        5916.7          70.0         -34.7        5624.9         256.5          -0.4
  120  270         102.8         183.4      552425.1      552711.3         -74.9          67.4      552434.4         284.5           1.7
  120  300         638.8          97.1      235166.4      235902.3         504.0         -17.6      235183.9         231.8          -1.2
  120  330        6601.4         156.2       18347.4       25105.0        6438.3          25.7       18371.0         270.0          -2.1
  150    0         717.8         543.1       48301.8       49562.7         567.5         416.4       48320.1         258.7           0.0
  150   30         623.0      161112.2      348771.7      510506.8         471.2      160997.6      348787.6         250.4          -0.0
  150   60         213.4         219.7        1543.8        1976.9          70.1         117.0        1563.1         226.7          -9.7
  150   90         692.8          88.1         553.0        1333.9         548.4         -21.7         572.7         234.5          -4.3
  150  120         231.6          90.7       22804.9       23127.2          72.1         -24.1       22832.2         247.1          -0.5
  150  150         226.7          62.2        1421.5        1710.4          70.0         -35.0        1447.4         227.9          -3.6
  150  180         223.1          65.7        4054.2        4343.0          63.7         -55.5        4082.9         251.9         -10.1
  150  210         222.0         125.9         391.6         739.5          66.0          12.2         428.1         233.1          -5.0
  150  240         533.9          79.0         635.9        1248.8         398.7         -30.5         666.9         213.7          -4.7
  150  270        1633.1          71.8       79232.7       80937.6        1480.9         -31.8       79260.0         228.5          -4.4
  150  300         386.2          79.8      430325.4      430791.4         239.5         -27.8      430353.3         226.4          -9.6
  150  330         211.6         151.7        8476.6        8839.9          71.1          28.3        8496.2         244.2          -0.2
  180    0         318.5          71.9        1121.9        1512.3         162.4         -34.6        1149.3         235.1          -0.1
  180   30          86.5        1674.3       14968.4       16729.2         -63.5        1557.7       14994.7         240.2          -0.0
  180   60         262.5        1183.8        3059.3        4505.7         104.2        1066.3        3098.0         237.3          -4.3
  180   90          85.6         101.7         116.2         303.5         -72.2          -6.7         165.9         216.4         -13.6
  180  120         155.6         159.4        2835.0        3150.0         -15.5          50.3        2864.5         250.7         -10.0
  180  150         198.0          92.6        3427.0        3717.5          60.6         -13.3        3452.8         217.5          -8.9
  180  180          99.4          97.3          18.8         215.5         -59.1          -3.4          58.3         219.7          -7.1
  180  210         189.3          95.0        1002.9        1287.1          31.1         -15.7        1041.2         230.5          -4.2
  180  240         219.9          81.8       27997.3       28299.0          72.1         -25.2       28032.4         219.6          -5.1
  180  270          86.8         121.5         365.2         573.5         -61.1           0.3         386.0         248.3          -4.7
  180  300          46.8         159.8       11015.3       11221.9         -90.2          49.9       11036.5         225.7          -0.0
  180  330          56.5          85.5       41646.2       41788.2         -83.4         -26.3       41674.3         223.6          -0.1
  210    0         192.8         686.0        2702.9        3581.6          43.5         577.6        2739.9         220.7          -6.7
  210   30         202.2         112.5      139258.7      139573.3          71.9          -8.2      139286.7         222.9          -0.0
  210   60         379.3          72.2         194.0         645.5         233.4         -26.8         223.1         215.8          -1.7
  210   90         216.2          97.9        2593.3        2907.3          77.5          -7.8        2635.0         202.7          -7.3
  210  120         234.1         138.2      525270.6      525642.8          87.9          40.4      525301.0         213.5         -10.3
  210  150         254.5         221.4       57857.8       58333.7         100.7         113.7       57899.6         219.7          -4.2
  210  180         206.8         104.0         987.7        1298.5          54.9         -10.4        1022.4         231.7         -10.5
  210  210         313.4         106.7      442898.7      443318.8         169.1           0.5      442933.2         216.0          -7.1
  210  240         298.4          92.6     1050700.4     1051091.3         145.4         -15.1     1050742.9         218.1          -0.5
  210  270         216.9         157.2        1843.1        2217.2          53.7          51.8        1864.8         246.8           0.2
  210  300         185.8         148.2       13771.6       14105.7           9.4          41.9       13793.3         261.2          -0.1
  210  330         275.4          59.7       13741.0       14076.1         108.0         -46.5       13759.2         255.5          -0.0
  240    0         401.8         741.5       18078.4       19221.7         245.7         639.1       18108.7         228.2          -0.0
  240   30         124.4       28019.3        9413.8       37557.5         -13.6       27891.2        9456.5         223.5          -1.2
  240   60         175.1         183.5         170.5         529.2          38.4          76.1         219.2         195.4          -8.4
  240   90         327.1         147.6        6718.9        7193.6         190.2          46.0        6760.8         196.6          -1.9
  240  120         223.5          87.1      500129.5      500440.0          90.3         -46.5      500173.7         222.5          -6.1
  240  150         138.1          84.9        2859.4        3082.4         -23.6         -35.4        2934.9         206.6          -8.6
  240  180         236.7         115.1          26.8         378.7          69.5         -11.8          88.8         232.1         -11.9
  240  210         180.8         107.8        6076.4        6365.0          34.6          -0.1        6119.2         211.3          -7.2
  240  240         303.2          86.0         105.5         494.8         148.6         -41.7         149.5         238.4          -2.6
  240  270         202.6          99.3         320.8         622.7          72.6           4.2         339.2         206.7          -2.8
  240  300         170.6          66.5         188.4         425.5          44.7         -29.6         212.4         198.0          -0.7
  240  330         202.4          90.6         146.3         439.3          63.8         -17.3         165.3         227.5          -4.6
  270    0         267.8          86.6         325.5         679.9         121.2         -34.7         347.1         246.3          -0.3
  270   30          98.6         230.1         287.9         616.6         -31.8         116.7         325.1         206.6          -1.6
  270   60          77.8         436.1        9704.9       10218.7         -71.1         322.0        9761.6         206.2         -12.8
  270   90         117.7         159.0         126.2         402.9         -25.9          35.6         175.5         217.7          -5.8
  270  120         251.5         144.5        3458.9        3854.8         106.5          29.6        3497.9         220.8          -5.1
  270  150          80.9          84.4         613.4         778.7         -68.3         -22.5         655.3         214.2          -4.2
  270  180          87.5          72.6           2.7         162.7         -52.3         -57.2          39.3         232.9          -5.4
  270  210          88.6          64.0         175.0         327.7         -76.4         -36.8         240.3         200.6          -6.8
  270  240         108.4          91.7        1195.5        1395.6         -62.1         -13.8        1251.9         219.5          -9.6
  270  270          66.8          73.3          52.1         192.2         -62.3         -39.9          80.4         214.0          -5.6
  270  300          53.5         113.7        6969.9        7137.0         -87.1           3.1        6998.0         223.0          -3.8
  270  330         354.0          87.3        9358.4        9799.7         204.1         -28.3        9386.8         237.1          -0.3
  300    0          77.2         111.4        2700.0        2888.5         -69.3          -4.6        2734.8         227.6          -0.2
  300   30          78.4         571.9        3570.1        4220.5         -75.9         454.0        3621.3         221.0         -12.4
  300   60          67.0          67.6         631.4         766.0         -75.7         -39.7         672.0         209.4          -4.5
  300   90         210.3          91.1        5938.4        6239.8          53.6         -20.9        5997.2         209.9         -15.2
  300  120          76.1          95.8        2900.6        3072.5         -68.9           1.2        2952.4         187.7         -12.8
  300  150         202.3         114.8         692.1        1009.2          50.2          -2.7         776.4         185.3         -21.2
  300  180          79.0          80.2         164.7         324.0         -68.0         -43.2         211.2         224.1          -7.6
  300  210          99.0         101.2      157000.9      157201.1         -59.6           4.0      157057.9         198.8          -8.7
  300  240          79.8          95.4      137440.0      137615.2         -74.0          -7.9      137467.0         230.0          -4.6
  300  270          80.4         115.5         539.4         735.3         -75.3           1.5         566.2         242.9          -0.4
  300  300         248.8         100.3       73273.8       73622.9         113.1          -2.3       73294.4         217.7          -0.0
  300  330         192.8          54.8     3439722.9     3439970.5          42.6         -45.1     3439747.6         225.4          -0.0
  330    0          73.8          95.5         579.6         748.9         -68.2          -6.0         631.7         191.5         -11.3
  330   30         203.9         992.1        1168.9        2364.9          43.2         870.3        1216.1         235.4         -10.9
  330   60         208.5         600.0        1361.9        2170.3          42.9         487.2        1405.5         234.6         -20.9
  330   90         203.6         160.6       13349.1       13713.4          40.3          47.5       13418.3         207.3         -15.2
  330  120          83.7         359.0       24122.3       24565.0         -73.2         243.9       24181.7         212.7          -4.3
  330  150         206.1          97.2         391.4         694.7          58.0          -1.6         439.8         198.5          -0.3
  330  180         219.4          83.2        1296.4        1599.0          39.2         -13.7        1369.8         203.7         -13.5
  330  210         203.1         221.0     1375882.7     1376306.8          36.6         102.6     1375923.6         244.0         -14.9
  330  240          90.0          89.8        1173.5        1353.3         -55.7         -11.2        1222.7         197.5         -19.5
  330  270         213.4         100.4        1003.2        1317.1          46.6          -3.0        1032.4         241.0          -1.3
  330  300         201.7          66.4       35590.5       35858.6          41.5         -32.0       35611.3         237.9          -3.1
  330  330         189.5          72.9         255.9         518.4          54.9         -35.5         279.7         219.3          -0.0
