MPSim
Copyright (c) 2001 Materials and Process Simulation Center(William A. Goddard III)
                   California Institute of Technology
All rights reserved.

MPsim workstation version
Default number of threads for this computer is 1
version: 2.4 (build 20050627.0345, compiled by maiti)
running on compute-0-0.local as pid 6475 in directory /home/ravi/GEnsemble/examples/step2_opthelix2/helix4/2_MinimizeBackbone
Run number assumed to be 1.
READ_FF: unimplemented keyword `TORANGR  '
READ_FF: unimplemented keyword `SHRINK CH'
READ_FF: unimplemented keyword `SHRINK FC'
Dielectric const used:    2.50000
READ_FF: unimplemented keyword `ATM DEFLT'
Your original BBOX: -180 180 -180 180 -180 180
Warning: No REMARK NATOM line in input BGF file
atom_bond_order memory 0.0106201 MB
464 atoms: 464 movable, 0 fixed
Finished reading files 
Molecule data
-------------
1 molecule  of size 464
-------------
Printing final structure in BGF format.
Trajectory file is helix4.2.post_backbone_min.traj1
Nonbond update every 5 steps
Reassign atoms every 5 steps
Thread 0 started
1386 degrees of freedom
Nonbond computation will use CMM
Total atoms: 464, movable 464, fixed 0, rigid 0
degrees of freedom 0, total_charge -0.000000, movable charge -0.000000
1 cell  occupying 408 bytes; average cell occupancy 464.0
Settings call for EXACT energy force computation.
This might take awile.
To reduce computation time (and precision) increase
number of levels.
  atom minimization method used: Conjugate-gradient (v145)
Bond terms: 466 
angle terms: 846
HB bonds (dreiding type) 200
Biograf (Author: WAG) Conjugate Gradient Minimization for 1000 steps(target rms = 0.5)
    Results printed at the end of each iteration
GRDRMS=                        42.144

   STEP      T. ENERGY          RMS ATOM        STEP ATM
      1        856.4141         24.6568          0.8229
      2        620.9275         13.9291          0.6001
      3        529.5834          7.6526          0.4230
      4        489.2120          6.4594          0.3389
HB bonds (dreiding type) 200
      5        474.2975          4.0896          0.1237
      6        454.6822          6.0213          0.3043
      7        428.1695          6.0172          0.4751
      8        402.9998          5.0536          0.5031
      9        382.7288          4.2298          0.4597
HB bonds (dreiding type) 195
     10        373.9048          3.2412          0.1119
     11        367.0766          3.1232          0.1426
     12        360.6794          2.6986          0.1726
     13        355.2062          2.3687          0.1836
     14        350.4876          2.8975          0.1907
HB bonds (dreiding type) 195
     15        347.2740          1.8807          0.0595
     16        343.9892          2.1430          0.1116
     17        340.6101          2.2252          0.1425
     18        336.7605          2.3077          0.1870
     19        332.0342          2.7660          0.2544
HB bonds (dreiding type) 195
     20        328.4300          1.9966          0.0699
     21        325.8131          1.8911          0.0868
     22        323.5097          1.6620          0.1004
     23        321.4637          1.4864          0.1110
     24        319.5161          2.0290          0.1268
HB bonds (dreiding type) 195
     25        317.8932          1.3230          0.0429
     26        316.2250          1.4770          0.0807
     27        314.4501          1.5827          0.1073
     28        312.5906          1.6770          0.1288
     29        310.2239          2.1538          0.1806
HB bonds (dreiding type) 195
     30        308.2143          1.5271          0.0500
     31        306.7441          1.4112          0.0633
     32        305.3596          1.2510          0.0794
     33        304.1623          1.1141          0.0858
     34        303.0192          1.6172          0.0986
HB bonds (dreiding type) 195
     35        302.0037          1.0351          0.0337
     36        300.9736          1.1618          0.0633
     37        299.8376          1.2538          0.0873
     38        298.6712          1.3249          0.1026
     39        297.1773          1.7811          0.1446
HB bonds (dreiding type) 195
     40        295.8436          1.2471          0.0401
     41        294.8602          1.1540          0.0516
     42        293.9085          1.0337          0.0667
     43        293.0917          0.9116          0.0712
     44        292.3094          1.3627          0.0823
HB bonds (dreiding type) 196
     45        291.5872          0.8662          0.0284
     46        290.8526          0.9799          0.0539
     47        290.0265          1.0672          0.0756
     48        289.2021          1.1270          0.0860
     49        288.1323          1.5316          0.1227
HB bonds (dreiding type) 198
     50        287.1386          1.0736          0.0348
     51        286.4044          1.0042          0.0448
     52        285.6822          0.9051          0.0585
     53        285.0616          0.7922          0.0623
     54        284.4644          1.2056          0.0723
HB bonds (dreiding type) 198
     55        283.9004          0.7640          0.0251
     56        283.3253          0.8707          0.0478
     57        282.6711          0.9524          0.0676
     58        282.0230          1.0008          0.0763
     59        281.1733          1.3709          0.1099
HB bonds (dreiding type) 198
     60        280.3660          0.9653          0.0316
     61        279.7676          0.9122          0.0407
     62        279.1739          0.8255          0.0533
     63        278.6616          0.7194          0.0568
     64        278.1661          1.1075          0.0662
HB bonds (dreiding type) 198
     65        277.6914          0.7010          0.0230
     66        277.2066          0.8032          0.0439
     67        276.6530          0.8802          0.0623
     68        276.1038          0.9192          0.0702
     69        275.3790          1.2651          0.1018
HB bonds (dreiding type) 199
     70        274.6810          0.8955          0.0296
     71        274.1617          0.8535          0.0381
     72        273.6453          0.7745          0.0498
     73        273.1975          0.6729          0.0532
     74        272.7630          1.0429          0.0621
HB bonds (dreiding type) 198
     75        272.3430          0.6599          0.0216
     76        271.9136          0.7586          0.0413
     77        271.4235          0.8314          0.0585
     78        270.9363          0.8633          0.0661
     79        270.2926          1.1884          0.0960
HB bonds (dreiding type) 198
     80        269.6680          0.8456          0.0282
     81        269.2016          0.8110          0.0363
     82        268.7385          0.7371          0.0473
     83        268.3353          0.6386          0.0505
     84        267.9440          0.9931          0.0590
HB bonds (dreiding type) 198
     85        267.5640          0.6280          0.0205
     86        267.2639          0.4824          0.0205
  
  Minimization is converged (CONJGR)
Final RMS: 0.482447	Final Energy: 267.263930
Total number of energy calls during minimization: 344
1 molecule  of size 464
-------------
Maximum Kinetic Energy of Center of Mass: -1.000000
Energy expression:

Movable atoms	:     464	Fixed atoms	:       0
Total atoms	:     464
Bonds			:       0
Angles			:     846
Torsions		:    1193
Pi twist		:       0
Inversions		:       0
Nbond exclusions	:    2490
Dreidi type Hbonds	:     198
Total charge 	:  0.0000		Movable atoms only	:  0.0000
Total atoms: 464, movable 464, fixed 0, rigid 0
total dof 1386, total charge 0.000000, movable charge 0.000000

TOTAL ENERGY = 267.264 kcal/mol   RMS FORCE = 0.482447 (kcal/mol)/A

Energy Decomposition  
	Valence			Nonbond			Solvation
Bonds      :  32.48085        Nonbond     : 245.59777        PBSolv  :   0.00000
Angles     :  63.88390        Coulomb     : 146.23717        SGBSolv :   0.00000
Torsion    :  90.57042        VDW         :  99.36060
Inversions :   1.50861        Hbonds      : -166.77762

NB METHOD: CMM
CMM level used: 0

