MPSim
Copyright (c) 2001 Materials and Process Simulation Center(William A. Goddard III)
                   California Institute of Technology
All rights reserved.

MPsim workstation version
Default number of threads for this computer is 1
version: 2.4 (build 20050627.0345, compiled by maiti)
running on compute-0-0.local as pid 14521 in directory /home/ravi/GEnsemble/examples/step2_opthelix2/helix5/6_FinalMinimize
Run number assumed to be 1.
READ_FF: unimplemented keyword `TORANGR  '
READ_FF: unimplemented keyword `SHRINK CH'
READ_FF: unimplemented keyword `SHRINK FC'
Dielectric const used:    2.50000
READ_FF: unimplemented keyword `ATM DEFLT'
Your original BBOX: -180 180 -180 180 -180 180
Warning: No REMARK NATOM line in input BGF file
atom_bond_order memory 0.0105286 MB
460 atoms: 460 movable, 0 fixed
Finished reading files 
Molecule data
-------------
1 molecule  of size 460
-------------
Printing final structure in BGF format.
Trajectory file is helix5.8.minrmsd.scream.min.traj1
Nonbond update every 5 steps
Reassign atoms every 5 steps
Thread 0 started
1374 degrees of freedom
Nonbond computation will use CMM
Total atoms: 460, movable 460, fixed 0, rigid 0
degrees of freedom 0, total_charge 1.000000, movable charge 1.000000
1 cell  occupying 408 bytes; average cell occupancy 460.0
Settings call for EXACT energy force computation.
This might take awile.
To reduce computation time (and precision) increase
number of levels.
  atom minimization method used: Conjugate-gradient (v145)
Bond terms: 461 
angle terms: 838
HB bonds (dreiding type) 219
Biograf (Author: WAG) Conjugate Gradient Minimization for 100 steps(target rms = 0.5)
    Results printed at the end of each iteration
GRDRMS=                        14.656

   STEP      T. ENERGY          RMS ATOM        STEP ATM
      1         77.7944          7.3228          0.2502
      2         47.2428          6.0318          0.2510
      3         24.5437          4.4027          0.2752
      4         12.4646          3.7902          0.2082
HB bonds (dreiding type) 229
      5          6.7559          2.6265          0.0811
      6          0.6175          2.7731          0.1530
      7         -4.4016          2.7226          0.1585
      8        -10.4209          3.1741          0.2241
      9        -18.6256          2.0477          0.3348
HB bonds (dreiding type) 226
     10        -21.1615          1.6599          0.0667
     11        -23.1952          1.6342          0.0849
     12        -24.7965          1.5241          0.0852
     13        -26.9405          1.6905          0.1368
     14        -28.9941          1.7754          0.1464
HB bonds (dreiding type) 229
     15        -30.2650          1.2462          0.0385
     16        -31.4781          1.1576          0.0640
     17        -32.4138          1.2689          0.0658
     18        -33.7204          1.3523          0.1073
     19        -35.2387          1.4430          0.1386
HB bonds (dreiding type) 229
     20        -36.3880          1.1278          0.0429
     21        -37.2766          1.0652          0.0538
     22        -37.9525          0.9795          0.0533
     23        -38.8554          1.0811          0.0868
     24        -39.7707          1.4043          0.0991
HB bonds (dreiding type) 229
     25        -40.5307          0.9568          0.0291
     26        -41.2169          0.8732          0.0467
     27        -41.7532          0.9398          0.0493
     28        -42.4771          1.0075          0.0784
     29        -43.3471          1.2014          0.1050
HB bonds (dreiding type) 228
     30        -44.0802          0.9503          0.0329
     31        -44.6638          0.8614          0.0422
     32        -45.1485          0.7810          0.0463
     33        -45.7312          0.8926          0.0686
     34        -46.3185          1.1736          0.0777
HB bonds (dreiding type) 229
     35        -46.8460          0.8386          0.0242
     36        -47.3462          0.7365          0.0395
     37        -47.7718          0.8009          0.0458
     38        -48.2904          0.8782          0.0658
     39        -48.8997          1.0609          0.0858
HB bonds (dreiding type) 229
     40        -49.4485          0.8422          0.0279
     41        -49.9065          0.7547          0.0374
     42        -50.2955          0.6884          0.0422
     43        -50.7344          0.7841          0.0587
     44        -51.1766          1.0293          0.0664
HB bonds (dreiding type) 229
     45        -51.5871          0.7470          0.0215
     46        -51.9209          0.4955          0.0215
  
  Minimization is converged (CONJGR)
Final RMS: 0.495486	Final Energy: -51.920912
Total number of energy calls during minimization: 184
1 molecule  of size 460
-------------
Maximum Kinetic Energy of Center of Mass: -1.000000
Energy expression:

Movable atoms	:     460	Fixed atoms	:       0
Total atoms	:     460
Bonds			:       0
Angles			:     838
Torsions		:    1216
Pi twist		:       0
Inversions		:       0
Nbond exclusions	:    2507
Dreidi type Hbonds	:     229
Total charge 	:  0.0000		Movable atoms only	:  0.0000
Total atoms: 460, movable 460, fixed 0, rigid 0
total dof 1374, total charge 0.000000, movable charge 0.000000

TOTAL ENERGY = -51.9209 kcal/mol   RMS FORCE = 0.495486 (kcal/mol)/A

Energy Decomposition  
	Valence			Nonbond			Solvation
Bonds      :  25.09883        Nonbond     :  30.62662        PBSolv  :   0.00000
Angles     :  63.25607        Coulomb     : -89.58146        SGBSolv :   0.00000
Torsion    :  50.01124        VDW         : 120.20807
Inversions :   2.10715        Hbonds      : -223.02082

NB METHOD: CMM
CMM level used: 0

