   H6   H7  Tot_66_Intra  Tot_77_Intra  Tot_67_Inter  TotalE_H6-H7  VDW_66_Intra  VDW_77_Intra  VDW_67_Inter  NoVDWE_H6-H7  HBE_67_Inter
    0    0          85.0          77.0         -43.4         118.5         -36.2         -21.0         -16.8         192.5          -0.5
    0   30          74.6         127.5        1013.2        1215.3         -40.4           2.2        1042.8         210.8          -3.2
    0   60          89.0         212.1         140.3         441.4         -40.4          98.3         159.5         224.1          -0.0
    0   90          77.9          97.0         152.8         327.7         -39.8         -24.3         176.7         215.0          -0.0
    0  120          86.0          85.3         -14.9         156.4         -41.0         -24.5          16.9         205.1           0.0
    0  150          82.7          87.7         -43.4         127.0         -39.8         -33.5         -23.2         223.5           0.0
    0  180          81.9         104.2           1.2         187.2         -32.8          -8.7          21.5         207.2          -0.1
    0  210          94.8         116.3           1.8         212.8         -36.2          11.1          24.0         213.9           0.0
    0  240          80.7          83.6          -6.7         157.6         -39.2         -24.6           4.7         216.6          -0.1
    0  270          82.0          88.1         -21.8         148.3         -39.2         -26.3         -11.6         225.3          -0.0
    0  300          70.9         102.5         -37.1         136.3         -42.1         -18.5         -18.6         215.5          -5.2
    0  330          83.1          81.1         -43.1         121.1         -38.9         -29.4         -17.3         206.8          -1.3
   30    0          98.6         123.0         136.5         358.1         -37.4          21.8         165.6         208.0          -1.5
   30   30          87.3          95.3          30.3         212.9         -42.8         -29.4          57.9         227.2          -7.9
   30   60          90.8         168.4         215.2         474.4         -47.6          61.8         240.4         219.8          -3.6
   30   90          86.7         103.5         131.8         321.9         -40.7         -20.3         152.2         230.6          -0.3
   30  120          91.7          98.1        1130.2        1319.9         -41.7         -23.8        1155.9         229.5          -4.4
   30  150         108.3          94.3         193.8         396.4         -27.0         -33.4         211.8         245.0           0.0
   30  180         123.0          99.6         268.8         491.3         -34.2         -10.9         290.2         246.2          -2.5
   30  210          83.1         106.5         104.2         293.7         -45.9          -5.3         121.5         223.4           0.0
   30  240          83.7         123.3          -9.9         197.1         -41.1          16.8           2.5         218.8           0.0
   30  270          84.1          97.3          76.3         257.6         -41.1         -27.2          84.5         241.4          -0.0
   30  300          83.7         102.8         -33.7         152.8         -42.1         -22.7         -19.6         237.2          -0.1
   30  330          86.7          73.4         -33.2         126.9         -39.9         -29.9         -16.6         213.4           0.0
   60    0          92.0          87.7         -53.4         126.2         -41.7         -27.6         -17.5         213.0         -10.4
   60   30          92.5         121.4         -56.2         157.7         -36.9           2.6         -15.6         207.7          -4.0
   60   60          92.0          81.5         -50.8         122.7         -31.9         -17.3         -30.3         202.3          -1.6
   60   90          89.1          82.6          52.2         223.9         -37.2         -32.0          77.1         215.9          -1.8
   60  120          90.4         105.7          96.1         292.2         -36.4         -22.4         106.4         244.6           0.0
   60  150          86.7          86.5         -53.2         120.1         -32.1         -32.7         -31.2         216.1          -4.7
   60  180          85.5         115.8         -35.3         166.1         -38.2           4.8         -24.5         223.9           0.0
   60  210          90.3         105.9           3.4         199.6         -39.1          -4.7          19.8         223.6           0.0
   60  240         146.3          79.9         -20.0         206.2          16.3         -28.5          -6.6         225.0           0.0
   60  270         100.2          84.9          30.5         215.6         -25.9         -29.9          42.3         229.1          -2.2
   60  300          94.3          98.1           9.8         202.2         -35.8          -7.1          27.1         217.9          -3.9
   60  330          86.4          76.5         -23.8         139.1         -38.3         -28.6         -11.2         217.2          -0.0
   90    0          80.2         119.8         -35.7         164.4         -42.1           3.9         -17.9         220.5          -0.6
   90   30          94.3         125.9          15.9         236.1         -30.5          20.4          47.1         199.1          -7.2
   90   60         139.3          87.8         -23.7         203.4           5.7         -23.5           6.2         215.0          -2.0
   90   90          88.1         132.2          41.1         261.3         -28.6          13.6          63.5         212.8          -0.7
   90  120          81.0          94.0         -35.8         139.2         -39.3         -23.8         -24.8         227.1          -0.0
   90  150          91.5          87.6         -35.5         143.6         -33.6         -21.8         -21.5         220.4           0.0
   90  180          86.6          98.2         278.8         463.6         -46.0         -27.6         298.0         239.2          -5.0
   90  210          83.0          99.3         -20.9         161.4         -34.5         -14.3          -6.9         217.2          -0.0
   90  240          90.5          73.3         -32.1         131.7         -32.6         -28.2         -19.8         212.3          -1.1
   90  270          95.0         126.3        1734.9        1956.2         -36.3          19.2        1751.6         221.7          -2.5
   90  300          87.8         169.8         462.5         720.1         -38.4          59.7         469.4         229.3           0.0
   90  330          83.1          89.8         -19.8         153.1         -33.3         -17.9          -7.2         211.4           0.0
  120    0          79.5          84.8           7.9         172.2         -38.4         -29.2          19.9         219.9           0.0
  120   30          95.1          83.8         -34.2         144.7         -29.8         -26.1           7.6         193.1          -8.3
  120   60          96.2          86.0         -49.7         132.5         -33.7         -24.2         -12.6         203.0          -4.2
  120   90          82.3          99.8         -17.1         165.0         -31.4         -19.1          -1.3         216.8          -0.5
  120  120         125.0          92.4         -18.7         198.6           3.0         -27.1           2.0         220.6          -0.0
  120  150          83.7          91.7         -33.3         142.1         -39.0         -21.2         -17.2         219.6           0.0
  120  180          96.1          93.1         -37.6         151.7         -31.9         -20.0         -28.8         232.3           0.0
  120  210          80.8          80.2          33.6         194.6         -38.5         -33.5          39.6         227.0           0.0
  120  240          91.1         118.3         146.9         356.4         -32.5           8.6         157.9         222.5          -0.1
  120  270         140.9         103.0          19.8         263.8          -8.3          -2.2          30.3         243.9          -4.1
  120  300         107.8         103.8         -10.7         200.9         -19.1         -26.5           3.5         243.0          -0.1
  120  330          91.8          77.5          -3.2         166.1         -25.4         -21.9           1.1         212.3           0.0
  150    0         113.6          71.3         -40.5         144.5         -13.5         -29.9         -12.2         200.0          -3.5
  150   30          83.3         115.3         -40.8         157.8         -42.1           1.2         -18.2         216.9          -2.7
  150   60          79.9         115.7         -49.5         146.1         -32.7           2.5         -27.0         203.4          -0.8
  150   90         146.6          92.0         -49.4         189.2          19.2         -27.9         -21.1         219.0          -1.7
  150  120          84.2         123.2         -20.9         186.4         -46.0         -12.0           2.7         241.7          -4.4
  150  150          85.4          81.1         -41.4         125.1         -34.4         -29.7         -14.4         203.6           0.0
  150  180         131.7          78.2         -26.3         183.6           4.4         -33.7          -7.5         220.5          -0.1
  150  210          83.3         140.1          30.0         253.5         -25.5          20.3          33.5         225.2           0.0
  150  240         116.7          93.0         997.0        1206.7          -4.6         -26.4        1007.4         230.3           0.0
  150  270        6541.3          87.2         856.0        7484.4        6422.2         -24.3         870.0         216.5           0.0
  150  300         289.1          79.7          25.4         394.2         152.1         -22.9          30.4         234.6           0.0
  150  330         121.9          81.2          33.9         237.0           0.2         -28.0          58.9         205.8          -0.5
  180    0         113.2          76.1         -38.6         150.8         -14.9         -26.9          -8.0         200.7          -6.2
  180   30         119.6         130.1         -62.0         187.7          -2.0          20.4         -18.8         188.0          -9.1
  180   60         135.6          88.8         -29.9         194.5          27.6         -28.5          -9.7         205.0          -0.0
  180   90          84.0         113.0         -55.3         141.7         -31.4         -18.3         -14.2         205.7          -3.9
  180  120          83.5          88.1          12.6         184.3         -38.7         -22.0          33.9         211.1          -0.3
  180  150         103.7          97.8         -21.0         180.5          -7.5         -22.1           3.0         207.2          -0.3
  180  180         184.8          90.1         -11.6         263.3          60.5         -21.4           9.0         215.2           0.0
  180  210         144.5         148.8         186.0         479.3          18.9          30.2         210.9         219.1          -0.1
  180  240        3055.1          86.7       28753.5       31895.2        2939.2         -19.9       28775.1         200.7           0.0
  180  270         344.1          87.4        2666.2        3097.6         210.2         -17.5        2688.9         215.9           0.0
  180  300         324.4          87.9          17.9         430.2         193.0         -18.3          35.4         220.0          -1.3
  180  330          95.3          95.5         -32.1         158.7         -28.8          -9.3          -4.7         201.6          -0.1
  210    0         135.6          86.5         -26.9         195.2          16.6         -29.7           2.3         206.1          -1.9
  210   30          71.4          97.7          30.2         199.2         -41.5           1.9          50.1         188.8          -0.1
  210   60          79.1          93.6         230.9         403.6         -36.1         -24.6         284.3         180.0          -9.1
  210   90         106.2         100.2          36.3         242.8          -6.6         -19.6          73.3         195.7          -7.3
  210  120         174.0         106.1          66.7         346.7          60.0         -19.2          97.4         208.6          -0.7
  210  150         103.2          87.5         -33.4         157.3          -6.1         -33.7          -6.3         203.5          -0.4
  210  180         275.4          89.3         196.5         561.2         156.0         -20.0         217.3         207.9          -0.0
  210  210         217.1         114.6          54.6         386.3         104.9           3.0          84.2         194.1          -0.0
  210  240         153.1         124.4          48.7         326.2          49.2          13.9          65.9         197.2           0.0
  210  270         118.5          91.4          53.3         263.1          -4.3         -19.7          70.4         216.7          -0.2
  210  300         105.5          92.7         -23.8         174.4          -1.5         -17.7          -2.1         195.7          -0.3
  210  330         120.0         108.8          31.8         260.6          -4.4         -18.1          69.4         213.7          -0.3
  240    0          68.5          73.2         -20.8         120.8         -40.3         -30.2          -0.6         191.8          -0.0
  240   30          75.8          82.8        3130.1        3288.7         -35.6         -27.2        3161.2         190.4          -3.0
  240   60          88.2          94.6         -37.1         145.7         -33.2         -23.6          -1.3         203.8          -2.2
  240   90          73.0         122.6         -12.4         183.3         -38.0           3.5          34.5         183.3          -8.5
  240  120          87.4          91.5          -4.8         174.1         -32.4         -33.9          30.4         210.0          -2.8
  240  150          67.1         103.2         -54.4         116.0         -40.9         -13.4         -23.8         194.1          -5.1
  240  180         122.5         126.1          39.8         288.4          18.5          12.5          61.7         195.6           0.0
  240  210         112.8         247.2        4674.0        5034.0         -11.8         131.1        4691.0         223.7          -0.7
  240  240          92.0         122.9          45.0         259.9         -14.3          13.1          66.1         195.0          -0.0
  240  270         114.0          87.8         -34.1         167.7         -11.9         -21.3         -15.1         216.0          -0.1
  240  300         115.5         103.2        1000.5        1219.1          -8.7         -15.3        1025.4         217.6          -0.6
  240  330          72.3          79.6           2.2         154.1         -43.5         -25.5          34.6         188.5          -1.2
  270    0          89.3          76.0         -42.6         122.7         -39.8         -26.8         -12.9         202.2          -0.9
  270   30          88.4         129.3         -53.7         164.0         -42.4           2.0          -9.9         214.3          -8.2
  270   60          90.5         117.2         -49.6         158.1         -35.1           1.6           3.3         188.3         -12.0
  270   90          93.7         108.9         -76.2         126.4         -34.3         -15.1         -30.6         206.3          -6.4
  270  120          79.7          95.4         -46.0         129.1         -24.2         -32.7         -20.4         206.5          -2.7
  270  150         146.5          85.7         -34.6         197.6          -4.9         -34.5         -12.6         249.6           0.0
  270  180         126.9         130.2         -20.6         236.5         -12.5          17.8           6.0         225.1          -2.8
  270  210         108.6         131.7         -33.0         207.4         -10.4           6.7         -12.9         224.0           0.0
  270  240          91.0         109.5         -32.5         168.0         -36.1           1.6         -15.8         218.3          -0.2
  270  270          85.7          78.0          -0.4         163.4         -39.6         -25.1          18.5         209.6          -0.1
  270  300          88.4          90.2         -19.3         159.4         -30.5         -14.4           5.2         199.1          -2.0
  270  330          78.5          96.7         -59.7         115.4         -41.9          -9.6         -16.2         183.1          -7.5
  300    0          76.0          75.2          -8.2         143.1         -32.3         -27.8          17.3         185.9          -8.6
  300   30          85.6          87.9         -31.6         141.9         -38.7         -21.3          14.0         188.0          -6.3
  300   60          86.1          78.4         -69.2          95.3         -26.9         -32.6         -30.8         185.6          -6.8
  300   90          85.7         101.4         -61.9         125.2         -35.6         -25.0         -15.6         201.5         -13.3
  300  120          93.1          99.5         -27.7         165.0         -32.7         -19.6           1.2         216.1          -0.1
  300  150          98.3          85.6         -46.1         137.7         -19.9         -36.2         -19.4         213.2          -0.1
  300  180          78.6          94.0         -14.8         157.9         -37.0         -21.1           9.0         207.0          -0.0
  300  210          86.1          93.0         -28.7         150.4         -39.3         -23.8           0.2         213.3           0.0
  300  240          98.2         129.2         200.8         428.3          -4.2          13.8         202.1         216.6           0.0
  300  270         100.0          99.6         244.8         444.4         -13.5          -4.6         259.6         202.9          -0.4
  300  300          96.6          99.1         -58.0         137.6         -34.0         -11.5         -19.8         203.0          -4.3
  300  330          82.9          75.9         -49.5         109.3         -35.7         -27.2         -14.7         186.9          -3.6
  330    0          89.9          92.5         -50.8         131.6         -38.7         -28.9          -5.6         204.8          -5.7
  330   30          98.3         119.4         -61.3         156.4         -30.4          12.6         -20.7         194.9          -1.8
  330   60         101.9          91.0         -67.2         125.8         -39.2         -29.2         -23.1         217.2          -2.9
  330   90          96.5          97.2         -52.3         141.5         -28.8         -29.0         -17.4         216.7          -3.0
  330  120         144.7         100.0         -45.2         199.6          12.4         -33.7          -7.4         228.2          -1.6
  330  150          84.3         104.7         -56.3         132.7         -41.1         -16.3         -19.8         209.9           0.0
  330  180          92.2          82.8         -30.5         144.5         -40.4         -27.6          -2.9         215.4           0.0
  330  210         759.7         139.0         -19.7         879.0         619.9          17.7           8.5         233.0          -0.0
  330  240         188.9          90.9         802.3        1082.1         -42.3         -20.9         832.3         313.0          -0.0
  330  270          84.1          93.6          32.3         209.9         -41.4         -20.5          50.6         221.1          -0.3
  330  300          96.1          77.9         -27.3         146.8         -35.8         -21.5           1.0         203.0          -1.9
  330  330          76.7          83.6         -65.0          95.3         -38.8         -25.8         -22.7         182.6          -5.3
