InputFileName           helix2.0.polyalanine.bgf
MutateResidueInfo       G7_A G15_A 
AdditionalLibraryInfo   
Library                 V10
PlacementMethod         CreateCB
CreateCBParameters      1.81 51.1 1.55 0.5 
UseScreamEnergyFunction YES
UseDeltaMethod          FULL
UseRotamerNeighborList  NO
UseAsymmetricDelta      YES
UseDeltaForInterResiE   YES
FlatDeltaValue          0
DeltaStandardDevs       0
InnerWallScalingFactor  0
NonPolarHCalc           YES
ScoringFunction         
OneEnergyFFParFile      /home/ravi/GEnsemble/programs/FF/dreiding-0.3.par
DeltaParFile            /home/ravi/GEnsemble/programs/scream2/lib/SCREAM_delta_par_files/SCREAM_delta_Total_Min.par
EachAtomDeltaFile       /home/ravi/GEnsemble/programs/scream2/lib/SCREAM_delta_par_files/SCREAM_EachAtomDeltaFileStub.par
PolarOptimizationExclusions /home/ravi/GEnsemble/programs/scream2/lib/SCREAM_delta_par_files/SCREAM_PolarOptimizationExclusionsStub.par
LJOption                12-6
CoulombMode             Normal
Dielectric              2.5
MultiplePlacementMethod ClusteringThenDoubletsThenSinglets
CBGroundSpectrumCalc    YES
Selections              1
MaxSearchNumber         99999999
AbsStericClashCutoffEL  1e+09
StericClashCutoffEnergy 250
StericClashCutoffDist   0.5
MaxFinalStepRunTime     36000
LibPath                 
Verbosity               0
DesignPositionAndClass  
DesignAAClassDefns      
JustOutputSequence      NO
BindingSiteMode         
FixedResidues           
AroundAtom              
AroundResidue           
AroundChain             
AroundDistance          4
AroundDistanceDefn      SideChainOnly

Number of atoms in system: 302
Total atoms in this system: 302
Initializing chain...
New SCREAM Chain Initialized... 
New Protein created with 1 components.
G7_A
G15_A
Total Number of Libraries loaded:  2
Delta value updated for 0 atoms.
##################################
Calculating Empty Lattice Energies
Method used:  FULL
##################################

G15_A

Rotamer 1
ALA ==> GLY Mutation! 
Total:   -1.31470058291

G7_A

Rotamer 1
ALA ==> GLY Mutation! 
Total:   -0.832860595669
Initializing Data Structure for Dynamic Memory Data Structures. 
Done sorting All Rotamer Libraries by their Empty Lattice Energies!
Maximum number of excited rotamer configurations: 1
Done initializing Data structures for Dynamic Memory Energy Excitation Scheme Calculation.
Start Clash Resolution (or DeterministicClashEliminationWithSnapshotField)
Doing ClusteringThenDoubletsThenSinglets!
Initializing Data Structure for Dynamic Memory Data Structures. 
Done sorting All Rotamer Libraries by their Empty Lattice Energies!
Maximum number of excited rotamer configurations: 1
Done initializing Data structures for Dynamic Memory Energy Excitation Scheme Calculation.
------------------------------------
Number of Clashes identified: 0
All ground state clashes eliminated!
Clash resolution finished!
+++++++++++++++++++++++++++++++++++++++++++++++
Doing SCREAM doublet excitation.
No further clashes needed to be resolved by doublet excitation.
Starting round  1  of deterministicClashEliminationWithSnapshotField procedure.
Calculating all interaction energies before this round begins:
No Clashes identified in this round.
No Polar Optimization/Surface Residues definitions given.  Proceeding.
Delta value updated for 0 atoms.
Delta value updated for 0 atoms.
Solving rest of protein.
End round  1  of deterministicClashEliminationWithSnapshotField procedure.
Initializing Data Structure for Dynamic Memory Data Structures. 
Done sorting All Rotamer Libraries by their Empty Lattice Energies!
Maximum number of excited rotamer configurations: 1
Done initializing Data structures for Dynamic Memory Energy Excitation Scheme Calculation.
ClashCollection Added.
Starting HBNetworkOptimization!
Done HBNetworkOptimization.
before
Delta value updated for 0 atoms.
Delta value updated for 0 atoms.
SCREAM all done!  Exiting.
Destroying ScreamModel! 
ScreamModel destroyed.
