MPSim
Copyright (c) 2001 Materials and Process Simulation Center(William A. Goddard III)
                   California Institute of Technology
All rights reserved.

MPsim workstation version
Default number of threads for this computer is 1
version: 2.4 (build 20050627.0345, compiled by maiti)
running on compute-0-0.local as pid 14581 in directory /home/ravi/GEnsemble/examples/step2_opthelix2/helix6/6_FinalMinimize
Run number assumed to be 1.
READ_FF: unimplemented keyword `TORANGR  '
READ_FF: unimplemented keyword `SHRINK CH'
READ_FF: unimplemented keyword `SHRINK FC'
Dielectric const used:    2.50000
READ_FF: unimplemented keyword `ATM DEFLT'
Your original BBOX: -180 180 -180 180 -180 180
Warning: No REMARK NATOM line in input BGF file
atom_bond_order memory 0.0111237 MB
486 atoms: 486 movable, 0 fixed
Finished reading files 
Molecule data
-------------
1 molecule  of size 486
-------------
Printing final structure in BGF format.
Trajectory file is helix6.8.minrmsd.scream.min.traj1
Nonbond update every 5 steps
Reassign atoms every 5 steps
Thread 0 started
1452 degrees of freedom
Nonbond computation will use CMM
Total atoms: 486, movable 486, fixed 0, rigid 0
degrees of freedom 0, total_charge 1.000000, movable charge 1.000000
1 cell  occupying 408 bytes; average cell occupancy 486.0
Settings call for EXACT energy force computation.
This might take awile.
To reduce computation time (and precision) increase
number of levels.
  atom minimization method used: Conjugate-gradient (v145)
Bond terms: 492 
angle terms: 895
HB bonds (dreiding type) 153
Biograf (Author: WAG) Conjugate Gradient Minimization for 100 steps(target rms = 0.5)
    Results printed at the end of each iteration
GRDRMS=                        16.065

   STEP      T. ENERGY          RMS ATOM        STEP ATM
      1        352.5015          9.0814          0.3169
      2        304.3055          7.2800          0.3190
      3        269.2561          5.6930          0.3424
      4        249.7460          4.4103          0.2620
HB bonds (dreiding type) 158
      5        241.3411          3.1537          0.0998
      6        233.0168          3.1940          0.1699
      7        225.7826          3.1113          0.1896
      8        217.6108          3.5456          0.2540
      9        205.7741          2.4436          0.4056
HB bonds (dreiding type) 161
     10        201.9452          2.0082          0.0821
     11        198.7011          2.0605          0.1096
     12        195.5865          2.1778          0.1314
     13        191.0427          2.3602          0.2184
     14        186.7250          2.6199          0.2288
HB bonds (dreiding type) 161
     15        183.7178          1.8695          0.0601
     16        180.8777          1.7695          0.0979
     17        178.5844          1.8499          0.1038
     18        175.9677          1.7973          0.1383
     19        173.2579          1.8953          0.1637
HB bonds (dreiding type) 164
     20        171.1490          1.4300          0.0583
     21        169.5214          1.4117          0.0748
     22        168.1251          1.3779          0.0822
     23        166.4785          1.3370          0.1145
     24        164.8817          1.8481          0.1282
HB bonds (dreiding type) 162
     25        163.6629          1.1279          0.0345
     26        162.6383          1.0782          0.0558
     27        161.8524          1.0391          0.0573
     28        160.9388          1.0166          0.0808
     29        159.9872          1.1570          0.0974
HB bonds (dreiding type) 163
     30        159.2037          0.8948          0.0355
     31        158.5755          0.8796          0.0465
     32        158.0436          0.8438          0.0505
     33        157.3846          0.8587          0.0747
     34        156.6716          1.3301          0.0919
HB bonds (dreiding type) 164
     35        156.0666          0.7811          0.0238
     36        155.5691          0.7558          0.0387
     37        155.1782          0.7306          0.0407
     38        154.7150          0.7294          0.0585
     39        154.2044          0.8798          0.0742
HB bonds (dreiding type) 164
     40        153.7568          0.6903          0.0266
     41        153.3904          0.6829          0.0353
     42        153.0672          0.6477          0.0398
     43        152.7091          0.4992          0.0398
  
  Minimization is converged (CONJGR)
Final RMS: 0.499163	Final Energy: 152.709060
Total number of energy calls during minimization: 173
1 molecule  of size 486
-------------
Maximum Kinetic Energy of Center of Mass: -1.000000
Energy expression:

Movable atoms	:     486	Fixed atoms	:       0
Total atoms	:     486
Bonds			:       0
Angles			:     895
Torsions		:    1305
Pi twist		:       0
Inversions		:       0
Nbond exclusions	:    2667
Dreidi type Hbonds	:     164
Total charge 	:  0.0000		Movable atoms only	:  0.0000
Total atoms: 486, movable 486, fixed 0, rigid 0
total dof 1452, total charge 0.000000, movable charge 0.000000

TOTAL ENERGY = 152.709 kcal/mol   RMS FORCE = 0.499163 (kcal/mol)/A

Energy Decomposition  
	Valence			Nonbond			Solvation
Bonds      :  27.24161        Nonbond     : 172.12469        PBSolv  :   0.00000
Angles     :  60.77867        Coulomb     :  35.30748        SGBSolv :   0.00000
Torsion    :  61.86412        VDW         : 136.81721
Inversions :   1.85004        Hbonds      : -171.15007

NB METHOD: CMM
CMM level used: 0

