InputFileName           helix6.2.post_backbone_min.bgf
MutateResidueInfo       P12_A S14_A T17_A P23_A 
AdditionalLibraryInfo   
Library                 V10
PlacementMethod         CreateCB
CreateCBParameters      1.81 51.1 1.55 0.5 
UseScreamEnergyFunction YES
UseDeltaMethod          FULL
UseRotamerNeighborList  NO
UseAsymmetricDelta      YES
UseDeltaForInterResiE   YES
FlatDeltaValue          0
DeltaStandardDevs       0
InnerWallScalingFactor  0
NonPolarHCalc           YES
ScoringFunction         
OneEnergyFFParFile      /home/ravi/GEnsemble/programs/FF/dreiding-0.3.par
DeltaParFile            /home/ravi/GEnsemble/programs/scream2/lib/SCREAM_delta_par_files/SCREAM_delta_Total_Min.par
EachAtomDeltaFile       /home/ravi/GEnsemble/programs/scream2/lib/SCREAM_delta_par_files/SCREAM_EachAtomDeltaFileStub.par
PolarOptimizationExclusions /home/ravi/GEnsemble/programs/scream2/lib/SCREAM_delta_par_files/SCREAM_PolarOptimizationExclusionsStub.par
LJOption                12-6
CoulombMode             Normal
Dielectric              2.5
MultiplePlacementMethod ClusteringThenDoubletsThenSinglets
CBGroundSpectrumCalc    YES
Selections              1
MaxSearchNumber         99999999
AbsStericClashCutoffEL  1e+09
StericClashCutoffEnergy 250
StericClashCutoffDist   0.5
MaxFinalStepRunTime     36000
LibPath                 
Verbosity               0
DesignPositionAndClass  
DesignAAClassDefns      
JustOutputSequence      NO
BindingSiteMode         
FixedResidues           
AroundAtom              
AroundResidue           
AroundChain             
AroundDistance          4
AroundDistanceDefn      SideChainOnly

Number of atoms in system: 320
Total atoms in this system: 320
Initializing chain...
New SCREAM Chain Initialized... 
New Protein created with 1 components.
P12_A
S14_A
T17_A
P23_A
Total Number of Libraries loaded:  4
Delta value updated for 0 atoms.
##################################
Calculating Empty Lattice Energies
Method used:  FULL
##################################

P12_A

Rotamer 1
Total:   3.3748572075

Rotamer 2
Total:   2.54301205444

T17_A

Rotamer 1
ALA ==> THR Mutation! 
Total:   3.08219298779

Rotamer 2
Total:   1.87600317748

Rotamer 3
Total:   7.51757758241

Rotamer 4
Total:   3.21909706226

Rotamer 5
Total:   -0.938749203815

Rotamer 6
Total:   4.39381501933

Rotamer 7
Total:   46.6605054786

Rotamer 8
Total:   49.5552753739

Rotamer 9
Total:   52.2194126188

Rotamer 10
Total:   9.47858422762

Rotamer 11
Total:   3.72276102016

Rotamer 12
Total:   9.50977226445

Rotamer 13
Total:   7.83308080085

Rotamer 14
Total:   10.4912696978

Rotamer 15
Total:   12.0989276353

Rotamer 16
Total:   37.9806758225

Rotamer 17
Total:   35.7187139906

Rotamer 18
Total:   43.4953098195

P23_A

Rotamer 1
Total:   5.44947235084

Rotamer 2
Total:   4.52846732486

S14_A

Rotamer 1
ALA ==> SER Mutation! 
Total:   -1.33175135589

Rotamer 2
Total:   -0.283652885044

Rotamer 3
Total:   -0.823755196925

Rotamer 4
Total:   5.58180568809

Rotamer 5
Total:   5.90507734464

Rotamer 6
Total:   2.29739186702

Rotamer 7
Total:   -0.967561504248

Rotamer 8
Total:   5.38109981968

Rotamer 9
Total:   2.72811428513
Initializing Data Structure for Dynamic Memory Data Structures. 
Done sorting All Rotamer Libraries by their Empty Lattice Energies!
Maximum number of excited rotamer configurations: 648
Done initializing Data structures for Dynamic Memory Energy Excitation Scheme Calculation.
Start Clash Resolution (or DeterministicClashEliminationWithSnapshotField)
Doing ClusteringThenDoubletsThenSinglets!
Initializing Data Structure for Dynamic Memory Data Structures. 
Done sorting All Rotamer Libraries by their Empty Lattice Energies!
Maximum number of excited rotamer configurations: 648
Done initializing Data structures for Dynamic Memory Energy Excitation Scheme Calculation.
------------------------------------
Number of Clashes identified: 0
All ground state clashes eliminated!
Clash resolution finished!
+++++++++++++++++++++++++++++++++++++++++++++++
Doing SCREAM doublet excitation.
No further clashes needed to be resolved by doublet excitation.
Starting round  1  of deterministicClashEliminationWithSnapshotField procedure.
Calculating all interaction energies before this round begins:
No Clashes identified in this round.
No Polar Optimization/Surface Residues definitions given.  Proceeding.
Delta value updated for 0 atoms.
Delta value updated for 0 atoms.
Delta value updated for 0 atoms.
Delta value updated for 0 atoms.
Solving rest of protein.
End round  1  of deterministicClashEliminationWithSnapshotField procedure.
Initializing Data Structure for Dynamic Memory Data Structures. 
Done sorting All Rotamer Libraries by their Empty Lattice Energies!
Maximum number of excited rotamer configurations: 648
Done initializing Data structures for Dynamic Memory Energy Excitation Scheme Calculation.
ClashCollection Added.
Starting HBNetworkOptimization!
Done HBNetworkOptimization.
before
Delta value updated for 0 atoms.
Delta value updated for 0 atoms.
Delta value updated for 0 atoms.
Delta value updated for 0 atoms.
SCREAM all done!  Exiting.
Destroying ScreamModel! 
ScreamModel destroyed.
