   H1   H2  Tot_11_Intra  Tot_22_Intra  Tot_12_Inter  TotalE_H1-H2  VDW_11_Intra  VDW_22_Intra  VDW_12_Inter  NoVDWE_H1-H2  HBE_12_Inter
    0    0          87.9          88.4        1319.9        1496.1         -37.1         -61.6        1367.4         227.4          -1.5
    0   30         138.7          91.1         864.3        1094.1           7.2         -61.4         907.5         240.9          -6.7
    0   60         114.4         366.2         459.8         940.4         -20.3         207.7         500.6         252.4          -2.1
    0   90         228.6         151.8         143.7         524.1          89.4          -1.3         190.0         246.1          -0.0
    0  120         212.1          95.5         473.0         780.6          76.2         -53.6         525.7         232.2          -8.2
    0  150         250.0         126.5        1174.9        1551.5         108.1         -21.2        1210.5         254.0          -0.6
    0  180         253.9         782.6         203.7        1240.2          90.3         649.3         257.7         242.9          -0.1
    0  210         319.9         283.7        2672.9        3276.5         200.7         158.2        2722.6         195.1          -1.2
    0  240         232.2         300.0         116.6         648.7          87.2         127.5         211.7         222.4         -12.7
    0  270         284.9         315.7        7615.7        8216.3         141.9         186.4        7685.4         202.6          -0.6
    0  300         398.0         326.6        4209.5        4934.1         244.1         185.3        4268.9         235.8         -11.6
    0  330         326.4         103.1         796.5        1226.1         196.6         -53.8         843.2         240.1          -6.5
   30    0         198.2          87.2         508.3         793.7          85.7         -57.7         576.4         189.3          -0.6
   30   30         177.5          91.0          59.9         328.4          45.6         -70.2         130.8         222.2         -13.8
   30   60         162.2         174.6        2691.1        3027.9          27.3          22.2        2744.2         234.3         -14.7
   30   90         458.7         213.3          48.0         720.0         330.0          49.8         100.5         239.8          -7.7
   30  120         199.8         106.8          22.5         329.0          74.4         -39.5          89.4         204.8         -16.4
   30  150         239.8          91.8         189.8         521.4          90.8         -60.2         254.7         236.2          -6.6
   30  180         252.5         760.0         272.2        1284.7         109.1         612.5         331.8         231.3          -1.7
   30  210         226.1         365.5         -46.6         545.0         108.4         205.5           9.3         221.8          -0.0
   30  240         252.5         322.4         -65.9         509.0         127.5         148.3          15.3         218.0          -6.2
   30  270         519.5         201.2        1273.3        1994.0         387.8          77.1        1351.9         177.2         -17.3
   30  300         231.6         100.5        1188.3        1520.4         108.4         -46.7        1276.4         182.2         -14.2
   30  330         174.8         205.8         425.1         805.6          29.4          58.2         498.9         219.2          -8.5
   60    0         136.1         104.4         537.2         777.7          22.8         -53.7         612.3         196.3          -6.7
   60   30         360.5         434.2        1518.0        2312.7         224.0         260.9        1598.1         229.7          -9.8
   60   60         125.7         175.0         675.6         976.3          -7.9           3.6         754.5         226.1          -8.5
   60   90         180.6         144.8         355.0         680.3          41.4         -20.1         422.4         236.6          -5.9
   60  120         251.6         133.8         398.4         783.8          98.7          -7.4         469.4         223.0          -7.0
   60  150         125.2         335.9         115.4         576.5         -23.3         181.3         178.1         240.5          -0.2
   60  180         223.5         124.8         791.6        1139.9          68.5         -26.7         867.8         230.2         -14.5
   60  210         243.8         148.2         639.1        1031.1          79.6          18.9         713.9         218.8          -7.4
   60  240         161.6         164.3          -5.6         320.3          34.1          32.0          85.3         168.8         -10.0
   60  270         416.6         261.0         111.3         788.9         288.4         125.6         209.4         165.5          -9.3
   60  300         392.3        1006.6         731.7        2130.7         258.2         843.6         838.0         190.9         -13.5
   60  330         213.7         202.3        5095.5        5511.5          66.3          45.4        5185.6         214.3         -10.2
   90    0         103.0          87.6       44202.2       44392.7         -10.7         -68.3       44295.6         176.1          -9.9
   90   30         244.3         940.5       10640.1       11824.9         119.7         761.7       10717.4         226.1         -11.0
   90   60         305.8         382.6         486.5        1174.8         152.8         204.8         560.9         256.4          -9.2
   90   90         175.5         133.7         682.0         991.2          25.0         -25.1         765.2         226.1          -9.2
   90  120         176.2         105.7         193.9         475.8          38.8         -37.0         287.0         187.0         -17.2
   90  150          87.6          89.3         567.7         744.6         -46.6         -63.7         654.7         200.1         -17.8
   90  180         108.8         118.2          54.2         281.2         -33.0         -33.2         164.2         183.1         -14.9
   90  210         199.4         125.1         184.2         508.7          58.9         -14.7         283.9         180.5          -5.0
   90  240         213.0         164.1           6.9         384.1          53.6          24.2         123.1         183.1         -16.5
   90  270         298.1         289.8        1034.5        1622.5         160.6         136.0        1142.1         183.7          -9.2
   90  300         302.7         352.5        2236.3        2891.5         165.0         197.7        2334.8         194.0         -10.5
   90  330         596.1         228.9        2383.5        3208.5         462.8          47.6        2491.5         206.6         -13.0
  120    0         253.5         104.7        2143.1        2501.2         114.7         -54.0        2245.0         195.6         -17.9
  120   30         167.6          78.7        4455.2        4701.5          29.2         -67.9        4558.8         181.3         -11.5
  120   60         164.5         261.2         246.3         672.0          26.3          94.7         314.0         237.0         -15.8
  120   90         225.4         170.0         232.9         628.3          92.5          -5.2         313.8         227.1          -9.8
  120  120         103.1         120.4        2724.2        2947.6         -40.2         -50.5        2826.1         212.2         -15.2
  120  150         257.8         106.5         445.7         810.0         110.1         -39.2         551.1         187.9          -9.3
  120  180         151.4         856.6         -71.2         936.7           9.1         709.9          45.3         172.4         -22.8
  120  210         164.7          82.4          33.0         280.1           6.6         -55.8         144.6         184.8         -17.9
  120  240         243.8         148.0         -92.1         299.6          83.1           4.6          -1.1         212.9         -11.1
  120  270         224.7         336.0         331.2         891.9          92.1         176.2         450.6         173.1         -20.6
  120  300         230.1         300.2        1254.7        1784.9          84.3         128.1        1373.8         198.7         -11.9
  120  330         231.5         143.3        1805.0        2179.9          87.8         -27.9        1927.2         192.7         -17.3
  150    0         176.5         100.9         249.6         527.1          34.2         -45.5         338.0         200.4         -21.1
  150   30         152.4          86.4          89.7         328.5          21.5         -69.9         181.2         195.8         -13.7
  150   60         129.3         501.1        1662.4        2292.8         -33.4         356.2        1743.4         226.5          -9.4
  150   90         299.8         126.1         284.2         710.2         156.7         -34.3         354.2         233.5          -5.7
  150  120         246.8         210.8         719.1        1176.8          98.2          51.1         792.9         234.5          -5.3
  150  150         112.1          88.5         -60.5         140.2         -22.7         -48.7          35.7         175.9          -9.1
  150  180         189.1          91.6         332.6         613.3          44.3         -59.0         447.1         180.9         -10.7
  150  210         107.9         167.3         -63.0         212.1         -44.1          35.0          42.9         178.3         -15.6
  150  240          92.5         125.0         100.4         317.8         -51.7          -8.4         209.3         168.5         -20.2
  150  270          88.7         218.7         -54.5         252.8         -51.5          48.8          61.9         193.6         -11.2
  150  300         170.9         951.3          74.3        1196.5           1.8         789.4         204.2         201.0         -13.2
  150  330          98.2        1080.8         986.3        2165.4         -35.1         906.7        1111.5         182.3         -22.7
  180    0          83.5          88.3         370.4         542.2         -57.1         -66.8         449.9         216.2         -14.5
  180   30         142.0         104.9         -22.4         224.5          -7.7         -51.8          67.7         216.3         -18.7
  180   60         109.6         155.9         157.2         422.7         -24.3          -2.4         219.2         230.2         -13.3
  180   90         252.1         186.1         741.2        1179.5          95.8          14.3         804.2         265.2         -11.0
  180  120          84.7         100.6          -0.6         184.7         -50.0         -42.5          76.8         200.4          -8.3
  180  150          93.2         110.7         -54.8         149.2         -47.7         -36.9          29.1         204.7          -9.4
  180  180          90.0         108.5         780.1         978.6         -51.1         -34.3         875.1         188.9          -9.5
  180  210          88.3         223.5          34.1         345.8         -52.1          99.4         102.7         195.9          -5.6
  180  240         113.2         227.1        -103.0         237.3         -53.4          86.1          -7.7         212.3         -12.4
  180  270         106.2         288.1         -14.9         379.4         -47.3         126.7          81.6         218.5          -8.2
  180  300         137.0         203.1          98.3         438.4         -24.8          68.4         184.6         210.2         -13.5
  180  330         107.6         205.9         -49.1         264.4         -50.4          43.1          52.3         219.3         -27.5
  210    0          89.8          96.1         -63.8         122.1         -55.3         -39.2          22.0         194.5         -20.0
  210   30          90.4          82.3         -89.1          83.7         -48.2         -64.0         -27.3         223.3         -15.8
  210   60         102.2         148.9         266.3         517.4         -22.0           3.3         331.0         205.2          -4.9
  210   90         106.4         538.2         498.0        1142.7         -53.0         397.8         545.8         252.1          -8.9
  210  120          77.4          88.8          56.4         222.6         -48.5         -65.5          96.2         240.4          -7.5
  210  150          84.0          75.3         -14.8         144.5         -53.7         -60.1          42.9         215.4          -1.8
  210  180         100.3         119.3         -56.4         163.2         -38.2         -29.0          17.3         213.1          -8.6
  210  210         106.4          81.8         -59.0         129.2         -46.9         -62.7          42.1         196.7         -12.1
  210  240          91.8         117.1          44.6         253.5         -50.1          -0.4         123.9         180.1          -8.8
  210  270          79.0         122.8        1212.5        1414.4         -54.3         -12.8        1278.8         202.7         -10.6
  210  300          93.7          96.4          33.1         223.2         -49.1         -55.3         117.2         210.4         -24.7
  210  330          93.6         113.3        -106.7         100.3         -45.9         -44.0         -12.1         202.2         -35.3
  240    0          79.5          96.0          76.3         251.9         -65.1         -61.9         135.1         243.7         -15.1
  240   30          99.7         106.2          17.0         223.0         -38.1         -55.0          89.4         226.7         -19.8
  240   60         132.0         489.3        2182.9        2804.2           7.6         345.8        2239.5         211.4          -7.5
  240   90         150.8         209.8         711.3        1071.9          21.3         -37.2         767.4         320.4          -6.4
  240  120         168.9         104.0         414.5         687.4          29.8         -46.1         462.0         241.7          -6.7
  240  150         128.4          87.4           3.4         219.2           7.2         -53.4          43.5         221.9          -0.1
  240  180         141.8         205.6          32.9         380.3          25.3          69.6          98.3         187.1         -14.6
  240  210          86.1         824.3         814.3        1724.8         -46.3         685.6         880.6         204.9          -7.2
  240  240          81.8         354.0       27285.0       27720.8         -42.8         235.2       27343.8         184.6          -7.7
  240  270          82.1         233.2        8967.0        9282.3         -52.9          94.7        9046.3         194.2         -10.0
  240  300          83.2         173.4        4459.2        4715.8         -53.6          16.0        4522.6         230.9         -15.0
  240  330          98.7         132.6          62.7         294.0         -48.5         -23.2         122.1         243.6         -10.1
  270    0          81.9          95.3         115.1         292.4         -45.4         -53.9         164.1         227.6          -3.5
  270   30         193.2          96.4         -53.9         235.8          51.0         -69.9          -0.5         255.2          -1.7
  270   60         214.3         187.0         637.0        1038.3          84.6           9.6         689.4         254.7          -3.4
  270   90         202.6         111.4         315.4         629.5          68.4         -59.7         371.0         249.7          -5.0
  270  120         117.5          94.8         132.2         344.6         -15.5         -45.6         173.2         232.5          -0.4
  270  150         198.4         142.6          72.4         413.4          68.4           6.0         114.2         224.9          -0.0
  270  180         271.7         754.1       10205.6       11231.4         125.2         610.8       10268.9         226.5          -9.0
  270  210         176.1         366.5       10774.7       11317.3          25.5         234.0       10840.8         217.1          -8.4
  270  240         221.7         271.0         106.7         599.4          76.5         127.5         170.4         225.0         -15.7
  270  270         141.7         186.3        6580.4        6908.4           8.0          58.3        6642.0         200.0          -7.9
  270  300         113.2          98.9         498.3         710.5         -40.7         -66.5         553.1         264.6          -8.9
  270  330         163.3          96.6         124.9         384.8          16.2         -57.9         169.1         257.4          -3.0
  300    0         150.1          96.7         130.1         376.8          13.0         -58.2         155.4         266.6          -1.1
  300   30         130.5          69.2         -63.2         136.6           2.6         -68.8         -26.7         229.6          -0.6
  300   60         214.7          81.5        2021.4        2317.6          63.5         -63.7        2070.0         247.8          -1.9
  300   90         185.7         202.5          58.4         446.6          41.6          64.0         111.5         229.6          -8.8
  300  120         316.6         106.9        1039.0        1462.5         177.9         -34.1        1073.6         245.0           0.0
  300  150         213.6          79.3         765.7        1058.6          71.3         -65.3         795.6         257.1           0.0
  300  180         134.8         375.0         653.7        1163.5           2.5         234.0         707.0         219.9          -0.3
  300  210         396.0         209.5          51.3         656.8         254.7          79.4          83.8         239.0          -0.1
  300  240         123.2         376.5         -25.4         474.4         -16.4         234.0          34.0         222.8          -3.4
  300  270         110.8         393.4         240.0         744.2         -30.4         263.9         308.3         202.4          -6.0
  300  300          92.3         197.3          88.4         378.0         -31.1          50.4         139.6         219.1          -8.0
  300  330         190.6         164.8        1161.9        1517.3          43.7          27.4        1203.7         242.5          -3.9
  330    0         179.6          96.4         150.1         426.2          49.2         -58.1         181.4         253.6          -4.9
  330   30         158.8         147.7         -17.8         288.7          26.5         -11.6          22.0         251.7          -1.7
  330   60         168.6         144.8         435.5         749.0          36.5         -11.6         487.3         236.8          -6.0
  330   90         193.1         117.2         108.4         418.7          52.4         -54.3         148.5         272.2          -0.0
  330  120         164.8         233.8        1362.9        1761.5          20.2          79.0        1407.4         254.9          -0.0
  330  150         182.5          78.9         164.0         425.4          51.9         -53.7         207.5         219.6          -0.0
  330  180         198.8         845.8         327.3        1371.9          59.0         708.0         375.6         229.3          -0.7
  330  210         315.1         134.4         341.9         791.4         173.0          20.4         389.3         208.7          -1.7
  330  240          79.5         109.4        1876.1        2064.9         -40.1         -14.0        1946.8         172.2          -7.2
  330  270         167.1         256.1         916.7        1339.9          36.1         102.9         964.2         236.7          -0.8
  330  300         739.6         243.8        3148.1        4131.5         620.9         100.2        3186.1         224.3          -0.4
  330  330         117.8         199.1        8625.3        8942.1          -1.8          29.6        8689.7         224.7          -9.5
