   H2   H7  Tot_22_Intra  Tot_77_Intra  Tot_27_Inter  TotalE_H2-H7  VDW_22_Intra  VDW_77_Intra  VDW_27_Inter  NoVDWE_H2-H7  HBE_27_Inter
    0    0         190.3          87.1        7140.8        7418.2          47.3         -20.7        7158.2         233.5           0.0
    0   30         162.9          91.8          -2.2         252.5          41.7         -17.9          17.7         211.1          -0.2
    0   60          56.3          81.8           6.2         144.3         -66.9         -19.9          16.2         215.0           0.0
    0   90         183.5          89.1         -42.4         230.2          51.6         -24.4         -11.5         214.4          -8.1
    0  120          60.4         120.2         -53.6         127.1         -62.7           1.7         -17.6         205.6          -1.6
    0  150          57.6          73.3         -55.1          75.8         -71.6         -28.2         -16.8         192.4          -6.9
    0  180          79.1          80.8         -40.0         120.0         -54.6         -27.9         -13.4         215.9          -1.0
    0  210          64.1          83.1         -15.4         131.8         -63.9         -27.8           4.6         219.0          -0.5
    0  240          58.1          83.6         -34.6         107.1         -68.2         -34.0         -10.3         219.6          -0.2
    0  270          67.1          83.7         -31.5         119.3         -61.6         -22.6         -14.9         218.3          -2.2
    0  300          60.4          74.0          -3.7         130.7         -64.6         -31.5          16.0         210.9          -2.6
    0  330          69.1          73.1          38.0         180.2         -62.7         -28.6          47.0         224.5           0.0
   30    0         155.0         120.3         104.2         379.5           3.2           2.9         110.5         262.9           0.0
   30   30          69.3          88.5         -32.9         124.9         -59.0         -29.2         -15.5         228.6          -0.0
   30   60         204.3          78.9         -15.8         267.3          76.8         -22.9          -1.5         215.0          -3.6
   30   90          63.8          83.1         -20.6         126.3         -67.7         -13.4          -1.5         208.9          -3.1
   30  120          59.6          87.0         -38.3         108.2         -69.2         -15.8         -20.4         213.6          -6.4
   30  150          68.0          80.1         -33.9         114.2         -64.4         -25.9         -12.1         216.6          -0.0
   30  180          74.7          75.8         -36.6         113.9         -56.4         -28.5          -8.9         207.7          -3.2
   30  210          65.6          81.9         -41.1         106.4         -64.8         -32.9         -22.6         226.7          -1.8
   30  240          67.1          82.8         -46.9         103.0         -68.6         -30.3         -21.9         223.8           0.0
   30  270          68.7          81.0         -45.7         104.0         -69.4         -32.0         -17.6         222.9          -2.8
   30  300          69.6          98.0         -18.0         149.6         -69.8         -13.9          -9.7         243.1           0.0
   30  330         101.4         226.6         178.2         506.2         -33.4         106.9         190.6         242.1           0.0
   60    0          64.9          75.7          26.5         167.1         -64.1         -27.5          32.3         226.4           0.0
   60   30          76.2          79.6          21.9         177.7         -64.1         -28.8          26.8         243.7           0.0
   60   60          59.6          82.2         -29.6         112.2         -68.3         -18.2         -13.5         212.2          -0.1
   60   90          60.9          74.6         -20.8         114.6         -73.7         -18.5         -15.0         221.9           0.0
   60  120          74.3          84.3         -41.6         117.0         -69.4         -24.2         -18.3         228.9          -7.9
   60  150          75.5          98.4         -29.7         144.3         -63.5           0.1         -18.7         226.4          -0.2
   60  180          66.5          85.3         -42.8         109.0         -62.0         -29.0         -29.6         229.6          -0.2
   60  210          64.8          86.4         -53.1          98.2         -66.1         -33.7         -24.1         222.1          -4.9
   60  240          61.8          80.6         -39.5         102.9         -66.4         -29.6         -19.7         218.7          -4.2
   60  270          65.2          98.8         -45.7         118.4         -72.5         -12.1         -23.6         226.7          -5.0
   60  300          71.9          77.4           2.7         152.0         -70.6         -29.1          18.1         233.6          -5.5
   60  330          64.3         139.3         697.9         901.4         -64.4          24.5         720.2         221.1          -6.3
   90    0          83.2          77.5          36.1         196.8         -71.0         -25.9          52.9         240.7          -0.0
   90   30          76.0          81.7         -31.8         125.9         -65.9         -22.9          -3.4         218.2          -6.5
   90   60          66.8          81.6         -48.9          99.5         -68.5         -18.6         -14.9         201.5          -8.2
   90   90          67.4          76.0         -38.6         104.8         -65.6         -19.7          -8.5         198.6          -5.8
   90  120          74.1         122.1          38.7         235.0         -71.9          20.6          76.1         210.3          -9.8
   90  150          71.5          79.5         -58.2          92.8         -68.5         -22.6         -18.7         202.6          -8.3
   90  180          62.1          88.2         -45.0         105.3         -67.7         -18.8         -17.0         208.8          -1.4
   90  210          80.1          83.2         -50.9         112.5         -67.0         -15.4         -22.8         217.7          -5.5
   90  240          74.9          80.0         -53.7         101.2         -68.8         -29.4         -21.3         220.6          -0.3
   90  270          71.4          83.4         -47.4         107.4         -65.3         -25.7         -24.8         223.2          -3.6
   90  300          58.0         100.6         -26.0         132.6         -70.5          -4.5          -9.0         216.6          -0.0
   90  330          65.3          77.3         -23.4         119.2         -62.1         -25.9          -8.6         215.7          -0.0
  120    0          68.0          87.4         -56.9          98.5         -69.0         -33.8         -16.5         217.9          -7.6
  120   30          67.8          88.3         -22.2         134.0         -71.3         -20.3           1.6         224.0          -8.1
  120   60          64.1          86.3         -51.0          99.3         -70.0         -20.3         -16.0         205.7          -4.9
  120   90          66.9          83.7         -55.6          95.0         -66.9         -26.2         -18.7         206.7          -7.6
  120  120          65.0          86.2         -50.3         100.9         -62.9         -18.8         -11.6         194.1          -6.8
  120  150          59.1          79.6         -37.7         100.9         -69.7         -17.7         -21.4         209.7          -0.0
  120  180          61.1          80.0         -59.3          81.8         -69.6         -29.1         -20.8         201.3          -4.9
  120  210          68.7          82.2         -58.8          92.1         -65.6         -28.4         -17.0         203.1          -8.6
  120  240          64.7          88.1         -71.9          81.0         -65.0         -25.1         -23.4         194.4          -8.5
  120  270          62.4          73.5         -38.1          97.7         -73.3         -34.1         -15.3         220.5          -0.0
  120  300          65.9         105.0         -15.8         155.0         -67.1          -6.1          -9.0         237.2          -0.0
  120  330          71.4          77.6         -52.1          96.8         -65.4         -27.0         -12.1         201.4         -12.9
  150    0          77.7          75.2         638.7         791.6         -67.4         -26.8         657.1         228.8          -0.1
  150   30          81.0          80.9         -42.7         119.2         -59.0         -31.3         -14.7         224.2          -0.6
  150   60          73.6          76.5         -42.5         107.7         -71.3         -30.9         -18.2         228.2          -3.3
  150   90          62.4          74.4         -49.4          87.4         -69.5         -21.6         -18.7         197.2          -0.7
  150  120          69.3          90.5         -52.8         107.0         -66.5         -21.4         -17.6         212.6          -1.3
  150  150          61.0          79.4         -42.2          98.1         -66.1         -20.7         -18.1         203.0          -1.5
  150  180          76.9          98.7         -54.9         120.8         -66.1         -24.6         -18.3         229.8          -7.6
  150  210          64.6          91.2         -61.7          94.1         -67.3         -29.9         -18.8         210.1          -3.1
  150  240          86.5         111.9         -58.9         139.5         -52.7         -10.5         -21.0         223.6          -4.4
  150  270          73.2          92.8         -41.3         124.8         -66.2         -21.5         -15.6         228.1          -0.4
  150  300          64.5          74.6         -49.0          90.1         -68.9         -32.9         -21.8         213.7           0.0
  150  330          79.8          72.0         -24.9         126.9         -68.6         -28.4          14.8         209.2          -9.5
  180    0          81.4          81.6         176.1         339.1         -56.9         -26.2         188.7         233.6          -0.1
  180   30          66.0          86.9         -41.1         111.8         -72.7         -21.7         -14.5         220.8          -2.7
  180   60          78.4          86.2         -34.8         129.8         -68.2         -21.6         -15.3         234.9          -2.5
  180   90          59.8          82.3         -17.9         124.3         -70.0         -22.9          -5.3         222.4          -4.9
  180  120          77.9         107.3         213.2         398.4         -71.6           3.6         243.1         223.3          -4.5
  180  150          77.8          87.3         -60.2         104.9         -54.2         -20.2         -27.4         206.7          -6.8
  180  180          72.7          92.2         -58.1         106.8         -66.3         -28.6         -20.8         222.5          -9.4
  180  210          64.2          83.8         -52.4          95.6         -73.2         -33.2         -16.2         218.2          -9.2
  180  240          62.6          87.1         497.0         646.7         -70.3         -24.6         521.1         220.5          -3.0
  180  270          67.2          98.0         -33.3         131.9         -70.3          -9.4         -16.4         228.0          -1.7
  180  300          79.4         103.9         -61.2         122.2         -64.9          -3.1         -24.1         214.2          -1.1
  180  330          96.7          96.5         -13.0         180.2         -38.0          -9.5           4.4         223.3           0.0
  210    0          64.1         116.8         -25.0         155.8         -69.8           9.5          -7.6         223.7          -0.7
  210   30          80.4          85.5         -16.7         149.1         -63.0         -18.9           2.0         229.0          -1.5
  210   60          62.1          77.0         -30.2         108.9         -66.3         -21.0         -10.8         206.9          -2.2
  210   90          73.7          88.5         -42.1         120.1         -69.8         -20.3         -10.7         220.9          -8.3
  210  120          69.8         105.6         -45.3         130.2         -62.9           0.7         -16.6         208.9         -10.3
  210  150          65.6          81.1         -42.8         103.8         -62.7         -28.5         -18.9         214.0          -0.0
  210  180          80.5          72.0         -46.6         105.9         -71.2         -30.0         -18.2         225.3          -7.2
  210  210          77.7          85.4         -25.9         137.2         -65.4         -27.0          -4.8         234.5          -6.4
  210  240          59.6          82.2         -27.5         114.3         -68.7         -26.5         -21.4         230.9           0.0
  210  270          64.8          79.1         -35.7         108.2         -63.9         -27.0         -13.1         212.2          -0.6
  210  300          81.5         128.6          30.4         240.5         -54.2          12.0          56.4         226.4          -3.3
  210  330          64.2         120.3         -34.2         150.3         -70.7          12.6         -18.1         226.6          -2.5
  240    0         142.5          75.3         207.8         425.6           4.0         -28.2         223.4         226.4           0.0
  240   30         185.8          77.0         -21.6         241.2          52.2         -29.8         -10.9         229.7           0.0
  240   60          62.7          77.9         -22.5         118.2         -69.9         -26.1         -16.1         230.3           0.0
  240   90          65.7          72.6         -29.6         108.7         -64.9         -28.0         -10.5         212.1          -0.1
  240  120          62.8          75.3         -32.6         105.5         -70.2         -26.4         -13.8         215.9          -6.6
  240  150          74.4          80.9         103.7         259.1         -61.7         -27.8         126.8         221.7          -1.9
  240  180          68.3          83.6         -30.6         121.4         -64.4         -27.9         -19.3         233.0           0.0
  240  210          52.2          89.1         -28.3         113.0         -71.5         -30.9          -9.8         225.1           0.0
  240  240          66.3          80.5         -39.7         107.1         -70.5         -29.8         -18.8         226.2          -3.5
  240  270          70.2          86.8         -31.3         125.7         -59.5         -33.1         -18.9         237.2           0.0
  240  300          62.1          81.7         -24.0         119.9         -68.7         -22.8         -10.9         222.3           0.0
  240  330          64.9          75.5         -30.6         109.7         -66.7         -31.5         -14.3         222.1           0.0
  270    0          77.2          91.1         331.2         499.5         -44.7         -16.0         342.3         217.8           0.0
  270   30          83.4          75.0         -24.2         134.2         -34.7         -30.2         -13.6         212.7           0.0
  270   60          57.2          75.0         -23.4         108.8         -65.1         -27.1         -11.1         212.0          -0.0
  270   90          51.9          91.2         -25.8         117.2         -67.7         -25.4         -12.2         222.4           0.0
  270  120          62.3          80.0         -38.5         103.9         -69.1         -22.3         -20.9         216.2           0.0
  270  150          58.1          83.7         -19.9         121.9         -63.0         -25.2         -13.6         223.6           0.0
  270  180          58.1          80.8         -28.5         110.4         -69.5         -29.7         -15.5         225.1          -0.0
  270  210          50.9          78.8         -36.0          93.6         -69.4         -27.3         -18.1         208.4           0.0
  270  240          62.6          85.3         -38.3         109.6         -60.3         -28.1         -20.2         218.2           0.0
  270  270          57.1          75.5         -18.6         114.0         -65.9         -29.1          -9.6         218.5           0.0
  270  300          53.1          72.5         -33.5          92.1         -67.3         -28.6         -17.3         205.4           0.0
  270  330          93.0          99.1          78.9         271.0         -28.7         -12.0          94.2         217.4           0.0
  300    0          51.8          83.1         -23.0         111.8         -71.1         -21.6          -8.3         212.8           0.0
  300   30         151.8          79.0         -27.6         203.2          -0.6         -25.3         -13.5         242.5           0.0
  300   60          56.3          73.8         -26.3         103.8         -68.9         -21.6         -10.0         204.3           0.0
  300   90          61.1          75.4         -21.6         114.9         -52.7         -28.7         -11.1         207.5          -0.0
  300  120          61.0          83.7         -35.8         109.0         -65.6         -22.1         -14.7         211.4           0.0
  300  150          55.8          81.1         -33.6         103.3         -69.3         -17.6         -14.3         204.6           0.0
  300  180          53.9          86.6         -52.7          87.8         -68.4         -30.3         -20.6         207.1          -3.3
  300  210          53.1          88.7         -33.4         108.4         -69.5         -16.7         -16.4         211.0          -1.3
  300  240          52.3          75.1         -26.2         101.2         -69.9         -29.0         -13.1         213.2          -2.5
  300  270          57.2          72.9         -32.2          98.0         -71.5         -28.4         -15.7         213.6           0.0
  300  300          83.6          78.7         -23.6         138.6         -34.5         -30.4         -11.5         215.0           0.0
  300  330          57.2          92.3         -13.2         136.3         -63.6         -23.3          -1.5         224.7           0.0
  330    0         169.2          79.8         -10.4         238.6          38.3         -28.2           5.9         222.6           0.0
  330   30         174.1          88.4         372.0         634.5          39.4         -22.1         387.3         229.9           0.0
  330   60          56.2          85.1         -29.6         111.7         -69.7         -12.0         -14.6         207.9          -3.0
  330   90          57.8          76.2         -26.9         107.1         -67.2         -20.4         -12.4         207.0          -0.1
  330  120          63.6          81.8         -21.6         123.8         -60.6         -17.7          -9.4         211.5          -0.1
  330  150          62.4          80.0         -45.5          96.9         -70.3         -16.7         -14.0         197.8          -4.3
  330  180         138.6          80.8         -45.1         174.3          -6.6         -29.0         -18.4         228.4          -0.0
  330  210          68.7          84.5         -42.4         110.8         -61.3         -22.4         -15.6         210.1          -0.0
  330  240          61.3          85.0         -36.9         109.4         -68.6         -21.1         -16.7         215.9          -3.2
  330  270          63.9          83.5         -49.1          98.2         -71.2         -23.8         -20.1         213.4          -0.3
  330  300          63.9          77.5         -18.0         123.4         -63.7         -32.3          -8.4         227.9          -0.9
  330  330          60.1          80.5         -20.0         120.6         -67.7         -29.8         -10.5         228.6           0.0
